2002.12.30 17:39 B D:\dwbcd\DWB\Data\QVZ\A.DAT --> germa64 /home/burch/germa63/dwbcd/DWB/Data/QVZ A.DAT
2002.12.30 17:39 B D:\dwbcd\DWB\Data\QVZ\A.IDX --> germa64 /home/burch/germa63/dwbcd/DWB/Data/QVZ A.IDX
2002.12.30 17:39 B D:\dwbcd\DWB\Data\QVZ\B.DAT --> germa64 /home/burch/germa63/dwbcd/DWB/Data/QVZ B.DAT
2002.12.30 17:39 B D:\dwbcd\DWB\Data\QVZ\B.IDX --> germa64 /home/burch/germa63/dwbcd/DWB/Data/QVZ B.IDX
2002.12.30 17:39 B D:\dwbcd\DWB\Data\QVZ\C.DAT --> germa64 /home/burch/germa63/dwbcd/DWB/Data/QVZ C.DAT
2002.12.30 17:39 B D:\dwbcd\DWB\Data\QVZ\C.IDX --> germa64 /home/burch/germa63/dwbcd/DWB/Data/QVZ C.IDX
2002.12.30 17:39 B D:\dwbcd\DWB\Data\QVZ\D.DAT --> germa64 /home/burch/germa63/dwbcd/DWB/Data/QVZ D.DAT
2002.12.30 17:39 B D:\dwbcd\DWB\Data\QVZ\D.IDX --> germa64 /home/burch/germa63/dwbcd/DWB/Data/QVZ D.IDX
2002.12.30 17:39 B D:\dwbcd\DWB\Data\QVZ\E.DAT --> germa64 /home/burch/germa63/dwbcd/DWB/Data/QVZ E.DAT
2002.12.30 17:39 B D:\dwbcd\DWB\Data\QVZ\E.IDX --> germa64 /home/burch/germa63/dwbcd/DWB/Data/QVZ E.IDX
2002.12.30 17:39 B D:\dwbcd\DWB\Data\QVZ\F.DAT --> germa64 /home/burch/germa63/dwbcd/DWB/Data/QVZ F.DAT
2002.12.30 17:39 B D:\dwbcd\DWB\Data\QVZ\F.IDX --> germa64 /home/burch/germa63/dwbcd/DWB/Data/QVZ F.IDX
2002.12.30 17:39 B D:\dwbcd\DWB\Data\QVZ\G.DAT --> germa64 /home/burch/germa63/dwbcd/DWB/Data/QVZ G.DAT
2002.12.30 17:39 B D:\dwbcd\DWB\Data\QVZ\G.IDX --> germa64 /home/burch/germa63/dwbcd/DWB/Data/QVZ G.IDX
2002.12.30 17:39 B D:\dwbcd\DWB\Data\QVZ\H.DAT --> germa64 /home/burch/germa63/dwbcd/DWB/Data/QVZ H.DAT
2002.12.30 17:39 B D:\dwbcd\DWB\Data\QVZ\H.IDX --> germa64 /home/burch/germa63/dwbcd/DWB/Data/QVZ H.IDX
2002.12.30 17:39 B D:\dwbcd\DWB\Data\QVZ\I.DAT --> germa64 /home/burch/germa63/dwbcd/DWB/Data/QVZ I.DAT
2002.12.30 17:39 B D:\dwbcd\DWB\Data\QVZ\I.IDX --> germa64 /home/burch/germa63/dwbcd/DWB/Data/QVZ I.IDX
2002.12.30 17:39 B D:\dwbcd\DWB\Data\QVZ\J.DAT --> germa64 /home/burch/germa63/dwbcd/DWB/Data/QVZ J.DAT
2002.12.30 17:39 B D:\dwbcd\DWB\Data\QVZ\J.IDX --> germa64 /home/burch/germa63/dwbcd/DWB/Data/QVZ J.IDX
2002.12.30 17:39 B D:\dwbcd\DWB\Data\QVZ\K.DAT --> germa64 /home/burch/germa63/dwbcd/DWB/Data/QVZ K.DAT
2002.12.30 17:39 B D:\dwbcd\DWB\Data\QVZ\K.IDX --> germa64 /home/burch/germa63/dwbcd/DWB/Data/QVZ K.IDX
2002.12.30 17:39 B D:\dwbcd\DWB\Data\QVZ\L.DAT --> germa64 /home/burch/germa63/dwbcd/DWB/Data/QVZ L.DAT
2002.12.30 17:39 B D:\dwbcd\DWB\Data\QVZ\L.IDX --> germa64 /home/burch/germa63/dwbcd/DWB/Data/QVZ L.IDX
2002.12.30 17:39 B D:\dwbcd\DWB\Data\QVZ\M.DAT --> germa64 /home/burch/germa63/dwbcd/DWB/Data/QVZ M.DAT
2002.12.30 17:39 B D:\dwbcd\DWB\Data\QVZ\M.IDX --> germa64 /home/burch/germa63/dwbcd/DWB/Data/QVZ M.IDX
2002.12.30 17:39 B D:\dwbcd\DWB\Data\QVZ\N.DAT --> germa64 /home/burch/germa63/dwbcd/DWB/Data/QVZ N.DAT
2002.12.30 17:39 B D:\dwbcd\DWB\Data\QVZ\N.IDX --> germa64 /home/burch/germa63/dwbcd/DWB/Data/QVZ N.IDX
2002.12.30 17:39 B D:\dwbcd\DWB\Data\QVZ\O.DAT --> germa64 /home/burch/germa63/dwbcd/DWB/Data/QVZ O.DAT
2002.12.30 17:39 B D:\dwbcd\DWB\Data\QVZ\O.IDX --> germa64 /home/burch/germa63/dwbcd/DWB/Data/QVZ O.IDX
2002.12.30 17:39 B D:\dwbcd\DWB\Data\QVZ\P.DAT --> germa64 /home/burch/germa63/dwbcd/DWB/Data/QVZ P.DAT
2002.12.30 17:39 B D:\dwbcd\DWB\Data\QVZ\P.IDX --> germa64 /home/burch/germa63/dwbcd/DWB/Data/QVZ P.IDX
2002.12.30 17:39 B D:\dwbcd\DWB\Data\QVZ\Q.DAT --> germa64 /home/burch/germa63/dwbcd/DWB/Data/QVZ Q.DAT
2002.12.30 17:39 B D:\dwbcd\DWB\Data\QVZ\Q.IDX --> germa64 /home/burch/germa63/dwbcd/DWB/Data/QVZ Q.IDX
2002.12.30 17:39 B D:\dwbcd\DWB\Data\QVZ\QVZ.DAT --> germa64 /home/burch/germa63/dwbcd/DWB/Data/QVZ QVZ.DAT
2002.12.30 17:39 B D:\dwbcd\DWB\Data\QVZ\R.DAT --> germa64 /home/burch/germa63/dwbcd/DWB/Data/QVZ R.DAT
2002.12.30 17:39 B D:\dwbcd\DWB\Data\QVZ\R.IDX --> germa64 /home/burch/germa63/dwbcd/DWB/Data/QVZ R.IDX
2002.12.30 17:39 B D:\dwbcd\DWB\Data\QVZ\S.DAT --> germa64 /home/burch/germa63/dwbcd/DWB/Data/QVZ S.DAT
2002.12.30 17:39 B D:\dwbcd\DWB\Data\QVZ\S.IDX --> germa64 /home/burch/germa63/dwbcd/DWB/Data/QVZ S.IDX
2002.12.30 17:40 B D:\dwbcd\DWB\Data\QVZ\T.DAT --> germa64 /home/burch/germa63/dwbcd/DWB/Data/QVZ T.DAT
2002.12.30 17:40 B D:\dwbcd\DWB\Data\QVZ\T.IDX --> germa64 /home/burch/germa63/dwbcd/DWB/Data/QVZ T.IDX
2002.12.30 17:40 B D:\dwbcd\DWB\Data\QVZ\U.DAT --> germa64 /home/burch/germa63/dwbcd/DWB/Data/QVZ U.DAT
2002.12.30 17:40 B D:\dwbcd\DWB\Data\QVZ\U.IDX --> germa64 /home/burch/germa63/dwbcd/DWB/Data/QVZ U.IDX
2002.12.30 17:40 B D:\dwbcd\DWB\Data\QVZ\V.DAT --> germa64 /home/burch/germa63/dwbcd/DWB/Data/QVZ V.DAT
2002.12.30 17:40 B D:\dwbcd\DWB\Data\QVZ\V.IDX --> germa64 /home/burch/germa63/dwbcd/DWB/Data/QVZ V.IDX
2002.12.30 17:40 B D:\dwbcd\DWB\Data\QVZ\W.DAT --> germa64 /home/burch/germa63/dwbcd/DWB/Data/QVZ W.DAT
2002.12.30 17:40 B D:\dwbcd\DWB\Data\QVZ\W.IDX --> germa64 /home/burch/germa63/dwbcd/DWB/Data/QVZ W.IDX
2002.12.30 17:40 B D:\dwbcd\DWB\Data\QVZ\X.DAT --> germa64 /home/burch/germa63/dwbcd/DWB/Data/QVZ X.DAT
2002.12.30 17:40 B D:\dwbcd\DWB\Data\QVZ\X.IDX --> germa64 /home/burch/germa63/dwbcd/DWB/Data/QVZ X.IDX
2002.12.30 17:40 B D:\dwbcd\DWB\Data\QVZ\Y.DAT --> germa64 /home/burch/germa63/dwbcd/DWB/Data/QVZ Y.DAT
2002.12.30 17:40 B D:\dwbcd\DWB\Data\QVZ\Y.IDX --> germa64 /home/burch/germa63/dwbcd/DWB/Data/QVZ Y.IDX
2002.12.30 17:40 B D:\dwbcd\DWB\Data\QVZ\Z.DAT --> germa64 /home/burch/germa63/dwbcd/DWB/Data/QVZ Z.DAT
2002.12.30 17:40 B D:\dwbcd\DWB\Data\QVZ\Z.IDX --> germa64 /home/burch/germa63/dwbcd/DWB/Data/QVZ Z.IDX
2003.09.09 14:15 B D:\dwbcd\DWB\Data\QVZ\A.DAT --> germa93 /home/burch/DWB/windows/Data/QVZ A.DAT
2003.09.09 14:15 B D:\dwbcd\DWB\Data\QVZ\A.IDX --> germa93 /home/burch/DWB/windows/Data/QVZ A.IDX
2003.09.09 14:15 B D:\dwbcd\DWB\Data\QVZ\B.DAT --> germa93 /home/burch/DWB/windows/Data/QVZ B.DAT
2003.09.09 14:15 B D:\dwbcd\DWB\Data\QVZ\B.IDX --> germa93 /home/burch/DWB/windows/Data/QVZ B.IDX
2003.09.09 14:15 B D:\dwbcd\DWB\Data\QVZ\C.DAT --> germa93 /home/burch/DWB/windows/Data/QVZ C.DAT
2003.09.09 14:15 B D:\dwbcd\DWB\Data\QVZ\C.IDX --> germa93 /home/burch/DWB/windows/Data/QVZ C.IDX
2003.09.09 14:15 B D:\dwbcd\DWB\Data\QVZ\D.DAT --> germa93 /home/burch/DWB/windows/Data/QVZ D.DAT
2003.09.09 14:15 B D:\dwbcd\DWB\Data\QVZ\D.IDX --> germa93 /home/burch/DWB/windows/Data/QVZ D.IDX
2003.09.09 14:15 B D:\dwbcd\DWB\Data\QVZ\E.DAT --> germa93 /home/burch/DWB/windows/Data/QVZ E.DAT
2003.09.09 14:15 B D:\dwbcd\DWB\Data\QVZ\E.IDX --> germa93 /home/burch/DWB/windows/Data/QVZ E.IDX
2003.09.09 14:15 B D:\dwbcd\DWB\Data\QVZ\F.DAT --> germa93 /home/burch/DWB/windows/Data/QVZ F.DAT
2003.09.09 14:15 B D:\dwbcd\DWB\Data\QVZ\F.IDX --> germa93 /home/burch/DWB/windows/Data/QVZ F.IDX
2003.09.09 14:15 B D:\dwbcd\DWB\Data\QVZ\G.DAT --> germa93 /home/burch/DWB/windows/Data/QVZ G.DAT
2003.09.09 14:15 B D:\dwbcd\DWB\Data\QVZ\G.IDX --> germa93 /home/burch/DWB/windows/Data/QVZ G.IDX
2003.09.09 14:15 B D:\dwbcd\DWB\Data\QVZ\H.DAT --> germa93 /home/burch/DWB/windows/Data/QVZ H.DAT
2003.09.09 14:15 B D:\dwbcd\DWB\Data\QVZ\H.IDX --> germa93 /home/burch/DWB/windows/Data/QVZ H.IDX
2003.09.09 14:15 B D:\dwbcd\DWB\Data\QVZ\I.DAT --> germa93 /home/burch/DWB/windows/Data/QVZ I.DAT
2003.09.09 14:15 B D:\dwbcd\DWB\Data\QVZ\I.IDX --> germa93 /home/burch/DWB/windows/Data/QVZ I.IDX
2003.09.09 14:15 B D:\dwbcd\DWB\Data\QVZ\J.DAT --> germa93 /home/burch/DWB/windows/Data/QVZ J.DAT
2003.09.09 14:15 B D:\dwbcd\DWB\Data\QVZ\J.IDX --> germa93 /home/burch/DWB/windows/Data/QVZ J.IDX
2003.09.09 14:15 B D:\dwbcd\DWB\Data\QVZ\K.DAT --> germa93 /home/burch/DWB/windows/Data/QVZ K.DAT
2003.09.09 14:15 B D:\dwbcd\DWB\Data\QVZ\K.IDX --> germa93 /home/burch/DWB/windows/Data/QVZ K.IDX
2003.09.09 14:15 B D:\dwbcd\DWB\Data\QVZ\L.DAT --> germa93 /home/burch/DWB/windows/Data/QVZ L.DAT
2003.09.09 14:15 B D:\dwbcd\DWB\Data\QVZ\L.IDX --> germa93 /home/burch/DWB/windows/Data/QVZ L.IDX
2003.09.09 14:15 B D:\dwbcd\DWB\Data\QVZ\M.DAT --> germa93 /home/burch/DWB/windows/Data/QVZ M.DAT
2003.09.09 14:15 B D:\dwbcd\DWB\Data\QVZ\M.IDX --> germa93 /home/burch/DWB/windows/Data/QVZ M.IDX
2003.09.09 14:15 B D:\dwbcd\DWB\Data\QVZ\N.DAT --> germa93 /home/burch/DWB/windows/Data/QVZ N.DAT
2003.09.09 14:15 B D:\dwbcd\DWB\Data\QVZ\N.IDX --> germa93 /home/burch/DWB/windows/Data/QVZ N.IDX
2003.09.09 14:15 B D:\dwbcd\DWB\Data\QVZ\O.DAT --> germa93 /home/burch/DWB/windows/Data/QVZ O.DAT
2003.09.09 14:15 B D:\dwbcd\DWB\Data\QVZ\O.IDX --> germa93 /home/burch/DWB/windows/Data/QVZ O.IDX
2003.09.09 14:15 B D:\dwbcd\DWB\Data\QVZ\P.DAT --> germa93 /home/burch/DWB/windows/Data/QVZ P.DAT
2003.09.09 14:15 B D:\dwbcd\DWB\Data\QVZ\P.IDX --> germa93 /home/burch/DWB/windows/Data/QVZ P.IDX
2003.09.09 14:15 B D:\dwbcd\DWB\Data\QVZ\Q.DAT --> germa93 /home/burch/DWB/windows/Data/QVZ Q.DAT
2003.09.09 14:15 B D:\dwbcd\DWB\Data\QVZ\Q.IDX --> germa93 /home/burch/DWB/windows/Data/QVZ Q.IDX
2003.09.09 14:15 B D:\dwbcd\DWB\Data\QVZ\QVZ.DAT --> germa93 /home/burch/DWB/windows/Data/QVZ QVZ.DAT
2003.09.09 14:15 B D:\dwbcd\DWB\Data\QVZ\R.DAT --> germa93 /home/burch/DWB/windows/Data/QVZ R.DAT
2003.09.09 14:15 B D:\dwbcd\DWB\Data\QVZ\R.IDX --> germa93 /home/burch/DWB/windows/Data/QVZ R.IDX
2003.09.09 14:15 B D:\dwbcd\DWB\Data\QVZ\S.DAT --> germa93 /home/burch/DWB/windows/Data/QVZ S.DAT
2003.09.09 14:15 B D:\dwbcd\DWB\Data\QVZ\S.IDX --> germa93 /home/burch/DWB/windows/Data/QVZ S.IDX
2003.09.09 14:15 B D:\dwbcd\DWB\Data\QVZ\T.DAT --> germa93 /home/burch/DWB/windows/Data/QVZ T.DAT
2003.09.09 14:15 B D:\dwbcd\DWB\Data\QVZ\T.IDX --> germa93 /home/burch/DWB/windows/Data/QVZ T.IDX
2003.09.09 14:15 B D:\dwbcd\DWB\Data\QVZ\U.DAT --> germa93 /home/burch/DWB/windows/Data/QVZ U.DAT
2003.09.09 14:15 B D:\dwbcd\DWB\Data\QVZ\U.IDX --> germa93 /home/burch/DWB/windows/Data/QVZ U.IDX
2003.09.09 14:15 B D:\dwbcd\DWB\Data\QVZ\V.DAT --> germa93 /home/burch/DWB/windows/Data/QVZ V.DAT
2003.09.09 14:15 B D:\dwbcd\DWB\Data\QVZ\V.IDX --> germa93 /home/burch/DWB/windows/Data/QVZ V.IDX
2003.09.09 14:15 B D:\dwbcd\DWB\Data\QVZ\W.DAT --> germa93 /home/burch/DWB/windows/Data/QVZ W.DAT
2003.09.09 14:15 B D:\dwbcd\DWB\Data\QVZ\W.IDX --> germa93 /home/burch/DWB/windows/Data/QVZ W.IDX
2003.09.09 14:15 B D:\dwbcd\DWB\Data\QVZ\WS_FTP.LOG --> germa93 /home/burch/DWB/windows/Data/QVZ WS_FTP.LOG
2003.09.09 14:15 B D:\dwbcd\DWB\Data\QVZ\X.DAT --> germa93 /home/burch/DWB/windows/Data/QVZ X.DAT
2003.09.09 14:15 B D:\dwbcd\DWB\Data\QVZ\X.IDX --> germa93 /home/burch/DWB/windows/Data/QVZ X.IDX
2003.09.09 14:15 B D:\dwbcd\DWB\Data\QVZ\Y.DAT --> germa93 /home/burch/DWB/windows/Data/QVZ Y.DAT
2003.09.09 14:15 B D:\dwbcd\DWB\Data\QVZ\Y.IDX --> germa93 /home/burch/DWB/windows/Data/QVZ Y.IDX
2003.09.09 14:15 B D:\dwbcd\DWB\Data\QVZ\Z.DAT --> germa93 /home/burch/DWB/windows/Data/QVZ Z.DAT
2003.09.09 14:15 B D:\dwbcd\DWB\Data\QVZ\Z.IDX --> germa93 /home/burch/DWB/windows/Data/QVZ Z.IDX
2003.11.20 14:34 B D:\dwbcd\DWB\Data\QVZ\A.DAT --> germa64 /home/burch/Projekte/Grimm/CDROM/windows/Data/QVZ A.DAT
2003.11.20 14:34 B D:\dwbcd\DWB\Data\QVZ\A.IDX --> germa64 /home/burch/Projekte/Grimm/CDROM/windows/Data/QVZ A.IDX
2003.11.20 14:34 B D:\dwbcd\DWB\Data\QVZ\B.DAT --> germa64 /home/burch/Projekte/Grimm/CDROM/windows/Data/QVZ B.DAT
2003.11.20 14:34 B D:\dwbcd\DWB\Data\QVZ\B.IDX --> germa64 /home/burch/Projekte/Grimm/CDROM/windows/Data/QVZ B.IDX
2003.11.20 14:34 B D:\dwbcd\DWB\Data\QVZ\C.DAT --> germa64 /home/burch/Projekte/Grimm/CDROM/windows/Data/QVZ C.DAT
2003.11.20 14:34 B D:\dwbcd\DWB\Data\QVZ\C.IDX --> germa64 /home/burch/Projekte/Grimm/CDROM/windows/Data/QVZ C.IDX
2003.11.20 14:34 B D:\dwbcd\DWB\Data\QVZ\D.DAT --> germa64 /home/burch/Projekte/Grimm/CDROM/windows/Data/QVZ D.DAT
2003.11.20 14:34 B D:\dwbcd\DWB\Data\QVZ\D.IDX --> germa64 /home/burch/Projekte/Grimm/CDROM/windows/Data/QVZ D.IDX
2003.11.20 14:34 B D:\dwbcd\DWB\Data\QVZ\E.DAT --> germa64 /home/burch/Projekte/Grimm/CDROM/windows/Data/QVZ E.DAT
2003.11.20 14:34 B D:\dwbcd\DWB\Data\QVZ\E.IDX --> germa64 /home/burch/Projekte/Grimm/CDROM/windows/Data/QVZ E.IDX
2003.11.20 14:34 B D:\dwbcd\DWB\Data\QVZ\F.DAT --> germa64 /home/burch/Projekte/Grimm/CDROM/windows/Data/QVZ F.DAT
2003.11.20 14:34 B D:\dwbcd\DWB\Data\QVZ\F.IDX --> germa64 /home/burch/Projekte/Grimm/CDROM/windows/Data/QVZ F.IDX
2003.11.20 14:34 B D:\dwbcd\DWB\Data\QVZ\G.DAT --> germa64 /home/burch/Projekte/Grimm/CDROM/windows/Data/QVZ G.DAT
2003.11.20 14:34 B D:\dwbcd\DWB\Data\QVZ\G.IDX --> germa64 /home/burch/Projekte/Grimm/CDROM/windows/Data/QVZ G.IDX
2003.11.20 14:34 B D:\dwbcd\DWB\Data\QVZ\H.DAT --> germa64 /home/burch/Projekte/Grimm/CDROM/windows/Data/QVZ H.DAT
2003.11.20 14:34 B D:\dwbcd\DWB\Data\QVZ\H.IDX --> germa64 /home/burch/Projekte/Grimm/CDROM/windows/Data/QVZ H.IDX
2003.11.20 14:34 B D:\dwbcd\DWB\Data\QVZ\I.DAT --> germa64 /home/burch/Projekte/Grimm/CDROM/windows/Data/QVZ I.DAT
2003.11.20 14:34 B D:\dwbcd\DWB\Data\QVZ\I.IDX --> germa64 /home/burch/Projekte/Grimm/CDROM/windows/Data/QVZ I.IDX
2003.11.20 14:34 B D:\dwbcd\DWB\Data\QVZ\J.DAT --> germa64 /home/burch/Projekte/Grimm/CDROM/windows/Data/QVZ J.DAT
2003.11.20 14:34 B D:\dwbcd\DWB\Data\QVZ\J.IDX --> germa64 /home/burch/Projekte/Grimm/CDROM/windows/Data/QVZ J.IDX
2003.11.20 14:34 B D:\dwbcd\DWB\Data\QVZ\K.DAT --> germa64 /home/burch/Projekte/Grimm/CDROM/windows/Data/QVZ K.DAT
2003.11.20 14:34 B D:\dwbcd\DWB\Data\QVZ\K.IDX --> germa64 /home/burch/Projekte/Grimm/CDROM/windows/Data/QVZ K.IDX
2003.11.20 14:34 B D:\dwbcd\DWB\Data\QVZ\L.DAT --> germa64 /home/burch/Projekte/Grimm/CDROM/windows/Data/QVZ L.DAT
2003.11.20 14:34 B D:\dwbcd\DWB\Data\QVZ\L.IDX --> germa64 /home/burch/Projekte/Grimm/CDROM/windows/Data/QVZ L.IDX
2003.11.20 14:34 B D:\dwbcd\DWB\Data\QVZ\M.DAT --> germa64 /home/burch/Projekte/Grimm/CDROM/windows/Data/QVZ M.DAT
2003.11.20 14:34 B D:\dwbcd\DWB\Data\QVZ\M.IDX --> germa64 /home/burch/Projekte/Grimm/CDROM/windows/Data/QVZ M.IDX
2003.11.20 14:34 B D:\dwbcd\DWB\Data\QVZ\N.DAT --> germa64 /home/burch/Projekte/Grimm/CDROM/windows/Data/QVZ N.DAT
2003.11.20 14:34 B D:\dwbcd\DWB\Data\QVZ\N.IDX --> germa64 /home/burch/Projekte/Grimm/CDROM/windows/Data/QVZ N.IDX
2003.11.20 14:34 B D:\dwbcd\DWB\Data\QVZ\O.DAT --> germa64 /home/burch/Projekte/Grimm/CDROM/windows/Data/QVZ O.DAT
2003.11.20 14:34 B D:\dwbcd\DWB\Data\QVZ\O.IDX --> germa64 /home/burch/Projekte/Grimm/CDROM/windows/Data/QVZ O.IDX
2003.11.20 14:34 B D:\dwbcd\DWB\Data\QVZ\P.DAT --> germa64 /home/burch/Projekte/Grimm/CDROM/windows/Data/QVZ P.DAT
2003.11.20 14:34 B D:\dwbcd\DWB\Data\QVZ\P.IDX --> germa64 /home/burch/Projekte/Grimm/CDROM/windows/Data/QVZ P.IDX
2003.11.20 14:34 B D:\dwbcd\DWB\Data\QVZ\Q.DAT --> germa64 /home/burch/Projekte/Grimm/CDROM/windows/Data/QVZ Q.DAT
2003.11.20 14:34 B D:\dwbcd\DWB\Data\QVZ\Q.IDX --> germa64 /home/burch/Projekte/Grimm/CDROM/windows/Data/QVZ Q.IDX
2003.11.20 14:34 B D:\dwbcd\DWB\Data\QVZ\QVZ.DAT --> germa64 /home/burch/Projekte/Grimm/CDROM/windows/Data/QVZ QVZ.DAT
2003.11.20 14:35 B D:\dwbcd\DWB\Data\QVZ\R.DAT --> germa64 /home/burch/Projekte/Grimm/CDROM/windows/Data/QVZ R.DAT
2003.11.20 14:35 B D:\dwbcd\DWB\Data\QVZ\R.IDX --> germa64 /home/burch/Projekte/Grimm/CDROM/windows/Data/QVZ R.IDX
2003.11.20 14:35 B D:\dwbcd\DWB\Data\QVZ\S.DAT --> germa64 /home/burch/Projekte/Grimm/CDROM/windows/Data/QVZ S.DAT
2003.11.20 14:35 B D:\dwbcd\DWB\Data\QVZ\S.IDX --> germa64 /home/burch/Projekte/Grimm/CDROM/windows/Data/QVZ S.IDX
2003.11.20 14:35 B D:\dwbcd\DWB\Data\QVZ\T.DAT --> germa64 /home/burch/Projekte/Grimm/CDROM/windows/Data/QVZ T.DAT
2003.11.20 14:35 B D:\dwbcd\DWB\Data\QVZ\T.IDX --> germa64 /home/burch/Projekte/Grimm/CDROM/windows/Data/QVZ T.IDX
2003.11.20 14:35 B D:\dwbcd\DWB\Data\QVZ\U.DAT --> germa64 /home/burch/Projekte/Grimm/CDROM/windows/Data/QVZ U.DAT
2003.11.20 14:35 B D:\dwbcd\DWB\Data\QVZ\U.IDX --> germa64 /home/burch/Projekte/Grimm/CDROM/windows/Data/QVZ U.IDX
2003.11.20 14:35 B D:\dwbcd\DWB\Data\QVZ\V.DAT --> germa64 /home/burch/Projekte/Grimm/CDROM/windows/Data/QVZ V.DAT
2003.11.20 14:35 B D:\dwbcd\DWB\Data\QVZ\V.IDX --> germa64 /home/burch/Projekte/Grimm/CDROM/windows/Data/QVZ V.IDX
2003.11.20 14:35 B D:\dwbcd\DWB\Data\QVZ\W.DAT --> germa64 /home/burch/Projekte/Grimm/CDROM/windows/Data/QVZ W.DAT
2003.11.20 14:35 B D:\dwbcd\DWB\Data\QVZ\W.IDX --> germa64 /home/burch/Projekte/Grimm/CDROM/windows/Data/QVZ W.IDX
2003.11.20 14:35 B D:\dwbcd\DWB\Data\QVZ\WS_FTP.LOG --> germa64 /home/burch/Projekte/Grimm/CDROM/windows/Data/QVZ WS_FTP.LOG
2003.11.20 14:35 B D:\dwbcd\DWB\Data\QVZ\X.DAT --> germa64 /home/burch/Projekte/Grimm/CDROM/windows/Data/QVZ X.DAT
2003.11.20 14:35 B D:\dwbcd\DWB\Data\QVZ\X.IDX --> germa64 /home/burch/Projekte/Grimm/CDROM/windows/Data/QVZ X.IDX
2003.11.20 14:35 B D:\dwbcd\DWB\Data\QVZ\Y.DAT --> germa64 /home/burch/Projekte/Grimm/CDROM/windows/Data/QVZ Y.DAT
2003.11.20 14:35 B D:\dwbcd\DWB\Data\QVZ\Y.IDX --> germa64 /home/burch/Projekte/Grimm/CDROM/windows/Data/QVZ Y.IDX
2003.11.20 14:35 B D:\dwbcd\DWB\Data\QVZ\Z.DAT --> germa64 /home/burch/Projekte/Grimm/CDROM/windows/Data/QVZ Z.DAT
2003.11.20 14:35 B D:\dwbcd\DWB\Data\QVZ\Z.IDX --> germa64 /home/burch/Projekte/Grimm/CDROM/windows/Data/QVZ Z.IDX
2004.01.14 13:45 B D:\dwbcd\DWB\Data\QVZ\A.DAT --> germa64 /home/burch/Backups/germa63/dwbcd/DWB/Data/QVZ A.DAT
2004.01.14 13:45 B D:\dwbcd\DWB\Data\QVZ\A.IDX --> germa64 /home/burch/Backups/germa63/dwbcd/DWB/Data/QVZ A.IDX
2004.01.14 13:45 B D:\dwbcd\DWB\Data\QVZ\B.DAT --> germa64 /home/burch/Backups/germa63/dwbcd/DWB/Data/QVZ B.DAT
2004.01.14 13:45 B D:\dwbcd\DWB\Data\QVZ\B.IDX --> germa64 /home/burch/Backups/germa63/dwbcd/DWB/Data/QVZ B.IDX
2004.01.14 13:45 B D:\dwbcd\DWB\Data\QVZ\C.DAT --> germa64 /home/burch/Backups/germa63/dwbcd/DWB/Data/QVZ C.DAT
2004.01.14 13:45 B D:\dwbcd\DWB\Data\QVZ\C.IDX --> germa64 /home/burch/Backups/germa63/dwbcd/DWB/Data/QVZ C.IDX
2004.01.14 13:45 B D:\dwbcd\DWB\Data\QVZ\D.DAT --> germa64 /home/burch/Backups/germa63/dwbcd/DWB/Data/QVZ D.DAT
2004.01.14 13:45 B D:\dwbcd\DWB\Data\QVZ\D.IDX --> germa64 /home/burch/Backups/germa63/dwbcd/DWB/Data/QVZ D.IDX
2004.01.14 13:45 B D:\dwbcd\DWB\Data\QVZ\E.DAT --> germa64 /home/burch/Backups/germa63/dwbcd/DWB/Data/QVZ E.DAT
2004.01.14 13:45 B D:\dwbcd\DWB\Data\QVZ\E.IDX --> germa64 /home/burch/Backups/germa63/dwbcd/DWB/Data/QVZ E.IDX
2004.01.14 13:45 B D:\dwbcd\DWB\Data\QVZ\F.DAT --> germa64 /home/burch/Backups/germa63/dwbcd/DWB/Data/QVZ F.DAT
2004.01.14 13:45 B D:\dwbcd\DWB\Data\QVZ\F.IDX --> germa64 /home/burch/Backups/germa63/dwbcd/DWB/Data/QVZ F.IDX
2004.01.14 13:45 B D:\dwbcd\DWB\Data\QVZ\G.DAT --> germa64 /home/burch/Backups/germa63/dwbcd/DWB/Data/QVZ G.DAT
2004.01.14 13:45 B D:\dwbcd\DWB\Data\QVZ\G.IDX --> germa64 /home/burch/Backups/germa63/dwbcd/DWB/Data/QVZ G.IDX
2004.01.14 13:45 B D:\dwbcd\DWB\Data\QVZ\H.DAT --> germa64 /home/burch/Backups/germa63/dwbcd/DWB/Data/QVZ H.DAT
2004.01.14 13:45 B D:\dwbcd\DWB\Data\QVZ\H.IDX --> germa64 /home/burch/Backups/germa63/dwbcd/DWB/Data/QVZ H.IDX
2004.01.14 13:45 B D:\dwbcd\DWB\Data\QVZ\I.DAT --> germa64 /home/burch/Backups/germa63/dwbcd/DWB/Data/QVZ I.DAT
2004.01.14 13:45 B D:\dwbcd\DWB\Data\QVZ\I.IDX --> germa64 /home/burch/Backups/germa63/dwbcd/DWB/Data/QVZ I.IDX
2004.01.14 13:45 B D:\dwbcd\DWB\Data\QVZ\J.DAT --> germa64 /home/burch/Backups/germa63/dwbcd/DWB/Data/QVZ J.DAT
2004.01.14 13:45 B D:\dwbcd\DWB\Data\QVZ\J.IDX --> germa64 /home/burch/Backups/germa63/dwbcd/DWB/Data/QVZ J.IDX
2004.01.14 13:45 B D:\dwbcd\DWB\Data\QVZ\K.DAT --> germa64 /home/burch/Backups/germa63/dwbcd/DWB/Data/QVZ K.DAT
2004.01.14 13:45 B D:\dwbcd\DWB\Data\QVZ\K.IDX --> germa64 /home/burch/Backups/germa63/dwbcd/DWB/Data/QVZ K.IDX
2004.01.14 13:45 B D:\dwbcd\DWB\Data\QVZ\L.DAT --> germa64 /home/burch/Backups/germa63/dwbcd/DWB/Data/QVZ L.DAT
2004.01.14 13:45 B D:\dwbcd\DWB\Data\QVZ\L.IDX --> germa64 /home/burch/Backups/germa63/dwbcd/DWB/Data/QVZ L.IDX
2004.01.14 13:45 B D:\dwbcd\DWB\Data\QVZ\M.DAT --> germa64 /home/burch/Backups/germa63/dwbcd/DWB/Data/QVZ M.DAT
2004.01.14 13:45 B D:\dwbcd\DWB\Data\QVZ\M.IDX --> germa64 /home/burch/Backups/germa63/dwbcd/DWB/Data/QVZ M.IDX
2004.01.14 13:45 B D:\dwbcd\DWB\Data\QVZ\N.DAT --> germa64 /home/burch/Backups/germa63/dwbcd/DWB/Data/QVZ N.DAT
2004.01.14 13:45 B D:\dwbcd\DWB\Data\QVZ\N.IDX --> germa64 /home/burch/Backups/germa63/dwbcd/DWB/Data/QVZ N.IDX
2004.01.14 13:45 B D:\dwbcd\DWB\Data\QVZ\O.DAT --> germa64 /home/burch/Backups/germa63/dwbcd/DWB/Data/QVZ O.DAT
2004.01.14 13:45 B D:\dwbcd\DWB\Data\QVZ\O.IDX --> germa64 /home/burch/Backups/germa63/dwbcd/DWB/Data/QVZ O.IDX
2004.01.14 13:45 B D:\dwbcd\DWB\Data\QVZ\P.DAT --> germa64 /home/burch/Backups/germa63/dwbcd/DWB/Data/QVZ P.DAT
2004.01.14 13:45 B D:\dwbcd\DWB\Data\QVZ\P.IDX --> germa64 /home/burch/Backups/germa63/dwbcd/DWB/Data/QVZ P.IDX
2004.01.14 13:45 B D:\dwbcd\DWB\Data\QVZ\Q.DAT --> germa64 /home/burch/Backups/germa63/dwbcd/DWB/Data/QVZ Q.DAT
2004.01.14 13:45 B D:\dwbcd\DWB\Data\QVZ\Q.IDX --> germa64 /home/burch/Backups/germa63/dwbcd/DWB/Data/QVZ Q.IDX
2004.01.14 13:45 B D:\dwbcd\DWB\Data\QVZ\QVZ.DAT --> germa64 /home/burch/Backups/germa63/dwbcd/DWB/Data/QVZ QVZ.DAT
2004.01.14 13:45 B D:\dwbcd\DWB\Data\QVZ\R.DAT --> germa64 /home/burch/Backups/germa63/dwbcd/DWB/Data/QVZ R.DAT
2004.01.14 13:45 B D:\dwbcd\DWB\Data\QVZ\R.IDX --> germa64 /home/burch/Backups/germa63/dwbcd/DWB/Data/QVZ R.IDX
2004.01.14 13:45 B D:\dwbcd\DWB\Data\QVZ\S.DAT --> germa64 /home/burch/Backups/germa63/dwbcd/DWB/Data/QVZ S.DAT
2004.01.14 13:45 B D:\dwbcd\DWB\Data\QVZ\S.IDX --> germa64 /home/burch/Backups/germa63/dwbcd/DWB/Data/QVZ S.IDX
2004.01.14 13:45 B D:\dwbcd\DWB\Data\QVZ\T.DAT --> germa64 /home/burch/Backups/germa63/dwbcd/DWB/Data/QVZ T.DAT
2004.01.14 13:45 B D:\dwbcd\DWB\Data\QVZ\T.IDX --> germa64 /home/burch/Backups/germa63/dwbcd/DWB/Data/QVZ T.IDX
2004.01.14 13:45 B D:\dwbcd\DWB\Data\QVZ\U.DAT --> germa64 /home/burch/Backups/germa63/dwbcd/DWB/Data/QVZ U.DAT
2004.01.14 13:45 B D:\dwbcd\DWB\Data\QVZ\U.IDX --> germa64 /home/burch/Backups/germa63/dwbcd/DWB/Data/QVZ U.IDX
2004.01.14 13:45 B D:\dwbcd\DWB\Data\QVZ\V.DAT --> germa64 /home/burch/Backups/germa63/dwbcd/DWB/Data/QVZ V.DAT
2004.01.14 13:45 B D:\dwbcd\DWB\Data\QVZ\V.IDX --> germa64 /home/burch/Backups/germa63/dwbcd/DWB/Data/QVZ V.IDX
2004.01.14 13:45 B D:\dwbcd\DWB\Data\QVZ\W.DAT --> germa64 /home/burch/Backups/germa63/dwbcd/DWB/Data/QVZ W.DAT
2004.01.14 13:45 B D:\dwbcd\DWB\Data\QVZ\W.IDX --> germa64 /home/burch/Backups/germa63/dwbcd/DWB/Data/QVZ W.IDX
2004.01.14 19:22 B D:\dwbcd\DWB\Data\QVZ\WS_FTP.LOG <-- germa64 /home/burch/Backups/germa63/dwbcd/DWB/Data/QVZ WS_FTP.LOG
2004.01.14 19:22 B D:\dwbcd\DWB\Data\QVZ\X.DAT <-- germa64 /home/burch/Backups/germa63/dwbcd/DWB/Data/QVZ X.DAT
2004.01.14 19:22 B D:\dwbcd\DWB\Data\QVZ\X.IDX <-- germa64 /home/burch/Backups/germa63/dwbcd/DWB/Data/QVZ X.IDX
2004.01.14 19:22 B D:\dwbcd\DWB\Data\QVZ\Y.DAT <-- germa64 /home/burch/Backups/germa63/dwbcd/DWB/Data/QVZ Y.DAT
2004.01.14 19:22 B D:\dwbcd\DWB\Data\QVZ\Y.IDX <-- germa64 /home/burch/Backups/germa63/dwbcd/DWB/Data/QVZ Y.IDX
2004.01.14 19:22 B D:\dwbcd\DWB\Data\QVZ\Z.DAT <-- germa64 /home/burch/Backups/germa63/dwbcd/DWB/Data/QVZ Z.DAT
2004.01.14 19:22 B D:\dwbcd\DWB\Data\QVZ\Z.IDX <-- germa64 /home/burch/Backups/germa63/dwbcd/DWB/Data/QVZ Z.IDX
2004.02.20 17:49 B D:\dwbcd\DWB\Data\QVZ\LEXICON.IDX <-- germa64 /home/burch/Projekte/HinUndHer LEXICON.IDX
2004.02.20 17:49 B D:\dwbcd\DWB\Data\QVZ\QVZA.DAT <-- germa64 /home/burch/Projekte/HinUndHer QVZA.DAT
2004.02.20 17:49 B D:\dwbcd\DWB\Data\QVZ\QVZA.IDX <-- germa64 /home/burch/Projekte/HinUndHer QVZA.IDX
2004.02.23 14:05 B D:\dwbcd\DWB\Data\QVZ\LEXICON.IDX <-- germa64 /home/burch/Projekte/HinUndHer LEXICON.IDX
2004.02.23 14:05 B D:\dwbcd\DWB\Data\QVZ\QVZA.DAT <-- germa64 /home/burch/Projekte/HinUndHer QVZA.DAT
2004.02.23 14:05 B D:\dwbcd\DWB\Data\QVZ\QVZA.IDX <-- germa64 /home/burch/Projekte/HinUndHer QVZA.IDX
2004.02.23 14:16 B D:\dwbcd\DWB\Data\QVZ\QVZA.CDAT <-- germa64 /home/burch/Projekte/HinUndHer QVZA.CDAT
2004.02.23 15:37 B D:\dwbcd\DWB\Data\QVZ\LEXICON.IDX <-- germa64 /home/burch/Projekte/HinUndHer LEXICON.IDX
2004.02.23 15:37 B D:\dwbcd\DWB\Data\QVZ\QVZA.CDAT <-- germa64 /home/burch/Projekte/HinUndHer QVZA.CDAT
2004.02.23 15:37 B D:\dwbcd\DWB\Data\QVZ\QVZA.IDX <-- germa64 /home/burch/Projekte/HinUndHer QVZA.IDX
2004.02.23 15:47 B D:\dwbcd\DWB\Data\QVZ\LEXICON.IDX <-- germa64 /home/burch/Projekte/HinUndHer LEXICON.IDX
2004.02.23 15:47 B D:\dwbcd\DWB\Data\QVZ\QVZA.CDAT <-- germa64 /home/burch/Projekte/HinUndHer QVZA.CDAT
2004.02.23 15:47 B D:\dwbcd\DWB\Data\QVZ\QVZA.IDX <-- germa64 /home/burch/Projekte/HinUndHer QVZA.IDX
2004.02.23 17:24 B D:\dwbcd\DWB\Data\QVZ\LEXICON.IDX <-- germa64 /home/burch/Projekte/HinUndHer LEXICON.IDX
2004.02.23 17:24 B D:\dwbcd\DWB\Data\QVZ\QVZA.CDAT <-- germa64 /home/burch/Projekte/HinUndHer QVZA.CDAT
2004.02.23 17:24 B D:\dwbcd\DWB\Data\QVZ\QVZA.IDX <-- germa64 /home/burch/Projekte/HinUndHer QVZA.IDX
2004.02.23 17:29 B D:\dwbcd\DWB\Data\QVZ\A.DAT <-- germa64 /home/burch/Projekte/HinUndHer A.DAT
2004.02.23 17:29 B D:\dwbcd\DWB\Data\QVZ\A.IDX <-- germa64 /home/burch/Projekte/HinUndHer A.IDX
2004.02.23 18:19 B D:\dwbcd\DWB\Data\QVZ\A.DAT <-- germa64 /home/burch/Projekte/HinUndHer A.DAT
2004.02.23 18:19 B D:\dwbcd\DWB\Data\QVZ\A.IDX <-- germa64 /home/burch/Projekte/HinUndHer A.IDX
2004.02.23 18:19 B D:\dwbcd\DWB\Data\QVZ\B.DAT <-- germa64 /home/burch/Projekte/HinUndHer B.DAT
2004.02.23 18:19 B D:\dwbcd\DWB\Data\QVZ\B.IDX <-- germa64 /home/burch/Projekte/HinUndHer B.IDX
2004.02.23 18:19 B D:\dwbcd\DWB\Data\QVZ\C.DAT <-- germa64 /home/burch/Projekte/HinUndHer C.DAT
2004.02.23 18:19 B D:\dwbcd\DWB\Data\QVZ\C.IDX <-- germa64 /home/burch/Projekte/HinUndHer C.IDX
2004.02.23 18:19 B D:\dwbcd\DWB\Data\QVZ\D.DAT <-- germa64 /home/burch/Projekte/HinUndHer D.DAT
2004.02.23 18:19 B D:\dwbcd\DWB\Data\QVZ\D.IDX <-- germa64 /home/burch/Projekte/HinUndHer D.IDX
2004.02.23 18:19 B D:\dwbcd\DWB\Data\QVZ\E.DAT <-- germa64 /home/burch/Projekte/HinUndHer E.DAT
2004.02.23 18:19 B D:\dwbcd\DWB\Data\QVZ\E.IDX <-- germa64 /home/burch/Projekte/HinUndHer E.IDX
2004.02.23 18:19 B D:\dwbcd\DWB\Data\QVZ\F.DAT <-- germa64 /home/burch/Projekte/HinUndHer F.DAT
2004.02.23 18:19 B D:\dwbcd\DWB\Data\QVZ\F.IDX <-- germa64 /home/burch/Projekte/HinUndHer F.IDX
2004.02.23 18:19 B D:\dwbcd\DWB\Data\QVZ\G.DAT <-- germa64 /home/burch/Projekte/HinUndHer G.DAT
2004.02.23 18:19 B D:\dwbcd\DWB\Data\QVZ\G.IDX <-- germa64 /home/burch/Projekte/HinUndHer G.IDX
2004.02.23 18:19 B D:\dwbcd\DWB\Data\QVZ\H.DAT <-- germa64 /home/burch/Projekte/HinUndHer H.DAT
2004.02.23 18:19 B D:\dwbcd\DWB\Data\QVZ\H.IDX <-- germa64 /home/burch/Projekte/HinUndHer H.IDX
2004.02.23 18:19 B D:\dwbcd\DWB\Data\QVZ\I.DAT <-- germa64 /home/burch/Projekte/HinUndHer I.DAT
2004.02.23 18:19 B D:\dwbcd\DWB\Data\QVZ\I.IDX <-- germa64 /home/burch/Projekte/HinUndHer I.IDX
2004.02.23 18:19 B D:\dwbcd\DWB\Data\QVZ\J.DAT <-- germa64 /home/burch/Projekte/HinUndHer J.DAT
2004.02.23 18:19 B D:\dwbcd\DWB\Data\QVZ\J.IDX <-- germa64 /home/burch/Projekte/HinUndHer J.IDX
2004.02.23 18:19 B D:\dwbcd\DWB\Data\QVZ\K.DAT <-- germa64 /home/burch/Projekte/HinUndHer K.DAT
2004.02.23 18:19 B D:\dwbcd\DWB\Data\QVZ\K.IDX <-- germa64 /home/burch/Projekte/HinUndHer K.IDX
2004.02.23 18:19 B D:\dwbcd\DWB\Data\QVZ\L.DAT <-- germa64 /home/burch/Projekte/HinUndHer L.DAT
2004.02.23 18:19 B D:\dwbcd\DWB\Data\QVZ\L.IDX <-- germa64 /home/burch/Projekte/HinUndHer L.IDX
2004.02.23 18:19 B D:\dwbcd\DWB\Data\QVZ\LEXICON.IDX <-- germa64 /home/burch/Projekte/HinUndHer LEXICON.IDX
2004.02.23 18:19 B D:\dwbcd\DWB\Data\QVZ\M.DAT <-- germa64 /home/burch/Projekte/HinUndHer M.DAT
2004.02.23 18:19 B D:\dwbcd\DWB\Data\QVZ\M.IDX <-- germa64 /home/burch/Projekte/HinUndHer M.IDX
2004.02.23 18:19 B D:\dwbcd\DWB\Data\QVZ\N.DAT <-- germa64 /home/burch/Projekte/HinUndHer N.DAT
2004.02.23 18:19 B D:\dwbcd\DWB\Data\QVZ\N.IDX <-- germa64 /home/burch/Projekte/HinUndHer N.IDX
2004.02.23 18:19 B D:\dwbcd\DWB\Data\QVZ\O.DAT <-- germa64 /home/burch/Projekte/HinUndHer O.DAT
2004.02.23 18:19 B D:\dwbcd\DWB\Data\QVZ\O.IDX <-- germa64 /home/burch/Projekte/HinUndHer O.IDX
2004.02.23 18:19 B D:\dwbcd\DWB\Data\QVZ\P.DAT <-- germa64 /home/burch/Projekte/HinUndHer P.DAT
2004.02.23 18:19 B D:\dwbcd\DWB\Data\QVZ\P.IDX <-- germa64 /home/burch/Projekte/HinUndHer P.IDX
2004.02.23 18:19 B D:\dwbcd\DWB\Data\QVZ\Q.DAT <-- germa64 /home/burch/Projekte/HinUndHer Q.DAT
2004.02.23 18:19 B D:\dwbcd\DWB\Data\QVZ\Q.IDX <-- germa64 /home/burch/Projekte/HinUndHer Q.IDX
2004.02.23 18:19 B D:\dwbcd\DWB\Data\QVZ\QVZA.CDAT <-- germa64 /home/burch/Projekte/HinUndHer QVZA.CDAT
2004.02.23 18:19 B D:\dwbcd\DWB\Data\QVZ\QVZA.IDX <-- germa64 /home/burch/Projekte/HinUndHer QVZA.IDX
2004.02.23 18:19 B D:\dwbcd\DWB\Data\QVZ\QVZB.CDAT <-- germa64 /home/burch/Projekte/HinUndHer QVZB.CDAT
2004.02.23 18:19 B D:\dwbcd\DWB\Data\QVZ\QVZB.IDX <-- germa64 /home/burch/Projekte/HinUndHer QVZB.IDX
2004.02.23 18:19 B D:\dwbcd\DWB\Data\QVZ\QVZC.CDAT <-- germa64 /home/burch/Projekte/HinUndHer QVZC.CDAT
2004.02.23 18:19 B D:\dwbcd\DWB\Data\QVZ\QVZC.IDX <-- germa64 /home/burch/Projekte/HinUndHer QVZC.IDX
2004.02.23 18:19 B D:\dwbcd\DWB\Data\QVZ\QVZD.CDAT <-- germa64 /home/burch/Projekte/HinUndHer QVZD.CDAT
2004.02.23 18:19 B D:\dwbcd\DWB\Data\QVZ\QVZD.IDX <-- germa64 /home/burch/Projekte/HinUndHer QVZD.IDX
2004.02.23 18:19 B D:\dwbcd\DWB\Data\QVZ\QVZE.CDAT <-- germa64 /home/burch/Projekte/HinUndHer QVZE.CDAT
2004.02.23 18:19 B D:\dwbcd\DWB\Data\QVZ\QVZE.IDX <-- germa64 /home/burch/Projekte/HinUndHer QVZE.IDX
2004.02.23 18:19 B D:\dwbcd\DWB\Data\QVZ\QVZF.CDAT <-- germa64 /home/burch/Projekte/HinUndHer QVZF.CDAT
2004.02.23 18:19 B D:\dwbcd\DWB\Data\QVZ\QVZF.IDX <-- germa64 /home/burch/Projekte/HinUndHer QVZF.IDX
2004.02.23 18:19 B D:\dwbcd\DWB\Data\QVZ\QVZG.CDAT <-- germa64 /home/burch/Projekte/HinUndHer QVZG.CDAT
2004.02.23 18:19 B D:\dwbcd\DWB\Data\QVZ\QVZG.IDX <-- germa64 /home/burch/Projekte/HinUndHer QVZG.IDX
2004.02.23 18:19 B D:\dwbcd\DWB\Data\QVZ\QVZH.CDAT <-- germa64 /home/burch/Projekte/HinUndHer QVZH.CDAT
2004.02.23 18:19 B D:\dwbcd\DWB\Data\QVZ\QVZH.IDX <-- germa64 /home/burch/Projekte/HinUndHer QVZH.IDX
2004.02.23 18:19 B D:\dwbcd\DWB\Data\QVZ\QVZI.CDAT <-- germa64 /home/burch/Projekte/HinUndHer QVZI.CDAT
2004.02.23 18:19 B D:\dwbcd\DWB\Data\QVZ\QVZI.IDX <-- germa64 /home/burch/Projekte/HinUndHer QVZI.IDX
2004.02.23 18:19 B D:\dwbcd\DWB\Data\QVZ\QVZJ.CDAT <-- germa64 /home/burch/Projekte/HinUndHer QVZJ.CDAT
2004.02.23 18:19 B D:\dwbcd\DWB\Data\QVZ\QVZJ.IDX <-- germa64 /home/burch/Projekte/HinUndHer QVZJ.IDX
2004.02.23 18:19 B D:\dwbcd\DWB\Data\QVZ\QVZK.CDAT <-- germa64 /home/burch/Projekte/HinUndHer QVZK.CDAT
2004.02.23 18:19 B D:\dwbcd\DWB\Data\QVZ\QVZK.IDX <-- germa64 /home/burch/Projekte/HinUndHer QVZK.IDX
2004.02.23 18:19 B D:\dwbcd\DWB\Data\QVZ\QVZL.CDAT <-- germa64 /home/burch/Projekte/HinUndHer QVZL.CDAT
2004.02.23 18:19 B D:\dwbcd\DWB\Data\QVZ\QVZL.IDX <-- germa64 /home/burch/Projekte/HinUndHer QVZL.IDX
2004.02.23 18:19 B D:\dwbcd\DWB\Data\QVZ\QVZM.CDAT <-- germa64 /home/burch/Projekte/HinUndHer QVZM.CDAT
2004.02.23 18:19 B D:\dwbcd\DWB\Data\QVZ\QVZM.IDX <-- germa64 /home/burch/Projekte/HinUndHer QVZM.IDX
2004.02.23 18:19 B D:\dwbcd\DWB\Data\QVZ\QVZN.CDAT <-- germa64 /home/burch/Projekte/HinUndHer QVZN.CDAT
2004.02.23 18:19 B D:\dwbcd\DWB\Data\QVZ\QVZN.IDX <-- germa64 /home/burch/Projekte/HinUndHer QVZN.IDX
2004.02.23 18:19 B D:\dwbcd\DWB\Data\QVZ\QVZO.CDAT <-- germa64 /home/burch/Projekte/HinUndHer QVZO.CDAT
2004.02.23 18:19 B D:\dwbcd\DWB\Data\QVZ\QVZO.IDX <-- germa64 /home/burch/Projekte/HinUndHer QVZO.IDX
2004.02.23 18:19 B D:\dwbcd\DWB\Data\QVZ\QVZP.CDAT <-- germa64 /home/burch/Projekte/HinUndHer QVZP.CDAT
2004.02.23 18:19 B D:\dwbcd\DWB\Data\QVZ\QVZP.IDX <-- germa64 /home/burch/Projekte/HinUndHer QVZP.IDX
2004.02.23 18:19 B D:\dwbcd\DWB\Data\QVZ\QVZQ.CDAT <-- germa64 /home/burch/Projekte/HinUndHer QVZQ.CDAT
2004.02.23 18:19 B D:\dwbcd\DWB\Data\QVZ\QVZQ.IDX <-- germa64 /home/burch/Projekte/HinUndHer QVZQ.IDX
2004.02.23 18:19 B D:\dwbcd\DWB\Data\QVZ\QVZR.CDAT <-- germa64 /home/burch/Projekte/HinUndHer QVZR.CDAT
2004.02.23 18:19 B D:\dwbcd\DWB\Data\QVZ\QVZR.IDX <-- germa64 /home/burch/Projekte/HinUndHer QVZR.IDX
2004.02.23 18:19 B D:\dwbcd\DWB\Data\QVZ\QVZS.CDAT <-- germa64 /home/burch/Projekte/HinUndHer QVZS.CDAT
2004.02.23 18:19 B D:\dwbcd\DWB\Data\QVZ\QVZS.IDX <-- germa64 /home/burch/Projekte/HinUndHer QVZS.IDX
2004.02.23 18:19 B D:\dwbcd\DWB\Data\QVZ\QVZT.CDAT <-- germa64 /home/burch/Projekte/HinUndHer QVZT.CDAT
2004.02.23 18:19 B D:\dwbcd\DWB\Data\QVZ\QVZT.IDX <-- germa64 /home/burch/Projekte/HinUndHer QVZT.IDX
2004.02.23 18:19 B D:\dwbcd\DWB\Data\QVZ\QVZU.CDAT <-- germa64 /home/burch/Projekte/HinUndHer QVZU.CDAT
2004.02.23 18:19 B D:\dwbcd\DWB\Data\QVZ\QVZU.IDX <-- germa64 /home/burch/Projekte/HinUndHer QVZU.IDX
2004.02.23 18:19 B D:\dwbcd\DWB\Data\QVZ\QVZV.CDAT <-- germa64 /home/burch/Projekte/HinUndHer QVZV.CDAT
2004.02.23 18:19 B D:\dwbcd\DWB\Data\QVZ\QVZV.IDX <-- germa64 /home/burch/Projekte/HinUndHer QVZV.IDX
2004.02.23 18:19 B D:\dwbcd\DWB\Data\QVZ\QVZW.CDAT <-- germa64 /home/burch/Projekte/HinUndHer QVZW.CDAT
2004.02.23 18:19 B D:\dwbcd\DWB\Data\QVZ\QVZW.IDX <-- germa64 /home/burch/Projekte/HinUndHer QVZW.IDX
2004.02.23 18:19 B D:\dwbcd\DWB\Data\QVZ\QVZX.CDAT <-- germa64 /home/burch/Projekte/HinUndHer QVZX.CDAT
2004.02.23 18:19 B D:\dwbcd\DWB\Data\QVZ\QVZX.IDX <-- germa64 /home/burch/Projekte/HinUndHer QVZX.IDX
2004.02.23 18:19 B D:\dwbcd\DWB\Data\QVZ\QVZY.CDAT <-- germa64 /home/burch/Projekte/HinUndHer QVZY.CDAT
2004.02.23 18:19 B D:\dwbcd\DWB\Data\QVZ\QVZY.IDX <-- germa64 /home/burch/Projekte/HinUndHer QVZY.IDX
2004.02.23 18:19 B D:\dwbcd\DWB\Data\QVZ\QVZZ.CDAT <-- germa64 /home/burch/Projekte/HinUndHer QVZZ.CDAT
2004.02.23 18:19 B D:\dwbcd\DWB\Data\QVZ\QVZZ.IDX <-- germa64 /home/burch/Projekte/HinUndHer QVZZ.IDX
2004.02.23 18:19 B D:\dwbcd\DWB\Data\QVZ\R.DAT <-- germa64 /home/burch/Projekte/HinUndHer R.DAT
2004.02.23 18:19 B D:\dwbcd\DWB\Data\QVZ\R.IDX <-- germa64 /home/burch/Projekte/HinUndHer R.IDX
2004.02.23 18:19 B D:\dwbcd\DWB\Data\QVZ\S.DAT <-- germa64 /home/burch/Projekte/HinUndHer S.DAT
2004.02.23 18:19 B D:\dwbcd\DWB\Data\QVZ\S.IDX <-- germa64 /home/burch/Projekte/HinUndHer S.IDX
2004.02.23 18:19 B D:\dwbcd\DWB\Data\QVZ\T.DAT <-- germa64 /home/burch/Projekte/HinUndHer T.DAT
2004.02.23 18:19 B D:\dwbcd\DWB\Data\QVZ\T.IDX <-- germa64 /home/burch/Projekte/HinUndHer T.IDX
2004.02.23 18:19 B D:\dwbcd\DWB\Data\QVZ\U.DAT <-- germa64 /home/burch/Projekte/HinUndHer U.DAT
2004.02.23 18:19 B D:\dwbcd\DWB\Data\QVZ\U.IDX <-- germa64 /home/burch/Projekte/HinUndHer U.IDX
2004.02.23 18:19 B D:\dwbcd\DWB\Data\QVZ\V.DAT <-- germa64 /home/burch/Projekte/HinUndHer V.DAT
2004.02.23 18:19 B D:\dwbcd\DWB\Data\QVZ\V.IDX <-- germa64 /home/burch/Projekte/HinUndHer V.IDX
2004.02.23 18:19 B D:\dwbcd\DWB\Data\QVZ\W.DAT <-- germa64 /home/burch/Projekte/HinUndHer W.DAT
2004.02.23 18:19 B D:\dwbcd\DWB\Data\QVZ\W.IDX <-- germa64 /home/burch/Projekte/HinUndHer W.IDX
2004.02.23 18:19 B D:\dwbcd\DWB\Data\QVZ\X.DAT <-- germa64 /home/burch/Projekte/HinUndHer X.DAT
2004.02.23 18:19 B D:\dwbcd\DWB\Data\QVZ\X.IDX <-- germa64 /home/burch/Projekte/HinUndHer X.IDX
2004.02.23 18:19 B D:\dwbcd\DWB\Data\QVZ\Y.DAT <-- germa64 /home/burch/Projekte/HinUndHer Y.DAT
2004.02.23 18:19 B D:\dwbcd\DWB\Data\QVZ\Y.IDX <-- germa64 /home/burch/Projekte/HinUndHer Y.IDX
2004.02.23 18:19 B D:\dwbcd\DWB\Data\QVZ\Z.DAT <-- germa64 /home/burch/Projekte/HinUndHer Z.DAT
2004.02.23 18:19 B D:\dwbcd\DWB\Data\QVZ\Z.IDX <-- germa64 /home/burch/Projekte/HinUndHer Z.IDX
2004.03.09 16:29 B D:\dwbcd\DWB\Data\QVZ\A.DAT --> germa64 /home/burch/Projekte/Grimm/CDROM/Data/QVZ A.DAT
2004.03.09 16:29 B D:\dwbcd\DWB\Data\QVZ\A.IDX --> germa64 /home/burch/Projekte/Grimm/CDROM/Data/QVZ A.IDX
2004.03.09 16:29 B D:\dwbcd\DWB\Data\QVZ\B.DAT --> germa64 /home/burch/Projekte/Grimm/CDROM/Data/QVZ B.DAT
2004.03.09 16:29 B D:\dwbcd\DWB\Data\QVZ\B.IDX --> germa64 /home/burch/Projekte/Grimm/CDROM/Data/QVZ B.IDX
2004.03.09 16:29 B D:\dwbcd\DWB\Data\QVZ\C.DAT --> germa64 /home/burch/Projekte/Grimm/CDROM/Data/QVZ C.DAT
2004.03.09 16:29 B D:\dwbcd\DWB\Data\QVZ\C.IDX --> germa64 /home/burch/Projekte/Grimm/CDROM/Data/QVZ C.IDX
2004.03.09 16:29 B D:\dwbcd\DWB\Data\QVZ\D.DAT --> germa64 /home/burch/Projekte/Grimm/CDROM/Data/QVZ D.DAT
2004.03.09 16:29 B D:\dwbcd\DWB\Data\QVZ\D.IDX --> germa64 /home/burch/Projekte/Grimm/CDROM/Data/QVZ D.IDX
2004.03.09 16:29 B D:\dwbcd\DWB\Data\QVZ\E.DAT --> germa64 /home/burch/Projekte/Grimm/CDROM/Data/QVZ E.DAT
2004.03.09 16:29 B D:\dwbcd\DWB\Data\QVZ\E.IDX --> germa64 /home/burch/Projekte/Grimm/CDROM/Data/QVZ E.IDX
2004.03.09 16:29 B D:\dwbcd\DWB\Data\QVZ\F.DAT --> germa64 /home/burch/Projekte/Grimm/CDROM/Data/QVZ F.DAT
2004.03.09 16:29 B D:\dwbcd\DWB\Data\QVZ\F.IDX --> germa64 /home/burch/Projekte/Grimm/CDROM/Data/QVZ F.IDX
2004.03.09 16:29 B D:\dwbcd\DWB\Data\QVZ\G.DAT --> germa64 /home/burch/Projekte/Grimm/CDROM/Data/QVZ G.DAT
2004.03.09 16:29 B D:\dwbcd\DWB\Data\QVZ\G.IDX --> germa64 /home/burch/Projekte/Grimm/CDROM/Data/QVZ G.IDX
2004.03.09 16:29 B D:\dwbcd\DWB\Data\QVZ\H.DAT --> germa64 /home/burch/Projekte/Grimm/CDROM/Data/QVZ H.DAT
2004.03.09 16:29 B D:\dwbcd\DWB\Data\QVZ\H.IDX --> germa64 /home/burch/Projekte/Grimm/CDROM/Data/QVZ H.IDX
2004.03.09 16:29 B D:\dwbcd\DWB\Data\QVZ\I.DAT --> germa64 /home/burch/Projekte/Grimm/CDROM/Data/QVZ I.DAT
2004.03.09 16:29 B D:\dwbcd\DWB\Data\QVZ\I.IDX --> germa64 /home/burch/Projekte/Grimm/CDROM/Data/QVZ I.IDX
2004.03.09 16:29 B D:\dwbcd\DWB\Data\QVZ\J.DAT --> germa64 /home/burch/Projekte/Grimm/CDROM/Data/QVZ J.DAT
2004.03.09 16:29 B D:\dwbcd\DWB\Data\QVZ\J.IDX --> germa64 /home/burch/Projekte/Grimm/CDROM/Data/QVZ J.IDX
2004.03.09 16:29 B D:\dwbcd\DWB\Data\QVZ\K.DAT --> germa64 /home/burch/Projekte/Grimm/CDROM/Data/QVZ K.DAT
2004.03.09 16:29 B D:\dwbcd\DWB\Data\QVZ\K.IDX --> germa64 /home/burch/Projekte/Grimm/CDROM/Data/QVZ K.IDX
2004.03.09 16:29 B D:\dwbcd\DWB\Data\QVZ\L.DAT --> germa64 /home/burch/Projekte/Grimm/CDROM/Data/QVZ L.DAT
2004.03.09 16:29 B D:\dwbcd\DWB\Data\QVZ\L.IDX --> germa64 /home/burch/Projekte/Grimm/CDROM/Data/QVZ L.IDX
2004.03.09 16:29 B D:\dwbcd\DWB\Data\QVZ\LEXICON.IDX --> germa64 /home/burch/Projekte/Grimm/CDROM/Data/QVZ LEXICON.IDX
2004.03.09 16:29 B D:\dwbcd\DWB\Data\QVZ\M.DAT --> germa64 /home/burch/Projekte/Grimm/CDROM/Data/QVZ M.DAT
2004.03.09 16:29 B D:\dwbcd\DWB\Data\QVZ\M.IDX --> germa64 /home/burch/Projekte/Grimm/CDROM/Data/QVZ M.IDX
2004.03.09 16:29 B D:\dwbcd\DWB\Data\QVZ\N.DAT --> germa64 /home/burch/Projekte/Grimm/CDROM/Data/QVZ N.DAT
2004.03.09 16:29 B D:\dwbcd\DWB\Data\QVZ\N.IDX --> germa64 /home/burch/Projekte/Grimm/CDROM/Data/QVZ N.IDX
2004.03.09 16:29 B D:\dwbcd\DWB\Data\QVZ\O.DAT --> germa64 /home/burch/Projekte/Grimm/CDROM/Data/QVZ O.DAT
2004.03.09 16:29 B D:\dwbcd\DWB\Data\QVZ\O.IDX --> germa64 /home/burch/Projekte/Grimm/CDROM/Data/QVZ O.IDX
2004.03.09 16:29 B D:\dwbcd\DWB\Data\QVZ\P.DAT --> germa64 /home/burch/Projekte/Grimm/CDROM/Data/QVZ P.DAT
2004.03.09 16:29 B D:\dwbcd\DWB\Data\QVZ\P.IDX --> germa64 /home/burch/Projekte/Grimm/CDROM/Data/QVZ P.IDX
2004.03.09 16:29 B D:\dwbcd\DWB\Data\QVZ\Q.DAT --> germa64 /home/burch/Projekte/Grimm/CDROM/Data/QVZ Q.DAT
2004.03.09 16:29 B D:\dwbcd\DWB\Data\QVZ\Q.IDX --> germa64 /home/burch/Projekte/Grimm/CDROM/Data/QVZ Q.IDX
2004.03.09 16:29 B D:\dwbcd\DWB\Data\QVZ\QVZ.DAT --> germa64 /home/burch/Projekte/Grimm/CDROM/Data/QVZ QVZ.DAT
2004.03.09 16:29 B D:\dwbcd\DWB\Data\QVZ\QVZA.CDAT --> germa64 /home/burch/Projekte/Grimm/CDROM/Data/QVZ QVZA.CDAT
2004.03.09 16:29 B D:\dwbcd\DWB\Data\QVZ\QVZA.DAT --> germa64 /home/burch/Projekte/Grimm/CDROM/Data/QVZ QVZA.DAT
2004.03.09 16:29 B D:\dwbcd\DWB\Data\QVZ\QVZA.IDX --> germa64 /home/burch/Projekte/Grimm/CDROM/Data/QVZ QVZA.IDX
2004.03.09 16:29 B D:\dwbcd\DWB\Data\QVZ\QVZB.CDAT --> germa64 /home/burch/Projekte/Grimm/CDROM/Data/QVZ QVZB.CDAT
2004.03.09 16:29 B D:\dwbcd\DWB\Data\QVZ\QVZB.IDX --> germa64 /home/burch/Projekte/Grimm/CDROM/Data/QVZ QVZB.IDX
2004.03.09 16:29 B D:\dwbcd\DWB\Data\QVZ\QVZC.CDAT --> germa64 /home/burch/Projekte/Grimm/CDROM/Data/QVZ QVZC.CDAT
2004.03.09 16:29 B D:\dwbcd\DWB\Data\QVZ\QVZC.IDX --> germa64 /home/burch/Projekte/Grimm/CDROM/Data/QVZ QVZC.IDX
2004.03.09 16:29 B D:\dwbcd\DWB\Data\QVZ\QVZD.CDAT --> germa64 /home/burch/Projekte/Grimm/CDROM/Data/QVZ QVZD.CDAT
2004.03.09 16:29 B D:\dwbcd\DWB\Data\QVZ\QVZD.IDX --> germa64 /home/burch/Projekte/Grimm/CDROM/Data/QVZ QVZD.IDX
2004.03.09 16:29 B D:\dwbcd\DWB\Data\QVZ\QVZE.CDAT --> germa64 /home/burch/Projekte/Grimm/CDROM/Data/QVZ QVZE.CDAT
2004.03.09 16:30 B D:\dwbcd\DWB\Data\QVZ\QVZE.IDX --> germa64 /home/burch/Projekte/Grimm/CDROM/Data/QVZ QVZE.IDX
2004.03.09 16:30 B D:\dwbcd\DWB\Data\QVZ\QVZF.CDAT --> germa64 /home/burch/Projekte/Grimm/CDROM/Data/QVZ QVZF.CDAT
2004.03.09 16:30 B D:\dwbcd\DWB\Data\QVZ\QVZF.IDX --> germa64 /home/burch/Projekte/Grimm/CDROM/Data/QVZ QVZF.IDX
2004.03.09 16:30 B D:\dwbcd\DWB\Data\QVZ\QVZG.CDAT --> germa64 /home/burch/Projekte/Grimm/CDROM/Data/QVZ QVZG.CDAT
2004.03.09 16:30 B D:\dwbcd\DWB\Data\QVZ\QVZG.IDX --> germa64 /home/burch/Projekte/Grimm/CDROM/Data/QVZ QVZG.IDX
2004.03.09 16:30 B D:\dwbcd\DWB\Data\QVZ\QVZH.CDAT --> germa64 /home/burch/Projekte/Grimm/CDROM/Data/QVZ QVZH.CDAT
2004.03.09 16:30 B D:\dwbcd\DWB\Data\QVZ\QVZH.IDX --> germa64 /home/burch/Projekte/Grimm/CDROM/Data/QVZ QVZH.IDX
2004.03.09 16:30 B D:\dwbcd\DWB\Data\QVZ\QVZI.CDAT --> germa64 /home/burch/Projekte/Grimm/CDROM/Data/QVZ QVZI.CDAT
2004.03.09 16:30 B D:\dwbcd\DWB\Data\QVZ\QVZI.IDX --> germa64 /home/burch/Projekte/Grimm/CDROM/Data/QVZ QVZI.IDX
2004.03.09 16:30 B D:\dwbcd\DWB\Data\QVZ\QVZJ.CDAT --> germa64 /home/burch/Projekte/Grimm/CDROM/Data/QVZ QVZJ.CDAT
2004.03.09 16:30 B D:\dwbcd\DWB\Data\QVZ\QVZJ.IDX --> germa64 /home/burch/Projekte/Grimm/CDROM/Data/QVZ QVZJ.IDX
2004.03.09 16:30 B D:\dwbcd\DWB\Data\QVZ\QVZK.CDAT --> germa64 /home/burch/Projekte/Grimm/CDROM/Data/QVZ QVZK.CDAT
2004.03.09 16:30 B D:\dwbcd\DWB\Data\QVZ\QVZK.IDX --> germa64 /home/burch/Projekte/Grimm/CDROM/Data/QVZ QVZK.IDX
2004.03.09 16:30 B D:\dwbcd\DWB\Data\QVZ\QVZL.CDAT --> germa64 /home/burch/Projekte/Grimm/CDROM/Data/QVZ QVZL.CDAT
2004.03.09 16:30 B D:\dwbcd\DWB\Data\QVZ\QVZL.IDX --> germa64 /home/burch/Projekte/Grimm/CDROM/Data/QVZ QVZL.IDX
2004.03.09 16:30 B D:\dwbcd\DWB\Data\QVZ\QVZM.CDAT --> germa64 /home/burch/Projekte/Grimm/CDROM/Data/QVZ QVZM.CDAT
2004.03.09 16:30 B D:\dwbcd\DWB\Data\QVZ\QVZM.IDX --> germa64 /home/burch/Projekte/Grimm/CDROM/Data/QVZ QVZM.IDX
2004.03.09 16:30 B D:\dwbcd\DWB\Data\QVZ\QVZN.CDAT --> germa64 /home/burch/Projekte/Grimm/CDROM/Data/QVZ QVZN.CDAT
2004.03.09 16:30 B D:\dwbcd\DWB\Data\QVZ\QVZN.IDX --> germa64 /home/burch/Projekte/Grimm/CDROM/Data/QVZ QVZN.IDX
2004.03.09 16:30 B D:\dwbcd\DWB\Data\QVZ\QVZO.CDAT --> germa64 /home/burch/Projekte/Grimm/CDROM/Data/QVZ QVZO.CDAT
2004.03.09 16:30 B D:\dwbcd\DWB\Data\QVZ\QVZO.IDX --> germa64 /home/burch/Projekte/Grimm/CDROM/Data/QVZ QVZO.IDX
2004.03.09 16:30 B D:\dwbcd\DWB\Data\QVZ\QVZP.CDAT --> germa64 /home/burch/Projekte/Grimm/CDROM/Data/QVZ QVZP.CDAT
2004.03.09 16:30 B D:\dwbcd\DWB\Data\QVZ\QVZP.IDX --> germa64 /home/burch/Projekte/Grimm/CDROM/Data/QVZ QVZP.IDX
2004.03.09 16:30 B D:\dwbcd\DWB\Data\QVZ\QVZQ.CDAT --> germa64 /home/burch/Projekte/Grimm/CDROM/Data/QVZ QVZQ.CDAT
2004.03.09 16:30 B D:\dwbcd\DWB\Data\QVZ\QVZQ.IDX --> germa64 /home/burch/Projekte/Grimm/CDROM/Data/QVZ QVZQ.IDX
2004.03.09 16:30 B D:\dwbcd\DWB\Data\QVZ\QVZR.CDAT --> germa64 /home/burch/Projekte/Grimm/CDROM/Data/QVZ QVZR.CDAT
2004.03.09 16:30 B D:\dwbcd\DWB\Data\QVZ\QVZR.IDX --> germa64 /home/burch/Projekte/Grimm/CDROM/Data/QVZ QVZR.IDX
2004.03.09 16:30 B D:\dwbcd\DWB\Data\QVZ\QVZS.CDAT --> germa64 /home/burch/Projekte/Grimm/CDROM/Data/QVZ QVZS.CDAT
2004.03.09 16:30 B D:\dwbcd\DWB\Data\QVZ\QVZS.IDX --> germa64 /home/burch/Projekte/Grimm/CDROM/Data/QVZ QVZS.IDX
2004.03.09 16:30 B D:\dwbcd\DWB\Data\QVZ\QVZT.CDAT --> germa64 /home/burch/Projekte/Grimm/CDROM/Data/QVZ QVZT.CDAT
2004.03.09 16:30 B D:\dwbcd\DWB\Data\QVZ\QVZT.IDX --> germa64 /home/burch/Projekte/Grimm/CDROM/Data/QVZ QVZT.IDX
2004.03.09 16:30 B D:\dwbcd\DWB\Data\QVZ\QVZU.CDAT --> germa64 /home/burch/Projekte/Grimm/CDROM/Data/QVZ QVZU.CDAT
2004.03.09 16:30 B D:\dwbcd\DWB\Data\QVZ\QVZU.IDX --> germa64 /home/burch/Projekte/Grimm/CDROM/Data/QVZ QVZU.IDX
2004.03.09 16:30 B D:\dwbcd\DWB\Data\QVZ\QVZV.CDAT --> germa64 /home/burch/Projekte/Grimm/CDROM/Data/QVZ QVZV.CDAT
2004.03.09 16:30 B D:\dwbcd\DWB\Data\QVZ\QVZV.IDX --> germa64 /home/burch/Projekte/Grimm/CDROM/Data/QVZ QVZV.IDX
2004.03.09 16:30 B D:\dwbcd\DWB\Data\QVZ\QVZW.CDAT --> germa64 /home/burch/Projekte/Grimm/CDROM/Data/QVZ QVZW.CDAT
2004.03.09 16:30 B D:\dwbcd\DWB\Data\QVZ\QVZW.IDX --> germa64 /home/burch/Projekte/Grimm/CDROM/Data/QVZ QVZW.IDX
2004.03.09 16:30 B D:\dwbcd\DWB\Data\QVZ\QVZX.CDAT --> germa64 /home/burch/Projekte/Grimm/CDROM/Data/QVZ QVZX.CDAT
2004.03.09 16:30 B D:\dwbcd\DWB\Data\QVZ\QVZX.IDX --> germa64 /home/burch/Projekte/Grimm/CDROM/Data/QVZ QVZX.IDX
2004.03.09 16:30 B D:\dwbcd\DWB\Data\QVZ\QVZY.CDAT --> germa64 /home/burch/Projekte/Grimm/CDROM/Data/QVZ QVZY.CDAT
2004.03.09 16:30 B D:\dwbcd\DWB\Data\QVZ\QVZY.IDX --> germa64 /home/burch/Projekte/Grimm/CDROM/Data/QVZ QVZY.IDX
2004.03.09 16:30 B D:\dwbcd\DWB\Data\QVZ\QVZZ.CDAT --> germa64 /home/burch/Projekte/Grimm/CDROM/Data/QVZ QVZZ.CDAT
2004.03.09 16:30 B D:\dwbcd\DWB\Data\QVZ\QVZZ.IDX --> germa64 /home/burch/Projekte/Grimm/CDROM/Data/QVZ QVZZ.IDX
2004.03.09 16:30 B D:\dwbcd\DWB\Data\QVZ\R.DAT --> germa64 /home/burch/Projekte/Grimm/CDROM/Data/QVZ R.DAT
2004.03.09 16:30 B D:\dwbcd\DWB\Data\QVZ\R.IDX --> germa64 /home/burch/Projekte/Grimm/CDROM/Data/QVZ R.IDX
2004.03.09 16:30 B D:\dwbcd\DWB\Data\QVZ\S.DAT --> germa64 /home/burch/Projekte/Grimm/CDROM/Data/QVZ S.DAT
2004.03.09 16:30 B D:\dwbcd\DWB\Data\QVZ\S.IDX --> germa64 /home/burch/Projekte/Grimm/CDROM/Data/QVZ S.IDX
2004.03.09 16:30 B D:\dwbcd\DWB\Data\QVZ\T.DAT --> germa64 /home/burch/Projekte/Grimm/CDROM/Data/QVZ T.DAT
2004.03.09 16:30 B D:\dwbcd\DWB\Data\QVZ\T.IDX --> germa64 /home/burch/Projekte/Grimm/CDROM/Data/QVZ T.IDX
2004.03.09 16:30 B D:\dwbcd\DWB\Data\QVZ\U.DAT --> germa64 /home/burch/Projekte/Grimm/CDROM/Data/QVZ U.DAT
2004.03.09 16:30 B D:\dwbcd\DWB\Data\QVZ\U.IDX --> germa64 /home/burch/Projekte/Grimm/CDROM/Data/QVZ U.IDX
2004.03.09 16:30 B D:\dwbcd\DWB\Data\QVZ\V.DAT --> germa64 /home/burch/Projekte/Grimm/CDROM/Data/QVZ V.DAT
2004.03.09 16:30 B D:\dwbcd\DWB\Data\QVZ\V.IDX --> germa64 /home/burch/Projekte/Grimm/CDROM/Data/QVZ V.IDX
2004.03.09 16:30 B D:\dwbcd\DWB\Data\QVZ\W.DAT --> germa64 /home/burch/Projekte/Grimm/CDROM/Data/QVZ W.DAT
2004.03.09 16:30 B D:\dwbcd\DWB\Data\QVZ\W.IDX --> germa64 /home/burch/Projekte/Grimm/CDROM/Data/QVZ W.IDX
2004.03.09 16:30 B D:\dwbcd\DWB\Data\QVZ\WS_FTP.LOG --> germa64 /home/burch/Projekte/Grimm/CDROM/Data/QVZ WS_FTP.LOG
2004.03.09 16:30 B D:\dwbcd\DWB\Data\QVZ\X.DAT --> germa64 /home/burch/Projekte/Grimm/CDROM/Data/QVZ X.DAT
2004.03.09 16:30 B D:\dwbcd\DWB\Data\QVZ\X.IDX --> germa64 /home/burch/Projekte/Grimm/CDROM/Data/QVZ X.IDX
2004.03.09 16:30 B D:\dwbcd\DWB\Data\QVZ\Y.DAT --> germa64 /home/burch/Projekte/Grimm/CDROM/Data/QVZ Y.DAT
2004.03.09 16:30 B D:\dwbcd\DWB\Data\QVZ\Y.IDX --> germa64 /home/burch/Projekte/Grimm/CDROM/Data/QVZ Y.IDX
2004.03.09 16:30 B D:\dwbcd\DWB\Data\QVZ\Z.DAT --> germa64 /home/burch/Projekte/Grimm/CDROM/Data/QVZ Z.DAT
2004.03.09 16:30 B D:\dwbcd\DWB\Data\QVZ\Z.IDX --> germa64 /home/burch/Projekte/Grimm/CDROM/Data/QVZ Z.IDX
2004.04.01 11:45 B D:\dwbcd\DWB\Data\QVZ\A.DAT --> germa64 /home/burch/Projekte/HinUndHer/dwb/Data/QVZ A.DAT
2004.04.01 11:45 B D:\dwbcd\DWB\Data\QVZ\A.IDX --> germa64 /home/burch/Projekte/HinUndHer/dwb/Data/QVZ A.IDX
2004.04.01 11:45 B D:\dwbcd\DWB\Data\QVZ\B.DAT --> germa64 /home/burch/Projekte/HinUndHer/dwb/Data/QVZ B.DAT
2004.04.01 11:45 B D:\dwbcd\DWB\Data\QVZ\B.IDX --> germa64 /home/burch/Projekte/HinUndHer/dwb/Data/QVZ B.IDX
2004.04.01 11:45 B D:\dwbcd\DWB\Data\QVZ\C.DAT --> germa64 /home/burch/Projekte/HinUndHer/dwb/Data/QVZ C.DAT
2004.04.01 11:45 B D:\dwbcd\DWB\Data\QVZ\C.IDX --> germa64 /home/burch/Projekte/HinUndHer/dwb/Data/QVZ C.IDX
2004.04.01 11:45 B D:\dwbcd\DWB\Data\QVZ\D.DAT --> germa64 /home/burch/Projekte/HinUndHer/dwb/Data/QVZ D.DAT
2004.04.01 11:45 B D:\dwbcd\DWB\Data\QVZ\D.IDX --> germa64 /home/burch/Projekte/HinUndHer/dwb/Data/QVZ D.IDX
2004.04.01 11:45 B D:\dwbcd\DWB\Data\QVZ\E.DAT --> germa64 /home/burch/Projekte/HinUndHer/dwb/Data/QVZ E.DAT
2004.04.01 11:45 B D:\dwbcd\DWB\Data\QVZ\E.IDX --> germa64 /home/burch/Projekte/HinUndHer/dwb/Data/QVZ E.IDX
2004.04.01 11:45 B D:\dwbcd\DWB\Data\QVZ\F.DAT --> germa64 /home/burch/Projekte/HinUndHer/dwb/Data/QVZ F.DAT
2004.04.01 11:45 B D:\dwbcd\DWB\Data\QVZ\F.IDX --> germa64 /home/burch/Projekte/HinUndHer/dwb/Data/QVZ F.IDX
2004.04.01 11:45 B D:\dwbcd\DWB\Data\QVZ\G.DAT --> germa64 /home/burch/Projekte/HinUndHer/dwb/Data/QVZ G.DAT
2004.04.01 11:45 B D:\dwbcd\DWB\Data\QVZ\G.IDX --> germa64 /home/burch/Projekte/HinUndHer/dwb/Data/QVZ G.IDX
2004.04.01 11:45 B D:\dwbcd\DWB\Data\QVZ\H.DAT --> germa64 /home/burch/Projekte/HinUndHer/dwb/Data/QVZ H.DAT
2004.04.01 11:45 B D:\dwbcd\DWB\Data\QVZ\H.IDX --> germa64 /home/burch/Projekte/HinUndHer/dwb/Data/QVZ H.IDX
2004.04.01 11:45 B D:\dwbcd\DWB\Data\QVZ\I.DAT --> germa64 /home/burch/Projekte/HinUndHer/dwb/Data/QVZ I.DAT
2004.04.01 11:45 B D:\dwbcd\DWB\Data\QVZ\I.IDX --> germa64 /home/burch/Projekte/HinUndHer/dwb/Data/QVZ I.IDX
2004.04.01 11:45 B D:\dwbcd\DWB\Data\QVZ\J.DAT --> germa64 /home/burch/Projekte/HinUndHer/dwb/Data/QVZ J.DAT
2004.04.01 11:45 B D:\dwbcd\DWB\Data\QVZ\J.IDX --> germa64 /home/burch/Projekte/HinUndHer/dwb/Data/QVZ J.IDX
2004.04.01 11:45 B D:\dwbcd\DWB\Data\QVZ\K.DAT --> germa64 /home/burch/Projekte/HinUndHer/dwb/Data/QVZ K.DAT
2004.04.01 11:45 B D:\dwbcd\DWB\Data\QVZ\K.IDX --> germa64 /home/burch/Projekte/HinUndHer/dwb/Data/QVZ K.IDX
2004.04.01 11:45 B D:\dwbcd\DWB\Data\QVZ\L.DAT --> germa64 /home/burch/Projekte/HinUndHer/dwb/Data/QVZ L.DAT
2004.04.01 11:45 B D:\dwbcd\DWB\Data\QVZ\L.IDX --> germa64 /home/burch/Projekte/HinUndHer/dwb/Data/QVZ L.IDX
2004.04.01 11:45 B D:\dwbcd\DWB\Data\QVZ\LEXICON.IDX --> germa64 /home/burch/Projekte/HinUndHer/dwb/Data/QVZ LEXICON.IDX
2004.04.01 11:45 B D:\dwbcd\DWB\Data\QVZ\M.DAT --> germa64 /home/burch/Projekte/HinUndHer/dwb/Data/QVZ M.DAT
2004.04.01 11:45 B D:\dwbcd\DWB\Data\QVZ\M.IDX --> germa64 /home/burch/Projekte/HinUndHer/dwb/Data/QVZ M.IDX
2004.04.01 11:45 B D:\dwbcd\DWB\Data\QVZ\N.DAT --> germa64 /home/burch/Projekte/HinUndHer/dwb/Data/QVZ N.DAT
2004.04.01 11:45 B D:\dwbcd\DWB\Data\QVZ\N.IDX --> germa64 /home/burch/Projekte/HinUndHer/dwb/Data/QVZ N.IDX
2004.04.01 11:45 B D:\dwbcd\DWB\Data\QVZ\O.DAT --> germa64 /home/burch/Projekte/HinUndHer/dwb/Data/QVZ O.DAT
2004.04.01 11:45 B D:\dwbcd\DWB\Data\QVZ\O.IDX --> germa64 /home/burch/Projekte/HinUndHer/dwb/Data/QVZ O.IDX
2004.04.01 11:45 B D:\dwbcd\DWB\Data\QVZ\P.DAT --> germa64 /home/burch/Projekte/HinUndHer/dwb/Data/QVZ P.DAT
2004.04.01 11:45 B D:\dwbcd\DWB\Data\QVZ\P.IDX --> germa64 /home/burch/Projekte/HinUndHer/dwb/Data/QVZ P.IDX
2004.04.01 11:45 B D:\dwbcd\DWB\Data\QVZ\Q.DAT --> germa64 /home/burch/Projekte/HinUndHer/dwb/Data/QVZ Q.DAT
2004.04.01 11:45 B D:\dwbcd\DWB\Data\QVZ\Q.IDX --> germa64 /home/burch/Projekte/HinUndHer/dwb/Data/QVZ Q.IDX
2004.04.01 11:45 B D:\dwbcd\DWB\Data\QVZ\QVZ.DAT --> germa64 /home/burch/Projekte/HinUndHer/dwb/Data/QVZ QVZ.DAT
2004.04.01 11:45 B D:\dwbcd\DWB\Data\QVZ\QVZA.CDAT --> germa64 /home/burch/Projekte/HinUndHer/dwb/Data/QVZ QVZA.CDAT
2004.04.01 11:45 B D:\dwbcd\DWB\Data\QVZ\QVZA.DAT --> germa64 /home/burch/Projekte/HinUndHer/dwb/Data/QVZ QVZA.DAT
2004.04.01 11:45 B D:\dwbcd\DWB\Data\QVZ\QVZA.IDX --> germa64 /home/burch/Projekte/HinUndHer/dwb/Data/QVZ QVZA.IDX
2004.04.01 11:45 B D:\dwbcd\DWB\Data\QVZ\QVZB.CDAT --> germa64 /home/burch/Projekte/HinUndHer/dwb/Data/QVZ QVZB.CDAT
2004.04.01 11:45 B D:\dwbcd\DWB\Data\QVZ\QVZB.IDX --> germa64 /home/burch/Projekte/HinUndHer/dwb/Data/QVZ QVZB.IDX
2004.04.01 11:45 B D:\dwbcd\DWB\Data\QVZ\QVZC.CDAT --> germa64 /home/burch/Projekte/HinUndHer/dwb/Data/QVZ QVZC.CDAT
2004.04.01 11:45 B D:\dwbcd\DWB\Data\QVZ\QVZC.IDX --> germa64 /home/burch/Projekte/HinUndHer/dwb/Data/QVZ QVZC.IDX
2004.04.01 11:45 B D:\dwbcd\DWB\Data\QVZ\QVZD.CDAT --> germa64 /home/burch/Projekte/HinUndHer/dwb/Data/QVZ QVZD.CDAT
2004.04.01 11:45 B D:\dwbcd\DWB\Data\QVZ\QVZD.IDX --> germa64 /home/burch/Projekte/HinUndHer/dwb/Data/QVZ QVZD.IDX
2004.04.01 11:45 B D:\dwbcd\DWB\Data\QVZ\QVZE.CDAT --> germa64 /home/burch/Projekte/HinUndHer/dwb/Data/QVZ QVZE.CDAT
2004.04.01 11:45 B D:\dwbcd\DWB\Data\QVZ\QVZE.IDX --> germa64 /home/burch/Projekte/HinUndHer/dwb/Data/QVZ QVZE.IDX
2004.04.01 11:45 B D:\dwbcd\DWB\Data\QVZ\QVZF.CDAT --> germa64 /home/burch/Projekte/HinUndHer/dwb/Data/QVZ QVZF.CDAT
2004.04.01 11:45 B D:\dwbcd\DWB\Data\QVZ\QVZF.IDX --> germa64 /home/burch/Projekte/HinUndHer/dwb/Data/QVZ QVZF.IDX
2004.04.01 11:45 B D:\dwbcd\DWB\Data\QVZ\QVZG.CDAT --> germa64 /home/burch/Projekte/HinUndHer/dwb/Data/QVZ QVZG.CDAT
2004.04.01 11:45 B D:\dwbcd\DWB\Data\QVZ\QVZG.IDX --> germa64 /home/burch/Projekte/HinUndHer/dwb/Data/QVZ QVZG.IDX
2004.04.01 11:45 B D:\dwbcd\DWB\Data\QVZ\QVZH.CDAT --> germa64 /home/burch/Projekte/HinUndHer/dwb/Data/QVZ QVZH.CDAT
2004.04.01 11:45 B D:\dwbcd\DWB\Data\QVZ\QVZH.IDX --> germa64 /home/burch/Projekte/HinUndHer/dwb/Data/QVZ QVZH.IDX
2004.04.01 11:45 B D:\dwbcd\DWB\Data\QVZ\QVZI.CDAT --> germa64 /home/burch/Projekte/HinUndHer/dwb/Data/QVZ QVZI.CDAT
2004.04.01 11:45 B D:\dwbcd\DWB\Data\QVZ\QVZI.IDX --> germa64 /home/burch/Projekte/HinUndHer/dwb/Data/QVZ QVZI.IDX
2004.04.01 11:45 B D:\dwbcd\DWB\Data\QVZ\QVZJ.CDAT --> germa64 /home/burch/Projekte/HinUndHer/dwb/Data/QVZ QVZJ.CDAT
2004.04.01 11:45 B D:\dwbcd\DWB\Data\QVZ\QVZJ.IDX --> germa64 /home/burch/Projekte/HinUndHer/dwb/Data/QVZ QVZJ.IDX
2004.04.01 11:45 B D:\dwbcd\DWB\Data\QVZ\QVZK.CDAT --> germa64 /home/burch/Projekte/HinUndHer/dwb/Data/QVZ QVZK.CDAT
2004.04.01 11:45 B D:\dwbcd\DWB\Data\QVZ\QVZK.IDX --> germa64 /home/burch/Projekte/HinUndHer/dwb/Data/QVZ QVZK.IDX
2004.04.01 11:45 B D:\dwbcd\DWB\Data\QVZ\QVZL.CDAT --> germa64 /home/burch/Projekte/HinUndHer/dwb/Data/QVZ QVZL.CDAT
2004.04.01 11:45 B D:\dwbcd\DWB\Data\QVZ\QVZL.IDX --> germa64 /home/burch/Projekte/HinUndHer/dwb/Data/QVZ QVZL.IDX
2004.04.01 11:45 B D:\dwbcd\DWB\Data\QVZ\QVZM.CDAT --> germa64 /home/burch/Projekte/HinUndHer/dwb/Data/QVZ QVZM.CDAT
2004.04.01 11:45 B D:\dwbcd\DWB\Data\QVZ\QVZM.IDX --> germa64 /home/burch/Projekte/HinUndHer/dwb/Data/QVZ QVZM.IDX
2004.04.01 11:45 B D:\dwbcd\DWB\Data\QVZ\QVZN.CDAT --> germa64 /home/burch/Projekte/HinUndHer/dwb/Data/QVZ QVZN.CDAT
2004.04.01 11:45 B D:\dwbcd\DWB\Data\QVZ\QVZN.IDX --> germa64 /home/burch/Projekte/HinUndHer/dwb/Data/QVZ QVZN.IDX
2004.04.01 11:45 B D:\dwbcd\DWB\Data\QVZ\QVZO.CDAT --> germa64 /home/burch/Projekte/HinUndHer/dwb/Data/QVZ QVZO.CDAT
2004.04.01 11:45 B D:\dwbcd\DWB\Data\QVZ\QVZO.IDX --> germa64 /home/burch/Projekte/HinUndHer/dwb/Data/QVZ QVZO.IDX
2004.04.01 11:45 B D:\dwbcd\DWB\Data\QVZ\QVZP.CDAT --> germa64 /home/burch/Projekte/HinUndHer/dwb/Data/QVZ QVZP.CDAT
2004.04.01 11:45 B D:\dwbcd\DWB\Data\QVZ\QVZP.IDX --> germa64 /home/burch/Projekte/HinUndHer/dwb/Data/QVZ QVZP.IDX
2004.04.01 11:45 B D:\dwbcd\DWB\Data\QVZ\QVZQ.CDAT --> germa64 /home/burch/Projekte/HinUndHer/dwb/Data/QVZ QVZQ.CDAT
2004.04.01 11:45 B D:\dwbcd\DWB\Data\QVZ\QVZQ.IDX --> germa64 /home/burch/Projekte/HinUndHer/dwb/Data/QVZ QVZQ.IDX
2004.04.01 11:45 B D:\dwbcd\DWB\Data\QVZ\QVZR.CDAT --> germa64 /home/burch/Projekte/HinUndHer/dwb/Data/QVZ QVZR.CDAT
2004.04.01 11:45 B D:\dwbcd\DWB\Data\QVZ\QVZR.IDX --> germa64 /home/burch/Projekte/HinUndHer/dwb/Data/QVZ QVZR.IDX
2004.04.01 11:45 B D:\dwbcd\DWB\Data\QVZ\QVZS.CDAT --> germa64 /home/burch/Projekte/HinUndHer/dwb/Data/QVZ QVZS.CDAT
2004.04.01 11:45 B D:\dwbcd\DWB\Data\QVZ\QVZS.IDX --> germa64 /home/burch/Projekte/HinUndHer/dwb/Data/QVZ QVZS.IDX
2004.04.01 11:45 B D:\dwbcd\DWB\Data\QVZ\QVZT.CDAT --> germa64 /home/burch/Projekte/HinUndHer/dwb/Data/QVZ QVZT.CDAT
2004.04.01 11:45 B D:\dwbcd\DWB\Data\QVZ\QVZT.IDX --> germa64 /home/burch/Projekte/HinUndHer/dwb/Data/QVZ QVZT.IDX
2004.04.01 11:45 B D:\dwbcd\DWB\Data\QVZ\QVZU.CDAT --> germa64 /home/burch/Projekte/HinUndHer/dwb/Data/QVZ QVZU.CDAT
2004.04.01 11:45 B D:\dwbcd\DWB\Data\QVZ\QVZU.IDX --> germa64 /home/burch/Projekte/HinUndHer/dwb/Data/QVZ QVZU.IDX
2004.04.01 11:45 B D:\dwbcd\DWB\Data\QVZ\QVZV.CDAT --> germa64 /home/burch/Projekte/HinUndHer/dwb/Data/QVZ QVZV.CDAT
2004.04.01 11:45 B D:\dwbcd\DWB\Data\QVZ\QVZV.IDX --> germa64 /home/burch/Projekte/HinUndHer/dwb/Data/QVZ QVZV.IDX
2004.04.01 11:45 B D:\dwbcd\DWB\Data\QVZ\QVZW.CDAT --> germa64 /home/burch/Projekte/HinUndHer/dwb/Data/QVZ QVZW.CDAT
2004.04.01 11:45 B D:\dwbcd\DWB\Data\QVZ\QVZW.IDX --> germa64 /home/burch/Projekte/HinUndHer/dwb/Data/QVZ QVZW.IDX
2004.04.01 11:45 B D:\dwbcd\DWB\Data\QVZ\QVZX.CDAT --> germa64 /home/burch/Projekte/HinUndHer/dwb/Data/QVZ QVZX.CDAT
2004.04.01 11:45 B D:\dwbcd\DWB\Data\QVZ\QVZX.IDX --> germa64 /home/burch/Projekte/HinUndHer/dwb/Data/QVZ QVZX.IDX
2004.04.01 11:45 B D:\dwbcd\DWB\Data\QVZ\QVZY.CDAT --> germa64 /home/burch/Projekte/HinUndHer/dwb/Data/QVZ QVZY.CDAT
2004.04.01 11:45 B D:\dwbcd\DWB\Data\QVZ\QVZY.IDX --> germa64 /home/burch/Projekte/HinUndHer/dwb/Data/QVZ QVZY.IDX
2004.04.01 11:45 B D:\dwbcd\DWB\Data\QVZ\QVZZ.CDAT --> germa64 /home/burch/Projekte/HinUndHer/dwb/Data/QVZ QVZZ.CDAT
2004.04.01 11:45 B D:\dwbcd\DWB\Data\QVZ\QVZZ.IDX --> germa64 /home/burch/Projekte/HinUndHer/dwb/Data/QVZ QVZZ.IDX
2004.04.01 11:45 B D:\dwbcd\DWB\Data\QVZ\R.DAT --> germa64 /home/burch/Projekte/HinUndHer/dwb/Data/QVZ R.DAT
2004.04.01 11:45 B D:\dwbcd\DWB\Data\QVZ\R.IDX --> germa64 /home/burch/Projekte/HinUndHer/dwb/Data/QVZ R.IDX
2004.04.01 11:45 B D:\dwbcd\DWB\Data\QVZ\S.DAT --> germa64 /home/burch/Projekte/HinUndHer/dwb/Data/QVZ S.DAT
2004.04.01 11:45 B D:\dwbcd\DWB\Data\QVZ\S.IDX --> germa64 /home/burch/Projekte/HinUndHer/dwb/Data/QVZ S.IDX
2004.04.01 11:45 B D:\dwbcd\DWB\Data\QVZ\T.DAT --> germa64 /home/burch/Projekte/HinUndHer/dwb/Data/QVZ T.DAT
2004.04.01 11:45 B D:\dwbcd\DWB\Data\QVZ\T.IDX --> germa64 /home/burch/Projekte/HinUndHer/dwb/Data/QVZ T.IDX
2004.04.01 11:45 B D:\dwbcd\DWB\Data\QVZ\U.DAT --> germa64 /home/burch/Projekte/HinUndHer/dwb/Data/QVZ U.DAT
2004.04.01 11:45 B D:\dwbcd\DWB\Data\QVZ\U.IDX --> germa64 /home/burch/Projekte/HinUndHer/dwb/Data/QVZ U.IDX
2004.04.01 11:45 B D:\dwbcd\DWB\Data\QVZ\V.DAT --> germa64 /home/burch/Projekte/HinUndHer/dwb/Data/QVZ V.DAT
2004.04.01 11:45 B D:\dwbcd\DWB\Data\QVZ\V.IDX --> germa64 /home/burch/Projekte/HinUndHer/dwb/Data/QVZ V.IDX
2004.04.01 11:45 B D:\dwbcd\DWB\Data\QVZ\W.DAT --> germa64 /home/burch/Projekte/HinUndHer/dwb/Data/QVZ W.DAT
2004.04.01 11:45 B D:\dwbcd\DWB\Data\QVZ\W.IDX --> germa64 /home/burch/Projekte/HinUndHer/dwb/Data/QVZ W.IDX
2004.04.01 11:45 B D:\dwbcd\DWB\Data\QVZ\WS_FTP.LOG --> germa64 /home/burch/Projekte/HinUndHer/dwb/Data/QVZ WS_FTP.LOG
2004.04.01 11:45 B D:\dwbcd\DWB\Data\QVZ\X.DAT --> germa64 /home/burch/Projekte/HinUndHer/dwb/Data/QVZ X.DAT
2004.04.01 11:45 B D:\dwbcd\DWB\Data\QVZ\X.IDX --> germa64 /home/burch/Projekte/HinUndHer/dwb/Data/QVZ X.IDX
2004.04.01 11:45 B D:\dwbcd\DWB\Data\QVZ\Y.DAT --> germa64 /home/burch/Projekte/HinUndHer/dwb/Data/QVZ Y.DAT
2004.04.01 11:45 B D:\dwbcd\DWB\Data\QVZ\Y.IDX --> germa64 /home/burch/Projekte/HinUndHer/dwb/Data/QVZ Y.IDX
2004.04.01 11:45 B D:\dwbcd\DWB\Data\QVZ\Z.DAT --> germa64 /home/burch/Projekte/HinUndHer/dwb/Data/QVZ Z.DAT
2004.04.01 11:45 B D:\dwbcd\DWB\Data\QVZ\Z.IDX --> germa64 /home/burch/Projekte/HinUndHer/dwb/Data/QVZ Z.IDX
2004.04.30 19:48 B D:\dwbcd\DWB\Data\QVZ\A.DAT <-- germa64 /home/burch/Projekte/HinUndHer A.DAT
2004.04.30 19:48 B D:\dwbcd\DWB\Data\QVZ\A.IDX <-- germa64 /home/burch/Projekte/HinUndHer A.IDX
2004.04.30 19:48 B D:\dwbcd\DWB\Data\QVZ\B.DAT <-- germa64 /home/burch/Projekte/HinUndHer B.DAT
2004.04.30 19:48 B D:\dwbcd\DWB\Data\QVZ\B.IDX <-- germa64 /home/burch/Projekte/HinUndHer B.IDX
2004.04.30 19:48 B D:\dwbcd\DWB\Data\QVZ\C.DAT <-- germa64 /home/burch/Projekte/HinUndHer C.DAT
2004.04.30 19:48 B D:\dwbcd\DWB\Data\QVZ\C.IDX <-- germa64 /home/burch/Projekte/HinUndHer C.IDX
2004.04.30 19:48 B D:\dwbcd\DWB\Data\QVZ\D.DAT <-- germa64 /home/burch/Projekte/HinUndHer D.DAT
2004.04.30 19:48 B D:\dwbcd\DWB\Data\QVZ\D.IDX <-- germa64 /home/burch/Projekte/HinUndHer D.IDX
2004.04.30 19:48 B D:\dwbcd\DWB\Data\QVZ\E.DAT <-- germa64 /home/burch/Projekte/HinUndHer E.DAT
2004.04.30 19:48 B D:\dwbcd\DWB\Data\QVZ\E.IDX <-- germa64 /home/burch/Projekte/HinUndHer E.IDX
2004.04.30 19:48 B D:\dwbcd\DWB\Data\QVZ\F.DAT <-- germa64 /home/burch/Projekte/HinUndHer F.DAT
2004.04.30 19:48 B D:\dwbcd\DWB\Data\QVZ\F.IDX <-- germa64 /home/burch/Projekte/HinUndHer F.IDX
2004.04.30 19:48 B D:\dwbcd\DWB\Data\QVZ\G.DAT <-- germa64 /home/burch/Projekte/HinUndHer G.DAT
2004.04.30 19:48 B D:\dwbcd\DWB\Data\QVZ\G.IDX <-- germa64 /home/burch/Projekte/HinUndHer G.IDX
2004.04.30 19:48 B D:\dwbcd\DWB\Data\QVZ\H.DAT <-- germa64 /home/burch/Projekte/HinUndHer H.DAT
2004.04.30 19:48 B D:\dwbcd\DWB\Data\QVZ\H.IDX <-- germa64 /home/burch/Projekte/HinUndHer H.IDX
2004.04.30 19:48 B D:\dwbcd\DWB\Data\QVZ\I.DAT <-- germa64 /home/burch/Projekte/HinUndHer I.DAT
2004.04.30 19:48 B D:\dwbcd\DWB\Data\QVZ\I.IDX <-- germa64 /home/burch/Projekte/HinUndHer I.IDX
2004.04.30 19:48 B D:\dwbcd\DWB\Data\QVZ\J.DAT <-- germa64 /home/burch/Projekte/HinUndHer J.DAT
2004.04.30 19:48 B D:\dwbcd\DWB\Data\QVZ\J.IDX <-- germa64 /home/burch/Projekte/HinUndHer J.IDX
2004.04.30 19:48 B D:\dwbcd\DWB\Data\QVZ\K.DAT <-- germa64 /home/burch/Projekte/HinUndHer K.DAT
2004.04.30 19:48 B D:\dwbcd\DWB\Data\QVZ\K.IDX <-- germa64 /home/burch/Projekte/HinUndHer K.IDX
2004.04.30 19:48 B D:\dwbcd\DWB\Data\QVZ\L.DAT <-- germa64 /home/burch/Projekte/HinUndHer L.DAT
2004.04.30 19:48 B D:\dwbcd\DWB\Data\QVZ\L.IDX <-- germa64 /home/burch/Projekte/HinUndHer L.IDX
2004.04.30 19:48 B D:\dwbcd\DWB\Data\QVZ\LEXICON.IDX <-- germa64 /home/burch/Projekte/HinUndHer LEXICON.IDX
2004.04.30 19:48 B D:\dwbcd\DWB\Data\QVZ\M.DAT <-- germa64 /home/burch/Projekte/HinUndHer M.DAT
2004.04.30 19:48 B D:\dwbcd\DWB\Data\QVZ\M.IDX <-- germa64 /home/burch/Projekte/HinUndHer M.IDX
2004.04.30 19:48 B D:\dwbcd\DWB\Data\QVZ\N.DAT <-- germa64 /home/burch/Projekte/HinUndHer N.DAT
2004.04.30 19:48 B D:\dwbcd\DWB\Data\QVZ\N.IDX <-- germa64 /home/burch/Projekte/HinUndHer N.IDX
2004.04.30 19:48 B D:\dwbcd\DWB\Data\QVZ\O.DAT <-- germa64 /home/burch/Projekte/HinUndHer O.DAT
2004.04.30 19:48 B D:\dwbcd\DWB\Data\QVZ\O.IDX <-- germa64 /home/burch/Projekte/HinUndHer O.IDX
2004.04.30 19:48 B D:\dwbcd\DWB\Data\QVZ\P.DAT <-- germa64 /home/burch/Projekte/HinUndHer P.DAT
2004.04.30 19:48 B D:\dwbcd\DWB\Data\QVZ\P.IDX <-- germa64 /home/burch/Projekte/HinUndHer P.IDX
2004.04.30 19:48 B D:\dwbcd\DWB\Data\QVZ\Q.DAT <-- germa64 /home/burch/Projekte/HinUndHer Q.DAT
2004.04.30 19:48 B D:\dwbcd\DWB\Data\QVZ\Q.IDX <-- germa64 /home/burch/Projekte/HinUndHer Q.IDX
2004.04.30 19:48 B D:\dwbcd\DWB\Data\QVZ\QVZ.DAT <-- germa64 /home/burch/Projekte/HinUndHer QVZ.DAT
2004.04.30 19:48 B D:\dwbcd\DWB\Data\QVZ\QVZA.CDAT <-- germa64 /home/burch/Projekte/HinUndHer QVZA.CDAT
2004.04.30 19:48 B D:\dwbcd\DWB\Data\QVZ\QVZA.IDX <-- germa64 /home/burch/Projekte/HinUndHer QVZA.IDX
2004.04.30 19:48 B D:\dwbcd\DWB\Data\QVZ\QVZB.CDAT <-- germa64 /home/burch/Projekte/HinUndHer QVZB.CDAT
2004.04.30 19:48 B D:\dwbcd\DWB\Data\QVZ\QVZB.IDX <-- germa64 /home/burch/Projekte/HinUndHer QVZB.IDX
2004.04.30 19:48 B D:\dwbcd\DWB\Data\QVZ\QVZC.CDAT <-- germa64 /home/burch/Projekte/HinUndHer QVZC.CDAT
2004.04.30 19:48 B D:\dwbcd\DWB\Data\QVZ\QVZC.IDX <-- germa64 /home/burch/Projekte/HinUndHer QVZC.IDX
2004.04.30 19:48 B D:\dwbcd\DWB\Data\QVZ\QVZD.CDAT <-- germa64 /home/burch/Projekte/HinUndHer QVZD.CDAT
2004.04.30 19:48 B D:\dwbcd\DWB\Data\QVZ\QVZD.IDX <-- germa64 /home/burch/Projekte/HinUndHer QVZD.IDX
2004.04.30 19:48 B D:\dwbcd\DWB\Data\QVZ\QVZE.CDAT <-- germa64 /home/burch/Projekte/HinUndHer QVZE.CDAT
2004.04.30 19:48 B D:\dwbcd\DWB\Data\QVZ\QVZE.IDX <-- germa64 /home/burch/Projekte/HinUndHer QVZE.IDX
2004.04.30 19:48 B D:\dwbcd\DWB\Data\QVZ\QVZF.CDAT <-- germa64 /home/burch/Projekte/HinUndHer QVZF.CDAT
2004.04.30 19:48 B D:\dwbcd\DWB\Data\QVZ\QVZF.IDX <-- germa64 /home/burch/Projekte/HinUndHer QVZF.IDX
2004.04.30 19:48 B D:\dwbcd\DWB\Data\QVZ\QVZG.CDAT <-- germa64 /home/burch/Projekte/HinUndHer QVZG.CDAT
2004.04.30 19:48 B D:\dwbcd\DWB\Data\QVZ\QVZG.IDX <-- germa64 /home/burch/Projekte/HinUndHer QVZG.IDX
2004.04.30 19:48 B D:\dwbcd\DWB\Data\QVZ\QVZH.CDAT <-- germa64 /home/burch/Projekte/HinUndHer QVZH.CDAT
2004.04.30 19:48 B D:\dwbcd\DWB\Data\QVZ\QVZH.IDX <-- germa64 /home/burch/Projekte/HinUndHer QVZH.IDX
2004.04.30 19:48 B D:\dwbcd\DWB\Data\QVZ\QVZI.CDAT <-- germa64 /home/burch/Projekte/HinUndHer QVZI.CDAT
2004.04.30 19:48 B D:\dwbcd\DWB\Data\QVZ\QVZI.IDX <-- germa64 /home/burch/Projekte/HinUndHer QVZI.IDX
2004.04.30 19:48 B D:\dwbcd\DWB\Data\QVZ\QVZJ.CDAT <-- germa64 /home/burch/Projekte/HinUndHer QVZJ.CDAT
2004.04.30 19:48 B D:\dwbcd\DWB\Data\QVZ\QVZJ.IDX <-- germa64 /home/burch/Projekte/HinUndHer QVZJ.IDX
2004.04.30 19:48 B D:\dwbcd\DWB\Data\QVZ\QVZK.CDAT <-- germa64 /home/burch/Projekte/HinUndHer QVZK.CDAT
2004.04.30 19:48 B D:\dwbcd\DWB\Data\QVZ\QVZK.IDX <-- germa64 /home/burch/Projekte/HinUndHer QVZK.IDX
2004.04.30 19:48 B D:\dwbcd\DWB\Data\QVZ\QVZL.CDAT <-- germa64 /home/burch/Projekte/HinUndHer QVZL.CDAT
2004.04.30 19:48 B D:\dwbcd\DWB\Data\QVZ\QVZL.IDX <-- germa64 /home/burch/Projekte/HinUndHer QVZL.IDX
2004.04.30 19:48 B D:\dwbcd\DWB\Data\QVZ\QVZM.CDAT <-- germa64 /home/burch/Projekte/HinUndHer QVZM.CDAT
2004.04.30 19:48 B D:\dwbcd\DWB\Data\QVZ\QVZM.IDX <-- germa64 /home/burch/Projekte/HinUndHer QVZM.IDX
2004.04.30 19:48 B D:\dwbcd\DWB\Data\QVZ\QVZN.CDAT <-- germa64 /home/burch/Projekte/HinUndHer QVZN.CDAT
2004.04.30 19:48 B D:\dwbcd\DWB\Data\QVZ\QVZN.IDX <-- germa64 /home/burch/Projekte/HinUndHer QVZN.IDX
2004.04.30 19:48 B D:\dwbcd\DWB\Data\QVZ\QVZO.CDAT <-- germa64 /home/burch/Projekte/HinUndHer QVZO.CDAT
2004.04.30 19:48 B D:\dwbcd\DWB\Data\QVZ\QVZO.IDX <-- germa64 /home/burch/Projekte/HinUndHer QVZO.IDX
2004.04.30 19:48 B D:\dwbcd\DWB\Data\QVZ\QVZP.CDAT <-- germa64 /home/burch/Projekte/HinUndHer QVZP.CDAT
2004.04.30 19:48 B D:\dwbcd\DWB\Data\QVZ\QVZP.IDX <-- germa64 /home/burch/Projekte/HinUndHer QVZP.IDX
2004.04.30 19:48 B D:\dwbcd\DWB\Data\QVZ\QVZQ.CDAT <-- germa64 /home/burch/Projekte/HinUndHer QVZQ.CDAT
2004.04.30 19:48 B D:\dwbcd\DWB\Data\QVZ\QVZQ.IDX <-- germa64 /home/burch/Projekte/HinUndHer QVZQ.IDX
2004.04.30 19:48 B D:\dwbcd\DWB\Data\QVZ\QVZR.CDAT <-- germa64 /home/burch/Projekte/HinUndHer QVZR.CDAT
2004.04.30 19:48 B D:\dwbcd\DWB\Data\QVZ\QVZR.IDX <-- germa64 /home/burch/Projekte/HinUndHer QVZR.IDX
2004.04.30 19:48 B D:\dwbcd\DWB\Data\QVZ\QVZS.CDAT <-- germa64 /home/burch/Projekte/HinUndHer QVZS.CDAT
2004.04.30 19:48 B D:\dwbcd\DWB\Data\QVZ\QVZS.IDX <-- germa64 /home/burch/Projekte/HinUndHer QVZS.IDX
2004.04.30 19:48 B D:\dwbcd\DWB\Data\QVZ\QVZT.CDAT <-- germa64 /home/burch/Projekte/HinUndHer QVZT.CDAT
2004.04.30 19:48 B D:\dwbcd\DWB\Data\QVZ\QVZT.IDX <-- germa64 /home/burch/Projekte/HinUndHer QVZT.IDX
2004.04.30 19:48 B D:\dwbcd\DWB\Data\QVZ\QVZU.CDAT <-- germa64 /home/burch/Projekte/HinUndHer QVZU.CDAT
2004.04.30 19:48 B D:\dwbcd\DWB\Data\QVZ\QVZU.IDX <-- germa64 /home/burch/Projekte/HinUndHer QVZU.IDX
2004.04.30 19:48 B D:\dwbcd\DWB\Data\QVZ\QVZV.CDAT <-- germa64 /home/burch/Projekte/HinUndHer QVZV.CDAT
2004.04.30 19:48 B D:\dwbcd\DWB\Data\QVZ\QVZV.IDX <-- germa64 /home/burch/Projekte/HinUndHer QVZV.IDX
2004.04.30 19:48 B D:\dwbcd\DWB\Data\QVZ\QVZW.CDAT <-- germa64 /home/burch/Projekte/HinUndHer QVZW.CDAT
2004.04.30 19:48 B D:\dwbcd\DWB\Data\QVZ\QVZW.IDX <-- germa64 /home/burch/Projekte/HinUndHer QVZW.IDX
2004.04.30 19:48 B D:\dwbcd\DWB\Data\QVZ\QVZX.CDAT <-- germa64 /home/burch/Projekte/HinUndHer QVZX.CDAT
2004.04.30 19:48 B D:\dwbcd\DWB\Data\QVZ\QVZX.IDX <-- germa64 /home/burch/Projekte/HinUndHer QVZX.IDX
2004.04.30 19:48 B D:\dwbcd\DWB\Data\QVZ\QVZY.CDAT <-- germa64 /home/burch/Projekte/HinUndHer QVZY.CDAT
2004.04.30 19:48 B D:\dwbcd\DWB\Data\QVZ\QVZY.IDX <-- germa64 /home/burch/Projekte/HinUndHer QVZY.IDX
2004.04.30 19:48 B D:\dwbcd\DWB\Data\QVZ\QVZZ.CDAT <-- germa64 /home/burch/Projekte/HinUndHer QVZZ.CDAT
2004.04.30 19:48 B D:\dwbcd\DWB\Data\QVZ\QVZZ.IDX <-- germa64 /home/burch/Projekte/HinUndHer QVZZ.IDX
2004.04.30 19:48 B D:\dwbcd\DWB\Data\QVZ\R.DAT <-- germa64 /home/burch/Projekte/HinUndHer R.DAT
2004.04.30 19:48 B D:\dwbcd\DWB\Data\QVZ\R.IDX <-- germa64 /home/burch/Projekte/HinUndHer R.IDX
2004.04.30 19:48 B D:\dwbcd\DWB\Data\QVZ\S.DAT <-- germa64 /home/burch/Projekte/HinUndHer S.DAT
2004.04.30 19:48 B D:\dwbcd\DWB\Data\QVZ\S.IDX <-- germa64 /home/burch/Projekte/HinUndHer S.IDX
2004.04.30 19:48 B D:\dwbcd\DWB\Data\QVZ\T.DAT <-- germa64 /home/burch/Projekte/HinUndHer T.DAT
2004.04.30 19:48 B D:\dwbcd\DWB\Data\QVZ\T.IDX <-- germa64 /home/burch/Projekte/HinUndHer T.IDX
2004.04.30 19:48 B D:\dwbcd\DWB\Data\QVZ\U.DAT <-- germa64 /home/burch/Projekte/HinUndHer U.DAT
2004.04.30 19:48 B D:\dwbcd\DWB\Data\QVZ\U.IDX <-- germa64 /home/burch/Projekte/HinUndHer U.IDX
2004.04.30 19:48 B D:\dwbcd\DWB\Data\QVZ\V.DAT <-- germa64 /home/burch/Projekte/HinUndHer V.DAT
2004.04.30 19:48 B D:\dwbcd\DWB\Data\QVZ\V.IDX <-- germa64 /home/burch/Projekte/HinUndHer V.IDX
2004.04.30 19:48 B D:\dwbcd\DWB\Data\QVZ\W.DAT <-- germa64 /home/burch/Projekte/HinUndHer W.DAT
2004.04.30 19:48 B D:\dwbcd\DWB\Data\QVZ\W.IDX <-- germa64 /home/burch/Projekte/HinUndHer W.IDX
2004.04.30 19:48 B D:\dwbcd\DWB\Data\QVZ\X.DAT <-- germa64 /home/burch/Projekte/HinUndHer X.DAT
2004.04.30 19:48 B D:\dwbcd\DWB\Data\QVZ\X.IDX <-- germa64 /home/burch/Projekte/HinUndHer X.IDX
2004.04.30 19:48 B D:\dwbcd\DWB\Data\QVZ\Y.DAT <-- germa64 /home/burch/Projekte/HinUndHer Y.DAT
2004.04.30 19:48 B D:\dwbcd\DWB\Data\QVZ\Y.IDX <-- germa64 /home/burch/Projekte/HinUndHer Y.IDX
2004.04.30 19:48 B D:\dwbcd\DWB\Data\QVZ\Z.DAT <-- germa64 /home/burch/Projekte/HinUndHer Z.DAT
2004.04.30 19:48 B D:\dwbcd\DWB\Data\QVZ\Z.IDX <-- germa64 /home/burch/Projekte/HinUndHer Z.IDX
2004.05.01 14:01 B D:\dwbcd\DWB\Data\QVZ\A.DAT <-- germa64 /home/burch/Projekte/HinUndHer A.DAT
2004.05.01 14:01 B D:\dwbcd\DWB\Data\QVZ\A.IDX <-- germa64 /home/burch/Projekte/HinUndHer A.IDX
2004.05.01 14:01 B D:\dwbcd\DWB\Data\QVZ\B.DAT <-- germa64 /home/burch/Projekte/HinUndHer B.DAT
2004.05.01 14:01 B D:\dwbcd\DWB\Data\QVZ\B.IDX <-- germa64 /home/burch/Projekte/HinUndHer B.IDX
2004.05.01 14:01 B D:\dwbcd\DWB\Data\QVZ\C.DAT <-- germa64 /home/burch/Projekte/HinUndHer C.DAT
2004.05.01 14:01 B D:\dwbcd\DWB\Data\QVZ\C.IDX <-- germa64 /home/burch/Projekte/HinUndHer C.IDX
2004.05.01 14:01 B D:\dwbcd\DWB\Data\QVZ\D.DAT <-- germa64 /home/burch/Projekte/HinUndHer D.DAT
2004.05.01 14:01 B D:\dwbcd\DWB\Data\QVZ\D.IDX <-- germa64 /home/burch/Projekte/HinUndHer D.IDX
2004.05.01 14:01 B D:\dwbcd\DWB\Data\QVZ\E.DAT <-- germa64 /home/burch/Projekte/HinUndHer E.DAT
2004.05.01 14:01 B D:\dwbcd\DWB\Data\QVZ\E.IDX <-- germa64 /home/burch/Projekte/HinUndHer E.IDX
2004.05.01 14:01 B D:\dwbcd\DWB\Data\QVZ\F.DAT <-- germa64 /home/burch/Projekte/HinUndHer F.DAT
2004.05.01 14:01 B D:\dwbcd\DWB\Data\QVZ\F.IDX <-- germa64 /home/burch/Projekte/HinUndHer F.IDX
2004.05.01 14:01 B D:\dwbcd\DWB\Data\QVZ\G.DAT <-- germa64 /home/burch/Projekte/HinUndHer G.DAT
2004.05.01 14:01 B D:\dwbcd\DWB\Data\QVZ\G.IDX <-- germa64 /home/burch/Projekte/HinUndHer G.IDX
2004.05.01 14:01 B D:\dwbcd\DWB\Data\QVZ\H.DAT <-- germa64 /home/burch/Projekte/HinUndHer H.DAT
2004.05.01 14:01 B D:\dwbcd\DWB\Data\QVZ\H.IDX <-- germa64 /home/burch/Projekte/HinUndHer H.IDX
2004.05.01 14:01 B D:\dwbcd\DWB\Data\QVZ\I.DAT <-- germa64 /home/burch/Projekte/HinUndHer I.DAT
2004.05.01 14:01 B D:\dwbcd\DWB\Data\QVZ\I.IDX <-- germa64 /home/burch/Projekte/HinUndHer I.IDX
2004.05.01 14:01 B D:\dwbcd\DWB\Data\QVZ\J.DAT <-- germa64 /home/burch/Projekte/HinUndHer J.DAT
2004.05.01 14:01 B D:\dwbcd\DWB\Data\QVZ\J.IDX <-- germa64 /home/burch/Projekte/HinUndHer J.IDX
2004.05.01 14:01 B D:\dwbcd\DWB\Data\QVZ\K.DAT <-- germa64 /home/burch/Projekte/HinUndHer K.DAT
2004.05.01 14:01 B D:\dwbcd\DWB\Data\QVZ\K.IDX <-- germa64 /home/burch/Projekte/HinUndHer K.IDX
2004.05.01 14:01 B D:\dwbcd\DWB\Data\QVZ\L.DAT <-- germa64 /home/burch/Projekte/HinUndHer L.DAT
2004.05.01 14:01 B D:\dwbcd\DWB\Data\QVZ\L.IDX <-- germa64 /home/burch/Projekte/HinUndHer L.IDX
2004.05.01 14:01 B D:\dwbcd\DWB\Data\QVZ\LEXICON.IDX <-- germa64 /home/burch/Projekte/HinUndHer LEXICON.IDX
2004.05.01 14:01 B D:\dwbcd\DWB\Data\QVZ\M.DAT <-- germa64 /home/burch/Projekte/HinUndHer M.DAT
2004.05.01 14:01 B D:\dwbcd\DWB\Data\QVZ\M.IDX <-- germa64 /home/burch/Projekte/HinUndHer M.IDX
2004.05.01 14:01 B D:\dwbcd\DWB\Data\QVZ\N.DAT <-- germa64 /home/burch/Projekte/HinUndHer N.DAT
2004.05.01 14:01 B D:\dwbcd\DWB\Data\QVZ\N.IDX <-- germa64 /home/burch/Projekte/HinUndHer N.IDX
2004.05.01 14:01 B D:\dwbcd\DWB\Data\QVZ\O.DAT <-- germa64 /home/burch/Projekte/HinUndHer O.DAT
2004.05.01 14:01 B D:\dwbcd\DWB\Data\QVZ\O.IDX <-- germa64 /home/burch/Projekte/HinUndHer O.IDX
2004.05.01 14:01 B D:\dwbcd\DWB\Data\QVZ\P.DAT <-- germa64 /home/burch/Projekte/HinUndHer P.DAT
2004.05.01 14:01 B D:\dwbcd\DWB\Data\QVZ\P.IDX <-- germa64 /home/burch/Projekte/HinUndHer P.IDX
2004.05.01 14:01 B D:\dwbcd\DWB\Data\QVZ\Q.DAT <-- germa64 /home/burch/Projekte/HinUndHer Q.DAT
2004.05.01 14:01 B D:\dwbcd\DWB\Data\QVZ\Q.IDX <-- germa64 /home/burch/Projekte/HinUndHer Q.IDX
2004.05.01 14:01 B D:\dwbcd\DWB\Data\QVZ\QVZ.DAT <-- germa64 /home/burch/Projekte/HinUndHer QVZ.DAT
2004.05.01 14:01 B D:\dwbcd\DWB\Data\QVZ\QVZA.CDAT <-- germa64 /home/burch/Projekte/HinUndHer QVZA.CDAT
2004.05.01 14:01 B D:\dwbcd\DWB\Data\QVZ\QVZA.DAT <-- germa64 /home/burch/Projekte/HinUndHer QVZA.DAT
2004.05.01 14:01 B D:\dwbcd\DWB\Data\QVZ\QVZA.IDX <-- germa64 /home/burch/Projekte/HinUndHer QVZA.IDX
2004.05.01 14:01 B D:\dwbcd\DWB\Data\QVZ\QVZB.CDAT <-- germa64 /home/burch/Projekte/HinUndHer QVZB.CDAT
2004.05.01 14:01 B D:\dwbcd\DWB\Data\QVZ\QVZB.DAT <-- germa64 /home/burch/Projekte/HinUndHer QVZB.DAT
2004.05.01 14:01 B D:\dwbcd\DWB\Data\QVZ\QVZB.IDX <-- germa64 /home/burch/Projekte/HinUndHer QVZB.IDX
2004.05.01 14:01 B D:\dwbcd\DWB\Data\QVZ\QVZC.CDAT <-- germa64 /home/burch/Projekte/HinUndHer QVZC.CDAT
2004.05.01 14:01 B D:\dwbcd\DWB\Data\QVZ\QVZC.DAT <-- germa64 /home/burch/Projekte/HinUndHer QVZC.DAT
2004.05.01 14:01 B D:\dwbcd\DWB\Data\QVZ\QVZC.IDX <-- germa64 /home/burch/Projekte/HinUndHer QVZC.IDX
2004.05.01 14:01 B D:\dwbcd\DWB\Data\QVZ\QVZD.CDAT <-- germa64 /home/burch/Projekte/HinUndHer QVZD.CDAT
2004.05.01 14:01 B D:\dwbcd\DWB\Data\QVZ\QVZD.DAT <-- germa64 /home/burch/Projekte/HinUndHer QVZD.DAT
2004.05.01 14:01 B D:\dwbcd\DWB\Data\QVZ\QVZD.IDX <-- germa64 /home/burch/Projekte/HinUndHer QVZD.IDX
2004.05.01 14:01 B D:\dwbcd\DWB\Data\QVZ\QVZE.CDAT <-- germa64 /home/burch/Projekte/HinUndHer QVZE.CDAT
2004.05.01 14:01 B D:\dwbcd\DWB\Data\QVZ\QVZE.DAT <-- germa64 /home/burch/Projekte/HinUndHer QVZE.DAT
2004.05.01 14:01 B D:\dwbcd\DWB\Data\QVZ\QVZE.IDX <-- germa64 /home/burch/Projekte/HinUndHer QVZE.IDX
2004.05.01 14:01 B D:\dwbcd\DWB\Data\QVZ\QVZF.CDAT <-- germa64 /home/burch/Projekte/HinUndHer QVZF.CDAT
2004.05.01 14:01 B D:\dwbcd\DWB\Data\QVZ\QVZF.DAT <-- germa64 /home/burch/Projekte/HinUndHer QVZF.DAT
2004.05.01 14:01 B D:\dwbcd\DWB\Data\QVZ\QVZF.IDX <-- germa64 /home/burch/Projekte/HinUndHer QVZF.IDX
2004.05.01 14:01 B D:\dwbcd\DWB\Data\QVZ\QVZG.CDAT <-- germa64 /home/burch/Projekte/HinUndHer QVZG.CDAT
2004.05.01 14:01 B D:\dwbcd\DWB\Data\QVZ\QVZG.DAT <-- germa64 /home/burch/Projekte/HinUndHer QVZG.DAT
2004.05.01 14:01 B D:\dwbcd\DWB\Data\QVZ\QVZG.IDX <-- germa64 /home/burch/Projekte/HinUndHer QVZG.IDX
2004.05.01 14:01 B D:\dwbcd\DWB\Data\QVZ\QVZH.CDAT <-- germa64 /home/burch/Projekte/HinUndHer QVZH.CDAT
2004.05.01 14:01 B D:\dwbcd\DWB\Data\QVZ\QVZH.DAT <-- germa64 /home/burch/Projekte/HinUndHer QVZH.DAT
2004.05.01 14:01 B D:\dwbcd\DWB\Data\QVZ\QVZH.IDX <-- germa64 /home/burch/Projekte/HinUndHer QVZH.IDX
2004.05.01 14:01 B D:\dwbcd\DWB\Data\QVZ\QVZI.CDAT <-- germa64 /home/burch/Projekte/HinUndHer QVZI.CDAT
2004.05.01 14:01 B D:\dwbcd\DWB\Data\QVZ\QVZI.DAT <-- germa64 /home/burch/Projekte/HinUndHer QVZI.DAT
2004.05.01 14:01 B D:\dwbcd\DWB\Data\QVZ\QVZI.IDX <-- germa64 /home/burch/Projekte/HinUndHer QVZI.IDX
2004.05.01 14:01 B D:\dwbcd\DWB\Data\QVZ\QVZJ.CDAT <-- germa64 /home/burch/Projekte/HinUndHer QVZJ.CDAT
2004.05.01 14:01 B D:\dwbcd\DWB\Data\QVZ\QVZJ.DAT <-- germa64 /home/burch/Projekte/HinUndHer QVZJ.DAT
2004.05.01 14:01 B D:\dwbcd\DWB\Data\QVZ\QVZJ.IDX <-- germa64 /home/burch/Projekte/HinUndHer QVZJ.IDX
2004.05.01 14:01 B D:\dwbcd\DWB\Data\QVZ\QVZK.CDAT <-- germa64 /home/burch/Projekte/HinUndHer QVZK.CDAT
2004.05.01 14:01 B D:\dwbcd\DWB\Data\QVZ\QVZK.DAT <-- germa64 /home/burch/Projekte/HinUndHer QVZK.DAT
2004.05.01 14:01 B D:\dwbcd\DWB\Data\QVZ\QVZK.IDX <-- germa64 /home/burch/Projekte/HinUndHer QVZK.IDX
2004.05.01 14:01 B D:\dwbcd\DWB\Data\QVZ\QVZL.CDAT <-- germa64 /home/burch/Projekte/HinUndHer QVZL.CDAT
2004.05.01 14:01 B D:\dwbcd\DWB\Data\QVZ\QVZL.DAT <-- germa64 /home/burch/Projekte/HinUndHer QVZL.DAT
2004.05.01 14:01 B D:\dwbcd\DWB\Data\QVZ\QVZL.IDX <-- germa64 /home/burch/Projekte/HinUndHer QVZL.IDX
2004.05.01 14:01 B D:\dwbcd\DWB\Data\QVZ\QVZM.CDAT <-- germa64 /home/burch/Projekte/HinUndHer QVZM.CDAT
2004.05.01 14:01 B D:\dwbcd\DWB\Data\QVZ\QVZM.DAT <-- germa64 /home/burch/Projekte/HinUndHer QVZM.DAT
2004.05.01 14:01 B D:\dwbcd\DWB\Data\QVZ\QVZM.IDX <-- germa64 /home/burch/Projekte/HinUndHer QVZM.IDX
2004.05.01 14:01 B D:\dwbcd\DWB\Data\QVZ\QVZN.CDAT <-- germa64 /home/burch/Projekte/HinUndHer QVZN.CDAT
2004.05.01 14:01 B D:\dwbcd\DWB\Data\QVZ\QVZN.DAT <-- germa64 /home/burch/Projekte/HinUndHer QVZN.DAT
2004.05.01 14:01 B D:\dwbcd\DWB\Data\QVZ\QVZN.IDX <-- germa64 /home/burch/Projekte/HinUndHer QVZN.IDX
2004.05.01 14:01 B D:\dwbcd\DWB\Data\QVZ\QVZO.CDAT <-- germa64 /home/burch/Projekte/HinUndHer QVZO.CDAT
2004.05.01 14:01 B D:\dwbcd\DWB\Data\QVZ\QVZO.DAT <-- germa64 /home/burch/Projekte/HinUndHer QVZO.DAT
2004.05.01 14:01 B D:\dwbcd\DWB\Data\QVZ\QVZO.IDX <-- germa64 /home/burch/Projekte/HinUndHer QVZO.IDX
2004.05.01 14:01 B D:\dwbcd\DWB\Data\QVZ\QVZP.CDAT <-- germa64 /home/burch/Projekte/HinUndHer QVZP.CDAT
2004.05.01 14:01 B D:\dwbcd\DWB\Data\QVZ\QVZP.DAT <-- germa64 /home/burch/Projekte/HinUndHer QVZP.DAT
2004.05.01 14:01 B D:\dwbcd\DWB\Data\QVZ\QVZP.IDX <-- germa64 /home/burch/Projekte/HinUndHer QVZP.IDX
2004.05.01 14:01 B D:\dwbcd\DWB\Data\QVZ\QVZQ.CDAT <-- germa64 /home/burch/Projekte/HinUndHer QVZQ.CDAT
2004.05.01 14:01 B D:\dwbcd\DWB\Data\QVZ\QVZQ.DAT <-- germa64 /home/burch/Projekte/HinUndHer QVZQ.DAT
2004.05.01 14:01 B D:\dwbcd\DWB\Data\QVZ\QVZQ.IDX <-- germa64 /home/burch/Projekte/HinUndHer QVZQ.IDX
2004.05.01 14:01 B D:\dwbcd\DWB\Data\QVZ\QVZR.CDAT <-- germa64 /home/burch/Projekte/HinUndHer QVZR.CDAT
2004.05.01 14:01 B D:\dwbcd\DWB\Data\QVZ\QVZR.DAT <-- germa64 /home/burch/Projekte/HinUndHer QVZR.DAT
2004.05.01 14:01 B D:\dwbcd\DWB\Data\QVZ\QVZR.IDX <-- germa64 /home/burch/Projekte/HinUndHer QVZR.IDX
2004.05.01 14:01 B D:\dwbcd\DWB\Data\QVZ\QVZS.CDAT <-- germa64 /home/burch/Projekte/HinUndHer QVZS.CDAT
2004.05.01 14:01 B D:\dwbcd\DWB\Data\QVZ\QVZS.DAT <-- germa64 /home/burch/Projekte/HinUndHer QVZS.DAT
2004.05.01 14:01 B D:\dwbcd\DWB\Data\QVZ\QVZS.IDX <-- germa64 /home/burch/Projekte/HinUndHer QVZS.IDX
2004.05.01 14:01 B D:\dwbcd\DWB\Data\QVZ\QVZT.CDAT <-- germa64 /home/burch/Projekte/HinUndHer QVZT.CDAT
2004.05.01 14:01 B D:\dwbcd\DWB\Data\QVZ\QVZT.DAT <-- germa64 /home/burch/Projekte/HinUndHer QVZT.DAT
2004.05.01 14:01 B D:\dwbcd\DWB\Data\QVZ\QVZT.IDX <-- germa64 /home/burch/Projekte/HinUndHer QVZT.IDX
2004.05.01 14:01 B D:\dwbcd\DWB\Data\QVZ\QVZU.CDAT <-- germa64 /home/burch/Projekte/HinUndHer QVZU.CDAT
2004.05.01 14:01 B D:\dwbcd\DWB\Data\QVZ\QVZU.DAT <-- germa64 /home/burch/Projekte/HinUndHer QVZU.DAT
2004.05.01 14:01 B D:\dwbcd\DWB\Data\QVZ\QVZU.IDX <-- germa64 /home/burch/Projekte/HinUndHer QVZU.IDX
2004.05.01 14:01 B D:\dwbcd\DWB\Data\QVZ\QVZV.CDAT <-- germa64 /home/burch/Projekte/HinUndHer QVZV.CDAT
2004.05.01 14:01 B D:\dwbcd\DWB\Data\QVZ\QVZV.DAT <-- germa64 /home/burch/Projekte/HinUndHer QVZV.DAT
2004.05.01 14:01 B D:\dwbcd\DWB\Data\QVZ\QVZV.IDX <-- germa64 /home/burch/Projekte/HinUndHer QVZV.IDX
2004.05.01 14:01 B D:\dwbcd\DWB\Data\QVZ\QVZW.CDAT <-- germa64 /home/burch/Projekte/HinUndHer QVZW.CDAT
2004.05.01 14:01 B D:\dwbcd\DWB\Data\QVZ\QVZW.DAT <-- germa64 /home/burch/Projekte/HinUndHer QVZW.DAT
2004.05.01 14:01 B D:\dwbcd\DWB\Data\QVZ\QVZW.IDX <-- germa64 /home/burch/Projekte/HinUndHer QVZW.IDX
2004.05.01 14:01 B D:\dwbcd\DWB\Data\QVZ\QVZX.CDAT <-- germa64 /home/burch/Projekte/HinUndHer QVZX.CDAT
2004.05.01 14:01 B D:\dwbcd\DWB\Data\QVZ\QVZX.DAT <-- germa64 /home/burch/Projekte/HinUndHer QVZX.DAT
2004.05.01 14:01 B D:\dwbcd\DWB\Data\QVZ\QVZX.IDX <-- germa64 /home/burch/Projekte/HinUndHer QVZX.IDX
2004.05.01 14:01 B D:\dwbcd\DWB\Data\QVZ\QVZY.CDAT <-- germa64 /home/burch/Projekte/HinUndHer QVZY.CDAT
2004.05.01 14:01 B D:\dwbcd\DWB\Data\QVZ\QVZY.DAT <-- germa64 /home/burch/Projekte/HinUndHer QVZY.DAT
2004.05.01 14:01 B D:\dwbcd\DWB\Data\QVZ\QVZY.IDX <-- germa64 /home/burch/Projekte/HinUndHer QVZY.IDX
2004.05.01 14:01 B D:\dwbcd\DWB\Data\QVZ\QVZZ.CDAT <-- germa64 /home/burch/Projekte/HinUndHer QVZZ.CDAT
2004.05.01 14:01 B D:\dwbcd\DWB\Data\QVZ\QVZZ.DAT <-- germa64 /home/burch/Projekte/HinUndHer QVZZ.DAT
2004.05.01 14:01 B D:\dwbcd\DWB\Data\QVZ\QVZZ.IDX <-- germa64 /home/burch/Projekte/HinUndHer QVZZ.IDX
2004.05.01 14:01 B D:\dwbcd\DWB\Data\QVZ\R.DAT <-- germa64 /home/burch/Projekte/HinUndHer R.DAT
2004.05.01 14:01 B D:\dwbcd\DWB\Data\QVZ\R.IDX <-- germa64 /home/burch/Projekte/HinUndHer R.IDX
2004.05.01 14:01 B D:\dwbcd\DWB\Data\QVZ\S.DAT <-- germa64 /home/burch/Projekte/HinUndHer S.DAT
2004.05.01 14:01 B D:\dwbcd\DWB\Data\QVZ\S.IDX <-- germa64 /home/burch/Projekte/HinUndHer S.IDX
2004.05.01 14:01 B D:\dwbcd\DWB\Data\QVZ\T.DAT <-- germa64 /home/burch/Projekte/HinUndHer T.DAT
2004.05.01 14:01 B D:\dwbcd\DWB\Data\QVZ\T.IDX <-- germa64 /home/burch/Projekte/HinUndHer T.IDX
2004.05.01 14:01 B D:\dwbcd\DWB\Data\QVZ\U.DAT <-- germa64 /home/burch/Projekte/HinUndHer U.DAT
2004.05.01 14:01 B D:\dwbcd\DWB\Data\QVZ\U.IDX <-- germa64 /home/burch/Projekte/HinUndHer U.IDX
2004.05.01 14:01 B D:\dwbcd\DWB\Data\QVZ\V.DAT <-- germa64 /home/burch/Projekte/HinUndHer V.DAT
2004.05.01 14:01 B D:\dwbcd\DWB\Data\QVZ\V.IDX <-- germa64 /home/burch/Projekte/HinUndHer V.IDX
2004.05.01 14:01 B D:\dwbcd\DWB\Data\QVZ\W.DAT <-- germa64 /home/burch/Projekte/HinUndHer W.DAT
2004.05.01 14:01 B D:\dwbcd\DWB\Data\QVZ\W.IDX <-- germa64 /home/burch/Projekte/HinUndHer W.IDX
2004.05.01 14:01 B D:\dwbcd\DWB\Data\QVZ\X.DAT <-- germa64 /home/burch/Projekte/HinUndHer X.DAT
2004.05.01 14:01 B D:\dwbcd\DWB\Data\QVZ\X.IDX <-- germa64 /home/burch/Projekte/HinUndHer X.IDX
2004.05.01 14:01 B D:\dwbcd\DWB\Data\QVZ\Y.DAT <-- germa64 /home/burch/Projekte/HinUndHer Y.DAT
2004.05.01 14:01 B D:\dwbcd\DWB\Data\QVZ\Y.IDX <-- germa64 /home/burch/Projekte/HinUndHer Y.IDX
2004.05.01 14:01 B D:\dwbcd\DWB\Data\QVZ\Z.DAT <-- germa64 /home/burch/Projekte/HinUndHer Z.DAT
2004.05.01 14:01 B D:\dwbcd\DWB\Data\QVZ\Z.IDX <-- germa64 /home/burch/Projekte/HinUndHer Z.IDX
