2002.08.26 17:20 B D:\dwbcd\DWB\lib\tcl8.3\msgcat1.0\msgcat.tcl --> germa64 /home/burch/Projekte/Grimm/version1/lib/tcl8.3/msgcat1.0 msgcat.tcl
2002.08.26 17:20 B D:\dwbcd\DWB\lib\tcl8.3\msgcat1.0\pkgIndex.tcl --> germa64 /home/burch/Projekte/Grimm/version1/lib/tcl8.3/msgcat1.0 pkgIndex.tcl
2002.09.10 10:26 B D:\dwbcd\DWB\lib\tcl8.3\msgcat1.0\msgcat.tcl --> germa64 /home/burch/binlib/lib/tcl8.3/msgcat1.0 msgcat.tcl
2002.09.10 10:26 B D:\dwbcd\DWB\lib\tcl8.3\msgcat1.0\pkgIndex.tcl --> germa64 /home/burch/binlib/lib/tcl8.3/msgcat1.0 pkgIndex.tcl
2002.09.10 10:26 B D:\dwbcd\DWB\lib\tcl8.3\msgcat1.0\WS_FTP.LOG --> germa64 /home/burch/binlib/lib/tcl8.3/msgcat1.0 WS_FTP.LOG
2002.10.09 18:05 B D:\dwbcd\DWB\lib\tcl8.3\msgcat1.0\msgcat.tcl --> germa64 /home/burch/Projekte/Grimm/CDROMbeta/lib/tcl8.3/msgcat1.0 msgcat.tcl
2002.10.09 18:05 B D:\dwbcd\DWB\lib\tcl8.3\msgcat1.0\pkgIndex.tcl --> germa64 /home/burch/Projekte/Grimm/CDROMbeta/lib/tcl8.3/msgcat1.0 pkgIndex.tcl
2002.10.09 18:05 B D:\dwbcd\DWB\lib\tcl8.3\msgcat1.0\WS_FTP.LOG --> germa64 /home/burch/Projekte/Grimm/CDROMbeta/lib/tcl8.3/msgcat1.0 WS_FTP.LOG
2002.11.01 18:01 B D:\dwbcd\DWB\lib\tcl8.3\msgcat1.0\msgcat.tcl --> germa64 /home/burch/Projekte/Grimm/CDROM/lib/tcl8.3/msgcat1.0 msgcat.tcl
2002.11.01 18:01 B D:\dwbcd\DWB\lib\tcl8.3\msgcat1.0\pkgIndex.tcl --> germa64 /home/burch/Projekte/Grimm/CDROM/lib/tcl8.3/msgcat1.0 pkgIndex.tcl
2002.11.01 18:01 B D:\dwbcd\DWB\lib\tcl8.3\msgcat1.0\WS_FTP.LOG --> germa64 /home/burch/Projekte/Grimm/CDROM/lib/tcl8.3/msgcat1.0 WS_FTP.LOG
2002.11.19 17:10 B D:\dwbcd\DWB\lib\tcl8.3\msgcat1.0\msgcat.tcl --> germa93 /home/burch/DWB/lib/tcl8.3/msgcat1.0 msgcat.tcl
2002.11.19 17:10 B D:\dwbcd\DWB\lib\tcl8.3\msgcat1.0\pkgIndex.tcl --> germa93 /home/burch/DWB/lib/tcl8.3/msgcat1.0 pkgIndex.tcl
2002.11.19 17:10 B D:\dwbcd\DWB\lib\tcl8.3\msgcat1.0\WS_FTP.LOG --> germa93 /home/burch/DWB/lib/tcl8.3/msgcat1.0 WS_FTP.LOG
2002.12.13 19:01 B D:\dwbcd\DWB\lib\tcl8.3\msgcat1.0\msgcat.tcl --> germa64 /home/burch/Projekte/Grimm/BetaCDROM/lib/tcl8.3/msgcat1.0 msgcat.tcl
2002.12.13 19:01 B D:\dwbcd\DWB\lib\tcl8.3\msgcat1.0\pkgIndex.tcl --> germa64 /home/burch/Projekte/Grimm/BetaCDROM/lib/tcl8.3/msgcat1.0 pkgIndex.tcl
2002.12.13 19:01 B D:\dwbcd\DWB\lib\tcl8.3\msgcat1.0\WS_FTP.LOG --> germa64 /home/burch/Projekte/Grimm/BetaCDROM/lib/tcl8.3/msgcat1.0 WS_FTP.LOG
2002.12.30 17:42 B D:\dwbcd\DWB\lib\tcl8.3\msgcat1.0\msgcat.tcl --> germa64 /home/burch/germa63/dwbcd/DWB/lib/tcl8.3/msgcat1.0 msgcat.tcl
2002.12.30 17:42 B D:\dwbcd\DWB\lib\tcl8.3\msgcat1.0\pkgIndex.tcl --> germa64 /home/burch/germa63/dwbcd/DWB/lib/tcl8.3/msgcat1.0 pkgIndex.tcl
2002.12.30 17:42 B D:\dwbcd\DWB\lib\tcl8.3\msgcat1.0\WS_FTP.LOG --> germa64 /home/burch/germa63/dwbcd/DWB/lib/tcl8.3/msgcat1.0 WS_FTP.LOG
2003.09.09 13:54 B D:\dwbcd\DWB\lib\tcl8.3\msgcat1.0\msgcat.tcl --> germa93 /home/burch/DWB/windows/lib/tcl8.3/msgcat1.0 msgcat.tcl
2003.09.09 13:54 B D:\dwbcd\DWB\lib\tcl8.3\msgcat1.0\pkgIndex.tcl --> germa93 /home/burch/DWB/windows/lib/tcl8.3/msgcat1.0 pkgIndex.tcl
2003.09.09 13:54 B D:\dwbcd\DWB\lib\tcl8.3\msgcat1.0\WS_FTP.LOG --> germa93 /home/burch/DWB/windows/lib/tcl8.3/msgcat1.0 WS_FTP.LOG
2003.11.20 14:36 B D:\dwbcd\DWB\lib\tcl8.3\msgcat1.0\msgcat.tcl --> germa64 /home/burch/Projekte/Grimm/CDROM/windows/lib/tcl8.3/msgcat1.0 msgcat.tcl
2003.11.20 14:36 B D:\dwbcd\DWB\lib\tcl8.3\msgcat1.0\pkgIndex.tcl --> germa64 /home/burch/Projekte/Grimm/CDROM/windows/lib/tcl8.3/msgcat1.0 pkgIndex.tcl
2003.11.20 14:36 B D:\dwbcd\DWB\lib\tcl8.3\msgcat1.0\WS_FTP.LOG --> germa64 /home/burch/Projekte/Grimm/CDROM/windows/lib/tcl8.3/msgcat1.0 WS_FTP.LOG
2004.01.14 13:48 B D:\dwbcd\DWB\lib\tcl8.3\msgcat1.0\msgcat.tcl --> germa64 /home/burch/Backups/germa63/dwbcd/DWB/lib/tcl8.3/msgcat1.0 msgcat.tcl
2004.01.14 13:48 B D:\dwbcd\DWB\lib\tcl8.3\msgcat1.0\pkgIndex.tcl --> germa64 /home/burch/Backups/germa63/dwbcd/DWB/lib/tcl8.3/msgcat1.0 pkgIndex.tcl
2004.01.14 19:24 B D:\dwbcd\DWB\lib\tcl8.3\msgcat1.0\WS_FTP.LOG <-- germa64 /home/burch/Backups/germa63/dwbcd/DWB/lib/tcl8.3/msgcat1.0 WS_FTP.LOG
2004.04.01 11:46 B D:\dwbcd\DWB\lib\tcl8.3\msgcat1.0\msgcat.tcl --> germa64 /home/burch/Projekte/HinUndHer/dwb/lib/tcl8.3/msgcat1.0 msgcat.tcl
2004.04.01 11:46 B D:\dwbcd\DWB\lib\tcl8.3\msgcat1.0\pkgIndex.tcl --> germa64 /home/burch/Projekte/HinUndHer/dwb/lib/tcl8.3/msgcat1.0 pkgIndex.tcl
2004.04.01 11:46 B D:\dwbcd\DWB\lib\tcl8.3\msgcat1.0\WS_FTP.LOG --> germa64 /home/burch/Projekte/HinUndHer/dwb/lib/tcl8.3/msgcat1.0 WS_FTP.LOG
2004.04.27 14:38 B D:\dwbcd\DWB\lib\tcl8.3\msgcat1.0\msgcat.tcl --> germa64 /home/burch/Projekte/HinUndHer/lib/tcl8.3/msgcat1.0 msgcat.tcl
2004.04.27 14:38 B D:\dwbcd\DWB\lib\tcl8.3\msgcat1.0\pkgIndex.tcl --> germa64 /home/burch/Projekte/HinUndHer/lib/tcl8.3/msgcat1.0 pkgIndex.tcl
2004.04.27 14:38 B D:\dwbcd\DWB\lib\tcl8.3\msgcat1.0\WS_FTP.LOG --> germa64 /home/burch/Projekte/HinUndHer/lib/tcl8.3/msgcat1.0 WS_FTP.LOG
