2002.12.13 19:00 B D:\dwbcd\DWB\bin\msvcrt.dll --> germa64 /home/burch/Projekte/Grimm/BetaCDROM/bin msvcrt.dll
2002.12.13 19:00 B D:\dwbcd\DWB\bin\tbcload13.dll --> germa64 /home/burch/Projekte/Grimm/BetaCDROM/bin tbcload13.dll
2002.12.13 19:00 B D:\dwbcd\DWB\bin\tcl83.dll --> germa64 /home/burch/Projekte/Grimm/BetaCDROM/bin tcl83.dll
2002.12.13 19:00 B D:\dwbcd\DWB\bin\tclpip83.dll --> germa64 /home/burch/Projekte/Grimm/BetaCDROM/bin tclpip83.dll
2002.12.13 19:00 B D:\dwbcd\DWB\bin\tclsh83.exe --> germa64 /home/burch/Projekte/Grimm/BetaCDROM/bin tclsh83.exe
2002.12.13 19:00 B D:\dwbcd\DWB\bin\tix82.dll --> germa64 /home/burch/Projekte/Grimm/BetaCDROM/bin tix82.dll
2002.12.13 19:00 B D:\dwbcd\DWB\bin\tixwish82.exe --> germa64 /home/burch/Projekte/Grimm/BetaCDROM/bin tixwish82.exe
2002.12.13 19:00 B D:\dwbcd\DWB\bin\tixwishc82.exe --> germa64 /home/burch/Projekte/Grimm/BetaCDROM/bin tixwishc82.exe
2002.12.13 19:00 B D:\dwbcd\DWB\bin\tk83.dll --> germa64 /home/burch/Projekte/Grimm/BetaCDROM/bin tk83.dll
2002.12.13 19:00 B D:\dwbcd\DWB\bin\wish83.exe --> germa64 /home/burch/Projekte/Grimm/BetaCDROM/bin wish83.exe
2002.12.13 19:00 B D:\dwbcd\DWB\bin\zlib.dll --> germa64 /home/burch/Projekte/Grimm/BetaCDROM/bin zlib.dll
2002.12.30 17:22 B D:\dwbcd\DWB\bin\msvcrt.dll --> germa64 /home/burch/germa63/dwbcd/DWB/bin msvcrt.dll
2002.12.30 17:22 B D:\dwbcd\DWB\bin\tbcload13.dll --> germa64 /home/burch/germa63/dwbcd/DWB/bin tbcload13.dll
2002.12.30 17:22 B D:\dwbcd\DWB\bin\tcl83.dll --> germa64 /home/burch/germa63/dwbcd/DWB/bin tcl83.dll
2002.12.30 17:22 B D:\dwbcd\DWB\bin\tclpip83.dll --> germa64 /home/burch/germa63/dwbcd/DWB/bin tclpip83.dll
2002.12.30 17:22 B D:\dwbcd\DWB\bin\tclsh83.exe --> germa64 /home/burch/germa63/dwbcd/DWB/bin tclsh83.exe
2002.12.30 17:22 B D:\dwbcd\DWB\bin\tix82.dll --> germa64 /home/burch/germa63/dwbcd/DWB/bin tix82.dll
2002.12.30 17:22 B D:\dwbcd\DWB\bin\tixwish82.exe --> germa64 /home/burch/germa63/dwbcd/DWB/bin tixwish82.exe
2002.12.30 17:22 B D:\dwbcd\DWB\bin\tixwishc82.exe --> germa64 /home/burch/germa63/dwbcd/DWB/bin tixwishc82.exe
2002.12.30 17:22 B D:\dwbcd\DWB\bin\tk83.dll --> germa64 /home/burch/germa63/dwbcd/DWB/bin tk83.dll
2002.12.30 17:22 B D:\dwbcd\DWB\bin\wish83.exe --> germa64 /home/burch/germa63/dwbcd/DWB/bin wish83.exe
2002.12.30 17:22 B D:\dwbcd\DWB\bin\WS_FTP.LOG --> germa64 /home/burch/germa63/dwbcd/DWB/bin WS_FTP.LOG
2002.12.30 17:22 B D:\dwbcd\DWB\bin\zlib.dll --> germa64 /home/burch/germa63/dwbcd/DWB/bin zlib.dll
2003.09.09 13:37 B D:\dwbcd\DWB\bin\msvcrt.dll --> germa93 /home/burch/DWB/windows/bin msvcrt.dll
2003.09.09 13:37 B D:\dwbcd\DWB\bin\tbcload13.dll --> germa93 /home/burch/DWB/windows/bin tbcload13.dll
2003.09.09 13:37 B D:\dwbcd\DWB\bin\tcl83.dll --> germa93 /home/burch/DWB/windows/bin tcl83.dll
2003.09.09 13:37 B D:\dwbcd\DWB\bin\tclpip83.dll --> germa93 /home/burch/DWB/windows/bin tclpip83.dll
2003.09.09 13:37 B D:\dwbcd\DWB\bin\tclsh83.exe --> germa93 /home/burch/DWB/windows/bin tclsh83.exe
2003.09.09 13:37 B D:\dwbcd\DWB\bin\tix82.dll --> germa93 /home/burch/DWB/windows/bin tix82.dll
2003.09.09 13:37 B D:\dwbcd\DWB\bin\tixwish82.exe --> germa93 /home/burch/DWB/windows/bin tixwish82.exe
2003.09.09 13:37 B D:\dwbcd\DWB\bin\tixwishc82.exe --> germa93 /home/burch/DWB/windows/bin tixwishc82.exe
2003.09.09 13:37 B D:\dwbcd\DWB\bin\tk83.dll --> germa93 /home/burch/DWB/windows/bin tk83.dll
2003.09.09 13:37 B D:\dwbcd\DWB\bin\wish83.exe --> germa93 /home/burch/DWB/windows/bin wish83.exe
2003.09.09 13:37 B D:\dwbcd\DWB\bin\WS_FTP.LOG --> germa93 /home/burch/DWB/windows/bin WS_FTP.LOG
2003.09.09 13:37 B D:\dwbcd\DWB\bin\zlib.dll --> germa93 /home/burch/DWB/windows/bin zlib.dll
2003.11.20 14:04 B D:\dwbcd\DWB\bin\tbcload13.dll --> germa64 /home/burch/Projekte/Grimm/CDROM/windows/bin tbcload13.dll
2003.11.20 14:04 B D:\dwbcd\DWB\bin\tcl83.dll --> germa64 /home/burch/Projekte/Grimm/CDROM/windows/bin tcl83.dll
2003.11.20 14:04 B D:\dwbcd\DWB\bin\tclpip83.dll --> germa64 /home/burch/Projekte/Grimm/CDROM/windows/bin tclpip83.dll
2003.11.20 14:04 B D:\dwbcd\DWB\bin\tclsh83.exe --> germa64 /home/burch/Projekte/Grimm/CDROM/windows/bin tclsh83.exe
2003.11.20 14:04 B D:\dwbcd\DWB\bin\tix82.dll --> germa64 /home/burch/Projekte/Grimm/CDROM/windows/bin tix82.dll
2003.11.20 14:04 B D:\dwbcd\DWB\bin\tixwish82.exe --> germa64 /home/burch/Projekte/Grimm/CDROM/windows/bin tixwish82.exe
2003.11.20 14:04 B D:\dwbcd\DWB\bin\tixwishc82.exe --> germa64 /home/burch/Projekte/Grimm/CDROM/windows/bin tixwishc82.exe
2003.11.20 14:04 B D:\dwbcd\DWB\bin\tk83.dll --> germa64 /home/burch/Projekte/Grimm/CDROM/windows/bin tk83.dll
2003.11.20 14:04 B D:\dwbcd\DWB\bin\wish83.exe --> germa64 /home/burch/Projekte/Grimm/CDROM/windows/bin wish83.exe
2003.11.20 14:04 B D:\dwbcd\DWB\bin\WS_FTP.LOG --> germa64 /home/burch/Projekte/Grimm/CDROM/windows/bin WS_FTP.LOG
2003.11.20 14:04 B D:\dwbcd\DWB\bin\zlib.dll --> germa64 /home/burch/Projekte/Grimm/CDROM/windows/bin zlib.dll
2004.01.14 13:11 B D:\dwbcd\DWB\bin\msvcrt.dll --> germa64 /home/burch/Backups/germa63/dwbcd/DWB/bin msvcrt.dll
2004.01.14 13:11 B D:\dwbcd\DWB\bin\tbcload13.dll --> germa64 /home/burch/Backups/germa63/dwbcd/DWB/bin tbcload13.dll
2004.01.14 13:11 B D:\dwbcd\DWB\bin\tcl83.dll --> germa64 /home/burch/Backups/germa63/dwbcd/DWB/bin tcl83.dll
2004.01.14 13:11 B D:\dwbcd\DWB\bin\tclpip83.dll --> germa64 /home/burch/Backups/germa63/dwbcd/DWB/bin tclpip83.dll
2004.01.14 13:11 B D:\dwbcd\DWB\bin\tclsh83.exe --> germa64 /home/burch/Backups/germa63/dwbcd/DWB/bin tclsh83.exe
2004.01.14 13:11 B D:\dwbcd\DWB\bin\tix82.dll --> germa64 /home/burch/Backups/germa63/dwbcd/DWB/bin tix82.dll
2004.01.14 13:11 B D:\dwbcd\DWB\bin\tixwish82.exe --> germa64 /home/burch/Backups/germa63/dwbcd/DWB/bin tixwish82.exe
2004.01.14 13:11 B D:\dwbcd\DWB\bin\tixwishc82.exe --> germa64 /home/burch/Backups/germa63/dwbcd/DWB/bin tixwishc82.exe
2004.01.14 13:11 B D:\dwbcd\DWB\bin\tk83.dll --> germa64 /home/burch/Backups/germa63/dwbcd/DWB/bin tk83.dll
2004.01.14 13:11 B D:\dwbcd\DWB\bin\wish83.exe --> germa64 /home/burch/Backups/germa63/dwbcd/DWB/bin wish83.exe
2004.01.14 19:12 B D:\dwbcd\DWB\bin\WS_FTP.LOG <-- germa64 /home/burch/Backups/germa63/dwbcd/DWB/bin WS_FTP.LOG
2004.01.14 19:12 B D:\dwbcd\DWB\bin\zlib.dll <-- germa64 /home/burch/Backups/germa63/dwbcd/DWB/bin zlib.dll
2004.04.01 11:37 B D:\dwbcd\DWB\bin\msvcrt.dll --> germa64 /home/burch/Projekte/HinUndHer/dwb/bin msvcrt.dll
2004.04.01 11:37 B D:\dwbcd\DWB\bin\tbcload13.dll --> germa64 /home/burch/Projekte/HinUndHer/dwb/bin tbcload13.dll
2004.04.01 11:37 B D:\dwbcd\DWB\bin\tcl83.dll --> germa64 /home/burch/Projekte/HinUndHer/dwb/bin tcl83.dll
2004.04.01 11:37 B D:\dwbcd\DWB\bin\tclpip83.dll --> germa64 /home/burch/Projekte/HinUndHer/dwb/bin tclpip83.dll
2004.04.01 11:37 B D:\dwbcd\DWB\bin\tclsh83.exe --> germa64 /home/burch/Projekte/HinUndHer/dwb/bin tclsh83.exe
2004.04.01 11:37 B D:\dwbcd\DWB\bin\tix82.dll --> germa64 /home/burch/Projekte/HinUndHer/dwb/bin tix82.dll
2004.04.01 11:37 B D:\dwbcd\DWB\bin\tixwish82.exe --> germa64 /home/burch/Projekte/HinUndHer/dwb/bin tixwish82.exe
2004.04.01 11:37 B D:\dwbcd\DWB\bin\tixwishc82.exe --> germa64 /home/burch/Projekte/HinUndHer/dwb/bin tixwishc82.exe
2004.04.01 11:37 B D:\dwbcd\DWB\bin\tk83.dll --> germa64 /home/burch/Projekte/HinUndHer/dwb/bin tk83.dll
2004.04.01 11:37 B D:\dwbcd\DWB\bin\wish83.exe --> germa64 /home/burch/Projekte/HinUndHer/dwb/bin wish83.exe
2004.04.01 11:37 B D:\dwbcd\DWB\bin\WS_FTP.LOG --> germa64 /home/burch/Projekte/HinUndHer/dwb/bin WS_FTP.LOG
2004.04.01 11:37 B D:\dwbcd\DWB\bin\zlib.dll --> germa64 /home/burch/Projekte/HinUndHer/dwb/bin zlib.dll
2004.04.27 14:37 B D:\dwbcd\DWB\bin\msvcrt.dll --> germa64 /home/burch/Projekte/HinUndHer/bin msvcrt.dll
2004.04.27 14:37 B D:\dwbcd\DWB\bin\tbcload13.dll --> germa64 /home/burch/Projekte/HinUndHer/bin tbcload13.dll
2004.04.27 14:37 B D:\dwbcd\DWB\bin\tcl83.dll --> germa64 /home/burch/Projekte/HinUndHer/bin tcl83.dll
2004.04.27 14:37 B D:\dwbcd\DWB\bin\tclpip83.dll --> germa64 /home/burch/Projekte/HinUndHer/bin tclpip83.dll
2004.04.27 14:37 B D:\dwbcd\DWB\bin\tclsh83.exe --> germa64 /home/burch/Projekte/HinUndHer/bin tclsh83.exe
2004.04.27 14:37 B D:\dwbcd\DWB\bin\tix82.dll --> germa64 /home/burch/Projekte/HinUndHer/bin tix82.dll
2004.04.27 14:37 B D:\dwbcd\DWB\bin\tixwish82.exe --> germa64 /home/burch/Projekte/HinUndHer/bin tixwish82.exe
2004.04.27 14:37 B D:\dwbcd\DWB\bin\tixwishc82.exe --> germa64 /home/burch/Projekte/HinUndHer/bin tixwishc82.exe
2004.04.27 14:37 B D:\dwbcd\DWB\bin\tk83.dll --> germa64 /home/burch/Projekte/HinUndHer/bin tk83.dll
2004.04.27 14:37 B D:\dwbcd\DWB\bin\wish83.exe --> germa64 /home/burch/Projekte/HinUndHer/bin wish83.exe
2004.04.27 14:37 B D:\dwbcd\DWB\bin\WS_FTP.LOG --> germa64 /home/burch/Projekte/HinUndHer/bin WS_FTP.LOG
2004.04.27 14:37 B D:\dwbcd\DWB\bin\zlib.dll --> germa64 /home/burch/Projekte/HinUndHer/bin zlib.dll
2004.06.03 16:51 B D:\dwbcd\DWB\bin\wish8.3 <-- germa64 /home/burch/Projekte/HinUndHer wish8.3
