2002.08.26 17:19 B D:\dwbcd\DWB\lib\blt2.4\dd_protocols\dd-color.tcl --> germa64 /home/burch/Projekte/Grimm/version1/lib/blt2.4/dd_protocols dd-color.tcl
2002.08.26 17:19 B D:\dwbcd\DWB\lib\blt2.4\dd_protocols\dd-file.tcl --> germa64 /home/burch/Projekte/Grimm/version1/lib/blt2.4/dd_protocols dd-file.tcl
2002.08.26 17:19 B D:\dwbcd\DWB\lib\blt2.4\dd_protocols\dd-number.tcl --> germa64 /home/burch/Projekte/Grimm/version1/lib/blt2.4/dd_protocols dd-number.tcl
2002.08.26 17:19 B D:\dwbcd\DWB\lib\blt2.4\dd_protocols\dd-text.tcl --> germa64 /home/burch/Projekte/Grimm/version1/lib/blt2.4/dd_protocols dd-text.tcl
2002.08.26 17:19 B D:\dwbcd\DWB\lib\blt2.4\dd_protocols\tclIndex --> germa64 /home/burch/Projekte/Grimm/version1/lib/blt2.4/dd_protocols tclIndex
2002.09.10 10:25 B D:\dwbcd\DWB\lib\blt2.4\dd_protocols\dd-color.tcl --> germa64 /home/burch/binlib/lib/blt2.4/dd_protocols dd-color.tcl
2002.09.10 10:25 B D:\dwbcd\DWB\lib\blt2.4\dd_protocols\dd-file.tcl --> germa64 /home/burch/binlib/lib/blt2.4/dd_protocols dd-file.tcl
2002.09.10 10:25 B D:\dwbcd\DWB\lib\blt2.4\dd_protocols\dd-number.tcl --> germa64 /home/burch/binlib/lib/blt2.4/dd_protocols dd-number.tcl
2002.09.10 10:25 B D:\dwbcd\DWB\lib\blt2.4\dd_protocols\dd-text.tcl --> germa64 /home/burch/binlib/lib/blt2.4/dd_protocols dd-text.tcl
2002.09.10 10:25 B D:\dwbcd\DWB\lib\blt2.4\dd_protocols\tclIndex --> germa64 /home/burch/binlib/lib/blt2.4/dd_protocols tclIndex
2002.09.10 10:25 B D:\dwbcd\DWB\lib\blt2.4\dd_protocols\WS_FTP.LOG --> germa64 /home/burch/binlib/lib/blt2.4/dd_protocols WS_FTP.LOG
2002.10.09 18:04 B D:\dwbcd\DWB\lib\blt2.4\dd_protocols\dd-color.tcl --> germa64 /home/burch/Projekte/Grimm/CDROMbeta/lib/blt2.4/dd_protocols dd-color.tcl
2002.10.09 18:04 B D:\dwbcd\DWB\lib\blt2.4\dd_protocols\dd-file.tcl --> germa64 /home/burch/Projekte/Grimm/CDROMbeta/lib/blt2.4/dd_protocols dd-file.tcl
2002.10.09 18:04 B D:\dwbcd\DWB\lib\blt2.4\dd_protocols\dd-number.tcl --> germa64 /home/burch/Projekte/Grimm/CDROMbeta/lib/blt2.4/dd_protocols dd-number.tcl
2002.10.09 18:04 B D:\dwbcd\DWB\lib\blt2.4\dd_protocols\dd-text.tcl --> germa64 /home/burch/Projekte/Grimm/CDROMbeta/lib/blt2.4/dd_protocols dd-text.tcl
2002.10.09 18:04 B D:\dwbcd\DWB\lib\blt2.4\dd_protocols\tclIndex --> germa64 /home/burch/Projekte/Grimm/CDROMbeta/lib/blt2.4/dd_protocols tclIndex
2002.10.09 18:04 B D:\dwbcd\DWB\lib\blt2.4\dd_protocols\WS_FTP.LOG --> germa64 /home/burch/Projekte/Grimm/CDROMbeta/lib/blt2.4/dd_protocols WS_FTP.LOG
2002.11.01 17:59 B D:\dwbcd\DWB\lib\blt2.4\dd_protocols\WS_FTP.LOG --> germa64 /home/burch/Projekte/Grimm/CDROM/lib/blt2.4/dd_protocols WS_FTP.LOG
2002.11.19 17:09 B D:\dwbcd\DWB\lib\blt2.4\dd_protocols\dd-color.tcl --> germa93 /home/burch/DWB/lib/blt2.4/dd_protocols dd-color.tcl
2002.11.19 17:09 B D:\dwbcd\DWB\lib\blt2.4\dd_protocols\dd-file.tcl --> germa93 /home/burch/DWB/lib/blt2.4/dd_protocols dd-file.tcl
2002.11.19 17:09 B D:\dwbcd\DWB\lib\blt2.4\dd_protocols\dd-number.tcl --> germa93 /home/burch/DWB/lib/blt2.4/dd_protocols dd-number.tcl
2002.11.19 17:09 B D:\dwbcd\DWB\lib\blt2.4\dd_protocols\dd-text.tcl --> germa93 /home/burch/DWB/lib/blt2.4/dd_protocols dd-text.tcl
2002.11.19 17:09 B D:\dwbcd\DWB\lib\blt2.4\dd_protocols\tclIndex --> germa93 /home/burch/DWB/lib/blt2.4/dd_protocols tclIndex
2002.11.19 17:09 B D:\dwbcd\DWB\lib\blt2.4\dd_protocols\WS_FTP.LOG --> germa93 /home/burch/DWB/lib/blt2.4/dd_protocols WS_FTP.LOG
2002.12.13 19:00 B D:\dwbcd\DWB\lib\blt2.4\dd_protocols\dd-color.tcl --> germa64 /home/burch/Projekte/Grimm/BetaCDROM/lib/blt2.4/dd_protocols dd-color.tcl
2002.12.13 19:00 B D:\dwbcd\DWB\lib\blt2.4\dd_protocols\dd-file.tcl --> germa64 /home/burch/Projekte/Grimm/BetaCDROM/lib/blt2.4/dd_protocols dd-file.tcl
2002.12.13 19:00 B D:\dwbcd\DWB\lib\blt2.4\dd_protocols\dd-number.tcl --> germa64 /home/burch/Projekte/Grimm/BetaCDROM/lib/blt2.4/dd_protocols dd-number.tcl
2002.12.13 19:00 B D:\dwbcd\DWB\lib\blt2.4\dd_protocols\dd-text.tcl --> germa64 /home/burch/Projekte/Grimm/BetaCDROM/lib/blt2.4/dd_protocols dd-text.tcl
2002.12.13 19:00 B D:\dwbcd\DWB\lib\blt2.4\dd_protocols\tclIndex --> germa64 /home/burch/Projekte/Grimm/BetaCDROM/lib/blt2.4/dd_protocols tclIndex
2002.12.13 19:00 B D:\dwbcd\DWB\lib\blt2.4\dd_protocols\WS_FTP.LOG --> germa64 /home/burch/Projekte/Grimm/BetaCDROM/lib/blt2.4/dd_protocols WS_FTP.LOG
2002.12.30 17:42 B D:\dwbcd\DWB\lib\blt2.4\dd_protocols\dd-color.tcl --> germa64 /home/burch/germa63/dwbcd/DWB/lib/blt2.4/dd_protocols dd-color.tcl
2002.12.30 17:42 B D:\dwbcd\DWB\lib\blt2.4\dd_protocols\dd-file.tcl --> germa64 /home/burch/germa63/dwbcd/DWB/lib/blt2.4/dd_protocols dd-file.tcl
2002.12.30 17:42 B D:\dwbcd\DWB\lib\blt2.4\dd_protocols\dd-number.tcl --> germa64 /home/burch/germa63/dwbcd/DWB/lib/blt2.4/dd_protocols dd-number.tcl
2002.12.30 17:42 B D:\dwbcd\DWB\lib\blt2.4\dd_protocols\dd-text.tcl --> germa64 /home/burch/germa63/dwbcd/DWB/lib/blt2.4/dd_protocols dd-text.tcl
2002.12.30 17:42 B D:\dwbcd\DWB\lib\blt2.4\dd_protocols\tclIndex --> germa64 /home/burch/germa63/dwbcd/DWB/lib/blt2.4/dd_protocols tclIndex
2002.12.30 17:42 B D:\dwbcd\DWB\lib\blt2.4\dd_protocols\WS_FTP.LOG --> germa64 /home/burch/germa63/dwbcd/DWB/lib/blt2.4/dd_protocols WS_FTP.LOG
2003.09.09 13:54 B D:\dwbcd\DWB\lib\blt2.4\dd_protocols\dd-color.tcl --> germa93 /home/burch/DWB/windows/lib/blt2.4/dd_protocols dd-color.tcl
2003.09.09 13:54 B D:\dwbcd\DWB\lib\blt2.4\dd_protocols\dd-file.tcl --> germa93 /home/burch/DWB/windows/lib/blt2.4/dd_protocols dd-file.tcl
2003.09.09 13:54 B D:\dwbcd\DWB\lib\blt2.4\dd_protocols\dd-number.tcl --> germa93 /home/burch/DWB/windows/lib/blt2.4/dd_protocols dd-number.tcl
2003.09.09 13:54 B D:\dwbcd\DWB\lib\blt2.4\dd_protocols\dd-text.tcl --> germa93 /home/burch/DWB/windows/lib/blt2.4/dd_protocols dd-text.tcl
2003.09.09 13:54 B D:\dwbcd\DWB\lib\blt2.4\dd_protocols\tclIndex --> germa93 /home/burch/DWB/windows/lib/blt2.4/dd_protocols tclIndex
2003.09.09 13:54 B D:\dwbcd\DWB\lib\blt2.4\dd_protocols\WS_FTP.LOG --> germa93 /home/burch/DWB/windows/lib/blt2.4/dd_protocols WS_FTP.LOG
2003.11.20 14:35 B D:\dwbcd\DWB\lib\blt2.4\dd_protocols\WS_FTP.LOG --> germa64 /home/burch/Projekte/Grimm/CDROM/windows/lib/blt2.4/dd_protocols WS_FTP.LOG
2004.01.14 13:47 B D:\dwbcd\DWB\lib\blt2.4\dd_protocols\dd-color.tcl --> germa64 /home/burch/Backups/germa63/dwbcd/DWB/lib/blt2.4/dd_protocols dd-color.tcl
2004.01.14 13:47 B D:\dwbcd\DWB\lib\blt2.4\dd_protocols\dd-file.tcl --> germa64 /home/burch/Backups/germa63/dwbcd/DWB/lib/blt2.4/dd_protocols dd-file.tcl
2004.01.14 13:47 B D:\dwbcd\DWB\lib\blt2.4\dd_protocols\dd-number.tcl --> germa64 /home/burch/Backups/germa63/dwbcd/DWB/lib/blt2.4/dd_protocols dd-number.tcl
2004.01.14 13:47 B D:\dwbcd\DWB\lib\blt2.4\dd_protocols\dd-text.tcl --> germa64 /home/burch/Backups/germa63/dwbcd/DWB/lib/blt2.4/dd_protocols dd-text.tcl
2004.01.14 13:47 B D:\dwbcd\DWB\lib\blt2.4\dd_protocols\tclIndex --> germa64 /home/burch/Backups/germa63/dwbcd/DWB/lib/blt2.4/dd_protocols tclIndex
2004.01.14 19:23 B D:\dwbcd\DWB\lib\blt2.4\dd_protocols\WS_FTP.LOG <-- germa64 /home/burch/Backups/germa63/dwbcd/DWB/lib/blt2.4/dd_protocols WS_FTP.LOG
2004.04.01 11:46 B D:\dwbcd\DWB\lib\blt2.4\dd_protocols\dd-color.tcl --> germa64 /home/burch/Projekte/HinUndHer/dwb/lib/blt2.4/dd_protocols dd-color.tcl
2004.04.01 11:46 B D:\dwbcd\DWB\lib\blt2.4\dd_protocols\dd-file.tcl --> germa64 /home/burch/Projekte/HinUndHer/dwb/lib/blt2.4/dd_protocols dd-file.tcl
2004.04.01 11:46 B D:\dwbcd\DWB\lib\blt2.4\dd_protocols\dd-number.tcl --> germa64 /home/burch/Projekte/HinUndHer/dwb/lib/blt2.4/dd_protocols dd-number.tcl
2004.04.01 11:46 B D:\dwbcd\DWB\lib\blt2.4\dd_protocols\dd-text.tcl --> germa64 /home/burch/Projekte/HinUndHer/dwb/lib/blt2.4/dd_protocols dd-text.tcl
2004.04.01 11:46 B D:\dwbcd\DWB\lib\blt2.4\dd_protocols\tclIndex --> germa64 /home/burch/Projekte/HinUndHer/dwb/lib/blt2.4/dd_protocols tclIndex
2004.04.01 11:46 B D:\dwbcd\DWB\lib\blt2.4\dd_protocols\WS_FTP.LOG --> germa64 /home/burch/Projekte/HinUndHer/dwb/lib/blt2.4/dd_protocols WS_FTP.LOG
2004.04.27 14:37 B D:\dwbcd\DWB\lib\blt2.4\dd_protocols\dd-color.tcl --> germa64 /home/burch/Projekte/HinUndHer/lib/blt2.4/dd_protocols dd-color.tcl
2004.04.27 14:37 B D:\dwbcd\DWB\lib\blt2.4\dd_protocols\dd-file.tcl --> germa64 /home/burch/Projekte/HinUndHer/lib/blt2.4/dd_protocols dd-file.tcl
2004.04.27 14:37 B D:\dwbcd\DWB\lib\blt2.4\dd_protocols\dd-number.tcl --> germa64 /home/burch/Projekte/HinUndHer/lib/blt2.4/dd_protocols dd-number.tcl
2004.04.27 14:37 B D:\dwbcd\DWB\lib\blt2.4\dd_protocols\dd-text.tcl --> germa64 /home/burch/Projekte/HinUndHer/lib/blt2.4/dd_protocols dd-text.tcl
2004.04.27 14:37 B D:\dwbcd\DWB\lib\blt2.4\dd_protocols\tclIndex --> germa64 /home/burch/Projekte/HinUndHer/lib/blt2.4/dd_protocols tclIndex
2004.04.27 14:37 B D:\dwbcd\DWB\lib\blt2.4\dd_protocols\WS_FTP.LOG --> germa64 /home/burch/Projekte/HinUndHer/lib/blt2.4/dd_protocols WS_FTP.LOG
