2002.08.26 17:20 B D:\dwbcd\DWB\lib\tcl8.3\auto.tcl --> germa64 /home/burch/Projekte/Grimm/version1/lib/tcl8.3 auto.tcl
2002.08.26 17:20 B D:\dwbcd\DWB\lib\tcl8.3\history.tcl --> germa64 /home/burch/Projekte/Grimm/version1/lib/tcl8.3 history.tcl
2002.08.26 17:20 B D:\dwbcd\DWB\lib\tcl8.3\init.tcl --> germa64 /home/burch/Projekte/Grimm/version1/lib/tcl8.3 init.tcl
2002.08.26 17:20 B D:\dwbcd\DWB\lib\tcl8.3\package.tcl --> germa64 /home/burch/Projekte/Grimm/version1/lib/tcl8.3 package.tcl
2002.08.26 17:20 B D:\dwbcd\DWB\lib\tcl8.3\parray.tcl --> germa64 /home/burch/Projekte/Grimm/version1/lib/tcl8.3 parray.tcl
2002.08.26 17:20 B D:\dwbcd\DWB\lib\tcl8.3\safe.tcl --> germa64 /home/burch/Projekte/Grimm/version1/lib/tcl8.3 safe.tcl
2002.08.26 17:20 B D:\dwbcd\DWB\lib\tcl8.3\tclIndex --> germa64 /home/burch/Projekte/Grimm/version1/lib/tcl8.3 tclIndex
2002.08.26 17:20 B D:\dwbcd\DWB\lib\tcl8.3\word.tcl --> germa64 /home/burch/Projekte/Grimm/version1/lib/tcl8.3 word.tcl
2002.09.10 10:26 B D:\dwbcd\DWB\lib\tcl8.3\auto.tcl --> germa64 /home/burch/binlib/lib/tcl8.3 auto.tcl
2002.09.10 10:26 B D:\dwbcd\DWB\lib\tcl8.3\history.tcl --> germa64 /home/burch/binlib/lib/tcl8.3 history.tcl
2002.09.10 10:26 B D:\dwbcd\DWB\lib\tcl8.3\init.tcl --> germa64 /home/burch/binlib/lib/tcl8.3 init.tcl
2002.09.10 10:26 B D:\dwbcd\DWB\lib\tcl8.3\package.tcl --> germa64 /home/burch/binlib/lib/tcl8.3 package.tcl
2002.09.10 10:26 B D:\dwbcd\DWB\lib\tcl8.3\parray.tcl --> germa64 /home/burch/binlib/lib/tcl8.3 parray.tcl
2002.09.10 10:26 B D:\dwbcd\DWB\lib\tcl8.3\safe.tcl --> germa64 /home/burch/binlib/lib/tcl8.3 safe.tcl
2002.09.10 10:26 B D:\dwbcd\DWB\lib\tcl8.3\tclIndex --> germa64 /home/burch/binlib/lib/tcl8.3 tclIndex
2002.09.10 10:26 B D:\dwbcd\DWB\lib\tcl8.3\word.tcl --> germa64 /home/burch/binlib/lib/tcl8.3 word.tcl
2002.09.10 10:26 B D:\dwbcd\DWB\lib\tcl8.3\WS_FTP.LOG --> germa64 /home/burch/binlib/lib/tcl8.3 WS_FTP.LOG
2002.10.09 18:05 B D:\dwbcd\DWB\lib\tcl8.3\auto.tcl --> germa64 /home/burch/Projekte/Grimm/CDROMbeta/lib/tcl8.3 auto.tcl
2002.10.09 18:05 B D:\dwbcd\DWB\lib\tcl8.3\history.tcl --> germa64 /home/burch/Projekte/Grimm/CDROMbeta/lib/tcl8.3 history.tcl
2002.10.09 18:05 B D:\dwbcd\DWB\lib\tcl8.3\init.tcl --> germa64 /home/burch/Projekte/Grimm/CDROMbeta/lib/tcl8.3 init.tcl
2002.10.09 18:05 B D:\dwbcd\DWB\lib\tcl8.3\package.tcl --> germa64 /home/burch/Projekte/Grimm/CDROMbeta/lib/tcl8.3 package.tcl
2002.10.09 18:05 B D:\dwbcd\DWB\lib\tcl8.3\parray.tcl --> germa64 /home/burch/Projekte/Grimm/CDROMbeta/lib/tcl8.3 parray.tcl
2002.10.09 18:05 B D:\dwbcd\DWB\lib\tcl8.3\safe.tcl --> germa64 /home/burch/Projekte/Grimm/CDROMbeta/lib/tcl8.3 safe.tcl
2002.10.09 18:05 B D:\dwbcd\DWB\lib\tcl8.3\tclIndex --> germa64 /home/burch/Projekte/Grimm/CDROMbeta/lib/tcl8.3 tclIndex
2002.10.09 18:05 B D:\dwbcd\DWB\lib\tcl8.3\word.tcl --> germa64 /home/burch/Projekte/Grimm/CDROMbeta/lib/tcl8.3 word.tcl
2002.10.09 18:05 B D:\dwbcd\DWB\lib\tcl8.3\WS_FTP.LOG --> germa64 /home/burch/Projekte/Grimm/CDROMbeta/lib/tcl8.3 WS_FTP.LOG
2002.11.01 18:01 B D:\dwbcd\DWB\lib\tcl8.3\auto.tcl --> germa64 /home/burch/Projekte/Grimm/CDROM/lib/tcl8.3 auto.tcl
2002.11.01 18:01 B D:\dwbcd\DWB\lib\tcl8.3\history.tcl --> germa64 /home/burch/Projekte/Grimm/CDROM/lib/tcl8.3 history.tcl
2002.11.01 18:01 B D:\dwbcd\DWB\lib\tcl8.3\init.tcl --> germa64 /home/burch/Projekte/Grimm/CDROM/lib/tcl8.3 init.tcl
2002.11.01 18:01 B D:\dwbcd\DWB\lib\tcl8.3\package.tcl --> germa64 /home/burch/Projekte/Grimm/CDROM/lib/tcl8.3 package.tcl
2002.11.01 18:01 B D:\dwbcd\DWB\lib\tcl8.3\parray.tcl --> germa64 /home/burch/Projekte/Grimm/CDROM/lib/tcl8.3 parray.tcl
2002.11.01 18:01 B D:\dwbcd\DWB\lib\tcl8.3\safe.tcl --> germa64 /home/burch/Projekte/Grimm/CDROM/lib/tcl8.3 safe.tcl
2002.11.01 18:01 B D:\dwbcd\DWB\lib\tcl8.3\tclIndex --> germa64 /home/burch/Projekte/Grimm/CDROM/lib/tcl8.3 tclIndex
2002.11.01 18:01 B D:\dwbcd\DWB\lib\tcl8.3\word.tcl --> germa64 /home/burch/Projekte/Grimm/CDROM/lib/tcl8.3 word.tcl
2002.11.01 18:01 B D:\dwbcd\DWB\lib\tcl8.3\WS_FTP.LOG --> germa64 /home/burch/Projekte/Grimm/CDROM/lib/tcl8.3 WS_FTP.LOG
2002.11.19 17:10 B D:\dwbcd\DWB\lib\tcl8.3\auto.tcl --> germa93 /home/burch/DWB/lib/tcl8.3 auto.tcl
2002.11.19 17:10 B D:\dwbcd\DWB\lib\tcl8.3\history.tcl --> germa93 /home/burch/DWB/lib/tcl8.3 history.tcl
2002.11.19 17:10 B D:\dwbcd\DWB\lib\tcl8.3\init.tcl --> germa93 /home/burch/DWB/lib/tcl8.3 init.tcl
2002.11.19 17:10 B D:\dwbcd\DWB\lib\tcl8.3\package.tcl --> germa93 /home/burch/DWB/lib/tcl8.3 package.tcl
2002.11.19 17:10 B D:\dwbcd\DWB\lib\tcl8.3\parray.tcl --> germa93 /home/burch/DWB/lib/tcl8.3 parray.tcl
2002.11.19 17:10 B D:\dwbcd\DWB\lib\tcl8.3\safe.tcl --> germa93 /home/burch/DWB/lib/tcl8.3 safe.tcl
2002.11.19 17:10 B D:\dwbcd\DWB\lib\tcl8.3\tclIndex --> germa93 /home/burch/DWB/lib/tcl8.3 tclIndex
2002.11.19 17:10 B D:\dwbcd\DWB\lib\tcl8.3\word.tcl --> germa93 /home/burch/DWB/lib/tcl8.3 word.tcl
2002.11.19 17:10 B D:\dwbcd\DWB\lib\tcl8.3\WS_FTP.LOG --> germa93 /home/burch/DWB/lib/tcl8.3 WS_FTP.LOG
2002.12.13 19:01 B D:\dwbcd\DWB\lib\tcl8.3\auto.tcl --> germa64 /home/burch/Projekte/Grimm/BetaCDROM/lib/tcl8.3 auto.tcl
2002.12.13 19:01 B D:\dwbcd\DWB\lib\tcl8.3\history.tcl --> germa64 /home/burch/Projekte/Grimm/BetaCDROM/lib/tcl8.3 history.tcl
2002.12.13 19:01 B D:\dwbcd\DWB\lib\tcl8.3\init.tcl --> germa64 /home/burch/Projekte/Grimm/BetaCDROM/lib/tcl8.3 init.tcl
2002.12.13 19:01 B D:\dwbcd\DWB\lib\tcl8.3\package.tcl --> germa64 /home/burch/Projekte/Grimm/BetaCDROM/lib/tcl8.3 package.tcl
2002.12.13 19:01 B D:\dwbcd\DWB\lib\tcl8.3\parray.tcl --> germa64 /home/burch/Projekte/Grimm/BetaCDROM/lib/tcl8.3 parray.tcl
2002.12.13 19:01 B D:\dwbcd\DWB\lib\tcl8.3\safe.tcl --> germa64 /home/burch/Projekte/Grimm/BetaCDROM/lib/tcl8.3 safe.tcl
2002.12.13 19:01 B D:\dwbcd\DWB\lib\tcl8.3\tclIndex --> germa64 /home/burch/Projekte/Grimm/BetaCDROM/lib/tcl8.3 tclIndex
2002.12.13 19:01 B D:\dwbcd\DWB\lib\tcl8.3\word.tcl --> germa64 /home/burch/Projekte/Grimm/BetaCDROM/lib/tcl8.3 word.tcl
2002.12.13 19:01 B D:\dwbcd\DWB\lib\tcl8.3\WS_FTP.LOG --> germa64 /home/burch/Projekte/Grimm/BetaCDROM/lib/tcl8.3 WS_FTP.LOG
2002.12.30 17:42 B D:\dwbcd\DWB\lib\tcl8.3\auto.tcl --> germa64 /home/burch/germa63/dwbcd/DWB/lib/tcl8.3 auto.tcl
2002.12.30 17:42 B D:\dwbcd\DWB\lib\tcl8.3\history.tcl --> germa64 /home/burch/germa63/dwbcd/DWB/lib/tcl8.3 history.tcl
2002.12.30 17:42 B D:\dwbcd\DWB\lib\tcl8.3\init.tcl --> germa64 /home/burch/germa63/dwbcd/DWB/lib/tcl8.3 init.tcl
2002.12.30 17:42 B D:\dwbcd\DWB\lib\tcl8.3\package.tcl --> germa64 /home/burch/germa63/dwbcd/DWB/lib/tcl8.3 package.tcl
2002.12.30 17:42 B D:\dwbcd\DWB\lib\tcl8.3\parray.tcl --> germa64 /home/burch/germa63/dwbcd/DWB/lib/tcl8.3 parray.tcl
2002.12.30 17:42 B D:\dwbcd\DWB\lib\tcl8.3\safe.tcl --> germa64 /home/burch/germa63/dwbcd/DWB/lib/tcl8.3 safe.tcl
2002.12.30 17:42 B D:\dwbcd\DWB\lib\tcl8.3\tclIndex --> germa64 /home/burch/germa63/dwbcd/DWB/lib/tcl8.3 tclIndex
2002.12.30 17:42 B D:\dwbcd\DWB\lib\tcl8.3\word.tcl --> germa64 /home/burch/germa63/dwbcd/DWB/lib/tcl8.3 word.tcl
2002.12.30 17:42 B D:\dwbcd\DWB\lib\tcl8.3\WS_FTP.LOG --> germa64 /home/burch/germa63/dwbcd/DWB/lib/tcl8.3 WS_FTP.LOG
2003.09.09 13:54 B D:\dwbcd\DWB\lib\tcl8.3\auto.tcl --> germa93 /home/burch/DWB/windows/lib/tcl8.3 auto.tcl
2003.09.09 13:54 B D:\dwbcd\DWB\lib\tcl8.3\history.tcl --> germa93 /home/burch/DWB/windows/lib/tcl8.3 history.tcl
2003.09.09 13:54 B D:\dwbcd\DWB\lib\tcl8.3\init.tcl --> germa93 /home/burch/DWB/windows/lib/tcl8.3 init.tcl
2003.09.09 13:54 B D:\dwbcd\DWB\lib\tcl8.3\package.tcl --> germa93 /home/burch/DWB/windows/lib/tcl8.3 package.tcl
2003.09.09 13:54 B D:\dwbcd\DWB\lib\tcl8.3\parray.tcl --> germa93 /home/burch/DWB/windows/lib/tcl8.3 parray.tcl
2003.09.09 13:54 B D:\dwbcd\DWB\lib\tcl8.3\safe.tcl --> germa93 /home/burch/DWB/windows/lib/tcl8.3 safe.tcl
2003.09.09 13:54 B D:\dwbcd\DWB\lib\tcl8.3\tclIndex --> germa93 /home/burch/DWB/windows/lib/tcl8.3 tclIndex
2003.09.09 13:54 B D:\dwbcd\DWB\lib\tcl8.3\word.tcl --> germa93 /home/burch/DWB/windows/lib/tcl8.3 word.tcl
2003.09.09 13:54 B D:\dwbcd\DWB\lib\tcl8.3\WS_FTP.LOG --> germa93 /home/burch/DWB/windows/lib/tcl8.3 WS_FTP.LOG
2003.11.20 14:36 B D:\dwbcd\DWB\lib\tcl8.3\auto.tcl --> germa64 /home/burch/Projekte/Grimm/CDROM/windows/lib/tcl8.3 auto.tcl
2003.11.20 14:36 B D:\dwbcd\DWB\lib\tcl8.3\history.tcl --> germa64 /home/burch/Projekte/Grimm/CDROM/windows/lib/tcl8.3 history.tcl
2003.11.20 14:36 B D:\dwbcd\DWB\lib\tcl8.3\init.tcl --> germa64 /home/burch/Projekte/Grimm/CDROM/windows/lib/tcl8.3 init.tcl
2003.11.20 14:36 B D:\dwbcd\DWB\lib\tcl8.3\package.tcl --> germa64 /home/burch/Projekte/Grimm/CDROM/windows/lib/tcl8.3 package.tcl
2003.11.20 14:36 B D:\dwbcd\DWB\lib\tcl8.3\parray.tcl --> germa64 /home/burch/Projekte/Grimm/CDROM/windows/lib/tcl8.3 parray.tcl
2003.11.20 14:36 B D:\dwbcd\DWB\lib\tcl8.3\safe.tcl --> germa64 /home/burch/Projekte/Grimm/CDROM/windows/lib/tcl8.3 safe.tcl
2003.11.20 14:36 B D:\dwbcd\DWB\lib\tcl8.3\tclIndex --> germa64 /home/burch/Projekte/Grimm/CDROM/windows/lib/tcl8.3 tclIndex
2003.11.20 14:36 B D:\dwbcd\DWB\lib\tcl8.3\word.tcl --> germa64 /home/burch/Projekte/Grimm/CDROM/windows/lib/tcl8.3 word.tcl
2003.11.20 14:36 B D:\dwbcd\DWB\lib\tcl8.3\WS_FTP.LOG --> germa64 /home/burch/Projekte/Grimm/CDROM/windows/lib/tcl8.3 WS_FTP.LOG
2004.01.14 13:48 B D:\dwbcd\DWB\lib\tcl8.3\auto.tcl --> germa64 /home/burch/Backups/germa63/dwbcd/DWB/lib/tcl8.3 auto.tcl
2004.01.14 13:48 B D:\dwbcd\DWB\lib\tcl8.3\history.tcl --> germa64 /home/burch/Backups/germa63/dwbcd/DWB/lib/tcl8.3 history.tcl
2004.01.14 13:48 B D:\dwbcd\DWB\lib\tcl8.3\init.tcl --> germa64 /home/burch/Backups/germa63/dwbcd/DWB/lib/tcl8.3 init.tcl
2004.01.14 13:48 B D:\dwbcd\DWB\lib\tcl8.3\package.tcl --> germa64 /home/burch/Backups/germa63/dwbcd/DWB/lib/tcl8.3 package.tcl
2004.01.14 13:48 B D:\dwbcd\DWB\lib\tcl8.3\parray.tcl --> germa64 /home/burch/Backups/germa63/dwbcd/DWB/lib/tcl8.3 parray.tcl
2004.01.14 13:48 B D:\dwbcd\DWB\lib\tcl8.3\safe.tcl --> germa64 /home/burch/Backups/germa63/dwbcd/DWB/lib/tcl8.3 safe.tcl
2004.01.14 13:48 B D:\dwbcd\DWB\lib\tcl8.3\tclIndex --> germa64 /home/burch/Backups/germa63/dwbcd/DWB/lib/tcl8.3 tclIndex
2004.01.14 13:48 B D:\dwbcd\DWB\lib\tcl8.3\word.tcl --> germa64 /home/burch/Backups/germa63/dwbcd/DWB/lib/tcl8.3 word.tcl
2004.01.14 19:24 B D:\dwbcd\DWB\lib\tcl8.3\WS_FTP.LOG <-- germa64 /home/burch/Backups/germa63/dwbcd/DWB/lib/tcl8.3 WS_FTP.LOG
2004.04.01 11:46 B D:\dwbcd\DWB\lib\tcl8.3\auto.tcl --> germa64 /home/burch/Projekte/HinUndHer/dwb/lib/tcl8.3 auto.tcl
2004.04.01 11:46 B D:\dwbcd\DWB\lib\tcl8.3\history.tcl --> germa64 /home/burch/Projekte/HinUndHer/dwb/lib/tcl8.3 history.tcl
2004.04.01 11:46 B D:\dwbcd\DWB\lib\tcl8.3\init.tcl --> germa64 /home/burch/Projekte/HinUndHer/dwb/lib/tcl8.3 init.tcl
2004.04.01 11:46 B D:\dwbcd\DWB\lib\tcl8.3\package.tcl --> germa64 /home/burch/Projekte/HinUndHer/dwb/lib/tcl8.3 package.tcl
2004.04.01 11:46 B D:\dwbcd\DWB\lib\tcl8.3\parray.tcl --> germa64 /home/burch/Projekte/HinUndHer/dwb/lib/tcl8.3 parray.tcl
2004.04.01 11:46 B D:\dwbcd\DWB\lib\tcl8.3\safe.tcl --> germa64 /home/burch/Projekte/HinUndHer/dwb/lib/tcl8.3 safe.tcl
2004.04.01 11:46 B D:\dwbcd\DWB\lib\tcl8.3\tclIndex --> germa64 /home/burch/Projekte/HinUndHer/dwb/lib/tcl8.3 tclIndex
2004.04.01 11:46 B D:\dwbcd\DWB\lib\tcl8.3\word.tcl --> germa64 /home/burch/Projekte/HinUndHer/dwb/lib/tcl8.3 word.tcl
2004.04.01 11:46 B D:\dwbcd\DWB\lib\tcl8.3\WS_FTP.LOG --> germa64 /home/burch/Projekte/HinUndHer/dwb/lib/tcl8.3 WS_FTP.LOG
2004.04.27 14:38 B D:\dwbcd\DWB\lib\tcl8.3\auto.tcl --> germa64 /home/burch/Projekte/HinUndHer/lib/tcl8.3 auto.tcl
2004.04.27 14:38 B D:\dwbcd\DWB\lib\tcl8.3\history.tcl --> germa64 /home/burch/Projekte/HinUndHer/lib/tcl8.3 history.tcl
2004.04.27 14:38 B D:\dwbcd\DWB\lib\tcl8.3\init.tcl --> germa64 /home/burch/Projekte/HinUndHer/lib/tcl8.3 init.tcl
2004.04.27 14:38 B D:\dwbcd\DWB\lib\tcl8.3\package.tcl --> germa64 /home/burch/Projekte/HinUndHer/lib/tcl8.3 package.tcl
2004.04.27 14:38 B D:\dwbcd\DWB\lib\tcl8.3\parray.tcl --> germa64 /home/burch/Projekte/HinUndHer/lib/tcl8.3 parray.tcl
2004.04.27 14:38 B D:\dwbcd\DWB\lib\tcl8.3\safe.tcl --> germa64 /home/burch/Projekte/HinUndHer/lib/tcl8.3 safe.tcl
2004.04.27 14:38 B D:\dwbcd\DWB\lib\tcl8.3\tclIndex --> germa64 /home/burch/Projekte/HinUndHer/lib/tcl8.3 tclIndex
2004.04.27 14:38 B D:\dwbcd\DWB\lib\tcl8.3\word.tcl --> germa64 /home/burch/Projekte/HinUndHer/lib/tcl8.3 word.tcl
2004.04.27 14:38 B D:\dwbcd\DWB\lib\tcl8.3\WS_FTP.LOG --> germa64 /home/burch/Projekte/HinUndHer/lib/tcl8.3 WS_FTP.LOG
