2004.03.09 16:42 B D:\dwbcd\DWB\GUI\Classes.tbc --> germa64 /home/burch/Projekte/Grimm/CDROM/GUI Classes.tbc
2004.03.09 16:42 B D:\dwbcd\DWB\GUI\Dialog.tbc --> germa64 /home/burch/Projekte/Grimm/CDROM/GUI Dialog.tbc
2004.03.09 16:42 B D:\dwbcd\DWB\GUI\DWBAbbr.tbc --> germa64 /home/burch/Projekte/Grimm/CDROM/GUI DWBAbbr.tbc
2004.03.09 16:42 B D:\dwbcd\DWB\GUI\Font.tbc --> germa64 /home/burch/Projekte/Grimm/CDROM/GUI Font.tbc
2004.03.09 16:42 B D:\dwbcd\DWB\GUI\Globvar.tbc --> germa64 /home/burch/Projekte/Grimm/CDROM/GUI Globvar.tbc
2004.03.09 16:42 B D:\dwbcd\DWB\GUI\HTML.tbc --> germa64 /home/burch/Projekte/Grimm/CDROM/GUI HTML.tbc
2004.03.09 16:42 B D:\dwbcd\DWB\GUI\HTTP.tbc --> germa64 /home/burch/Projekte/Grimm/CDROM/GUI HTTP.tbc
2004.03.09 16:42 B D:\dwbcd\DWB\GUI\Index.tbc --> germa64 /home/burch/Projekte/Grimm/CDROM/GUI Index.tbc
2004.03.09 16:42 B D:\dwbcd\DWB\GUI\Introduction.tbc --> germa64 /home/burch/Projekte/Grimm/CDROM/GUI Introduction.tbc
2004.03.09 16:42 B D:\dwbcd\DWB\GUI\Lists.tbc --> germa64 /home/burch/Projekte/Grimm/CDROM/GUI Lists.tbc
2004.03.09 16:42 B D:\dwbcd\DWB\GUI\Logo.tbc --> germa64 /home/burch/Projekte/Grimm/CDROM/GUI Logo.tbc
2004.03.09 16:42 B D:\dwbcd\DWB\GUI\LookupIndex.tbc --> germa64 /home/burch/Projekte/Grimm/CDROM/GUI LookupIndex.tbc
2004.03.09 16:42 B D:\dwbcd\DWB\GUI\main.tbc --> germa64 /home/burch/Projekte/Grimm/CDROM/GUI main.tbc
2004.03.09 16:42 B D:\dwbcd\DWB\GUI\MDI.tbc --> germa64 /home/burch/Projekte/Grimm/CDROM/GUI MDI.tbc
2004.03.09 16:42 B D:\dwbcd\DWB\GUI\Menu.tbc --> germa64 /home/burch/Projekte/Grimm/CDROM/GUI Menu.tbc
2004.03.09 16:42 B D:\dwbcd\DWB\GUI\MYA2PS.tbc --> germa64 /home/burch/Projekte/Grimm/CDROM/GUI MYA2PS.tbc
2004.03.09 16:42 B D:\dwbcd\DWB\GUI\NoteDB.tbc --> germa64 /home/burch/Projekte/Grimm/CDROM/GUI NoteDB.tbc
2004.03.09 16:42 B D:\dwbcd\DWB\GUI\Notes.tbc --> germa64 /home/burch/Projekte/Grimm/CDROM/GUI Notes.tbc
2004.03.09 16:42 B D:\dwbcd\DWB\GUI\Notes2.tbc --> germa64 /home/burch/Projekte/Grimm/CDROM/GUI Notes2.tbc
2004.03.09 16:42 B D:\dwbcd\DWB\GUI\Options.tbc --> germa64 /home/burch/Projekte/Grimm/CDROM/GUI Options.tbc
2004.03.09 16:42 B D:\dwbcd\DWB\GUI\Query.tbc --> germa64 /home/burch/Projekte/Grimm/CDROM/GUI Query.tbc
2004.03.09 16:42 B D:\dwbcd\DWB\GUI\QVZAbbr.tbc --> germa64 /home/burch/Projekte/Grimm/CDROM/GUI QVZAbbr.tbc
2004.03.09 16:42 B D:\dwbcd\DWB\GUI\QVZUserinfos.tbc --> germa64 /home/burch/Projekte/Grimm/CDROM/GUI QVZUserinfos.tbc
2004.03.09 16:42 B D:\dwbcd\DWB\GUI\Siglen.tbc --> germa64 /home/burch/Projekte/Grimm/CDROM/GUI Siglen.tbc
2004.03.09 16:42 B D:\dwbcd\DWB\GUI\TableOfCons.tbc --> germa64 /home/burch/Projekte/Grimm/CDROM/GUI TableOfCons.tbc
2004.03.09 16:42 B D:\dwbcd\DWB\GUI\tclIndex --> germa64 /home/burch/Projekte/Grimm/CDROM/GUI tclIndex
2004.03.09 16:42 B D:\dwbcd\DWB\GUI\tclIndex.bak --> germa64 /home/burch/Projekte/Grimm/CDROM/GUI tclIndex.bak
2004.03.09 16:42 B D:\dwbcd\DWB\GUI\tclIndex.tbc --> germa64 /home/burch/Projekte/Grimm/CDROM/GUI tclIndex.tbc
2004.03.09 16:42 B D:\dwbcd\DWB\GUI\TextRetrieval.tbc --> germa64 /home/burch/Projekte/Grimm/CDROM/GUI TextRetrieval.tbc
2004.03.09 16:42 B D:\dwbcd\DWB\GUI\Toolbar.tbc --> germa64 /home/burch/Projekte/Grimm/CDROM/GUI Toolbar.tbc
2004.03.09 16:42 B D:\dwbcd\DWB\GUI\Vorwort.tbc --> germa64 /home/burch/Projekte/Grimm/CDROM/GUI Vorwort.tbc
2004.03.09 16:42 B D:\dwbcd\DWB\GUI\WB.tbc --> germa64 /home/burch/Projekte/Grimm/CDROM/GUI WB.tbc
2004.03.09 16:42 B D:\dwbcd\DWB\GUI\Work.tbc --> germa64 /home/burch/Projekte/Grimm/CDROM/GUI Work.tbc
2004.04.01 11:46 B D:\dwbcd\DWB\GUI\Classes.tbc --> germa64 /home/burch/Projekte/HinUndHer/dwb/GUI Classes.tbc
2004.04.01 11:46 B D:\dwbcd\DWB\GUI\Dialog.tbc --> germa64 /home/burch/Projekte/HinUndHer/dwb/GUI Dialog.tbc
2004.04.01 11:46 B D:\dwbcd\DWB\GUI\DWBAbbr.tbc --> germa64 /home/burch/Projekte/HinUndHer/dwb/GUI DWBAbbr.tbc
2004.04.01 11:46 B D:\dwbcd\DWB\GUI\Font.tbc --> germa64 /home/burch/Projekte/HinUndHer/dwb/GUI Font.tbc
2004.04.01 11:46 B D:\dwbcd\DWB\GUI\Globvar.tbc --> germa64 /home/burch/Projekte/HinUndHer/dwb/GUI Globvar.tbc
2004.04.01 11:46 B D:\dwbcd\DWB\GUI\HTML.tbc --> germa64 /home/burch/Projekte/HinUndHer/dwb/GUI HTML.tbc
2004.04.01 11:46 B D:\dwbcd\DWB\GUI\HTTP.tbc --> germa64 /home/burch/Projekte/HinUndHer/dwb/GUI HTTP.tbc
2004.04.01 11:46 B D:\dwbcd\DWB\GUI\Index.tbc --> germa64 /home/burch/Projekte/HinUndHer/dwb/GUI Index.tbc
2004.04.01 11:46 B D:\dwbcd\DWB\GUI\Introduction.tbc --> germa64 /home/burch/Projekte/HinUndHer/dwb/GUI Introduction.tbc
2004.04.01 11:46 B D:\dwbcd\DWB\GUI\Lists.tbc --> germa64 /home/burch/Projekte/HinUndHer/dwb/GUI Lists.tbc
2004.04.01 11:46 B D:\dwbcd\DWB\GUI\Logo.tbc --> germa64 /home/burch/Projekte/HinUndHer/dwb/GUI Logo.tbc
2004.04.01 11:46 B D:\dwbcd\DWB\GUI\LookupIndex.tbc --> germa64 /home/burch/Projekte/HinUndHer/dwb/GUI LookupIndex.tbc
2004.04.01 11:46 B D:\dwbcd\DWB\GUI\main.tbc --> germa64 /home/burch/Projekte/HinUndHer/dwb/GUI main.tbc
2004.04.01 11:46 B D:\dwbcd\DWB\GUI\MDI.tbc --> germa64 /home/burch/Projekte/HinUndHer/dwb/GUI MDI.tbc
2004.04.01 11:46 B D:\dwbcd\DWB\GUI\Menu.tbc --> germa64 /home/burch/Projekte/HinUndHer/dwb/GUI Menu.tbc
2004.04.01 11:46 B D:\dwbcd\DWB\GUI\MYA2PS.tbc --> germa64 /home/burch/Projekte/HinUndHer/dwb/GUI MYA2PS.tbc
2004.04.01 11:46 B D:\dwbcd\DWB\GUI\NoteDB.tbc --> germa64 /home/burch/Projekte/HinUndHer/dwb/GUI NoteDB.tbc
2004.04.01 11:46 B D:\dwbcd\DWB\GUI\Notes.tbc --> germa64 /home/burch/Projekte/HinUndHer/dwb/GUI Notes.tbc
2004.04.01 11:46 B D:\dwbcd\DWB\GUI\Notes2.tbc --> germa64 /home/burch/Projekte/HinUndHer/dwb/GUI Notes2.tbc
2004.04.01 11:46 B D:\dwbcd\DWB\GUI\Options.tbc --> germa64 /home/burch/Projekte/HinUndHer/dwb/GUI Options.tbc
2004.04.01 11:46 B D:\dwbcd\DWB\GUI\Query.tbc --> germa64 /home/burch/Projekte/HinUndHer/dwb/GUI Query.tbc
2004.04.01 11:46 B D:\dwbcd\DWB\GUI\QVZAbbr.tbc --> germa64 /home/burch/Projekte/HinUndHer/dwb/GUI QVZAbbr.tbc
2004.04.01 11:46 B D:\dwbcd\DWB\GUI\QVZUserinfos.tbc --> germa64 /home/burch/Projekte/HinUndHer/dwb/GUI QVZUserinfos.tbc
2004.04.01 11:46 B D:\dwbcd\DWB\GUI\Siglen.tbc --> germa64 /home/burch/Projekte/HinUndHer/dwb/GUI Siglen.tbc
2004.04.01 11:46 B D:\dwbcd\DWB\GUI\TableOfCons.tbc --> germa64 /home/burch/Projekte/HinUndHer/dwb/GUI TableOfCons.tbc
2004.04.01 11:46 B D:\dwbcd\DWB\GUI\tclIndex --> germa64 /home/burch/Projekte/HinUndHer/dwb/GUI tclIndex
2004.04.01 11:46 B D:\dwbcd\DWB\GUI\tclIndex.bak --> germa64 /home/burch/Projekte/HinUndHer/dwb/GUI tclIndex.bak
2004.04.01 11:46 B D:\dwbcd\DWB\GUI\tclIndex.tbc --> germa64 /home/burch/Projekte/HinUndHer/dwb/GUI tclIndex.tbc
2004.04.01 11:46 B D:\dwbcd\DWB\GUI\TextRetrieval.tbc --> germa64 /home/burch/Projekte/HinUndHer/dwb/GUI TextRetrieval.tbc
2004.04.01 11:46 B D:\dwbcd\DWB\GUI\Toolbar.tbc --> germa64 /home/burch/Projekte/HinUndHer/dwb/GUI Toolbar.tbc
2004.04.01 11:46 B D:\dwbcd\DWB\GUI\Vorwort.tbc --> germa64 /home/burch/Projekte/HinUndHer/dwb/GUI Vorwort.tbc
2004.04.01 11:46 B D:\dwbcd\DWB\GUI\WB.tbc --> germa64 /home/burch/Projekte/HinUndHer/dwb/GUI WB.tbc
2004.04.01 11:46 B D:\dwbcd\DWB\GUI\Work.tbc --> germa64 /home/burch/Projekte/HinUndHer/dwb/GUI Work.tbc
2004.04.01 11:46 B D:\dwbcd\DWB\GUI\WS_FTP.LOG --> germa64 /home/burch/Projekte/HinUndHer/dwb/GUI WS_FTP.LOG
