2002.02.03 14:31 B D:\DWB\Texte\Vorworte\DWB\vorwort.htm <-- germa64 /home/burch/Projekte/Grimm/CDROM/Texte/Vorworte/DWB vorwort.htm
2002.02.07 16:07 B D:\DWB\Texte\Vorworte\DWB\vor01.html <-- germa83 /home/hildenbrandt/NewGrimmHomePage/DWBonline vor01.html
2002.02.07 16:07 B D:\DWB\Texte\Vorworte\DWB\vor02.html <-- germa83 /home/hildenbrandt/NewGrimmHomePage/DWBonline vor02.html
2002.02.07 16:07 B D:\DWB\Texte\Vorworte\DWB\vor05.html <-- germa83 /home/hildenbrandt/NewGrimmHomePage/DWBonline vor05.html
2002.02.07 16:07 B D:\DWB\Texte\Vorworte\DWB\vor07.html <-- germa83 /home/hildenbrandt/NewGrimmHomePage/DWBonline vor07.html
2002.02.07 16:07 B D:\DWB\Texte\Vorworte\DWB\vor08.html <-- germa83 /home/hildenbrandt/NewGrimmHomePage/DWBonline vor08.html
2002.02.07 16:07 B D:\DWB\Texte\Vorworte\DWB\vor09.html <-- germa83 /home/hildenbrandt/NewGrimmHomePage/DWBonline vor09.html
2002.02.18 18:23 B D:\DWB\Texte\Vorworte\DWB\vor01.html --> germa64 /home/burch/Projekte/Grimm/CDROM/windows/Texte/Vorworte/DWB vor01.html
2002.02.18 18:23 B D:\DWB\Texte\Vorworte\DWB\vor02.html --> germa64 /home/burch/Projekte/Grimm/CDROM/windows/Texte/Vorworte/DWB vor02.html
2002.02.18 18:23 B D:\DWB\Texte\Vorworte\DWB\vor05.html --> germa64 /home/burch/Projekte/Grimm/CDROM/windows/Texte/Vorworte/DWB vor05.html
2002.02.18 18:23 B D:\DWB\Texte\Vorworte\DWB\vor07.html --> germa64 /home/burch/Projekte/Grimm/CDROM/windows/Texte/Vorworte/DWB vor07.html
2002.02.18 18:23 B D:\DWB\Texte\Vorworte\DWB\vor08.html --> germa64 /home/burch/Projekte/Grimm/CDROM/windows/Texte/Vorworte/DWB vor08.html
2002.02.18 18:23 B D:\DWB\Texte\Vorworte\DWB\vor09.html --> germa64 /home/burch/Projekte/Grimm/CDROM/windows/Texte/Vorworte/DWB vor09.html
2002.02.18 18:23 B D:\DWB\Texte\Vorworte\DWB\vorwort.htm --> germa64 /home/burch/Projekte/Grimm/CDROM/windows/Texte/Vorworte/DWB vorwort.htm
2002.02.18 18:23 B D:\DWB\Texte\Vorworte\DWB\vorwort.htm.bak --> germa64 /home/burch/Projekte/Grimm/CDROM/windows/Texte/Vorworte/DWB vorwort.htm.bak
2004.01.14 19:30 B D:\dwbcd\DWB\Texte\Vorworte\DWB\WS_FTP.LOG <-- germa64 /home/burch/Backups/germa63/dwbcd/DWB/Texte/Vorworte/DWB WS_FTP.LOG
2004.04.01 11:48 B D:\dwbcd\DWB\Texte\Vorworte\DWB\vor01.tcl --> germa64 /home/burch/Projekte/HinUndHer/dwb/Texte/Vorworte/DWB vor01.tcl
2004.04.01 11:48 B D:\dwbcd\DWB\Texte\Vorworte\DWB\vor02.tcl --> germa64 /home/burch/Projekte/HinUndHer/dwb/Texte/Vorworte/DWB vor02.tcl
2004.04.01 11:48 B D:\dwbcd\DWB\Texte\Vorworte\DWB\vor05.tcl --> germa64 /home/burch/Projekte/HinUndHer/dwb/Texte/Vorworte/DWB vor05.tcl
2004.04.01 11:48 B D:\dwbcd\DWB\Texte\Vorworte\DWB\vor07.tcl --> germa64 /home/burch/Projekte/HinUndHer/dwb/Texte/Vorworte/DWB vor07.tcl
2004.04.01 11:48 B D:\dwbcd\DWB\Texte\Vorworte\DWB\vor08.tcl --> germa64 /home/burch/Projekte/HinUndHer/dwb/Texte/Vorworte/DWB vor08.tcl
2004.04.01 11:48 B D:\dwbcd\DWB\Texte\Vorworte\DWB\vor08.tcl.bak --> germa64 /home/burch/Projekte/HinUndHer/dwb/Texte/Vorworte/DWB vor08.tcl.bak
2004.04.01 11:48 B D:\dwbcd\DWB\Texte\Vorworte\DWB\vor09.tcl --> germa64 /home/burch/Projekte/HinUndHer/dwb/Texte/Vorworte/DWB vor09.tcl
2004.04.01 11:48 B D:\dwbcd\DWB\Texte\Vorworte\DWB\vor10.tcl --> germa64 /home/burch/Projekte/HinUndHer/dwb/Texte/Vorworte/DWB vor10.tcl
2004.04.01 11:48 B D:\dwbcd\DWB\Texte\Vorworte\DWB\vor11.tcl --> germa64 /home/burch/Projekte/HinUndHer/dwb/Texte/Vorworte/DWB vor11.tcl
2004.04.01 11:48 B D:\dwbcd\DWB\Texte\Vorworte\DWB\vor11fn01.tcl --> germa64 /home/burch/Projekte/HinUndHer/dwb/Texte/Vorworte/DWB vor11fn01.tcl
2004.04.01 11:48 B D:\dwbcd\DWB\Texte\Vorworte\DWB\vor11fn02.tcl --> germa64 /home/burch/Projekte/HinUndHer/dwb/Texte/Vorworte/DWB vor11fn02.tcl
2004.04.01 11:48 B D:\dwbcd\DWB\Texte\Vorworte\DWB\vor11fn03.tcl --> germa64 /home/burch/Projekte/HinUndHer/dwb/Texte/Vorworte/DWB vor11fn03.tcl
2004.04.01 11:48 B D:\dwbcd\DWB\Texte\Vorworte\DWB\vor11fn04.tcl --> germa64 /home/burch/Projekte/HinUndHer/dwb/Texte/Vorworte/DWB vor11fn04.tcl
2004.04.01 11:48 B D:\dwbcd\DWB\Texte\Vorworte\DWB\vor11fn05.tcl --> germa64 /home/burch/Projekte/HinUndHer/dwb/Texte/Vorworte/DWB vor11fn05.tcl
2004.04.01 11:48 B D:\dwbcd\DWB\Texte\Vorworte\DWB\vor11fn06.tcl --> germa64 /home/burch/Projekte/HinUndHer/dwb/Texte/Vorworte/DWB vor11fn06.tcl
2004.04.01 11:48 B D:\dwbcd\DWB\Texte\Vorworte\DWB\vor11fn07.tcl --> germa64 /home/burch/Projekte/HinUndHer/dwb/Texte/Vorworte/DWB vor11fn07.tcl
2004.04.01 11:48 B D:\dwbcd\DWB\Texte\Vorworte\DWB\vor11fn08.tcl --> germa64 /home/burch/Projekte/HinUndHer/dwb/Texte/Vorworte/DWB vor11fn08.tcl
2004.04.01 11:48 B D:\dwbcd\DWB\Texte\Vorworte\DWB\vor13.tcl --> germa64 /home/burch/Projekte/HinUndHer/dwb/Texte/Vorworte/DWB vor13.tcl
2004.04.01 11:48 B D:\dwbcd\DWB\Texte\Vorworte\DWB\vor14.tcl --> germa64 /home/burch/Projekte/HinUndHer/dwb/Texte/Vorworte/DWB vor14.tcl
2004.04.01 11:48 B D:\dwbcd\DWB\Texte\Vorworte\DWB\vor15.tcl --> germa64 /home/burch/Projekte/HinUndHer/dwb/Texte/Vorworte/DWB vor15.tcl
2004.04.01 11:48 B D:\dwbcd\DWB\Texte\Vorworte\DWB\vor18.tcl --> germa64 /home/burch/Projekte/HinUndHer/dwb/Texte/Vorworte/DWB vor18.tcl
2004.04.01 11:48 B D:\dwbcd\DWB\Texte\Vorworte\DWB\vor19.tcl --> germa64 /home/burch/Projekte/HinUndHer/dwb/Texte/Vorworte/DWB vor19.tcl
2004.04.01 11:48 B D:\dwbcd\DWB\Texte\Vorworte\DWB\vor20.tcl --> germa64 /home/burch/Projekte/HinUndHer/dwb/Texte/Vorworte/DWB vor20.tcl
2004.04.01 11:48 B D:\dwbcd\DWB\Texte\Vorworte\DWB\vor21.tcl --> germa64 /home/burch/Projekte/HinUndHer/dwb/Texte/Vorworte/DWB vor21.tcl
2004.04.01 11:48 B D:\dwbcd\DWB\Texte\Vorworte\DWB\vor22.tcl --> germa64 /home/burch/Projekte/HinUndHer/dwb/Texte/Vorworte/DWB vor22.tcl
2004.04.01 11:48 B D:\dwbcd\DWB\Texte\Vorworte\DWB\vor23.tcl --> germa64 /home/burch/Projekte/HinUndHer/dwb/Texte/Vorworte/DWB vor23.tcl
2004.04.01 11:48 B D:\dwbcd\DWB\Texte\Vorworte\DWB\vor24.tcl --> germa64 /home/burch/Projekte/HinUndHer/dwb/Texte/Vorworte/DWB vor24.tcl
2004.04.01 11:48 B D:\dwbcd\DWB\Texte\Vorworte\DWB\vor25.tcl --> germa64 /home/burch/Projekte/HinUndHer/dwb/Texte/Vorworte/DWB vor25.tcl
2004.04.01 11:48 B D:\dwbcd\DWB\Texte\Vorworte\DWB\vor26.tcl --> germa64 /home/burch/Projekte/HinUndHer/dwb/Texte/Vorworte/DWB vor26.tcl
2004.04.01 11:48 B D:\dwbcd\DWB\Texte\Vorworte\DWB\vor27.tcl --> germa64 /home/burch/Projekte/HinUndHer/dwb/Texte/Vorworte/DWB vor27.tcl
2004.04.01 11:48 B D:\dwbcd\DWB\Texte\Vorworte\DWB\vor28.tcl --> germa64 /home/burch/Projekte/HinUndHer/dwb/Texte/Vorworte/DWB vor28.tcl
2004.04.01 11:48 B D:\dwbcd\DWB\Texte\Vorworte\DWB\vor29.tcl --> germa64 /home/burch/Projekte/HinUndHer/dwb/Texte/Vorworte/DWB vor29.tcl
2004.04.01 11:48 B D:\dwbcd\DWB\Texte\Vorworte\DWB\vor30.tcl --> germa64 /home/burch/Projekte/HinUndHer/dwb/Texte/Vorworte/DWB vor30.tcl
2004.04.01 11:48 B D:\dwbcd\DWB\Texte\Vorworte\DWB\vor31.tcl --> germa64 /home/burch/Projekte/HinUndHer/dwb/Texte/Vorworte/DWB vor31.tcl
2004.04.01 11:48 B D:\dwbcd\DWB\Texte\Vorworte\DWB\vor32.tcl --> germa64 /home/burch/Projekte/HinUndHer/dwb/Texte/Vorworte/DWB vor32.tcl
2004.04.01 11:48 B D:\dwbcd\DWB\Texte\Vorworte\DWB\vor33.tcl --> germa64 /home/burch/Projekte/HinUndHer/dwb/Texte/Vorworte/DWB vor33.tcl
2004.04.01 11:48 B D:\dwbcd\DWB\Texte\Vorworte\DWB\vor33.tcl.bak --> germa64 /home/burch/Projekte/HinUndHer/dwb/Texte/Vorworte/DWB vor33.tcl.bak
2004.04.01 11:48 B D:\dwbcd\DWB\Texte\Vorworte\DWB\VOR33FN.TCL --> germa64 /home/burch/Projekte/HinUndHer/dwb/Texte/Vorworte/DWB VOR33FN.TCL
2004.04.01 11:48 B D:\dwbcd\DWB\Texte\Vorworte\DWB\vor33fn01.tcl --> germa64 /home/burch/Projekte/HinUndHer/dwb/Texte/Vorworte/DWB vor33fn01.tcl
2004.04.01 11:48 B D:\dwbcd\DWB\Texte\Vorworte\DWB\WS_FTP.LOG --> germa64 /home/burch/Projekte/HinUndHer/dwb/Texte/Vorworte/DWB WS_FTP.LOG
2004.04.27 14:39 B D:\dwbcd\DWB\Texte\Vorworte\DWB\vor01.tcl --> germa64 /home/burch/Projekte/HinUndHer/Texte/Vorworte/DWB vor01.tcl
2004.04.27 14:39 B D:\dwbcd\DWB\Texte\Vorworte\DWB\vor02.tcl --> germa64 /home/burch/Projekte/HinUndHer/Texte/Vorworte/DWB vor02.tcl
2004.04.27 14:39 B D:\dwbcd\DWB\Texte\Vorworte\DWB\vor02.tcl.bak --> germa64 /home/burch/Projekte/HinUndHer/Texte/Vorworte/DWB vor02.tcl.bak
2004.04.27 14:39 B D:\dwbcd\DWB\Texte\Vorworte\DWB\vor05.tcl --> germa64 /home/burch/Projekte/HinUndHer/Texte/Vorworte/DWB vor05.tcl
2004.04.27 14:39 B D:\dwbcd\DWB\Texte\Vorworte\DWB\vor07.tcl --> germa64 /home/burch/Projekte/HinUndHer/Texte/Vorworte/DWB vor07.tcl
2004.04.27 14:39 B D:\dwbcd\DWB\Texte\Vorworte\DWB\vor08.tcl --> germa64 /home/burch/Projekte/HinUndHer/Texte/Vorworte/DWB vor08.tcl
2004.04.27 14:39 B D:\dwbcd\DWB\Texte\Vorworte\DWB\vor08.tcl.bak --> germa64 /home/burch/Projekte/HinUndHer/Texte/Vorworte/DWB vor08.tcl.bak
2004.04.27 14:39 B D:\dwbcd\DWB\Texte\Vorworte\DWB\vor09.tcl --> germa64 /home/burch/Projekte/HinUndHer/Texte/Vorworte/DWB vor09.tcl
2004.04.27 14:39 B D:\dwbcd\DWB\Texte\Vorworte\DWB\vor10.tcl --> germa64 /home/burch/Projekte/HinUndHer/Texte/Vorworte/DWB vor10.tcl
2004.04.27 14:39 B D:\dwbcd\DWB\Texte\Vorworte\DWB\vor10.tcl.bak --> germa64 /home/burch/Projekte/HinUndHer/Texte/Vorworte/DWB vor10.tcl.bak
2004.04.27 14:39 B D:\dwbcd\DWB\Texte\Vorworte\DWB\vor11.tcl --> germa64 /home/burch/Projekte/HinUndHer/Texte/Vorworte/DWB vor11.tcl
2004.04.27 14:39 B D:\dwbcd\DWB\Texte\Vorworte\DWB\vor11.tcl.bak --> germa64 /home/burch/Projekte/HinUndHer/Texte/Vorworte/DWB vor11.tcl.bak
2004.04.27 14:39 B D:\dwbcd\DWB\Texte\Vorworte\DWB\vor11fn01.tcl --> germa64 /home/burch/Projekte/HinUndHer/Texte/Vorworte/DWB vor11fn01.tcl
2004.04.27 14:39 B D:\dwbcd\DWB\Texte\Vorworte\DWB\vor11fn02.tcl --> germa64 /home/burch/Projekte/HinUndHer/Texte/Vorworte/DWB vor11fn02.tcl
2004.04.27 14:39 B D:\dwbcd\DWB\Texte\Vorworte\DWB\vor11fn03.tcl --> germa64 /home/burch/Projekte/HinUndHer/Texte/Vorworte/DWB vor11fn03.tcl
2004.04.27 14:39 B D:\dwbcd\DWB\Texte\Vorworte\DWB\vor11fn04.tcl --> germa64 /home/burch/Projekte/HinUndHer/Texte/Vorworte/DWB vor11fn04.tcl
2004.04.27 14:39 B D:\dwbcd\DWB\Texte\Vorworte\DWB\vor11fn04.tcl.bak --> germa64 /home/burch/Projekte/HinUndHer/Texte/Vorworte/DWB vor11fn04.tcl.bak
2004.04.27 14:39 B D:\dwbcd\DWB\Texte\Vorworte\DWB\vor11fn05.tcl --> germa64 /home/burch/Projekte/HinUndHer/Texte/Vorworte/DWB vor11fn05.tcl
2004.04.27 14:39 B D:\dwbcd\DWB\Texte\Vorworte\DWB\vor11fn06.tcl --> germa64 /home/burch/Projekte/HinUndHer/Texte/Vorworte/DWB vor11fn06.tcl
2004.04.27 14:39 B D:\dwbcd\DWB\Texte\Vorworte\DWB\vor11fn07.tcl --> germa64 /home/burch/Projekte/HinUndHer/Texte/Vorworte/DWB vor11fn07.tcl
2004.04.27 14:39 B D:\dwbcd\DWB\Texte\Vorworte\DWB\vor11fn08.tcl --> germa64 /home/burch/Projekte/HinUndHer/Texte/Vorworte/DWB vor11fn08.tcl
2004.04.27 14:39 B D:\dwbcd\DWB\Texte\Vorworte\DWB\vor13.tcl --> germa64 /home/burch/Projekte/HinUndHer/Texte/Vorworte/DWB vor13.tcl
2004.04.27 14:39 B D:\dwbcd\DWB\Texte\Vorworte\DWB\vor14.tcl --> germa64 /home/burch/Projekte/HinUndHer/Texte/Vorworte/DWB vor14.tcl
2004.04.27 14:39 B D:\dwbcd\DWB\Texte\Vorworte\DWB\vor15.tcl --> germa64 /home/burch/Projekte/HinUndHer/Texte/Vorworte/DWB vor15.tcl
2004.04.27 14:39 B D:\dwbcd\DWB\Texte\Vorworte\DWB\vor18.tcl --> germa64 /home/burch/Projekte/HinUndHer/Texte/Vorworte/DWB vor18.tcl
2004.04.27 14:39 B D:\dwbcd\DWB\Texte\Vorworte\DWB\vor18.tcl.bak --> germa64 /home/burch/Projekte/HinUndHer/Texte/Vorworte/DWB vor18.tcl.bak
2004.04.27 14:39 B D:\dwbcd\DWB\Texte\Vorworte\DWB\vor19.tcl --> germa64 /home/burch/Projekte/HinUndHer/Texte/Vorworte/DWB vor19.tcl
2004.04.27 14:39 B D:\dwbcd\DWB\Texte\Vorworte\DWB\vor19.tcl.bak --> germa64 /home/burch/Projekte/HinUndHer/Texte/Vorworte/DWB vor19.tcl.bak
2004.04.27 14:39 B D:\dwbcd\DWB\Texte\Vorworte\DWB\vor20.tcl --> germa64 /home/burch/Projekte/HinUndHer/Texte/Vorworte/DWB vor20.tcl
2004.04.27 14:39 B D:\dwbcd\DWB\Texte\Vorworte\DWB\vor21.tcl --> germa64 /home/burch/Projekte/HinUndHer/Texte/Vorworte/DWB vor21.tcl
2004.04.27 14:39 B D:\dwbcd\DWB\Texte\Vorworte\DWB\vor21.tcl.bak --> germa64 /home/burch/Projekte/HinUndHer/Texte/Vorworte/DWB vor21.tcl.bak
2004.04.27 14:39 B D:\dwbcd\DWB\Texte\Vorworte\DWB\vor22.tcl --> germa64 /home/burch/Projekte/HinUndHer/Texte/Vorworte/DWB vor22.tcl
2004.04.27 14:39 B D:\dwbcd\DWB\Texte\Vorworte\DWB\vor22.tcl.bak --> germa64 /home/burch/Projekte/HinUndHer/Texte/Vorworte/DWB vor22.tcl.bak
2004.04.27 14:39 B D:\dwbcd\DWB\Texte\Vorworte\DWB\vor23.tcl --> germa64 /home/burch/Projekte/HinUndHer/Texte/Vorworte/DWB vor23.tcl
2004.04.27 14:39 B D:\dwbcd\DWB\Texte\Vorworte\DWB\vor24.tcl --> germa64 /home/burch/Projekte/HinUndHer/Texte/Vorworte/DWB vor24.tcl
2004.04.27 14:39 B D:\dwbcd\DWB\Texte\Vorworte\DWB\vor25.tcl --> germa64 /home/burch/Projekte/HinUndHer/Texte/Vorworte/DWB vor25.tcl
2004.04.27 14:40 B D:\dwbcd\DWB\Texte\Vorworte\DWB\vor26.tcl --> germa64 /home/burch/Projekte/HinUndHer/Texte/Vorworte/DWB vor26.tcl
2004.04.27 14:40 B D:\dwbcd\DWB\Texte\Vorworte\DWB\vor26.tcl.bak --> germa64 /home/burch/Projekte/HinUndHer/Texte/Vorworte/DWB vor26.tcl.bak
2004.04.27 14:40 B D:\dwbcd\DWB\Texte\Vorworte\DWB\vor27.tcl --> germa64 /home/burch/Projekte/HinUndHer/Texte/Vorworte/DWB vor27.tcl
2004.04.27 14:40 B D:\dwbcd\DWB\Texte\Vorworte\DWB\vor28.tcl --> germa64 /home/burch/Projekte/HinUndHer/Texte/Vorworte/DWB vor28.tcl
2004.04.27 14:40 B D:\dwbcd\DWB\Texte\Vorworte\DWB\vor29.tcl --> germa64 /home/burch/Projekte/HinUndHer/Texte/Vorworte/DWB vor29.tcl
2004.04.27 14:40 B D:\dwbcd\DWB\Texte\Vorworte\DWB\vor30.tcl --> germa64 /home/burch/Projekte/HinUndHer/Texte/Vorworte/DWB vor30.tcl
2004.04.27 14:40 B D:\dwbcd\DWB\Texte\Vorworte\DWB\vor31.tcl --> germa64 /home/burch/Projekte/HinUndHer/Texte/Vorworte/DWB vor31.tcl
2004.04.27 14:40 B D:\dwbcd\DWB\Texte\Vorworte\DWB\vor32.tcl --> germa64 /home/burch/Projekte/HinUndHer/Texte/Vorworte/DWB vor32.tcl
2004.04.27 14:40 B D:\dwbcd\DWB\Texte\Vorworte\DWB\vor33.tcl --> germa64 /home/burch/Projekte/HinUndHer/Texte/Vorworte/DWB vor33.tcl
2004.04.27 14:40 B D:\dwbcd\DWB\Texte\Vorworte\DWB\vor33.tcl.bak --> germa64 /home/burch/Projekte/HinUndHer/Texte/Vorworte/DWB vor33.tcl.bak
2004.04.27 14:40 B D:\dwbcd\DWB\Texte\Vorworte\DWB\VOR33FN.TCL --> germa64 /home/burch/Projekte/HinUndHer/Texte/Vorworte/DWB VOR33FN.TCL
2004.04.27 14:40 B D:\dwbcd\DWB\Texte\Vorworte\DWB\vor33fn01.tcl --> germa64 /home/burch/Projekte/HinUndHer/Texte/Vorworte/DWB vor33fn01.tcl
2004.04.27 14:40 B D:\dwbcd\DWB\Texte\Vorworte\DWB\WS_FTP.LOG --> germa64 /home/burch/Projekte/HinUndHer/Texte/Vorworte/DWB WS_FTP.LOG
