2002.08.26 17:20 B D:\dwbcd\DWB\lib\tix8.2\pref\12Point.fs --> germa64 /home/burch/Projekte/Grimm/version1/lib/tix8.2/pref 12Point.fs
2002.08.26 17:20 B D:\dwbcd\DWB\lib\tix8.2\pref\12Point.fsc --> germa64 /home/burch/Projekte/Grimm/version1/lib/tix8.2/pref 12Point.fsc
2002.08.26 17:20 B D:\dwbcd\DWB\lib\tix8.2\pref\14Point.fs --> germa64 /home/burch/Projekte/Grimm/version1/lib/tix8.2/pref 14Point.fs
2002.08.26 17:20 B D:\dwbcd\DWB\lib\tix8.2\pref\14Point.fsc --> germa64 /home/burch/Projekte/Grimm/version1/lib/tix8.2/pref 14Point.fsc
2002.08.26 17:20 B D:\dwbcd\DWB\lib\tix8.2\pref\Bisque.cs --> germa64 /home/burch/Projekte/Grimm/version1/lib/tix8.2/pref Bisque.cs
2002.08.26 17:20 B D:\dwbcd\DWB\lib\tix8.2\pref\Bisque.csc --> germa64 /home/burch/Projekte/Grimm/version1/lib/tix8.2/pref Bisque.csc
2002.08.26 17:20 B D:\dwbcd\DWB\lib\tix8.2\pref\Blue.cs --> germa64 /home/burch/Projekte/Grimm/version1/lib/tix8.2/pref Blue.cs
2002.08.26 17:20 B D:\dwbcd\DWB\lib\tix8.2\pref\Blue.csc --> germa64 /home/burch/Projekte/Grimm/version1/lib/tix8.2/pref Blue.csc
2002.08.26 17:20 B D:\dwbcd\DWB\lib\tix8.2\pref\Gray.cs --> germa64 /home/burch/Projekte/Grimm/version1/lib/tix8.2/pref Gray.cs
2002.08.26 17:20 B D:\dwbcd\DWB\lib\tix8.2\pref\Gray.csc --> germa64 /home/burch/Projekte/Grimm/version1/lib/tix8.2/pref Gray.csc
2002.08.26 17:20 B D:\dwbcd\DWB\lib\tix8.2\pref\Makefile --> germa64 /home/burch/Projekte/Grimm/version1/lib/tix8.2/pref Makefile
2002.08.26 17:20 B D:\dwbcd\DWB\lib\tix8.2\pref\Old12Pt.fs --> germa64 /home/burch/Projekte/Grimm/version1/lib/tix8.2/pref Old12Pt.fs
2002.08.26 17:20 B D:\dwbcd\DWB\lib\tix8.2\pref\Old14Pt.fs --> germa64 /home/burch/Projekte/Grimm/version1/lib/tix8.2/pref Old14Pt.fs
2002.08.26 17:20 B D:\dwbcd\DWB\lib\tix8.2\pref\SGIGray.cs --> germa64 /home/burch/Projekte/Grimm/version1/lib/tix8.2/pref SGIGray.cs
2002.08.26 17:20 B D:\dwbcd\DWB\lib\tix8.2\pref\SGIGray.csc --> germa64 /home/burch/Projekte/Grimm/version1/lib/tix8.2/pref SGIGray.csc
2002.08.26 17:20 B D:\dwbcd\DWB\lib\tix8.2\pref\TixGray.cs --> germa64 /home/burch/Projekte/Grimm/version1/lib/tix8.2/pref TixGray.cs
2002.08.26 17:20 B D:\dwbcd\DWB\lib\tix8.2\pref\TixGray.csc --> germa64 /home/burch/Projekte/Grimm/version1/lib/tix8.2/pref TixGray.csc
2002.08.26 17:20 B D:\dwbcd\DWB\lib\tix8.2\pref\tixmkpref --> germa64 /home/burch/Projekte/Grimm/version1/lib/tix8.2/pref tixmkpref
2002.08.26 17:20 B D:\dwbcd\DWB\lib\tix8.2\pref\TK.cs --> germa64 /home/burch/Projekte/Grimm/version1/lib/tix8.2/pref TK.cs
2002.08.26 17:20 B D:\dwbcd\DWB\lib\tix8.2\pref\TK.csc --> germa64 /home/burch/Projekte/Grimm/version1/lib/tix8.2/pref TK.csc
2002.08.26 17:20 B D:\dwbcd\DWB\lib\tix8.2\pref\TK.fs --> germa64 /home/burch/Projekte/Grimm/version1/lib/tix8.2/pref TK.fs
2002.08.26 17:20 B D:\dwbcd\DWB\lib\tix8.2\pref\TK.fsc --> germa64 /home/burch/Projekte/Grimm/version1/lib/tix8.2/pref TK.fsc
2002.08.26 17:20 B D:\dwbcd\DWB\lib\tix8.2\pref\TkWin.cs --> germa64 /home/burch/Projekte/Grimm/version1/lib/tix8.2/pref TkWin.cs
2002.08.26 17:20 B D:\dwbcd\DWB\lib\tix8.2\pref\TkWin.csc --> germa64 /home/burch/Projekte/Grimm/version1/lib/tix8.2/pref TkWin.csc
2002.08.26 17:20 B D:\dwbcd\DWB\lib\tix8.2\pref\TkWin.fs --> germa64 /home/burch/Projekte/Grimm/version1/lib/tix8.2/pref TkWin.fs
2002.08.26 17:20 B D:\dwbcd\DWB\lib\tix8.2\pref\TkWin.fsc --> germa64 /home/burch/Projekte/Grimm/version1/lib/tix8.2/pref TkWin.fsc
2002.09.10 10:27 B D:\dwbcd\DWB\lib\tix8.2\pref\12Point.fs --> germa64 /home/burch/binlib/lib/tix8.2/pref 12Point.fs
2002.09.10 10:27 B D:\dwbcd\DWB\lib\tix8.2\pref\12Point.fsc --> germa64 /home/burch/binlib/lib/tix8.2/pref 12Point.fsc
2002.09.10 10:27 B D:\dwbcd\DWB\lib\tix8.2\pref\14Point.fs --> germa64 /home/burch/binlib/lib/tix8.2/pref 14Point.fs
2002.09.10 10:27 B D:\dwbcd\DWB\lib\tix8.2\pref\14Point.fsc --> germa64 /home/burch/binlib/lib/tix8.2/pref 14Point.fsc
2002.09.10 10:27 B D:\dwbcd\DWB\lib\tix8.2\pref\Bisque.cs --> germa64 /home/burch/binlib/lib/tix8.2/pref Bisque.cs
2002.09.10 10:27 B D:\dwbcd\DWB\lib\tix8.2\pref\Bisque.csc --> germa64 /home/burch/binlib/lib/tix8.2/pref Bisque.csc
2002.09.10 10:27 B D:\dwbcd\DWB\lib\tix8.2\pref\Blue.cs --> germa64 /home/burch/binlib/lib/tix8.2/pref Blue.cs
2002.09.10 10:27 B D:\dwbcd\DWB\lib\tix8.2\pref\Blue.csc --> germa64 /home/burch/binlib/lib/tix8.2/pref Blue.csc
2002.09.10 10:27 B D:\dwbcd\DWB\lib\tix8.2\pref\Gray.cs --> germa64 /home/burch/binlib/lib/tix8.2/pref Gray.cs
2002.09.10 10:27 B D:\dwbcd\DWB\lib\tix8.2\pref\Gray.csc --> germa64 /home/burch/binlib/lib/tix8.2/pref Gray.csc
2002.09.10 10:27 B D:\dwbcd\DWB\lib\tix8.2\pref\Makefile --> germa64 /home/burch/binlib/lib/tix8.2/pref Makefile
2002.09.10 10:27 B D:\dwbcd\DWB\lib\tix8.2\pref\Old12Pt.fs --> germa64 /home/burch/binlib/lib/tix8.2/pref Old12Pt.fs
2002.09.10 10:27 B D:\dwbcd\DWB\lib\tix8.2\pref\Old14Pt.fs --> germa64 /home/burch/binlib/lib/tix8.2/pref Old14Pt.fs
2002.09.10 10:27 B D:\dwbcd\DWB\lib\tix8.2\pref\SGIGray.cs --> germa64 /home/burch/binlib/lib/tix8.2/pref SGIGray.cs
2002.09.10 10:27 B D:\dwbcd\DWB\lib\tix8.2\pref\SGIGray.csc --> germa64 /home/burch/binlib/lib/tix8.2/pref SGIGray.csc
2002.09.10 10:27 B D:\dwbcd\DWB\lib\tix8.2\pref\TixGray.cs --> germa64 /home/burch/binlib/lib/tix8.2/pref TixGray.cs
2002.09.10 10:27 B D:\dwbcd\DWB\lib\tix8.2\pref\TixGray.csc --> germa64 /home/burch/binlib/lib/tix8.2/pref TixGray.csc
2002.09.10 10:27 B D:\dwbcd\DWB\lib\tix8.2\pref\tixmkpref --> germa64 /home/burch/binlib/lib/tix8.2/pref tixmkpref
2002.09.10 10:27 B D:\dwbcd\DWB\lib\tix8.2\pref\TK.cs --> germa64 /home/burch/binlib/lib/tix8.2/pref TK.cs
2002.09.10 10:27 B D:\dwbcd\DWB\lib\tix8.2\pref\TK.csc --> germa64 /home/burch/binlib/lib/tix8.2/pref TK.csc
2002.09.10 10:27 B D:\dwbcd\DWB\lib\tix8.2\pref\TK.fs --> germa64 /home/burch/binlib/lib/tix8.2/pref TK.fs
2002.09.10 10:27 B D:\dwbcd\DWB\lib\tix8.2\pref\TK.fsc --> germa64 /home/burch/binlib/lib/tix8.2/pref TK.fsc
2002.09.10 10:27 B D:\dwbcd\DWB\lib\tix8.2\pref\TkWin.cs --> germa64 /home/burch/binlib/lib/tix8.2/pref TkWin.cs
2002.09.10 10:27 B D:\dwbcd\DWB\lib\tix8.2\pref\TkWin.csc --> germa64 /home/burch/binlib/lib/tix8.2/pref TkWin.csc
2002.09.10 10:27 B D:\dwbcd\DWB\lib\tix8.2\pref\TkWin.fs --> germa64 /home/burch/binlib/lib/tix8.2/pref TkWin.fs
2002.09.10 10:27 B D:\dwbcd\DWB\lib\tix8.2\pref\TkWin.fsc --> germa64 /home/burch/binlib/lib/tix8.2/pref TkWin.fsc
2002.09.10 10:27 B D:\dwbcd\DWB\lib\tix8.2\pref\WS_FTP.LOG --> germa64 /home/burch/binlib/lib/tix8.2/pref WS_FTP.LOG
2002.10.09 18:05 B D:\dwbcd\DWB\lib\tix8.2\pref\12Point.fs --> germa64 /home/burch/Projekte/Grimm/CDROMbeta/lib/tix8.2/pref 12Point.fs
2002.10.09 18:05 B D:\dwbcd\DWB\lib\tix8.2\pref\12Point.fsc --> germa64 /home/burch/Projekte/Grimm/CDROMbeta/lib/tix8.2/pref 12Point.fsc
2002.10.09 18:05 B D:\dwbcd\DWB\lib\tix8.2\pref\14Point.fs --> germa64 /home/burch/Projekte/Grimm/CDROMbeta/lib/tix8.2/pref 14Point.fs
2002.10.09 18:05 B D:\dwbcd\DWB\lib\tix8.2\pref\14Point.fsc --> germa64 /home/burch/Projekte/Grimm/CDROMbeta/lib/tix8.2/pref 14Point.fsc
2002.10.09 18:05 B D:\dwbcd\DWB\lib\tix8.2\pref\Bisque.cs --> germa64 /home/burch/Projekte/Grimm/CDROMbeta/lib/tix8.2/pref Bisque.cs
2002.10.09 18:06 B D:\dwbcd\DWB\lib\tix8.2\pref\Bisque.csc --> germa64 /home/burch/Projekte/Grimm/CDROMbeta/lib/tix8.2/pref Bisque.csc
2002.10.09 18:06 B D:\dwbcd\DWB\lib\tix8.2\pref\Blue.cs --> germa64 /home/burch/Projekte/Grimm/CDROMbeta/lib/tix8.2/pref Blue.cs
2002.10.09 18:06 B D:\dwbcd\DWB\lib\tix8.2\pref\Blue.csc --> germa64 /home/burch/Projekte/Grimm/CDROMbeta/lib/tix8.2/pref Blue.csc
2002.10.09 18:06 B D:\dwbcd\DWB\lib\tix8.2\pref\Gray.cs --> germa64 /home/burch/Projekte/Grimm/CDROMbeta/lib/tix8.2/pref Gray.cs
2002.10.09 18:06 B D:\dwbcd\DWB\lib\tix8.2\pref\Gray.csc --> germa64 /home/burch/Projekte/Grimm/CDROMbeta/lib/tix8.2/pref Gray.csc
2002.10.09 18:06 B D:\dwbcd\DWB\lib\tix8.2\pref\Makefile --> germa64 /home/burch/Projekte/Grimm/CDROMbeta/lib/tix8.2/pref Makefile
2002.10.09 18:06 B D:\dwbcd\DWB\lib\tix8.2\pref\Old12Pt.fs --> germa64 /home/burch/Projekte/Grimm/CDROMbeta/lib/tix8.2/pref Old12Pt.fs
2002.10.09 18:06 B D:\dwbcd\DWB\lib\tix8.2\pref\Old14Pt.fs --> germa64 /home/burch/Projekte/Grimm/CDROMbeta/lib/tix8.2/pref Old14Pt.fs
2002.10.09 18:06 B D:\dwbcd\DWB\lib\tix8.2\pref\SGIGray.cs --> germa64 /home/burch/Projekte/Grimm/CDROMbeta/lib/tix8.2/pref SGIGray.cs
2002.10.09 18:06 B D:\dwbcd\DWB\lib\tix8.2\pref\SGIGray.csc --> germa64 /home/burch/Projekte/Grimm/CDROMbeta/lib/tix8.2/pref SGIGray.csc
2002.10.09 18:06 B D:\dwbcd\DWB\lib\tix8.2\pref\TixGray.cs --> germa64 /home/burch/Projekte/Grimm/CDROMbeta/lib/tix8.2/pref TixGray.cs
2002.10.09 18:06 B D:\dwbcd\DWB\lib\tix8.2\pref\TixGray.csc --> germa64 /home/burch/Projekte/Grimm/CDROMbeta/lib/tix8.2/pref TixGray.csc
2002.10.09 18:06 B D:\dwbcd\DWB\lib\tix8.2\pref\tixmkpref --> germa64 /home/burch/Projekte/Grimm/CDROMbeta/lib/tix8.2/pref tixmkpref
2002.10.09 18:06 B D:\dwbcd\DWB\lib\tix8.2\pref\TK.cs --> germa64 /home/burch/Projekte/Grimm/CDROMbeta/lib/tix8.2/pref TK.cs
2002.10.09 18:06 B D:\dwbcd\DWB\lib\tix8.2\pref\TK.csc --> germa64 /home/burch/Projekte/Grimm/CDROMbeta/lib/tix8.2/pref TK.csc
2002.10.09 18:06 B D:\dwbcd\DWB\lib\tix8.2\pref\TK.fs --> germa64 /home/burch/Projekte/Grimm/CDROMbeta/lib/tix8.2/pref TK.fs
2002.10.09 18:06 B D:\dwbcd\DWB\lib\tix8.2\pref\TK.fsc --> germa64 /home/burch/Projekte/Grimm/CDROMbeta/lib/tix8.2/pref TK.fsc
2002.10.09 18:06 B D:\dwbcd\DWB\lib\tix8.2\pref\TkWin.cs --> germa64 /home/burch/Projekte/Grimm/CDROMbeta/lib/tix8.2/pref TkWin.cs
2002.10.09 18:06 B D:\dwbcd\DWB\lib\tix8.2\pref\TkWin.csc --> germa64 /home/burch/Projekte/Grimm/CDROMbeta/lib/tix8.2/pref TkWin.csc
2002.10.09 18:06 B D:\dwbcd\DWB\lib\tix8.2\pref\TkWin.fs --> germa64 /home/burch/Projekte/Grimm/CDROMbeta/lib/tix8.2/pref TkWin.fs
2002.10.09 18:06 B D:\dwbcd\DWB\lib\tix8.2\pref\TkWin.fsc --> germa64 /home/burch/Projekte/Grimm/CDROMbeta/lib/tix8.2/pref TkWin.fsc
2002.10.09 18:06 B D:\dwbcd\DWB\lib\tix8.2\pref\WS_FTP.LOG --> germa64 /home/burch/Projekte/Grimm/CDROMbeta/lib/tix8.2/pref WS_FTP.LOG
2002.11.01 18:01 B D:\dwbcd\DWB\lib\tix8.2\pref\12Point.fs --> germa64 /home/burch/Projekte/Grimm/CDROM/lib/tix8.2/pref 12Point.fs
2002.11.01 18:01 B D:\dwbcd\DWB\lib\tix8.2\pref\12Point.fsc --> germa64 /home/burch/Projekte/Grimm/CDROM/lib/tix8.2/pref 12Point.fsc
2002.11.01 18:01 B D:\dwbcd\DWB\lib\tix8.2\pref\14Point.fs --> germa64 /home/burch/Projekte/Grimm/CDROM/lib/tix8.2/pref 14Point.fs
2002.11.01 18:01 B D:\dwbcd\DWB\lib\tix8.2\pref\14Point.fsc --> germa64 /home/burch/Projekte/Grimm/CDROM/lib/tix8.2/pref 14Point.fsc
2002.11.01 18:01 B D:\dwbcd\DWB\lib\tix8.2\pref\Bisque.cs --> germa64 /home/burch/Projekte/Grimm/CDROM/lib/tix8.2/pref Bisque.cs
2002.11.01 18:01 B D:\dwbcd\DWB\lib\tix8.2\pref\Bisque.csc --> germa64 /home/burch/Projekte/Grimm/CDROM/lib/tix8.2/pref Bisque.csc
2002.11.01 18:01 B D:\dwbcd\DWB\lib\tix8.2\pref\Blue.cs --> germa64 /home/burch/Projekte/Grimm/CDROM/lib/tix8.2/pref Blue.cs
2002.11.01 18:01 B D:\dwbcd\DWB\lib\tix8.2\pref\Blue.csc --> germa64 /home/burch/Projekte/Grimm/CDROM/lib/tix8.2/pref Blue.csc
2002.11.01 18:01 B D:\dwbcd\DWB\lib\tix8.2\pref\Gray.cs --> germa64 /home/burch/Projekte/Grimm/CDROM/lib/tix8.2/pref Gray.cs
2002.11.01 18:01 B D:\dwbcd\DWB\lib\tix8.2\pref\Gray.csc --> germa64 /home/burch/Projekte/Grimm/CDROM/lib/tix8.2/pref Gray.csc
2002.11.01 18:01 B D:\dwbcd\DWB\lib\tix8.2\pref\Makefile --> germa64 /home/burch/Projekte/Grimm/CDROM/lib/tix8.2/pref Makefile
2002.11.01 18:01 B D:\dwbcd\DWB\lib\tix8.2\pref\Old12Pt.fs --> germa64 /home/burch/Projekte/Grimm/CDROM/lib/tix8.2/pref Old12Pt.fs
2002.11.01 18:01 B D:\dwbcd\DWB\lib\tix8.2\pref\Old14Pt.fs --> germa64 /home/burch/Projekte/Grimm/CDROM/lib/tix8.2/pref Old14Pt.fs
2002.11.01 18:01 B D:\dwbcd\DWB\lib\tix8.2\pref\SGIGray.cs --> germa64 /home/burch/Projekte/Grimm/CDROM/lib/tix8.2/pref SGIGray.cs
2002.11.01 18:01 B D:\dwbcd\DWB\lib\tix8.2\pref\SGIGray.csc --> germa64 /home/burch/Projekte/Grimm/CDROM/lib/tix8.2/pref SGIGray.csc
2002.11.01 18:01 B D:\dwbcd\DWB\lib\tix8.2\pref\TixGray.cs --> germa64 /home/burch/Projekte/Grimm/CDROM/lib/tix8.2/pref TixGray.cs
2002.11.01 18:01 B D:\dwbcd\DWB\lib\tix8.2\pref\TixGray.csc --> germa64 /home/burch/Projekte/Grimm/CDROM/lib/tix8.2/pref TixGray.csc
2002.11.01 18:01 B D:\dwbcd\DWB\lib\tix8.2\pref\tixmkpref --> germa64 /home/burch/Projekte/Grimm/CDROM/lib/tix8.2/pref tixmkpref
2002.11.01 18:01 B D:\dwbcd\DWB\lib\tix8.2\pref\TK.cs --> germa64 /home/burch/Projekte/Grimm/CDROM/lib/tix8.2/pref TK.cs
2002.11.01 18:01 B D:\dwbcd\DWB\lib\tix8.2\pref\TK.csc --> germa64 /home/burch/Projekte/Grimm/CDROM/lib/tix8.2/pref TK.csc
2002.11.01 18:01 B D:\dwbcd\DWB\lib\tix8.2\pref\TK.fs --> germa64 /home/burch/Projekte/Grimm/CDROM/lib/tix8.2/pref TK.fs
2002.11.01 18:01 B D:\dwbcd\DWB\lib\tix8.2\pref\TK.fsc --> germa64 /home/burch/Projekte/Grimm/CDROM/lib/tix8.2/pref TK.fsc
2002.11.01 18:01 B D:\dwbcd\DWB\lib\tix8.2\pref\TkWin.cs --> germa64 /home/burch/Projekte/Grimm/CDROM/lib/tix8.2/pref TkWin.cs
2002.11.01 18:01 B D:\dwbcd\DWB\lib\tix8.2\pref\TkWin.csc --> germa64 /home/burch/Projekte/Grimm/CDROM/lib/tix8.2/pref TkWin.csc
2002.11.01 18:01 B D:\dwbcd\DWB\lib\tix8.2\pref\TkWin.fs --> germa64 /home/burch/Projekte/Grimm/CDROM/lib/tix8.2/pref TkWin.fs
2002.11.01 18:01 B D:\dwbcd\DWB\lib\tix8.2\pref\TkWin.fsc --> germa64 /home/burch/Projekte/Grimm/CDROM/lib/tix8.2/pref TkWin.fsc
2002.11.01 18:01 B D:\dwbcd\DWB\lib\tix8.2\pref\WS_FTP.LOG --> germa64 /home/burch/Projekte/Grimm/CDROM/lib/tix8.2/pref WS_FTP.LOG
2002.11.19 17:10 B D:\dwbcd\DWB\lib\tix8.2\pref\12Point.fs --> germa93 /home/burch/DWB/lib/tix8.2/pref 12Point.fs
2002.11.19 17:10 B D:\dwbcd\DWB\lib\tix8.2\pref\12Point.fsc --> germa93 /home/burch/DWB/lib/tix8.2/pref 12Point.fsc
2002.11.19 17:10 B D:\dwbcd\DWB\lib\tix8.2\pref\14Point.fs --> germa93 /home/burch/DWB/lib/tix8.2/pref 14Point.fs
2002.11.19 17:10 B D:\dwbcd\DWB\lib\tix8.2\pref\14Point.fsc --> germa93 /home/burch/DWB/lib/tix8.2/pref 14Point.fsc
2002.11.19 17:10 B D:\dwbcd\DWB\lib\tix8.2\pref\Bisque.cs --> germa93 /home/burch/DWB/lib/tix8.2/pref Bisque.cs
2002.11.19 17:10 B D:\dwbcd\DWB\lib\tix8.2\pref\Bisque.csc --> germa93 /home/burch/DWB/lib/tix8.2/pref Bisque.csc
2002.11.19 17:10 B D:\dwbcd\DWB\lib\tix8.2\pref\Blue.cs --> germa93 /home/burch/DWB/lib/tix8.2/pref Blue.cs
2002.11.19 17:10 B D:\dwbcd\DWB\lib\tix8.2\pref\Blue.csc --> germa93 /home/burch/DWB/lib/tix8.2/pref Blue.csc
2002.11.19 17:10 B D:\dwbcd\DWB\lib\tix8.2\pref\Gray.cs --> germa93 /home/burch/DWB/lib/tix8.2/pref Gray.cs
2002.11.19 17:10 B D:\dwbcd\DWB\lib\tix8.2\pref\Gray.csc --> germa93 /home/burch/DWB/lib/tix8.2/pref Gray.csc
2002.11.19 17:10 B D:\dwbcd\DWB\lib\tix8.2\pref\Makefile --> germa93 /home/burch/DWB/lib/tix8.2/pref Makefile
2002.11.19 17:10 B D:\dwbcd\DWB\lib\tix8.2\pref\Old12Pt.fs --> germa93 /home/burch/DWB/lib/tix8.2/pref Old12Pt.fs
2002.11.19 17:10 B D:\dwbcd\DWB\lib\tix8.2\pref\Old14Pt.fs --> germa93 /home/burch/DWB/lib/tix8.2/pref Old14Pt.fs
2002.11.19 17:10 B D:\dwbcd\DWB\lib\tix8.2\pref\SGIGray.cs --> germa93 /home/burch/DWB/lib/tix8.2/pref SGIGray.cs
2002.11.19 17:10 B D:\dwbcd\DWB\lib\tix8.2\pref\SGIGray.csc --> germa93 /home/burch/DWB/lib/tix8.2/pref SGIGray.csc
2002.11.19 17:10 B D:\dwbcd\DWB\lib\tix8.2\pref\TixGray.cs --> germa93 /home/burch/DWB/lib/tix8.2/pref TixGray.cs
2002.11.19 17:10 B D:\dwbcd\DWB\lib\tix8.2\pref\TixGray.csc --> germa93 /home/burch/DWB/lib/tix8.2/pref TixGray.csc
2002.11.19 17:11 B D:\dwbcd\DWB\lib\tix8.2\pref\tixmkpref --> germa93 /home/burch/DWB/lib/tix8.2/pref tixmkpref
2002.11.19 17:11 B D:\dwbcd\DWB\lib\tix8.2\pref\TK.cs --> germa93 /home/burch/DWB/lib/tix8.2/pref TK.cs
2002.11.19 17:11 B D:\dwbcd\DWB\lib\tix8.2\pref\TK.csc --> germa93 /home/burch/DWB/lib/tix8.2/pref TK.csc
2002.11.19 17:11 B D:\dwbcd\DWB\lib\tix8.2\pref\TK.fs --> germa93 /home/burch/DWB/lib/tix8.2/pref TK.fs
2002.11.19 17:11 B D:\dwbcd\DWB\lib\tix8.2\pref\TK.fsc --> germa93 /home/burch/DWB/lib/tix8.2/pref TK.fsc
2002.11.19 17:11 B D:\dwbcd\DWB\lib\tix8.2\pref\TkWin.cs --> germa93 /home/burch/DWB/lib/tix8.2/pref TkWin.cs
2002.11.19 17:11 B D:\dwbcd\DWB\lib\tix8.2\pref\TkWin.csc --> germa93 /home/burch/DWB/lib/tix8.2/pref TkWin.csc
2002.11.19 17:11 B D:\dwbcd\DWB\lib\tix8.2\pref\TkWin.fs --> germa93 /home/burch/DWB/lib/tix8.2/pref TkWin.fs
2002.11.19 17:11 B D:\dwbcd\DWB\lib\tix8.2\pref\TkWin.fsc --> germa93 /home/burch/DWB/lib/tix8.2/pref TkWin.fsc
2002.11.19 17:11 B D:\dwbcd\DWB\lib\tix8.2\pref\WS_FTP.LOG --> germa93 /home/burch/DWB/lib/tix8.2/pref WS_FTP.LOG
2002.12.13 19:01 B D:\dwbcd\DWB\lib\tix8.2\pref\12Point.fs --> germa64 /home/burch/Projekte/Grimm/BetaCDROM/lib/tix8.2/pref 12Point.fs
2002.12.13 19:01 B D:\dwbcd\DWB\lib\tix8.2\pref\12Point.fsc --> germa64 /home/burch/Projekte/Grimm/BetaCDROM/lib/tix8.2/pref 12Point.fsc
2002.12.13 19:01 B D:\dwbcd\DWB\lib\tix8.2\pref\14Point.fs --> germa64 /home/burch/Projekte/Grimm/BetaCDROM/lib/tix8.2/pref 14Point.fs
2002.12.13 19:01 B D:\dwbcd\DWB\lib\tix8.2\pref\14Point.fsc --> germa64 /home/burch/Projekte/Grimm/BetaCDROM/lib/tix8.2/pref 14Point.fsc
2002.12.13 19:01 B D:\dwbcd\DWB\lib\tix8.2\pref\Bisque.cs --> germa64 /home/burch/Projekte/Grimm/BetaCDROM/lib/tix8.2/pref Bisque.cs
2002.12.13 19:01 B D:\dwbcd\DWB\lib\tix8.2\pref\Bisque.csc --> germa64 /home/burch/Projekte/Grimm/BetaCDROM/lib/tix8.2/pref Bisque.csc
2002.12.13 19:01 B D:\dwbcd\DWB\lib\tix8.2\pref\Blue.cs --> germa64 /home/burch/Projekte/Grimm/BetaCDROM/lib/tix8.2/pref Blue.cs
2002.12.13 19:01 B D:\dwbcd\DWB\lib\tix8.2\pref\Blue.csc --> germa64 /home/burch/Projekte/Grimm/BetaCDROM/lib/tix8.2/pref Blue.csc
2002.12.13 19:01 B D:\dwbcd\DWB\lib\tix8.2\pref\Gray.cs --> germa64 /home/burch/Projekte/Grimm/BetaCDROM/lib/tix8.2/pref Gray.cs
2002.12.13 19:01 B D:\dwbcd\DWB\lib\tix8.2\pref\Gray.csc --> germa64 /home/burch/Projekte/Grimm/BetaCDROM/lib/tix8.2/pref Gray.csc
2002.12.13 19:01 B D:\dwbcd\DWB\lib\tix8.2\pref\Makefile --> germa64 /home/burch/Projekte/Grimm/BetaCDROM/lib/tix8.2/pref Makefile
2002.12.13 19:01 B D:\dwbcd\DWB\lib\tix8.2\pref\Old12Pt.fs --> germa64 /home/burch/Projekte/Grimm/BetaCDROM/lib/tix8.2/pref Old12Pt.fs
2002.12.13 19:01 B D:\dwbcd\DWB\lib\tix8.2\pref\Old14Pt.fs --> germa64 /home/burch/Projekte/Grimm/BetaCDROM/lib/tix8.2/pref Old14Pt.fs
2002.12.13 19:01 B D:\dwbcd\DWB\lib\tix8.2\pref\SGIGray.cs --> germa64 /home/burch/Projekte/Grimm/BetaCDROM/lib/tix8.2/pref SGIGray.cs
2002.12.13 19:01 B D:\dwbcd\DWB\lib\tix8.2\pref\SGIGray.csc --> germa64 /home/burch/Projekte/Grimm/BetaCDROM/lib/tix8.2/pref SGIGray.csc
2002.12.13 19:01 B D:\dwbcd\DWB\lib\tix8.2\pref\TixGray.cs --> germa64 /home/burch/Projekte/Grimm/BetaCDROM/lib/tix8.2/pref TixGray.cs
2002.12.13 19:01 B D:\dwbcd\DWB\lib\tix8.2\pref\TixGray.csc --> germa64 /home/burch/Projekte/Grimm/BetaCDROM/lib/tix8.2/pref TixGray.csc
2002.12.13 19:01 B D:\dwbcd\DWB\lib\tix8.2\pref\tixmkpref --> germa64 /home/burch/Projekte/Grimm/BetaCDROM/lib/tix8.2/pref tixmkpref
2002.12.13 19:01 B D:\dwbcd\DWB\lib\tix8.2\pref\TK.cs --> germa64 /home/burch/Projekte/Grimm/BetaCDROM/lib/tix8.2/pref TK.cs
2002.12.13 19:01 B D:\dwbcd\DWB\lib\tix8.2\pref\TK.csc --> germa64 /home/burch/Projekte/Grimm/BetaCDROM/lib/tix8.2/pref TK.csc
2002.12.13 19:01 B D:\dwbcd\DWB\lib\tix8.2\pref\TK.fs --> germa64 /home/burch/Projekte/Grimm/BetaCDROM/lib/tix8.2/pref TK.fs
2002.12.13 19:01 B D:\dwbcd\DWB\lib\tix8.2\pref\TK.fsc --> germa64 /home/burch/Projekte/Grimm/BetaCDROM/lib/tix8.2/pref TK.fsc
2002.12.13 19:01 B D:\dwbcd\DWB\lib\tix8.2\pref\TkWin.cs --> germa64 /home/burch/Projekte/Grimm/BetaCDROM/lib/tix8.2/pref TkWin.cs
2002.12.13 19:01 B D:\dwbcd\DWB\lib\tix8.2\pref\TkWin.csc --> germa64 /home/burch/Projekte/Grimm/BetaCDROM/lib/tix8.2/pref TkWin.csc
2002.12.13 19:01 B D:\dwbcd\DWB\lib\tix8.2\pref\TkWin.fs --> germa64 /home/burch/Projekte/Grimm/BetaCDROM/lib/tix8.2/pref TkWin.fs
2002.12.13 19:01 B D:\dwbcd\DWB\lib\tix8.2\pref\TkWin.fsc --> germa64 /home/burch/Projekte/Grimm/BetaCDROM/lib/tix8.2/pref TkWin.fsc
2002.12.13 19:01 B D:\dwbcd\DWB\lib\tix8.2\pref\WS_FTP.LOG --> germa64 /home/burch/Projekte/Grimm/BetaCDROM/lib/tix8.2/pref WS_FTP.LOG
2002.12.30 17:42 B D:\dwbcd\DWB\lib\tix8.2\pref\12Point.fs --> germa64 /home/burch/germa63/dwbcd/DWB/lib/tix8.2/pref 12Point.fs
2002.12.30 17:42 B D:\dwbcd\DWB\lib\tix8.2\pref\12Point.fsc --> germa64 /home/burch/germa63/dwbcd/DWB/lib/tix8.2/pref 12Point.fsc
2002.12.30 17:42 B D:\dwbcd\DWB\lib\tix8.2\pref\14Point.fs --> germa64 /home/burch/germa63/dwbcd/DWB/lib/tix8.2/pref 14Point.fs
2002.12.30 17:42 B D:\dwbcd\DWB\lib\tix8.2\pref\14Point.fsc --> germa64 /home/burch/germa63/dwbcd/DWB/lib/tix8.2/pref 14Point.fsc
2002.12.30 17:42 B D:\dwbcd\DWB\lib\tix8.2\pref\Bisque.cs --> germa64 /home/burch/germa63/dwbcd/DWB/lib/tix8.2/pref Bisque.cs
2002.12.30 17:42 B D:\dwbcd\DWB\lib\tix8.2\pref\Bisque.csc --> germa64 /home/burch/germa63/dwbcd/DWB/lib/tix8.2/pref Bisque.csc
2002.12.30 17:42 B D:\dwbcd\DWB\lib\tix8.2\pref\Blue.cs --> germa64 /home/burch/germa63/dwbcd/DWB/lib/tix8.2/pref Blue.cs
2002.12.30 17:42 B D:\dwbcd\DWB\lib\tix8.2\pref\Blue.csc --> germa64 /home/burch/germa63/dwbcd/DWB/lib/tix8.2/pref Blue.csc
2002.12.30 17:42 B D:\dwbcd\DWB\lib\tix8.2\pref\Gray.cs --> germa64 /home/burch/germa63/dwbcd/DWB/lib/tix8.2/pref Gray.cs
2002.12.30 17:42 B D:\dwbcd\DWB\lib\tix8.2\pref\Gray.csc --> germa64 /home/burch/germa63/dwbcd/DWB/lib/tix8.2/pref Gray.csc
2002.12.30 17:42 B D:\dwbcd\DWB\lib\tix8.2\pref\Makefile --> germa64 /home/burch/germa63/dwbcd/DWB/lib/tix8.2/pref Makefile
2002.12.30 17:42 B D:\dwbcd\DWB\lib\tix8.2\pref\Old12Pt.fs --> germa64 /home/burch/germa63/dwbcd/DWB/lib/tix8.2/pref Old12Pt.fs
2002.12.30 17:43 B D:\dwbcd\DWB\lib\tix8.2\pref\Old14Pt.fs --> germa64 /home/burch/germa63/dwbcd/DWB/lib/tix8.2/pref Old14Pt.fs
2002.12.30 17:43 B D:\dwbcd\DWB\lib\tix8.2\pref\SGIGray.cs --> germa64 /home/burch/germa63/dwbcd/DWB/lib/tix8.2/pref SGIGray.cs
2002.12.30 17:43 B D:\dwbcd\DWB\lib\tix8.2\pref\SGIGray.csc --> germa64 /home/burch/germa63/dwbcd/DWB/lib/tix8.2/pref SGIGray.csc
2002.12.30 17:43 B D:\dwbcd\DWB\lib\tix8.2\pref\TixGray.cs --> germa64 /home/burch/germa63/dwbcd/DWB/lib/tix8.2/pref TixGray.cs
2002.12.30 17:43 B D:\dwbcd\DWB\lib\tix8.2\pref\TixGray.csc --> germa64 /home/burch/germa63/dwbcd/DWB/lib/tix8.2/pref TixGray.csc
2002.12.30 17:43 B D:\dwbcd\DWB\lib\tix8.2\pref\tixmkpref --> germa64 /home/burch/germa63/dwbcd/DWB/lib/tix8.2/pref tixmkpref
2002.12.30 17:43 B D:\dwbcd\DWB\lib\tix8.2\pref\TK.cs --> germa64 /home/burch/germa63/dwbcd/DWB/lib/tix8.2/pref TK.cs
2002.12.30 17:43 B D:\dwbcd\DWB\lib\tix8.2\pref\TK.csc --> germa64 /home/burch/germa63/dwbcd/DWB/lib/tix8.2/pref TK.csc
2002.12.30 17:43 B D:\dwbcd\DWB\lib\tix8.2\pref\TK.fs --> germa64 /home/burch/germa63/dwbcd/DWB/lib/tix8.2/pref TK.fs
2002.12.30 17:43 B D:\dwbcd\DWB\lib\tix8.2\pref\TK.fsc --> germa64 /home/burch/germa63/dwbcd/DWB/lib/tix8.2/pref TK.fsc
2002.12.30 17:43 B D:\dwbcd\DWB\lib\tix8.2\pref\TkWin.cs --> germa64 /home/burch/germa63/dwbcd/DWB/lib/tix8.2/pref TkWin.cs
2002.12.30 17:43 B D:\dwbcd\DWB\lib\tix8.2\pref\TkWin.csc --> germa64 /home/burch/germa63/dwbcd/DWB/lib/tix8.2/pref TkWin.csc
2002.12.30 17:43 B D:\dwbcd\DWB\lib\tix8.2\pref\TkWin.fs --> germa64 /home/burch/germa63/dwbcd/DWB/lib/tix8.2/pref TkWin.fs
2002.12.30 17:43 B D:\dwbcd\DWB\lib\tix8.2\pref\TkWin.fsc --> germa64 /home/burch/germa63/dwbcd/DWB/lib/tix8.2/pref TkWin.fsc
2002.12.30 17:43 B D:\dwbcd\DWB\lib\tix8.2\pref\WS_FTP.LOG --> germa64 /home/burch/germa63/dwbcd/DWB/lib/tix8.2/pref WS_FTP.LOG
2003.09.09 13:55 B D:\dwbcd\DWB\lib\tix8.2\pref\12Point.fs --> germa93 /home/burch/DWB/windows/lib/tix8.2/pref 12Point.fs
2003.09.09 13:55 B D:\dwbcd\DWB\lib\tix8.2\pref\12Point.fsc --> germa93 /home/burch/DWB/windows/lib/tix8.2/pref 12Point.fsc
2003.09.09 13:55 B D:\dwbcd\DWB\lib\tix8.2\pref\14Point.fs --> germa93 /home/burch/DWB/windows/lib/tix8.2/pref 14Point.fs
2003.09.09 13:55 B D:\dwbcd\DWB\lib\tix8.2\pref\14Point.fsc --> germa93 /home/burch/DWB/windows/lib/tix8.2/pref 14Point.fsc
2003.09.09 13:55 B D:\dwbcd\DWB\lib\tix8.2\pref\Bisque.cs --> germa93 /home/burch/DWB/windows/lib/tix8.2/pref Bisque.cs
2003.09.09 13:55 B D:\dwbcd\DWB\lib\tix8.2\pref\Bisque.csc --> germa93 /home/burch/DWB/windows/lib/tix8.2/pref Bisque.csc
2003.09.09 13:55 B D:\dwbcd\DWB\lib\tix8.2\pref\Blue.cs --> germa93 /home/burch/DWB/windows/lib/tix8.2/pref Blue.cs
2003.09.09 13:55 B D:\dwbcd\DWB\lib\tix8.2\pref\Blue.csc --> germa93 /home/burch/DWB/windows/lib/tix8.2/pref Blue.csc
2003.09.09 13:55 B D:\dwbcd\DWB\lib\tix8.2\pref\Gray.cs --> germa93 /home/burch/DWB/windows/lib/tix8.2/pref Gray.cs
2003.09.09 13:55 B D:\dwbcd\DWB\lib\tix8.2\pref\Gray.csc --> germa93 /home/burch/DWB/windows/lib/tix8.2/pref Gray.csc
2003.09.09 13:55 B D:\dwbcd\DWB\lib\tix8.2\pref\Makefile --> germa93 /home/burch/DWB/windows/lib/tix8.2/pref Makefile
2003.09.09 13:55 B D:\dwbcd\DWB\lib\tix8.2\pref\Old12Pt.fs --> germa93 /home/burch/DWB/windows/lib/tix8.2/pref Old12Pt.fs
2003.09.09 13:55 B D:\dwbcd\DWB\lib\tix8.2\pref\Old14Pt.fs --> germa93 /home/burch/DWB/windows/lib/tix8.2/pref Old14Pt.fs
2003.09.09 13:55 B D:\dwbcd\DWB\lib\tix8.2\pref\SGIGray.cs --> germa93 /home/burch/DWB/windows/lib/tix8.2/pref SGIGray.cs
2003.09.09 13:55 B D:\dwbcd\DWB\lib\tix8.2\pref\SGIGray.csc --> germa93 /home/burch/DWB/windows/lib/tix8.2/pref SGIGray.csc
2003.09.09 13:55 B D:\dwbcd\DWB\lib\tix8.2\pref\TixGray.cs --> germa93 /home/burch/DWB/windows/lib/tix8.2/pref TixGray.cs
2003.09.09 13:55 B D:\dwbcd\DWB\lib\tix8.2\pref\TixGray.csc --> germa93 /home/burch/DWB/windows/lib/tix8.2/pref TixGray.csc
2003.09.09 13:55 B D:\dwbcd\DWB\lib\tix8.2\pref\tixmkpref --> germa93 /home/burch/DWB/windows/lib/tix8.2/pref tixmkpref
2003.09.09 13:55 B D:\dwbcd\DWB\lib\tix8.2\pref\TK.cs --> germa93 /home/burch/DWB/windows/lib/tix8.2/pref TK.cs
2003.09.09 13:55 B D:\dwbcd\DWB\lib\tix8.2\pref\TK.csc --> germa93 /home/burch/DWB/windows/lib/tix8.2/pref TK.csc
2003.09.09 13:55 B D:\dwbcd\DWB\lib\tix8.2\pref\TK.fs --> germa93 /home/burch/DWB/windows/lib/tix8.2/pref TK.fs
2003.09.09 13:55 B D:\dwbcd\DWB\lib\tix8.2\pref\TK.fsc --> germa93 /home/burch/DWB/windows/lib/tix8.2/pref TK.fsc
2003.09.09 13:55 B D:\dwbcd\DWB\lib\tix8.2\pref\TkWin.cs --> germa93 /home/burch/DWB/windows/lib/tix8.2/pref TkWin.cs
2003.09.09 13:55 B D:\dwbcd\DWB\lib\tix8.2\pref\TkWin.csc --> germa93 /home/burch/DWB/windows/lib/tix8.2/pref TkWin.csc
2003.09.09 13:55 B D:\dwbcd\DWB\lib\tix8.2\pref\TkWin.fs --> germa93 /home/burch/DWB/windows/lib/tix8.2/pref TkWin.fs
2003.09.09 13:55 B D:\dwbcd\DWB\lib\tix8.2\pref\TkWin.fsc --> germa93 /home/burch/DWB/windows/lib/tix8.2/pref TkWin.fsc
2003.09.09 13:55 B D:\dwbcd\DWB\lib\tix8.2\pref\WS_FTP.LOG --> germa93 /home/burch/DWB/windows/lib/tix8.2/pref WS_FTP.LOG
2003.11.20 14:36 B D:\dwbcd\DWB\lib\tix8.2\pref\12Point.fs --> germa64 /home/burch/Projekte/Grimm/CDROM/windows/lib/tix8.2/pref 12Point.fs
2003.11.20 14:36 B D:\dwbcd\DWB\lib\tix8.2\pref\12Point.fsc --> germa64 /home/burch/Projekte/Grimm/CDROM/windows/lib/tix8.2/pref 12Point.fsc
2003.11.20 14:36 B D:\dwbcd\DWB\lib\tix8.2\pref\14Point.fs --> germa64 /home/burch/Projekte/Grimm/CDROM/windows/lib/tix8.2/pref 14Point.fs
2003.11.20 14:36 B D:\dwbcd\DWB\lib\tix8.2\pref\14Point.fsc --> germa64 /home/burch/Projekte/Grimm/CDROM/windows/lib/tix8.2/pref 14Point.fsc
2003.11.20 14:36 B D:\dwbcd\DWB\lib\tix8.2\pref\Bisque.cs --> germa64 /home/burch/Projekte/Grimm/CDROM/windows/lib/tix8.2/pref Bisque.cs
2003.11.20 14:36 B D:\dwbcd\DWB\lib\tix8.2\pref\Bisque.csc --> germa64 /home/burch/Projekte/Grimm/CDROM/windows/lib/tix8.2/pref Bisque.csc
2003.11.20 14:36 B D:\dwbcd\DWB\lib\tix8.2\pref\Blue.cs --> germa64 /home/burch/Projekte/Grimm/CDROM/windows/lib/tix8.2/pref Blue.cs
2003.11.20 14:36 B D:\dwbcd\DWB\lib\tix8.2\pref\Blue.csc --> germa64 /home/burch/Projekte/Grimm/CDROM/windows/lib/tix8.2/pref Blue.csc
2003.11.20 14:36 B D:\dwbcd\DWB\lib\tix8.2\pref\Gray.cs --> germa64 /home/burch/Projekte/Grimm/CDROM/windows/lib/tix8.2/pref Gray.cs
2003.11.20 14:36 B D:\dwbcd\DWB\lib\tix8.2\pref\Gray.csc --> germa64 /home/burch/Projekte/Grimm/CDROM/windows/lib/tix8.2/pref Gray.csc
2003.11.20 14:36 B D:\dwbcd\DWB\lib\tix8.2\pref\Makefile --> germa64 /home/burch/Projekte/Grimm/CDROM/windows/lib/tix8.2/pref Makefile
2003.11.20 14:36 B D:\dwbcd\DWB\lib\tix8.2\pref\Old12Pt.fs --> germa64 /home/burch/Projekte/Grimm/CDROM/windows/lib/tix8.2/pref Old12Pt.fs
2003.11.20 14:36 B D:\dwbcd\DWB\lib\tix8.2\pref\Old14Pt.fs --> germa64 /home/burch/Projekte/Grimm/CDROM/windows/lib/tix8.2/pref Old14Pt.fs
2003.11.20 14:36 B D:\dwbcd\DWB\lib\tix8.2\pref\SGIGray.cs --> germa64 /home/burch/Projekte/Grimm/CDROM/windows/lib/tix8.2/pref SGIGray.cs
2003.11.20 14:36 B D:\dwbcd\DWB\lib\tix8.2\pref\SGIGray.csc --> germa64 /home/burch/Projekte/Grimm/CDROM/windows/lib/tix8.2/pref SGIGray.csc
2003.11.20 14:36 B D:\dwbcd\DWB\lib\tix8.2\pref\TixGray.cs --> germa64 /home/burch/Projekte/Grimm/CDROM/windows/lib/tix8.2/pref TixGray.cs
2003.11.20 14:36 B D:\dwbcd\DWB\lib\tix8.2\pref\TixGray.csc --> germa64 /home/burch/Projekte/Grimm/CDROM/windows/lib/tix8.2/pref TixGray.csc
2003.11.20 14:36 B D:\dwbcd\DWB\lib\tix8.2\pref\tixmkpref --> germa64 /home/burch/Projekte/Grimm/CDROM/windows/lib/tix8.2/pref tixmkpref
2003.11.20 14:36 B D:\dwbcd\DWB\lib\tix8.2\pref\TK.cs --> germa64 /home/burch/Projekte/Grimm/CDROM/windows/lib/tix8.2/pref TK.cs
2003.11.20 14:36 B D:\dwbcd\DWB\lib\tix8.2\pref\TK.csc --> germa64 /home/burch/Projekte/Grimm/CDROM/windows/lib/tix8.2/pref TK.csc
2003.11.20 14:36 B D:\dwbcd\DWB\lib\tix8.2\pref\TK.fs --> germa64 /home/burch/Projekte/Grimm/CDROM/windows/lib/tix8.2/pref TK.fs
2003.11.20 14:36 B D:\dwbcd\DWB\lib\tix8.2\pref\TK.fsc --> germa64 /home/burch/Projekte/Grimm/CDROM/windows/lib/tix8.2/pref TK.fsc
2003.11.20 14:36 B D:\dwbcd\DWB\lib\tix8.2\pref\TkWin.cs --> germa64 /home/burch/Projekte/Grimm/CDROM/windows/lib/tix8.2/pref TkWin.cs
2003.11.20 14:36 B D:\dwbcd\DWB\lib\tix8.2\pref\TkWin.csc --> germa64 /home/burch/Projekte/Grimm/CDROM/windows/lib/tix8.2/pref TkWin.csc
2003.11.20 14:36 B D:\dwbcd\DWB\lib\tix8.2\pref\TkWin.fs --> germa64 /home/burch/Projekte/Grimm/CDROM/windows/lib/tix8.2/pref TkWin.fs
2003.11.20 14:36 B D:\dwbcd\DWB\lib\tix8.2\pref\TkWin.fsc --> germa64 /home/burch/Projekte/Grimm/CDROM/windows/lib/tix8.2/pref TkWin.fsc
2003.11.20 14:36 B D:\dwbcd\DWB\lib\tix8.2\pref\WS_FTP.LOG --> germa64 /home/burch/Projekte/Grimm/CDROM/windows/lib/tix8.2/pref WS_FTP.LOG
2004.01.14 13:48 B D:\dwbcd\DWB\lib\tix8.2\pref\12Point.fs --> germa64 /home/burch/Backups/germa63/dwbcd/DWB/lib/tix8.2/pref 12Point.fs
2004.01.14 13:48 B D:\dwbcd\DWB\lib\tix8.2\pref\12Point.fsc --> germa64 /home/burch/Backups/germa63/dwbcd/DWB/lib/tix8.2/pref 12Point.fsc
2004.01.14 13:48 B D:\dwbcd\DWB\lib\tix8.2\pref\14Point.fs --> germa64 /home/burch/Backups/germa63/dwbcd/DWB/lib/tix8.2/pref 14Point.fs
2004.01.14 13:48 B D:\dwbcd\DWB\lib\tix8.2\pref\14Point.fsc --> germa64 /home/burch/Backups/germa63/dwbcd/DWB/lib/tix8.2/pref 14Point.fsc
2004.01.14 13:48 B D:\dwbcd\DWB\lib\tix8.2\pref\Bisque.cs --> germa64 /home/burch/Backups/germa63/dwbcd/DWB/lib/tix8.2/pref Bisque.cs
2004.01.14 13:48 B D:\dwbcd\DWB\lib\tix8.2\pref\Bisque.csc --> germa64 /home/burch/Backups/germa63/dwbcd/DWB/lib/tix8.2/pref Bisque.csc
2004.01.14 13:48 B D:\dwbcd\DWB\lib\tix8.2\pref\Blue.cs --> germa64 /home/burch/Backups/germa63/dwbcd/DWB/lib/tix8.2/pref Blue.cs
2004.01.14 13:48 B D:\dwbcd\DWB\lib\tix8.2\pref\Blue.csc --> germa64 /home/burch/Backups/germa63/dwbcd/DWB/lib/tix8.2/pref Blue.csc
2004.01.14 13:48 B D:\dwbcd\DWB\lib\tix8.2\pref\Gray.cs --> germa64 /home/burch/Backups/germa63/dwbcd/DWB/lib/tix8.2/pref Gray.cs
2004.01.14 13:48 B D:\dwbcd\DWB\lib\tix8.2\pref\Gray.csc --> germa64 /home/burch/Backups/germa63/dwbcd/DWB/lib/tix8.2/pref Gray.csc
2004.01.14 13:48 B D:\dwbcd\DWB\lib\tix8.2\pref\Makefile --> germa64 /home/burch/Backups/germa63/dwbcd/DWB/lib/tix8.2/pref Makefile
2004.01.14 13:48 B D:\dwbcd\DWB\lib\tix8.2\pref\Old12Pt.fs --> germa64 /home/burch/Backups/germa63/dwbcd/DWB/lib/tix8.2/pref Old12Pt.fs
2004.01.14 13:48 B D:\dwbcd\DWB\lib\tix8.2\pref\Old14Pt.fs --> germa64 /home/burch/Backups/germa63/dwbcd/DWB/lib/tix8.2/pref Old14Pt.fs
2004.01.14 13:48 B D:\dwbcd\DWB\lib\tix8.2\pref\SGIGray.cs --> germa64 /home/burch/Backups/germa63/dwbcd/DWB/lib/tix8.2/pref SGIGray.cs
2004.01.14 13:48 B D:\dwbcd\DWB\lib\tix8.2\pref\SGIGray.csc --> germa64 /home/burch/Backups/germa63/dwbcd/DWB/lib/tix8.2/pref SGIGray.csc
2004.01.14 13:48 B D:\dwbcd\DWB\lib\tix8.2\pref\TixGray.cs --> germa64 /home/burch/Backups/germa63/dwbcd/DWB/lib/tix8.2/pref TixGray.cs
2004.01.14 13:48 B D:\dwbcd\DWB\lib\tix8.2\pref\TixGray.csc --> germa64 /home/burch/Backups/germa63/dwbcd/DWB/lib/tix8.2/pref TixGray.csc
2004.01.14 13:48 B D:\dwbcd\DWB\lib\tix8.2\pref\tixmkpref --> germa64 /home/burch/Backups/germa63/dwbcd/DWB/lib/tix8.2/pref tixmkpref
2004.01.14 13:48 B D:\dwbcd\DWB\lib\tix8.2\pref\TK.cs --> germa64 /home/burch/Backups/germa63/dwbcd/DWB/lib/tix8.2/pref TK.cs
2004.01.14 13:48 B D:\dwbcd\DWB\lib\tix8.2\pref\TK.csc --> germa64 /home/burch/Backups/germa63/dwbcd/DWB/lib/tix8.2/pref TK.csc
2004.01.14 13:48 B D:\dwbcd\DWB\lib\tix8.2\pref\TK.fs --> germa64 /home/burch/Backups/germa63/dwbcd/DWB/lib/tix8.2/pref TK.fs
2004.01.14 13:48 B D:\dwbcd\DWB\lib\tix8.2\pref\TK.fsc --> germa64 /home/burch/Backups/germa63/dwbcd/DWB/lib/tix8.2/pref TK.fsc
2004.01.14 13:48 B D:\dwbcd\DWB\lib\tix8.2\pref\TkWin.cs --> germa64 /home/burch/Backups/germa63/dwbcd/DWB/lib/tix8.2/pref TkWin.cs
2004.01.14 13:48 B D:\dwbcd\DWB\lib\tix8.2\pref\TkWin.csc --> germa64 /home/burch/Backups/germa63/dwbcd/DWB/lib/tix8.2/pref TkWin.csc
2004.01.14 13:48 B D:\dwbcd\DWB\lib\tix8.2\pref\TkWin.fs --> germa64 /home/burch/Backups/germa63/dwbcd/DWB/lib/tix8.2/pref TkWin.fs
2004.01.14 13:48 B D:\dwbcd\DWB\lib\tix8.2\pref\TkWin.fsc --> germa64 /home/burch/Backups/germa63/dwbcd/DWB/lib/tix8.2/pref TkWin.fsc
2004.01.14 19:24 B D:\dwbcd\DWB\lib\tix8.2\pref\WS_FTP.LOG <-- germa64 /home/burch/Backups/germa63/dwbcd/DWB/lib/tix8.2/pref WS_FTP.LOG
2004.04.01 11:47 B D:\dwbcd\DWB\lib\tix8.2\pref\12Point.fs --> germa64 /home/burch/Projekte/HinUndHer/dwb/lib/tix8.2/pref 12Point.fs
2004.04.01 11:47 B D:\dwbcd\DWB\lib\tix8.2\pref\12Point.fsc --> germa64 /home/burch/Projekte/HinUndHer/dwb/lib/tix8.2/pref 12Point.fsc
2004.04.01 11:47 B D:\dwbcd\DWB\lib\tix8.2\pref\14Point.fs --> germa64 /home/burch/Projekte/HinUndHer/dwb/lib/tix8.2/pref 14Point.fs
2004.04.01 11:47 B D:\dwbcd\DWB\lib\tix8.2\pref\14Point.fsc --> germa64 /home/burch/Projekte/HinUndHer/dwb/lib/tix8.2/pref 14Point.fsc
2004.04.01 11:47 B D:\dwbcd\DWB\lib\tix8.2\pref\Bisque.cs --> germa64 /home/burch/Projekte/HinUndHer/dwb/lib/tix8.2/pref Bisque.cs
2004.04.01 11:47 B D:\dwbcd\DWB\lib\tix8.2\pref\Bisque.csc --> germa64 /home/burch/Projekte/HinUndHer/dwb/lib/tix8.2/pref Bisque.csc
2004.04.01 11:47 B D:\dwbcd\DWB\lib\tix8.2\pref\Blue.cs --> germa64 /home/burch/Projekte/HinUndHer/dwb/lib/tix8.2/pref Blue.cs
2004.04.01 11:47 B D:\dwbcd\DWB\lib\tix8.2\pref\Blue.csc --> germa64 /home/burch/Projekte/HinUndHer/dwb/lib/tix8.2/pref Blue.csc
2004.04.01 11:47 B D:\dwbcd\DWB\lib\tix8.2\pref\Gray.cs --> germa64 /home/burch/Projekte/HinUndHer/dwb/lib/tix8.2/pref Gray.cs
2004.04.01 11:47 B D:\dwbcd\DWB\lib\tix8.2\pref\Gray.csc --> germa64 /home/burch/Projekte/HinUndHer/dwb/lib/tix8.2/pref Gray.csc
2004.04.01 11:47 B D:\dwbcd\DWB\lib\tix8.2\pref\Makefile --> germa64 /home/burch/Projekte/HinUndHer/dwb/lib/tix8.2/pref Makefile
2004.04.01 11:47 B D:\dwbcd\DWB\lib\tix8.2\pref\Old12Pt.fs --> germa64 /home/burch/Projekte/HinUndHer/dwb/lib/tix8.2/pref Old12Pt.fs
2004.04.01 11:47 B D:\dwbcd\DWB\lib\tix8.2\pref\Old14Pt.fs --> germa64 /home/burch/Projekte/HinUndHer/dwb/lib/tix8.2/pref Old14Pt.fs
2004.04.01 11:47 B D:\dwbcd\DWB\lib\tix8.2\pref\SGIGray.cs --> germa64 /home/burch/Projekte/HinUndHer/dwb/lib/tix8.2/pref SGIGray.cs
2004.04.01 11:47 B D:\dwbcd\DWB\lib\tix8.2\pref\SGIGray.csc --> germa64 /home/burch/Projekte/HinUndHer/dwb/lib/tix8.2/pref SGIGray.csc
2004.04.01 11:47 B D:\dwbcd\DWB\lib\tix8.2\pref\TixGray.cs --> germa64 /home/burch/Projekte/HinUndHer/dwb/lib/tix8.2/pref TixGray.cs
2004.04.01 11:47 B D:\dwbcd\DWB\lib\tix8.2\pref\TixGray.csc --> germa64 /home/burch/Projekte/HinUndHer/dwb/lib/tix8.2/pref TixGray.csc
2004.04.01 11:47 B D:\dwbcd\DWB\lib\tix8.2\pref\tixmkpref --> germa64 /home/burch/Projekte/HinUndHer/dwb/lib/tix8.2/pref tixmkpref
2004.04.01 11:47 B D:\dwbcd\DWB\lib\tix8.2\pref\TK.cs --> germa64 /home/burch/Projekte/HinUndHer/dwb/lib/tix8.2/pref TK.cs
2004.04.01 11:47 B D:\dwbcd\DWB\lib\tix8.2\pref\TK.csc --> germa64 /home/burch/Projekte/HinUndHer/dwb/lib/tix8.2/pref TK.csc
2004.04.01 11:47 B D:\dwbcd\DWB\lib\tix8.2\pref\TK.fs --> germa64 /home/burch/Projekte/HinUndHer/dwb/lib/tix8.2/pref TK.fs
2004.04.01 11:47 B D:\dwbcd\DWB\lib\tix8.2\pref\TK.fsc --> germa64 /home/burch/Projekte/HinUndHer/dwb/lib/tix8.2/pref TK.fsc
2004.04.01 11:47 B D:\dwbcd\DWB\lib\tix8.2\pref\TkWin.cs --> germa64 /home/burch/Projekte/HinUndHer/dwb/lib/tix8.2/pref TkWin.cs
2004.04.01 11:47 B D:\dwbcd\DWB\lib\tix8.2\pref\TkWin.csc --> germa64 /home/burch/Projekte/HinUndHer/dwb/lib/tix8.2/pref TkWin.csc
2004.04.01 11:47 B D:\dwbcd\DWB\lib\tix8.2\pref\TkWin.fs --> germa64 /home/burch/Projekte/HinUndHer/dwb/lib/tix8.2/pref TkWin.fs
2004.04.01 11:47 B D:\dwbcd\DWB\lib\tix8.2\pref\TkWin.fsc --> germa64 /home/burch/Projekte/HinUndHer/dwb/lib/tix8.2/pref TkWin.fsc
2004.04.01 11:47 B D:\dwbcd\DWB\lib\tix8.2\pref\WS_FTP.LOG --> germa64 /home/burch/Projekte/HinUndHer/dwb/lib/tix8.2/pref WS_FTP.LOG
2004.04.27 14:38 B D:\dwbcd\DWB\lib\tix8.2\pref\12Point.fs --> germa64 /home/burch/Projekte/HinUndHer/lib/tix8.2/pref 12Point.fs
2004.04.27 14:38 B D:\dwbcd\DWB\lib\tix8.2\pref\12Point.fsc --> germa64 /home/burch/Projekte/HinUndHer/lib/tix8.2/pref 12Point.fsc
2004.04.27 14:38 B D:\dwbcd\DWB\lib\tix8.2\pref\14Point.fs --> germa64 /home/burch/Projekte/HinUndHer/lib/tix8.2/pref 14Point.fs
2004.04.27 14:38 B D:\dwbcd\DWB\lib\tix8.2\pref\14Point.fsc --> germa64 /home/burch/Projekte/HinUndHer/lib/tix8.2/pref 14Point.fsc
2004.04.27 14:38 B D:\dwbcd\DWB\lib\tix8.2\pref\Bisque.cs --> germa64 /home/burch/Projekte/HinUndHer/lib/tix8.2/pref Bisque.cs
2004.04.27 14:38 B D:\dwbcd\DWB\lib\tix8.2\pref\Bisque.csc --> germa64 /home/burch/Projekte/HinUndHer/lib/tix8.2/pref Bisque.csc
2004.04.27 14:38 B D:\dwbcd\DWB\lib\tix8.2\pref\Blue.cs --> germa64 /home/burch/Projekte/HinUndHer/lib/tix8.2/pref Blue.cs
2004.04.27 14:38 B D:\dwbcd\DWB\lib\tix8.2\pref\Blue.csc --> germa64 /home/burch/Projekte/HinUndHer/lib/tix8.2/pref Blue.csc
2004.04.27 14:38 B D:\dwbcd\DWB\lib\tix8.2\pref\Gray.cs --> germa64 /home/burch/Projekte/HinUndHer/lib/tix8.2/pref Gray.cs
2004.04.27 14:38 B D:\dwbcd\DWB\lib\tix8.2\pref\Gray.csc --> germa64 /home/burch/Projekte/HinUndHer/lib/tix8.2/pref Gray.csc
2004.04.27 14:38 B D:\dwbcd\DWB\lib\tix8.2\pref\Makefile --> germa64 /home/burch/Projekte/HinUndHer/lib/tix8.2/pref Makefile
2004.04.27 14:38 B D:\dwbcd\DWB\lib\tix8.2\pref\Old12Pt.fs --> germa64 /home/burch/Projekte/HinUndHer/lib/tix8.2/pref Old12Pt.fs
2004.04.27 14:38 B D:\dwbcd\DWB\lib\tix8.2\pref\Old14Pt.fs --> germa64 /home/burch/Projekte/HinUndHer/lib/tix8.2/pref Old14Pt.fs
2004.04.27 14:38 B D:\dwbcd\DWB\lib\tix8.2\pref\SGIGray.cs --> germa64 /home/burch/Projekte/HinUndHer/lib/tix8.2/pref SGIGray.cs
2004.04.27 14:38 B D:\dwbcd\DWB\lib\tix8.2\pref\SGIGray.csc --> germa64 /home/burch/Projekte/HinUndHer/lib/tix8.2/pref SGIGray.csc
2004.04.27 14:38 B D:\dwbcd\DWB\lib\tix8.2\pref\TixGray.cs --> germa64 /home/burch/Projekte/HinUndHer/lib/tix8.2/pref TixGray.cs
2004.04.27 14:38 B D:\dwbcd\DWB\lib\tix8.2\pref\TixGray.csc --> germa64 /home/burch/Projekte/HinUndHer/lib/tix8.2/pref TixGray.csc
2004.04.27 14:38 B D:\dwbcd\DWB\lib\tix8.2\pref\tixmkpref --> germa64 /home/burch/Projekte/HinUndHer/lib/tix8.2/pref tixmkpref
2004.04.27 14:38 B D:\dwbcd\DWB\lib\tix8.2\pref\TK.cs --> germa64 /home/burch/Projekte/HinUndHer/lib/tix8.2/pref TK.cs
2004.04.27 14:38 B D:\dwbcd\DWB\lib\tix8.2\pref\TK.csc --> germa64 /home/burch/Projekte/HinUndHer/lib/tix8.2/pref TK.csc
2004.04.27 14:38 B D:\dwbcd\DWB\lib\tix8.2\pref\TK.fs --> germa64 /home/burch/Projekte/HinUndHer/lib/tix8.2/pref TK.fs
2004.04.27 14:38 B D:\dwbcd\DWB\lib\tix8.2\pref\TK.fsc --> germa64 /home/burch/Projekte/HinUndHer/lib/tix8.2/pref TK.fsc
2004.04.27 14:38 B D:\dwbcd\DWB\lib\tix8.2\pref\TkWin.cs --> germa64 /home/burch/Projekte/HinUndHer/lib/tix8.2/pref TkWin.cs
2004.04.27 14:38 B D:\dwbcd\DWB\lib\tix8.2\pref\TkWin.csc --> germa64 /home/burch/Projekte/HinUndHer/lib/tix8.2/pref TkWin.csc
2004.04.27 14:38 B D:\dwbcd\DWB\lib\tix8.2\pref\TkWin.fs --> germa64 /home/burch/Projekte/HinUndHer/lib/tix8.2/pref TkWin.fs
2004.04.27 14:38 B D:\dwbcd\DWB\lib\tix8.2\pref\TkWin.fsc --> germa64 /home/burch/Projekte/HinUndHer/lib/tix8.2/pref TkWin.fsc
2004.04.27 14:38 B D:\dwbcd\DWB\lib\tix8.2\pref\WS_FTP.LOG --> germa64 /home/burch/Projekte/HinUndHer/lib/tix8.2/pref WS_FTP.LOG
