2003.09.09 13:55 B D:\dwbcd\DWB\lib\tktable2.8\basic.tcl --> germa93 /home/burch/DWB/windows/lib/tktable2.8 basic.tcl
2003.09.09 13:55 B D:\dwbcd\DWB\lib\tktable2.8\buttons.tcl --> germa93 /home/burch/DWB/windows/lib/tktable2.8 buttons.tcl
2003.09.09 13:55 B D:\dwbcd\DWB\lib\tktable2.8\command.tcl --> germa93 /home/burch/DWB/windows/lib/tktable2.8 command.tcl
2003.09.09 13:55 B D:\dwbcd\DWB\lib\tktable2.8\debug.tcl --> germa93 /home/burch/DWB/windows/lib/tktable2.8 debug.tcl
2003.09.09 13:55 B D:\dwbcd\DWB\lib\tktable2.8\dynarows.tcl --> germa93 /home/burch/DWB/windows/lib/tktable2.8 dynarows.tcl
2003.09.09 13:55 B D:\dwbcd\DWB\lib\tktable2.8\loadtable.tcl --> germa93 /home/burch/DWB/windows/lib/tktable2.8 loadtable.tcl
2003.09.09 13:55 B D:\dwbcd\DWB\lib\tktable2.8\maxsize.tcl --> germa93 /home/burch/DWB/windows/lib/tktable2.8 maxsize.tcl
2003.09.09 13:55 B D:\dwbcd\DWB\lib\tktable2.8\pkgIndex.tcl --> germa93 /home/burch/DWB/windows/lib/tktable2.8 pkgIndex.tcl
2003.09.09 13:55 B D:\dwbcd\DWB\lib\tktable2.8\spreadsheet.tcl --> germa93 /home/burch/DWB/windows/lib/tktable2.8 spreadsheet.tcl
2003.09.09 13:55 B D:\dwbcd\DWB\lib\tktable2.8\tcllogo.gif --> germa93 /home/burch/DWB/windows/lib/tktable2.8 tcllogo.gif
2003.09.09 13:55 B D:\dwbcd\DWB\lib\tktable2.8\tkTable.tcl --> germa93 /home/burch/DWB/windows/lib/tktable2.8 tkTable.tcl
2003.09.09 13:55 B D:\dwbcd\DWB\lib\tktable2.8\valid.tcl --> germa93 /home/burch/DWB/windows/lib/tktable2.8 valid.tcl
2003.09.09 14:16 B D:\dwbcd\DWB\lib\tktable2.8\WS_FTP.LOG --> germa93 /home/burch/DWB/windows/lib/tktable2.8 WS_FTP.LOG
2003.11.20 14:36 B D:\dwbcd\DWB\lib\tktable2.8\basic.tcl --> germa64 /home/burch/Projekte/Grimm/CDROM/windows/lib/tktable2.8 basic.tcl
2003.11.20 14:36 B D:\dwbcd\DWB\lib\tktable2.8\buttons.tcl --> germa64 /home/burch/Projekte/Grimm/CDROM/windows/lib/tktable2.8 buttons.tcl
2003.11.20 14:36 B D:\dwbcd\DWB\lib\tktable2.8\command.tcl --> germa64 /home/burch/Projekte/Grimm/CDROM/windows/lib/tktable2.8 command.tcl
2003.11.20 14:36 B D:\dwbcd\DWB\lib\tktable2.8\debug.tcl --> germa64 /home/burch/Projekte/Grimm/CDROM/windows/lib/tktable2.8 debug.tcl
2003.11.20 14:36 B D:\dwbcd\DWB\lib\tktable2.8\dynarows.tcl --> germa64 /home/burch/Projekte/Grimm/CDROM/windows/lib/tktable2.8 dynarows.tcl
2003.11.20 14:36 B D:\dwbcd\DWB\lib\tktable2.8\loadtable.tcl --> germa64 /home/burch/Projekte/Grimm/CDROM/windows/lib/tktable2.8 loadtable.tcl
2003.11.20 14:36 B D:\dwbcd\DWB\lib\tktable2.8\maxsize.tcl --> germa64 /home/burch/Projekte/Grimm/CDROM/windows/lib/tktable2.8 maxsize.tcl
2003.11.20 14:36 B D:\dwbcd\DWB\lib\tktable2.8\pkgIndex.tcl --> germa64 /home/burch/Projekte/Grimm/CDROM/windows/lib/tktable2.8 pkgIndex.tcl
2003.11.20 14:36 B D:\dwbcd\DWB\lib\tktable2.8\spreadsheet.tcl --> germa64 /home/burch/Projekte/Grimm/CDROM/windows/lib/tktable2.8 spreadsheet.tcl
2003.11.20 14:36 B D:\dwbcd\DWB\lib\tktable2.8\tcllogo.gif --> germa64 /home/burch/Projekte/Grimm/CDROM/windows/lib/tktable2.8 tcllogo.gif
2003.11.20 14:36 B D:\dwbcd\DWB\lib\tktable2.8\tkTable.tcl --> germa64 /home/burch/Projekte/Grimm/CDROM/windows/lib/tktable2.8 tkTable.tcl
2003.11.20 14:36 B D:\dwbcd\DWB\lib\tktable2.8\valid.tcl --> germa64 /home/burch/Projekte/Grimm/CDROM/windows/lib/tktable2.8 valid.tcl
2003.11.20 14:36 B D:\dwbcd\DWB\lib\tktable2.8\WS_FTP.LOG --> germa64 /home/burch/Projekte/Grimm/CDROM/windows/lib/tktable2.8 WS_FTP.LOG
2004.01.14 13:49 B D:\dwbcd\DWB\lib\tktable2.8\basic.tcl --> germa64 /home/burch/Backups/germa63/dwbcd/DWB/lib/tktable2.8 basic.tcl
2004.01.14 13:49 B D:\dwbcd\DWB\lib\tktable2.8\buttons.tcl --> germa64 /home/burch/Backups/germa63/dwbcd/DWB/lib/tktable2.8 buttons.tcl
2004.01.14 13:49 B D:\dwbcd\DWB\lib\tktable2.8\command.tcl --> germa64 /home/burch/Backups/germa63/dwbcd/DWB/lib/tktable2.8 command.tcl
2004.01.14 13:49 B D:\dwbcd\DWB\lib\tktable2.8\debug.tcl --> germa64 /home/burch/Backups/germa63/dwbcd/DWB/lib/tktable2.8 debug.tcl
2004.01.14 13:49 B D:\dwbcd\DWB\lib\tktable2.8\dynarows.tcl --> germa64 /home/burch/Backups/germa63/dwbcd/DWB/lib/tktable2.8 dynarows.tcl
2004.01.14 13:49 B D:\dwbcd\DWB\lib\tktable2.8\loadtable.tcl --> germa64 /home/burch/Backups/germa63/dwbcd/DWB/lib/tktable2.8 loadtable.tcl
2004.01.14 13:49 B D:\dwbcd\DWB\lib\tktable2.8\maxsize.tcl --> germa64 /home/burch/Backups/germa63/dwbcd/DWB/lib/tktable2.8 maxsize.tcl
2004.01.14 13:49 B D:\dwbcd\DWB\lib\tktable2.8\pkgIndex.tcl --> germa64 /home/burch/Backups/germa63/dwbcd/DWB/lib/tktable2.8 pkgIndex.tcl
2004.01.14 13:49 B D:\dwbcd\DWB\lib\tktable2.8\spreadsheet.tcl --> germa64 /home/burch/Backups/germa63/dwbcd/DWB/lib/tktable2.8 spreadsheet.tcl
2004.01.14 13:49 B D:\dwbcd\DWB\lib\tktable2.8\tcllogo.gif --> germa64 /home/burch/Backups/germa63/dwbcd/DWB/lib/tktable2.8 tcllogo.gif
2004.01.14 13:49 B D:\dwbcd\DWB\lib\tktable2.8\tkTable.tcl --> germa64 /home/burch/Backups/germa63/dwbcd/DWB/lib/tktable2.8 tkTable.tcl
2004.01.14 13:49 B D:\dwbcd\DWB\lib\tktable2.8\valid.tcl --> germa64 /home/burch/Backups/germa63/dwbcd/DWB/lib/tktable2.8 valid.tcl
2004.01.14 19:24 B D:\dwbcd\DWB\lib\tktable2.8\WS_FTP.LOG <-- germa64 /home/burch/Backups/germa63/dwbcd/DWB/lib/tktable2.8 WS_FTP.LOG
2004.04.01 11:47 B D:\dwbcd\DWB\lib\tktable2.8\basic.tcl --> germa64 /home/burch/Projekte/HinUndHer/dwb/lib/tktable2.8 basic.tcl
2004.04.01 11:47 B D:\dwbcd\DWB\lib\tktable2.8\buttons.tcl --> germa64 /home/burch/Projekte/HinUndHer/dwb/lib/tktable2.8 buttons.tcl
2004.04.01 11:47 B D:\dwbcd\DWB\lib\tktable2.8\command.tcl --> germa64 /home/burch/Projekte/HinUndHer/dwb/lib/tktable2.8 command.tcl
2004.04.01 11:47 B D:\dwbcd\DWB\lib\tktable2.8\debug.tcl --> germa64 /home/burch/Projekte/HinUndHer/dwb/lib/tktable2.8 debug.tcl
2004.04.01 11:47 B D:\dwbcd\DWB\lib\tktable2.8\dynarows.tcl --> germa64 /home/burch/Projekte/HinUndHer/dwb/lib/tktable2.8 dynarows.tcl
2004.04.01 11:47 B D:\dwbcd\DWB\lib\tktable2.8\loadtable.tcl --> germa64 /home/burch/Projekte/HinUndHer/dwb/lib/tktable2.8 loadtable.tcl
2004.04.01 11:47 B D:\dwbcd\DWB\lib\tktable2.8\maxsize.tcl --> germa64 /home/burch/Projekte/HinUndHer/dwb/lib/tktable2.8 maxsize.tcl
2004.04.01 11:47 B D:\dwbcd\DWB\lib\tktable2.8\pkgIndex.tcl --> germa64 /home/burch/Projekte/HinUndHer/dwb/lib/tktable2.8 pkgIndex.tcl
2004.04.01 11:47 B D:\dwbcd\DWB\lib\tktable2.8\spreadsheet.tcl --> germa64 /home/burch/Projekte/HinUndHer/dwb/lib/tktable2.8 spreadsheet.tcl
2004.04.01 11:47 B D:\dwbcd\DWB\lib\tktable2.8\tcllogo.gif --> germa64 /home/burch/Projekte/HinUndHer/dwb/lib/tktable2.8 tcllogo.gif
2004.04.01 11:47 B D:\dwbcd\DWB\lib\tktable2.8\tkTable.tcl --> germa64 /home/burch/Projekte/HinUndHer/dwb/lib/tktable2.8 tkTable.tcl
2004.04.01 11:47 B D:\dwbcd\DWB\lib\tktable2.8\valid.tcl --> germa64 /home/burch/Projekte/HinUndHer/dwb/lib/tktable2.8 valid.tcl
2004.04.01 11:47 B D:\dwbcd\DWB\lib\tktable2.8\WS_FTP.LOG --> germa64 /home/burch/Projekte/HinUndHer/dwb/lib/tktable2.8 WS_FTP.LOG
2004.04.27 14:39 B D:\dwbcd\DWB\lib\tktable2.8\basic.tcl --> germa64 /home/burch/Projekte/HinUndHer/lib/tktable2.8 basic.tcl
2004.04.27 14:39 B D:\dwbcd\DWB\lib\tktable2.8\buttons.tcl --> germa64 /home/burch/Projekte/HinUndHer/lib/tktable2.8 buttons.tcl
2004.04.27 14:39 B D:\dwbcd\DWB\lib\tktable2.8\command.tcl --> germa64 /home/burch/Projekte/HinUndHer/lib/tktable2.8 command.tcl
2004.04.27 14:39 B D:\dwbcd\DWB\lib\tktable2.8\debug.tcl --> germa64 /home/burch/Projekte/HinUndHer/lib/tktable2.8 debug.tcl
2004.04.27 14:39 B D:\dwbcd\DWB\lib\tktable2.8\dynarows.tcl --> germa64 /home/burch/Projekte/HinUndHer/lib/tktable2.8 dynarows.tcl
2004.04.27 14:39 B D:\dwbcd\DWB\lib\tktable2.8\loadtable.tcl --> germa64 /home/burch/Projekte/HinUndHer/lib/tktable2.8 loadtable.tcl
2004.04.27 14:39 B D:\dwbcd\DWB\lib\tktable2.8\maxsize.tcl --> germa64 /home/burch/Projekte/HinUndHer/lib/tktable2.8 maxsize.tcl
2004.04.27 14:39 B D:\dwbcd\DWB\lib\tktable2.8\pkgIndex.tcl --> germa64 /home/burch/Projekte/HinUndHer/lib/tktable2.8 pkgIndex.tcl
2004.04.27 14:39 B D:\dwbcd\DWB\lib\tktable2.8\spreadsheet.tcl --> germa64 /home/burch/Projekte/HinUndHer/lib/tktable2.8 spreadsheet.tcl
2004.04.27 14:39 B D:\dwbcd\DWB\lib\tktable2.8\tcllogo.gif --> germa64 /home/burch/Projekte/HinUndHer/lib/tktable2.8 tcllogo.gif
2004.04.27 14:39 B D:\dwbcd\DWB\lib\tktable2.8\tkTable.tcl --> germa64 /home/burch/Projekte/HinUndHer/lib/tktable2.8 tkTable.tcl
2004.04.27 14:39 B D:\dwbcd\DWB\lib\tktable2.8\valid.tcl --> germa64 /home/burch/Projekte/HinUndHer/lib/tktable2.8 valid.tcl
2004.04.27 14:39 B D:\dwbcd\DWB\lib\tktable2.8\WS_FTP.LOG --> germa64 /home/burch/Projekte/HinUndHer/lib/tktable2.8 WS_FTP.LOG
