2002.07.21 23:56 B D:\DWB\Fonts\SILEZRA_.TTF <-- germa64 /usr/ttfonts SILEZRA_.TTF
2002.07.21 23:57 B D:\DWB\Fonts\SILHT___.TTF <-- germa64 /usr/ttfonts SILHT___.TTF
2002.07.21 23:57 B D:\DWB\Fonts\SILHTB__.TTF <-- germa64 /usr/ttfonts SILHTB__.TTF
2002.07.21 23:57 B D:\DWB\Fonts\SILHTBI_.TTF <-- germa64 /usr/ttfonts SILHTBI_.TTF
2002.07.21 23:57 B D:\DWB\Fonts\SILHTC__.TTF <-- germa64 /usr/ttfonts SILHTC__.TTF
2002.07.21 23:57 B D:\DWB\Fonts\SILHTCB_.TTF <-- germa64 /usr/ttfonts SILHTCB_.TTF
2002.07.21 23:57 B D:\DWB\Fonts\SILHTCBI.TTF <-- germa64 /usr/ttfonts SILHTCBI.TTF
2002.07.21 23:57 B D:\DWB\Fonts\SILHTCI_.TTF <-- germa64 /usr/ttfonts SILHTCI_.TTF
2002.07.21 23:57 B D:\DWB\Fonts\SILHTI__.TTF <-- germa64 /usr/ttfonts SILHTI__.TTF
2002.10.10 11:54 B D:\dwbcd\DWB\Fonts\CH-FN-P1.GIF --> germa64 /home/burch/Projekte/Grimm/CDROMbeta/Fonts CH-FN-P1.GIF
2002.10.10 11:54 B D:\dwbcd\DWB\Fonts\greek.exe --> germa64 /home/burch/Projekte/Grimm/CDROMbeta/Fonts greek.exe
2002.10.10 11:54 B D:\dwbcd\DWB\Fonts\GREEKI.TTF --> germa64 /home/burch/Projekte/Grimm/CDROMbeta/Fonts GREEKI.TTF
2002.10.10 11:54 B D:\dwbcd\DWB\Fonts\GREEKN.TTF --> germa64 /home/burch/Projekte/Grimm/CDROMbeta/Fonts GREEKN.TTF
2002.10.10 11:54 B D:\dwbcd\DWB\Fonts\NOX-ARI.TTF --> germa64 /home/burch/Projekte/Grimm/CDROMbeta/Fonts NOX-ARI.TTF
2002.10.10 11:54 B D:\dwbcd\DWB\Fonts\NOX-ARIB.TTF --> germa64 /home/burch/Projekte/Grimm/CDROMbeta/Fonts NOX-ARIB.TTF
2002.10.10 11:54 B D:\dwbcd\DWB\Fonts\NOX-CUR.TTF --> germa64 /home/burch/Projekte/Grimm/CDROMbeta/Fonts NOX-CUR.TTF
2002.10.10 11:54 B D:\dwbcd\DWB\Fonts\NOX-CURB.TTF --> germa64 /home/burch/Projekte/Grimm/CDROMbeta/Fonts NOX-CURB.TTF
2002.10.10 11:54 B D:\dwbcd\DWB\Fonts\NOX-KEYB.GIF --> germa64 /home/burch/Projekte/Grimm/CDROMbeta/Fonts NOX-KEYB.GIF
2002.10.10 11:54 B D:\dwbcd\DWB\Fonts\NOX-TM.TTF --> germa64 /home/burch/Projekte/Grimm/CDROMbeta/Fonts NOX-TM.TTF
2002.10.10 11:54 B D:\dwbcd\DWB\Fonts\NOX-TMB.TTF --> germa64 /home/burch/Projekte/Grimm/CDROMbeta/Fonts NOX-TMB.TTF
2002.10.10 11:54 B D:\dwbcd\DWB\Fonts\README.WRI --> germa64 /home/burch/Projekte/Grimm/CDROMbeta/Fonts README.WRI
2002.10.10 11:54 B D:\dwbcd\DWB\Fonts\SCHWB___.TTF --> germa64 /home/burch/Projekte/Grimm/CDROMbeta/Fonts SCHWB___.TTF
2002.10.10 11:54 B D:\dwbcd\DWB\Fonts\SILEZRA_.TTF --> germa64 /home/burch/Projekte/Grimm/CDROMbeta/Fonts SILEZRA_.TTF
2002.10.10 11:54 B D:\dwbcd\DWB\Fonts\SILHT___.TTF --> germa64 /home/burch/Projekte/Grimm/CDROMbeta/Fonts SILHT___.TTF
2002.10.10 11:54 B D:\dwbcd\DWB\Fonts\SILHTB__.TTF --> germa64 /home/burch/Projekte/Grimm/CDROMbeta/Fonts SILHTB__.TTF
2002.10.10 11:54 B D:\dwbcd\DWB\Fonts\SILHTBI_.TTF --> germa64 /home/burch/Projekte/Grimm/CDROMbeta/Fonts SILHTBI_.TTF
2002.10.10 11:54 B D:\dwbcd\DWB\Fonts\SILHTC__.TTF --> germa64 /home/burch/Projekte/Grimm/CDROMbeta/Fonts SILHTC__.TTF
2002.10.10 11:54 B D:\dwbcd\DWB\Fonts\SILHTCB_.TTF --> germa64 /home/burch/Projekte/Grimm/CDROMbeta/Fonts SILHTCB_.TTF
2002.10.10 11:54 B D:\dwbcd\DWB\Fonts\SILHTCBI.TTF --> germa64 /home/burch/Projekte/Grimm/CDROMbeta/Fonts SILHTCBI.TTF
2002.10.10 11:54 B D:\dwbcd\DWB\Fonts\SILHTCI_.TTF --> germa64 /home/burch/Projekte/Grimm/CDROMbeta/Fonts SILHTCI_.TTF
2002.10.10 11:54 B D:\dwbcd\DWB\Fonts\SILHTI__.TTF --> germa64 /home/burch/Projekte/Grimm/CDROMbeta/Fonts SILHTI__.TTF
2002.10.10 11:54 B D:\dwbcd\DWB\Fonts\TB_GREEK.DOC --> germa64 /home/burch/Projekte/Grimm/CDROMbeta/Fonts TB_GREEK.DOC
2002.10.10 11:54 B D:\dwbcd\DWB\Fonts\WILHELMWD.TTF --> germa64 /home/burch/Projekte/Grimm/CDROMbeta/Fonts WILHELMWD.TTF
2002.10.10 11:54 B D:\dwbcd\DWB\Fonts\WILHLMK.TTF --> germa64 /home/burch/Projekte/Grimm/CDROMbeta/Fonts WILHLMK.TTF
2002.10.10 11:54 B D:\dwbcd\DWB\Fonts\WS_FTP.LOG --> germa64 /home/burch/Projekte/Grimm/CDROMbeta/Fonts WS_FTP.LOG
2002.11.01 17:59 B D:\dwbcd\DWB\Fonts\CH-FN-P1.GIF --> germa64 /home/burch/Projekte/Grimm/CDROM/Fonts CH-FN-P1.GIF
2002.11.01 17:59 B D:\dwbcd\DWB\Fonts\greek.exe --> germa64 /home/burch/Projekte/Grimm/CDROM/Fonts greek.exe
2002.11.01 17:59 B D:\dwbcd\DWB\Fonts\GREEKI.TTF --> germa64 /home/burch/Projekte/Grimm/CDROM/Fonts GREEKI.TTF
2002.11.01 17:59 B D:\dwbcd\DWB\Fonts\GREEKN.TTF --> germa64 /home/burch/Projekte/Grimm/CDROM/Fonts GREEKN.TTF
2002.11.01 17:59 B D:\dwbcd\DWB\Fonts\NOX-ARI.TTF --> germa64 /home/burch/Projekte/Grimm/CDROM/Fonts NOX-ARI.TTF
2002.11.01 17:59 B D:\dwbcd\DWB\Fonts\NOX-ARIB.TTF --> germa64 /home/burch/Projekte/Grimm/CDROM/Fonts NOX-ARIB.TTF
2002.11.01 17:59 B D:\dwbcd\DWB\Fonts\NOX-CUR.TTF --> germa64 /home/burch/Projekte/Grimm/CDROM/Fonts NOX-CUR.TTF
2002.11.01 17:59 B D:\dwbcd\DWB\Fonts\NOX-CURB.TTF --> germa64 /home/burch/Projekte/Grimm/CDROM/Fonts NOX-CURB.TTF
2002.11.01 17:59 B D:\dwbcd\DWB\Fonts\NOX-KEYB.GIF --> germa64 /home/burch/Projekte/Grimm/CDROM/Fonts NOX-KEYB.GIF
2002.11.01 17:59 B D:\dwbcd\DWB\Fonts\NOX-TM.TTF --> germa64 /home/burch/Projekte/Grimm/CDROM/Fonts NOX-TM.TTF
2002.11.01 17:59 B D:\dwbcd\DWB\Fonts\NOX-TMB.TTF --> germa64 /home/burch/Projekte/Grimm/CDROM/Fonts NOX-TMB.TTF
2002.11.01 17:59 B D:\dwbcd\DWB\Fonts\README.WRI --> germa64 /home/burch/Projekte/Grimm/CDROM/Fonts README.WRI
2002.11.01 17:59 B D:\dwbcd\DWB\Fonts\SCHWB___.TTF --> germa64 /home/burch/Projekte/Grimm/CDROM/Fonts SCHWB___.TTF
2002.11.01 17:59 B D:\dwbcd\DWB\Fonts\SILEZRA_.TTF --> germa64 /home/burch/Projekte/Grimm/CDROM/Fonts SILEZRA_.TTF
2002.11.01 17:59 B D:\dwbcd\DWB\Fonts\SILHT___.TTF --> germa64 /home/burch/Projekte/Grimm/CDROM/Fonts SILHT___.TTF
2002.11.01 17:59 B D:\dwbcd\DWB\Fonts\SILHTB__.TTF --> germa64 /home/burch/Projekte/Grimm/CDROM/Fonts SILHTB__.TTF
2002.11.01 17:59 B D:\dwbcd\DWB\Fonts\SILHTBI_.TTF --> germa64 /home/burch/Projekte/Grimm/CDROM/Fonts SILHTBI_.TTF
2002.11.01 17:59 B D:\dwbcd\DWB\Fonts\SILHTC__.TTF --> germa64 /home/burch/Projekte/Grimm/CDROM/Fonts SILHTC__.TTF
2002.11.01 17:59 B D:\dwbcd\DWB\Fonts\SILHTCB_.TTF --> germa64 /home/burch/Projekte/Grimm/CDROM/Fonts SILHTCB_.TTF
2002.11.01 17:59 B D:\dwbcd\DWB\Fonts\SILHTCBI.TTF --> germa64 /home/burch/Projekte/Grimm/CDROM/Fonts SILHTCBI.TTF
2002.11.01 17:59 B D:\dwbcd\DWB\Fonts\SILHTCI_.TTF --> germa64 /home/burch/Projekte/Grimm/CDROM/Fonts SILHTCI_.TTF
2002.11.01 17:59 B D:\dwbcd\DWB\Fonts\SILHTI__.TTF --> germa64 /home/burch/Projekte/Grimm/CDROM/Fonts SILHTI__.TTF
2002.11.01 17:59 B D:\dwbcd\DWB\Fonts\TB_GREEK.DOC --> germa64 /home/burch/Projekte/Grimm/CDROM/Fonts TB_GREEK.DOC
2002.11.01 17:59 B D:\dwbcd\DWB\Fonts\WILHELMWD.TTF --> germa64 /home/burch/Projekte/Grimm/CDROM/Fonts WILHELMWD.TTF
2002.11.01 17:59 B D:\dwbcd\DWB\Fonts\WILHLMK.TTF --> germa64 /home/burch/Projekte/Grimm/CDROM/Fonts WILHLMK.TTF
2002.11.01 17:59 B D:\dwbcd\DWB\Fonts\WS_FTP.LOG --> germa64 /home/burch/Projekte/Grimm/CDROM/Fonts WS_FTP.LOG
2002.12.07 21:42 B D:\dwbcd\DWB\Fonts\CH-FN-P1.GIF --> germa64 /home/burch/Projekte/Grimm/BetaCDROM/Fonts CH-FN-P1.GIF
2002.12.07 21:42 B D:\dwbcd\DWB\Fonts\greek.exe --> germa64 /home/burch/Projekte/Grimm/BetaCDROM/Fonts greek.exe
2002.12.07 21:42 B D:\dwbcd\DWB\Fonts\GREEKI.TTF --> germa64 /home/burch/Projekte/Grimm/BetaCDROM/Fonts GREEKI.TTF
2002.12.07 21:42 B D:\dwbcd\DWB\Fonts\GREEKN.TTF --> germa64 /home/burch/Projekte/Grimm/BetaCDROM/Fonts GREEKN.TTF
2002.12.07 21:42 B D:\dwbcd\DWB\Fonts\NOX-ARI.TTF --> germa64 /home/burch/Projekte/Grimm/BetaCDROM/Fonts NOX-ARI.TTF
2002.12.07 21:42 B D:\dwbcd\DWB\Fonts\NOX-ARIB.TTF --> germa64 /home/burch/Projekte/Grimm/BetaCDROM/Fonts NOX-ARIB.TTF
2002.12.07 21:42 B D:\dwbcd\DWB\Fonts\NOX-CUR.TTF --> germa64 /home/burch/Projekte/Grimm/BetaCDROM/Fonts NOX-CUR.TTF
2002.12.07 21:42 B D:\dwbcd\DWB\Fonts\NOX-CURB.TTF --> germa64 /home/burch/Projekte/Grimm/BetaCDROM/Fonts NOX-CURB.TTF
2002.12.07 21:42 B D:\dwbcd\DWB\Fonts\NOX-KEYB.GIF --> germa64 /home/burch/Projekte/Grimm/BetaCDROM/Fonts NOX-KEYB.GIF
2002.12.07 21:42 B D:\dwbcd\DWB\Fonts\NOX-TM.TTF --> germa64 /home/burch/Projekte/Grimm/BetaCDROM/Fonts NOX-TM.TTF
2002.12.07 21:42 B D:\dwbcd\DWB\Fonts\NOX-TMB.TTF --> germa64 /home/burch/Projekte/Grimm/BetaCDROM/Fonts NOX-TMB.TTF
2002.12.07 21:42 B D:\dwbcd\DWB\Fonts\README.WRI --> germa64 /home/burch/Projekte/Grimm/BetaCDROM/Fonts README.WRI
2002.12.07 21:42 B D:\dwbcd\DWB\Fonts\SCHWB___.TTF --> germa64 /home/burch/Projekte/Grimm/BetaCDROM/Fonts SCHWB___.TTF
2002.12.07 21:42 B D:\dwbcd\DWB\Fonts\SILEZRA_.TTF --> germa64 /home/burch/Projekte/Grimm/BetaCDROM/Fonts SILEZRA_.TTF
2002.12.07 21:42 B D:\dwbcd\DWB\Fonts\SILHT___.TTF --> germa64 /home/burch/Projekte/Grimm/BetaCDROM/Fonts SILHT___.TTF
2002.12.07 21:42 B D:\dwbcd\DWB\Fonts\SILHTB__.TTF --> germa64 /home/burch/Projekte/Grimm/BetaCDROM/Fonts SILHTB__.TTF
2002.12.07 21:42 B D:\dwbcd\DWB\Fonts\SILHTBI_.TTF --> germa64 /home/burch/Projekte/Grimm/BetaCDROM/Fonts SILHTBI_.TTF
2002.12.07 21:42 B D:\dwbcd\DWB\Fonts\SILHTC__.TTF --> germa64 /home/burch/Projekte/Grimm/BetaCDROM/Fonts SILHTC__.TTF
2002.12.07 21:42 B D:\dwbcd\DWB\Fonts\SILHTCB_.TTF --> germa64 /home/burch/Projekte/Grimm/BetaCDROM/Fonts SILHTCB_.TTF
2002.12.07 21:42 B D:\dwbcd\DWB\Fonts\SILHTCBI.TTF --> germa64 /home/burch/Projekte/Grimm/BetaCDROM/Fonts SILHTCBI.TTF
2002.12.07 21:42 B D:\dwbcd\DWB\Fonts\SILHTCI_.TTF --> germa64 /home/burch/Projekte/Grimm/BetaCDROM/Fonts SILHTCI_.TTF
2002.12.07 21:42 B D:\dwbcd\DWB\Fonts\SILHTI__.TTF --> germa64 /home/burch/Projekte/Grimm/BetaCDROM/Fonts SILHTI__.TTF
2002.12.07 21:42 B D:\dwbcd\DWB\Fonts\TB_GREEK.DOC --> germa64 /home/burch/Projekte/Grimm/BetaCDROM/Fonts TB_GREEK.DOC
2002.12.07 21:42 B D:\dwbcd\DWB\Fonts\WILHELMWD.TTF --> germa64 /home/burch/Projekte/Grimm/BetaCDROM/Fonts WILHELMWD.TTF
2002.12.07 21:42 B D:\dwbcd\DWB\Fonts\WILHLMK.TTF --> germa64 /home/burch/Projekte/Grimm/BetaCDROM/Fonts WILHLMK.TTF
2002.12.07 21:42 B D:\dwbcd\DWB\Fonts\WS_FTP.LOG --> germa64 /home/burch/Projekte/Grimm/BetaCDROM/Fonts WS_FTP.LOG
2002.12.30 17:40 B D:\dwbcd\DWB\Fonts\CH-FN-P1.GIF --> germa64 /home/burch/germa63/dwbcd/DWB/Fonts CH-FN-P1.GIF
2002.12.30 17:40 B D:\dwbcd\DWB\Fonts\greek.exe --> germa64 /home/burch/germa63/dwbcd/DWB/Fonts greek.exe
2002.12.30 17:40 B D:\dwbcd\DWB\Fonts\GREEKI.TTF --> germa64 /home/burch/germa63/dwbcd/DWB/Fonts GREEKI.TTF
2002.12.30 17:40 B D:\dwbcd\DWB\Fonts\GREEKN.TTF --> germa64 /home/burch/germa63/dwbcd/DWB/Fonts GREEKN.TTF
2002.12.30 17:40 B D:\dwbcd\DWB\Fonts\NOX-ARI.TTF --> germa64 /home/burch/germa63/dwbcd/DWB/Fonts NOX-ARI.TTF
2002.12.30 17:40 B D:\dwbcd\DWB\Fonts\NOX-ARIB.TTF --> germa64 /home/burch/germa63/dwbcd/DWB/Fonts NOX-ARIB.TTF
2002.12.30 17:40 B D:\dwbcd\DWB\Fonts\NOX-CUR.TTF --> germa64 /home/burch/germa63/dwbcd/DWB/Fonts NOX-CUR.TTF
2002.12.30 17:40 B D:\dwbcd\DWB\Fonts\NOX-CURB.TTF --> germa64 /home/burch/germa63/dwbcd/DWB/Fonts NOX-CURB.TTF
2002.12.30 17:40 B D:\dwbcd\DWB\Fonts\NOX-KEYB.GIF --> germa64 /home/burch/germa63/dwbcd/DWB/Fonts NOX-KEYB.GIF
2002.12.30 17:40 B D:\dwbcd\DWB\Fonts\NOX-TM.TTF --> germa64 /home/burch/germa63/dwbcd/DWB/Fonts NOX-TM.TTF
2002.12.30 17:40 B D:\dwbcd\DWB\Fonts\NOX-TMB.TTF --> germa64 /home/burch/germa63/dwbcd/DWB/Fonts NOX-TMB.TTF
2002.12.30 17:40 B D:\dwbcd\DWB\Fonts\README.WRI --> germa64 /home/burch/germa63/dwbcd/DWB/Fonts README.WRI
2002.12.30 17:40 B D:\dwbcd\DWB\Fonts\SCHWB___.TTF --> germa64 /home/burch/germa63/dwbcd/DWB/Fonts SCHWB___.TTF
2002.12.30 17:40 B D:\dwbcd\DWB\Fonts\SILEZRA_.TTF --> germa64 /home/burch/germa63/dwbcd/DWB/Fonts SILEZRA_.TTF
2002.12.30 17:40 B D:\dwbcd\DWB\Fonts\SILHT___.TTF --> germa64 /home/burch/germa63/dwbcd/DWB/Fonts SILHT___.TTF
2002.12.30 17:40 B D:\dwbcd\DWB\Fonts\SILHTB__.TTF --> germa64 /home/burch/germa63/dwbcd/DWB/Fonts SILHTB__.TTF
2002.12.30 17:40 B D:\dwbcd\DWB\Fonts\SILHTBI_.TTF --> germa64 /home/burch/germa63/dwbcd/DWB/Fonts SILHTBI_.TTF
2002.12.30 17:40 B D:\dwbcd\DWB\Fonts\SILHTC__.TTF --> germa64 /home/burch/germa63/dwbcd/DWB/Fonts SILHTC__.TTF
2002.12.30 17:40 B D:\dwbcd\DWB\Fonts\SILHTCB_.TTF --> germa64 /home/burch/germa63/dwbcd/DWB/Fonts SILHTCB_.TTF
2002.12.30 17:40 B D:\dwbcd\DWB\Fonts\SILHTCBI.TTF --> germa64 /home/burch/germa63/dwbcd/DWB/Fonts SILHTCBI.TTF
2002.12.30 17:40 B D:\dwbcd\DWB\Fonts\SILHTCI_.TTF --> germa64 /home/burch/germa63/dwbcd/DWB/Fonts SILHTCI_.TTF
2002.12.30 17:40 B D:\dwbcd\DWB\Fonts\SILHTI__.TTF --> germa64 /home/burch/germa63/dwbcd/DWB/Fonts SILHTI__.TTF
2002.12.30 17:40 B D:\dwbcd\DWB\Fonts\TB_GREEK.DOC --> germa64 /home/burch/germa63/dwbcd/DWB/Fonts TB_GREEK.DOC
2002.12.30 17:40 B D:\dwbcd\DWB\Fonts\WILHELMWD.TTF --> germa64 /home/burch/germa63/dwbcd/DWB/Fonts WILHELMWD.TTF
2002.12.30 17:40 B D:\dwbcd\DWB\Fonts\WILHLMK.TTF --> germa64 /home/burch/germa63/dwbcd/DWB/Fonts WILHLMK.TTF
2002.12.30 17:40 B D:\dwbcd\DWB\Fonts\WS_FTP.LOG --> germa64 /home/burch/germa63/dwbcd/DWB/Fonts WS_FTP.LOG
2003.03.18 15:53 B D:\dwbcd\DWB\Fonts\GREEKI.TTF --> germa64 /home/burch/Projekte/Augustiner GREEKI.TTF
2003.03.18 15:53 B D:\dwbcd\DWB\Fonts\GREEKN.TTF --> germa64 /home/burch/Projekte/Augustiner GREEKN.TTF
2003.09.09 13:53 B D:\dwbcd\DWB\Fonts\CH-FN-P1.GIF --> germa93 /home/burch/DWB/windows/Fonts CH-FN-P1.GIF
2003.09.09 13:53 B D:\dwbcd\DWB\Fonts\greek.exe --> germa93 /home/burch/DWB/windows/Fonts greek.exe
2003.09.09 13:53 B D:\dwbcd\DWB\Fonts\GREEKI.TTF --> germa93 /home/burch/DWB/windows/Fonts GREEKI.TTF
2003.09.09 13:53 B D:\dwbcd\DWB\Fonts\GREEKN.TTF --> germa93 /home/burch/DWB/windows/Fonts GREEKN.TTF
2003.09.09 13:53 B D:\dwbcd\DWB\Fonts\NOX-ARI.TTF --> germa93 /home/burch/DWB/windows/Fonts NOX-ARI.TTF
2003.09.09 13:53 B D:\dwbcd\DWB\Fonts\NOX-ARIB.TTF --> germa93 /home/burch/DWB/windows/Fonts NOX-ARIB.TTF
2003.09.09 13:53 B D:\dwbcd\DWB\Fonts\NOX-CUR.TTF --> germa93 /home/burch/DWB/windows/Fonts NOX-CUR.TTF
2003.09.09 13:53 B D:\dwbcd\DWB\Fonts\NOX-CURB.TTF --> germa93 /home/burch/DWB/windows/Fonts NOX-CURB.TTF
2003.09.09 13:53 B D:\dwbcd\DWB\Fonts\NOX-KEYB.GIF --> germa93 /home/burch/DWB/windows/Fonts NOX-KEYB.GIF
2003.09.09 13:53 B D:\dwbcd\DWB\Fonts\NOX-TM.TTF --> germa93 /home/burch/DWB/windows/Fonts NOX-TM.TTF
2003.09.09 13:53 B D:\dwbcd\DWB\Fonts\NOX-TMB.TTF --> germa93 /home/burch/DWB/windows/Fonts NOX-TMB.TTF
2003.09.09 13:53 B D:\dwbcd\DWB\Fonts\README.WRI --> germa93 /home/burch/DWB/windows/Fonts README.WRI
2003.09.09 13:53 B D:\dwbcd\DWB\Fonts\SCHWB___.TTF --> germa93 /home/burch/DWB/windows/Fonts SCHWB___.TTF
2003.09.09 13:53 B D:\dwbcd\DWB\Fonts\SILEZRA_.TTF --> germa93 /home/burch/DWB/windows/Fonts SILEZRA_.TTF
2003.09.09 13:53 B D:\dwbcd\DWB\Fonts\SILHT___.TTF --> germa93 /home/burch/DWB/windows/Fonts SILHT___.TTF
2003.09.09 13:53 B D:\dwbcd\DWB\Fonts\SILHTB__.TTF --> germa93 /home/burch/DWB/windows/Fonts SILHTB__.TTF
2003.09.09 13:53 B D:\dwbcd\DWB\Fonts\SILHTBI_.TTF --> germa93 /home/burch/DWB/windows/Fonts SILHTBI_.TTF
2003.09.09 13:53 B D:\dwbcd\DWB\Fonts\SILHTC__.TTF --> germa93 /home/burch/DWB/windows/Fonts SILHTC__.TTF
2003.09.09 13:53 B D:\dwbcd\DWB\Fonts\SILHTCB_.TTF --> germa93 /home/burch/DWB/windows/Fonts SILHTCB_.TTF
2003.09.09 13:53 B D:\dwbcd\DWB\Fonts\SILHTCBI.TTF --> germa93 /home/burch/DWB/windows/Fonts SILHTCBI.TTF
2003.09.09 13:53 B D:\dwbcd\DWB\Fonts\SILHTCI_.TTF --> germa93 /home/burch/DWB/windows/Fonts SILHTCI_.TTF
2003.09.09 13:53 B D:\dwbcd\DWB\Fonts\SILHTI__.TTF --> germa93 /home/burch/DWB/windows/Fonts SILHTI__.TTF
2003.09.09 13:53 B D:\dwbcd\DWB\Fonts\TB_GREEK.DOC --> germa93 /home/burch/DWB/windows/Fonts TB_GREEK.DOC
2003.09.09 13:53 B D:\dwbcd\DWB\Fonts\WILHELMWD.TTF --> germa93 /home/burch/DWB/windows/Fonts WILHELMWD.TTF
2003.09.09 13:53 B D:\dwbcd\DWB\Fonts\WILHLMK.TTF --> germa93 /home/burch/DWB/windows/Fonts WILHLMK.TTF
2003.09.09 13:53 B D:\dwbcd\DWB\Fonts\WS_FTP.LOG --> germa93 /home/burch/DWB/windows/Fonts WS_FTP.LOG
2003.11.20 14:35 B D:\dwbcd\DWB\Fonts\CH-FN-P1.GIF --> germa64 /home/burch/Projekte/Grimm/CDROM/windows/Fonts CH-FN-P1.GIF
2003.11.20 14:35 B D:\dwbcd\DWB\Fonts\greek.exe --> germa64 /home/burch/Projekte/Grimm/CDROM/windows/Fonts greek.exe
2003.11.20 14:35 B D:\dwbcd\DWB\Fonts\GREEKI.TTF --> germa64 /home/burch/Projekte/Grimm/CDROM/windows/Fonts GREEKI.TTF
2003.11.20 14:35 B D:\dwbcd\DWB\Fonts\GREEKN.TTF --> germa64 /home/burch/Projekte/Grimm/CDROM/windows/Fonts GREEKN.TTF
2003.11.20 14:35 B D:\dwbcd\DWB\Fonts\NOX-ARI.TTF --> germa64 /home/burch/Projekte/Grimm/CDROM/windows/Fonts NOX-ARI.TTF
2003.11.20 14:35 B D:\dwbcd\DWB\Fonts\NOX-ARIB.TTF --> germa64 /home/burch/Projekte/Grimm/CDROM/windows/Fonts NOX-ARIB.TTF
2003.11.20 14:35 B D:\dwbcd\DWB\Fonts\NOX-CUR.TTF --> germa64 /home/burch/Projekte/Grimm/CDROM/windows/Fonts NOX-CUR.TTF
2003.11.20 14:35 B D:\dwbcd\DWB\Fonts\NOX-CURB.TTF --> germa64 /home/burch/Projekte/Grimm/CDROM/windows/Fonts NOX-CURB.TTF
2003.11.20 14:35 B D:\dwbcd\DWB\Fonts\NOX-KEYB.GIF --> germa64 /home/burch/Projekte/Grimm/CDROM/windows/Fonts NOX-KEYB.GIF
2003.11.20 14:35 B D:\dwbcd\DWB\Fonts\NOX-TM.TTF --> germa64 /home/burch/Projekte/Grimm/CDROM/windows/Fonts NOX-TM.TTF
2003.11.20 14:35 B D:\dwbcd\DWB\Fonts\NOX-TMB.TTF --> germa64 /home/burch/Projekte/Grimm/CDROM/windows/Fonts NOX-TMB.TTF
2003.11.20 14:35 B D:\dwbcd\DWB\Fonts\README.WRI --> germa64 /home/burch/Projekte/Grimm/CDROM/windows/Fonts README.WRI
2003.11.20 14:35 B D:\dwbcd\DWB\Fonts\SCHWB___.TTF --> germa64 /home/burch/Projekte/Grimm/CDROM/windows/Fonts SCHWB___.TTF
2003.11.20 14:35 B D:\dwbcd\DWB\Fonts\SILEZRA_.TTF --> germa64 /home/burch/Projekte/Grimm/CDROM/windows/Fonts SILEZRA_.TTF
2003.11.20 14:35 B D:\dwbcd\DWB\Fonts\SILHT___.TTF --> germa64 /home/burch/Projekte/Grimm/CDROM/windows/Fonts SILHT___.TTF
2003.11.20 14:35 B D:\dwbcd\DWB\Fonts\SILHTB__.TTF --> germa64 /home/burch/Projekte/Grimm/CDROM/windows/Fonts SILHTB__.TTF
2003.11.20 14:35 B D:\dwbcd\DWB\Fonts\SILHTBI_.TTF --> germa64 /home/burch/Projekte/Grimm/CDROM/windows/Fonts SILHTBI_.TTF
2003.11.20 14:35 B D:\dwbcd\DWB\Fonts\SILHTC__.TTF --> germa64 /home/burch/Projekte/Grimm/CDROM/windows/Fonts SILHTC__.TTF
2003.11.20 14:35 B D:\dwbcd\DWB\Fonts\SILHTCB_.TTF --> germa64 /home/burch/Projekte/Grimm/CDROM/windows/Fonts SILHTCB_.TTF
2003.11.20 14:35 B D:\dwbcd\DWB\Fonts\SILHTCBI.TTF --> germa64 /home/burch/Projekte/Grimm/CDROM/windows/Fonts SILHTCBI.TTF
2003.11.20 14:35 B D:\dwbcd\DWB\Fonts\SILHTCI_.TTF --> germa64 /home/burch/Projekte/Grimm/CDROM/windows/Fonts SILHTCI_.TTF
2003.11.20 14:35 B D:\dwbcd\DWB\Fonts\SILHTI__.TTF --> germa64 /home/burch/Projekte/Grimm/CDROM/windows/Fonts SILHTI__.TTF
2003.11.20 14:35 B D:\dwbcd\DWB\Fonts\TB_GREEK.DOC --> germa64 /home/burch/Projekte/Grimm/CDROM/windows/Fonts TB_GREEK.DOC
2003.11.20 14:35 B D:\dwbcd\DWB\Fonts\WILHELMWD.TTF --> germa64 /home/burch/Projekte/Grimm/CDROM/windows/Fonts WILHELMWD.TTF
2003.11.20 14:35 B D:\dwbcd\DWB\Fonts\WILHLMK.TTF --> germa64 /home/burch/Projekte/Grimm/CDROM/windows/Fonts WILHLMK.TTF
2003.11.20 14:35 B D:\dwbcd\DWB\Fonts\WS_FTP.LOG --> germa64 /home/burch/Projekte/Grimm/CDROM/windows/Fonts WS_FTP.LOG
2004.01.14 13:45 B D:\dwbcd\DWB\Fonts\CH-FN-P1.GIF --> germa64 /home/burch/Backups/germa63/dwbcd/DWB/Fonts CH-FN-P1.GIF
2004.01.14 13:45 B D:\dwbcd\DWB\Fonts\greek.exe --> germa64 /home/burch/Backups/germa63/dwbcd/DWB/Fonts greek.exe
2004.01.14 13:45 B D:\dwbcd\DWB\Fonts\GREEKI.TTF --> germa64 /home/burch/Backups/germa63/dwbcd/DWB/Fonts GREEKI.TTF
2004.01.14 13:45 B D:\dwbcd\DWB\Fonts\GREEKN.TTF --> germa64 /home/burch/Backups/germa63/dwbcd/DWB/Fonts GREEKN.TTF
2004.01.14 13:45 B D:\dwbcd\DWB\Fonts\NOX-ARI.TTF --> germa64 /home/burch/Backups/germa63/dwbcd/DWB/Fonts NOX-ARI.TTF
2004.01.14 13:45 B D:\dwbcd\DWB\Fonts\NOX-ARIB.TTF --> germa64 /home/burch/Backups/germa63/dwbcd/DWB/Fonts NOX-ARIB.TTF
2004.01.14 13:45 B D:\dwbcd\DWB\Fonts\NOX-CUR.TTF --> germa64 /home/burch/Backups/germa63/dwbcd/DWB/Fonts NOX-CUR.TTF
2004.01.14 13:45 B D:\dwbcd\DWB\Fonts\NOX-CURB.TTF --> germa64 /home/burch/Backups/germa63/dwbcd/DWB/Fonts NOX-CURB.TTF
2004.01.14 13:45 B D:\dwbcd\DWB\Fonts\NOX-KEYB.GIF --> germa64 /home/burch/Backups/germa63/dwbcd/DWB/Fonts NOX-KEYB.GIF
2004.01.14 13:45 B D:\dwbcd\DWB\Fonts\NOX-TM.TTF --> germa64 /home/burch/Backups/germa63/dwbcd/DWB/Fonts NOX-TM.TTF
2004.01.14 13:45 B D:\dwbcd\DWB\Fonts\NOX-TMB.TTF --> germa64 /home/burch/Backups/germa63/dwbcd/DWB/Fonts NOX-TMB.TTF
2004.01.14 13:45 B D:\dwbcd\DWB\Fonts\README.WRI --> germa64 /home/burch/Backups/germa63/dwbcd/DWB/Fonts README.WRI
2004.01.14 13:45 B D:\dwbcd\DWB\Fonts\SCHWB___.TTF --> germa64 /home/burch/Backups/germa63/dwbcd/DWB/Fonts SCHWB___.TTF
2004.01.14 13:45 B D:\dwbcd\DWB\Fonts\SILEZRA_.TTF --> germa64 /home/burch/Backups/germa63/dwbcd/DWB/Fonts SILEZRA_.TTF
2004.01.14 13:45 B D:\dwbcd\DWB\Fonts\SILHT___.TTF --> germa64 /home/burch/Backups/germa63/dwbcd/DWB/Fonts SILHT___.TTF
2004.01.14 13:45 B D:\dwbcd\DWB\Fonts\SILHTB__.TTF --> germa64 /home/burch/Backups/germa63/dwbcd/DWB/Fonts SILHTB__.TTF
2004.01.14 13:45 B D:\dwbcd\DWB\Fonts\SILHTBI_.TTF --> germa64 /home/burch/Backups/germa63/dwbcd/DWB/Fonts SILHTBI_.TTF
2004.01.14 13:45 B D:\dwbcd\DWB\Fonts\SILHTC__.TTF --> germa64 /home/burch/Backups/germa63/dwbcd/DWB/Fonts SILHTC__.TTF
2004.01.14 13:45 B D:\dwbcd\DWB\Fonts\SILHTCB_.TTF --> germa64 /home/burch/Backups/germa63/dwbcd/DWB/Fonts SILHTCB_.TTF
2004.01.14 13:45 B D:\dwbcd\DWB\Fonts\SILHTCBI.TTF --> germa64 /home/burch/Backups/germa63/dwbcd/DWB/Fonts SILHTCBI.TTF
2004.01.14 13:45 B D:\dwbcd\DWB\Fonts\SILHTCI_.TTF --> germa64 /home/burch/Backups/germa63/dwbcd/DWB/Fonts SILHTCI_.TTF
2004.01.14 13:45 B D:\dwbcd\DWB\Fonts\SILHTI__.TTF --> germa64 /home/burch/Backups/germa63/dwbcd/DWB/Fonts SILHTI__.TTF
2004.01.14 13:46 B D:\dwbcd\DWB\Fonts\TB_GREEK.DOC --> germa64 /home/burch/Backups/germa63/dwbcd/DWB/Fonts TB_GREEK.DOC
2004.01.14 13:46 B D:\dwbcd\DWB\Fonts\WILHELMWD.TTF --> germa64 /home/burch/Backups/germa63/dwbcd/DWB/Fonts WILHELMWD.TTF
2004.01.14 13:46 B D:\dwbcd\DWB\Fonts\WILHLMK.TTF --> germa64 /home/burch/Backups/germa63/dwbcd/DWB/Fonts WILHLMK.TTF
2004.01.14 19:22 B D:\dwbcd\DWB\Fonts\WS_FTP.LOG <-- germa64 /home/burch/Backups/germa63/dwbcd/DWB/Fonts WS_FTP.LOG
2004.04.14 17:05 B D:\dwbcd\DWB\Fonts\GREEKI.TTF --> germa64 /home/burch/Projekte/HinUndHer GREEKI.TTF
2004.04.14 17:05 B D:\dwbcd\DWB\Fonts\GREEKN.TTF --> germa64 /home/burch/Projekte/HinUndHer GREEKN.TTF
2004.04.14 17:05 B D:\dwbcd\DWB\Fonts\SILEZRA_.TTF --> germa64 /home/burch/Projekte/HinUndHer SILEZRA_.TTF
