2002.08.26 17:19 B D:\dwbcd\DWB\lib\cost2.3\demos\sgmlbrowse.tcl --> germa64 /home/burch/Projekte/Grimm/version1/lib/cost2.3/demos sgmlbrowse.tcl
2002.09.10 10:26 B D:\dwbcd\DWB\lib\cost2.3\demos\sgmlbrowse.tcl --> germa64 /home/burch/binlib/lib/cost2.3/demos sgmlbrowse.tcl
2002.09.10 10:26 B D:\dwbcd\DWB\lib\cost2.3\demos\WS_FTP.LOG --> germa64 /home/burch/binlib/lib/cost2.3/demos WS_FTP.LOG
2002.10.09 18:04 B D:\dwbcd\DWB\lib\cost2.3\demos\sgmlbrowse.tcl --> germa64 /home/burch/Projekte/Grimm/CDROMbeta/lib/cost2.3/demos sgmlbrowse.tcl
2002.10.09 18:04 B D:\dwbcd\DWB\lib\cost2.3\demos\WS_FTP.LOG --> germa64 /home/burch/Projekte/Grimm/CDROMbeta/lib/cost2.3/demos WS_FTP.LOG
2002.11.01 18:00 B D:\dwbcd\DWB\lib\cost2.3\demos\sgmlbrowse.tcl --> germa64 /home/burch/Projekte/Grimm/CDROM/lib/cost2.3/demos sgmlbrowse.tcl
2002.11.01 18:00 B D:\dwbcd\DWB\lib\cost2.3\demos\WS_FTP.LOG --> germa64 /home/burch/Projekte/Grimm/CDROM/lib/cost2.3/demos WS_FTP.LOG
2002.11.19 17:09 B D:\dwbcd\DWB\lib\cost2.3\demos\sgmlbrowse.tcl --> germa93 /home/burch/DWB/lib/cost2.3/demos sgmlbrowse.tcl
2002.11.19 17:09 B D:\dwbcd\DWB\lib\cost2.3\demos\WS_FTP.LOG --> germa93 /home/burch/DWB/lib/cost2.3/demos WS_FTP.LOG
2002.12.13 19:00 B D:\dwbcd\DWB\lib\cost2.3\demos\sgmlbrowse.tcl --> germa64 /home/burch/Projekte/Grimm/BetaCDROM/lib/cost2.3/demos sgmlbrowse.tcl
2002.12.13 19:00 B D:\dwbcd\DWB\lib\cost2.3\demos\WS_FTP.LOG --> germa64 /home/burch/Projekte/Grimm/BetaCDROM/lib/cost2.3/demos WS_FTP.LOG
2002.12.30 17:42 B D:\dwbcd\DWB\lib\cost2.3\demos\sgmlbrowse.tcl --> germa64 /home/burch/germa63/dwbcd/DWB/lib/cost2.3/demos sgmlbrowse.tcl
2002.12.30 17:42 B D:\dwbcd\DWB\lib\cost2.3\demos\WS_FTP.LOG --> germa64 /home/burch/germa63/dwbcd/DWB/lib/cost2.3/demos WS_FTP.LOG
2003.09.09 13:54 B D:\dwbcd\DWB\lib\cost2.3\demos\sgmlbrowse.tcl --> germa93 /home/burch/DWB/windows/lib/cost2.3/demos sgmlbrowse.tcl
2003.09.09 13:54 B D:\dwbcd\DWB\lib\cost2.3\demos\WS_FTP.LOG --> germa93 /home/burch/DWB/windows/lib/cost2.3/demos WS_FTP.LOG
2003.11.20 14:35 B D:\dwbcd\DWB\lib\cost2.3\demos\sgmlbrowse.tcl --> germa64 /home/burch/Projekte/Grimm/CDROM/windows/lib/cost2.3/demos sgmlbrowse.tcl
2003.11.20 14:35 B D:\dwbcd\DWB\lib\cost2.3\demos\WS_FTP.LOG --> germa64 /home/burch/Projekte/Grimm/CDROM/windows/lib/cost2.3/demos WS_FTP.LOG
2004.01.14 13:47 B D:\dwbcd\DWB\lib\cost2.3\demos\sgmlbrowse.tcl --> germa64 /home/burch/Backups/germa63/dwbcd/DWB/lib/cost2.3/demos sgmlbrowse.tcl
2004.01.14 19:23 B D:\dwbcd\DWB\lib\cost2.3\demos\WS_FTP.LOG <-- germa64 /home/burch/Backups/germa63/dwbcd/DWB/lib/cost2.3/demos WS_FTP.LOG
2004.04.01 11:46 B D:\dwbcd\DWB\lib\cost2.3\demos\sgmlbrowse.tcl --> germa64 /home/burch/Projekte/HinUndHer/dwb/lib/cost2.3/demos sgmlbrowse.tcl
2004.04.01 11:46 B D:\dwbcd\DWB\lib\cost2.3\demos\WS_FTP.LOG --> germa64 /home/burch/Projekte/HinUndHer/dwb/lib/cost2.3/demos WS_FTP.LOG
2004.04.27 14:38 B D:\dwbcd\DWB\lib\cost2.3\demos\sgmlbrowse.tcl --> germa64 /home/burch/Projekte/HinUndHer/lib/cost2.3/demos sgmlbrowse.tcl
2004.04.27 14:38 B D:\dwbcd\DWB\lib\cost2.3\demos\WS_FTP.LOG --> germa64 /home/burch/Projekte/HinUndHer/lib/cost2.3/demos WS_FTP.LOG
