2002.11.19 17:09 B D:\dwbcd\DWB\lib\blt2.4\bltCanvEps.pro --> germa93 /home/burch/DWB/lib/blt2.4 bltCanvEps.pro
2002.11.19 17:09 B D:\dwbcd\DWB\lib\blt2.4\bltDnd.tcl --> germa93 /home/burch/DWB/lib/blt2.4 bltDnd.tcl
2002.11.19 17:09 B D:\dwbcd\DWB\lib\blt2.4\bltDragdrop.tcl --> germa93 /home/burch/DWB/lib/blt2.4 bltDragdrop.tcl
2002.11.19 17:09 B D:\dwbcd\DWB\lib\blt2.4\bltGraph.pro --> germa93 /home/burch/DWB/lib/blt2.4 bltGraph.pro
2002.11.19 17:09 B D:\dwbcd\DWB\lib\blt2.4\bltGraph.tcl --> germa93 /home/burch/DWB/lib/blt2.4 bltGraph.tcl
2002.11.19 17:09 B D:\dwbcd\DWB\lib\blt2.4\bltHierbox.tcl --> germa93 /home/burch/DWB/lib/blt2.4 bltHierbox.tcl
2002.11.19 17:09 B D:\dwbcd\DWB\lib\blt2.4\bltHiertable.tcl --> germa93 /home/burch/DWB/lib/blt2.4 bltHiertable.tcl
2002.11.19 17:09 B D:\dwbcd\DWB\lib\blt2.4\bltTabnotebook.tcl --> germa93 /home/burch/DWB/lib/blt2.4 bltTabnotebook.tcl
2002.11.19 17:09 B D:\dwbcd\DWB\lib\blt2.4\bltTabset.tcl --> germa93 /home/burch/DWB/lib/blt2.4 bltTabset.tcl
2002.11.19 17:09 B D:\dwbcd\DWB\lib\blt2.4\htresize.cur --> germa93 /home/burch/DWB/lib/blt2.4 htresize.cur
2002.11.19 17:09 B D:\dwbcd\DWB\lib\blt2.4\NEWS --> germa93 /home/burch/DWB/lib/blt2.4 NEWS
2002.11.19 17:09 B D:\dwbcd\DWB\lib\blt2.4\pkgIndex.tcl --> germa93 /home/burch/DWB/lib/blt2.4 pkgIndex.tcl
2002.11.19 17:09 B D:\dwbcd\DWB\lib\blt2.4\Problems --> germa93 /home/burch/DWB/lib/blt2.4 Problems
2002.11.19 17:09 B D:\dwbcd\DWB\lib\blt2.4\Readme --> germa93 /home/burch/DWB/lib/blt2.4 Readme
2002.11.19 17:09 B D:\dwbcd\DWB\lib\blt2.4\tclIndex --> germa93 /home/burch/DWB/lib/blt2.4 tclIndex
2002.12.13 19:00 B D:\dwbcd\DWB\lib\blt2.4\bltCanvEps.pro --> germa64 /home/burch/Projekte/Grimm/BetaCDROM/lib/blt2.4 bltCanvEps.pro
2002.12.13 19:00 B D:\dwbcd\DWB\lib\blt2.4\bltDnd.tcl --> germa64 /home/burch/Projekte/Grimm/BetaCDROM/lib/blt2.4 bltDnd.tcl
2002.12.13 19:00 B D:\dwbcd\DWB\lib\blt2.4\bltDragdrop.tcl --> germa64 /home/burch/Projekte/Grimm/BetaCDROM/lib/blt2.4 bltDragdrop.tcl
2002.12.13 19:00 B D:\dwbcd\DWB\lib\blt2.4\bltGraph.pro --> germa64 /home/burch/Projekte/Grimm/BetaCDROM/lib/blt2.4 bltGraph.pro
2002.12.13 19:00 B D:\dwbcd\DWB\lib\blt2.4\bltGraph.tcl --> germa64 /home/burch/Projekte/Grimm/BetaCDROM/lib/blt2.4 bltGraph.tcl
2002.12.13 19:00 B D:\dwbcd\DWB\lib\blt2.4\bltHierbox.tcl --> germa64 /home/burch/Projekte/Grimm/BetaCDROM/lib/blt2.4 bltHierbox.tcl
2002.12.13 19:00 B D:\dwbcd\DWB\lib\blt2.4\bltHiertable.tcl --> germa64 /home/burch/Projekte/Grimm/BetaCDROM/lib/blt2.4 bltHiertable.tcl
2002.12.13 19:00 B D:\dwbcd\DWB\lib\blt2.4\bltTabnotebook.tcl --> germa64 /home/burch/Projekte/Grimm/BetaCDROM/lib/blt2.4 bltTabnotebook.tcl
2002.12.13 19:00 B D:\dwbcd\DWB\lib\blt2.4\bltTabset.tcl --> germa64 /home/burch/Projekte/Grimm/BetaCDROM/lib/blt2.4 bltTabset.tcl
2002.12.13 19:00 B D:\dwbcd\DWB\lib\blt2.4\htresize.cur --> germa64 /home/burch/Projekte/Grimm/BetaCDROM/lib/blt2.4 htresize.cur
2002.12.13 19:00 B D:\dwbcd\DWB\lib\blt2.4\NEWS --> germa64 /home/burch/Projekte/Grimm/BetaCDROM/lib/blt2.4 NEWS
2002.12.13 19:00 B D:\dwbcd\DWB\lib\blt2.4\pkgIndex.tcl --> germa64 /home/burch/Projekte/Grimm/BetaCDROM/lib/blt2.4 pkgIndex.tcl
2002.12.13 19:00 B D:\dwbcd\DWB\lib\blt2.4\Problems --> germa64 /home/burch/Projekte/Grimm/BetaCDROM/lib/blt2.4 Problems
2002.12.13 19:00 B D:\dwbcd\DWB\lib\blt2.4\Readme --> germa64 /home/burch/Projekte/Grimm/BetaCDROM/lib/blt2.4 Readme
2002.12.13 19:00 B D:\dwbcd\DWB\lib\blt2.4\tclIndex --> germa64 /home/burch/Projekte/Grimm/BetaCDROM/lib/blt2.4 tclIndex
2002.12.13 19:00 B D:\dwbcd\DWB\lib\blt2.4\WS_FTP.LOG --> germa64 /home/burch/Projekte/Grimm/BetaCDROM/lib/blt2.4 WS_FTP.LOG
2002.12.30 17:42 B D:\dwbcd\DWB\lib\blt2.4\bltCanvEps.pro --> germa64 /home/burch/germa63/dwbcd/DWB/lib/blt2.4 bltCanvEps.pro
2002.12.30 17:42 B D:\dwbcd\DWB\lib\blt2.4\bltDnd.tcl --> germa64 /home/burch/germa63/dwbcd/DWB/lib/blt2.4 bltDnd.tcl
2002.12.30 17:42 B D:\dwbcd\DWB\lib\blt2.4\bltDragdrop.tcl --> germa64 /home/burch/germa63/dwbcd/DWB/lib/blt2.4 bltDragdrop.tcl
2002.12.30 17:42 B D:\dwbcd\DWB\lib\blt2.4\bltGraph.pro --> germa64 /home/burch/germa63/dwbcd/DWB/lib/blt2.4 bltGraph.pro
2002.12.30 17:42 B D:\dwbcd\DWB\lib\blt2.4\bltGraph.tcl --> germa64 /home/burch/germa63/dwbcd/DWB/lib/blt2.4 bltGraph.tcl
2002.12.30 17:42 B D:\dwbcd\DWB\lib\blt2.4\bltHierbox.tcl --> germa64 /home/burch/germa63/dwbcd/DWB/lib/blt2.4 bltHierbox.tcl
2002.12.30 17:42 B D:\dwbcd\DWB\lib\blt2.4\bltHiertable.tcl --> germa64 /home/burch/germa63/dwbcd/DWB/lib/blt2.4 bltHiertable.tcl
2002.12.30 17:42 B D:\dwbcd\DWB\lib\blt2.4\bltTabnotebook.tcl --> germa64 /home/burch/germa63/dwbcd/DWB/lib/blt2.4 bltTabnotebook.tcl
2002.12.30 17:42 B D:\dwbcd\DWB\lib\blt2.4\bltTabset.tcl --> germa64 /home/burch/germa63/dwbcd/DWB/lib/blt2.4 bltTabset.tcl
2002.12.30 17:42 B D:\dwbcd\DWB\lib\blt2.4\htresize.cur --> germa64 /home/burch/germa63/dwbcd/DWB/lib/blt2.4 htresize.cur
2002.12.30 17:42 B D:\dwbcd\DWB\lib\blt2.4\NEWS --> germa64 /home/burch/germa63/dwbcd/DWB/lib/blt2.4 NEWS
2002.12.30 17:42 B D:\dwbcd\DWB\lib\blt2.4\pkgIndex.tcl --> germa64 /home/burch/germa63/dwbcd/DWB/lib/blt2.4 pkgIndex.tcl
2002.12.30 17:42 B D:\dwbcd\DWB\lib\blt2.4\Problems --> germa64 /home/burch/germa63/dwbcd/DWB/lib/blt2.4 Problems
2002.12.30 17:42 B D:\dwbcd\DWB\lib\blt2.4\Readme --> germa64 /home/burch/germa63/dwbcd/DWB/lib/blt2.4 Readme
2002.12.30 17:42 B D:\dwbcd\DWB\lib\blt2.4\tclIndex --> germa64 /home/burch/germa63/dwbcd/DWB/lib/blt2.4 tclIndex
2002.12.30 17:42 B D:\dwbcd\DWB\lib\blt2.4\WS_FTP.LOG --> germa64 /home/burch/germa63/dwbcd/DWB/lib/blt2.4 WS_FTP.LOG
2003.09.09 13:54 B D:\dwbcd\DWB\lib\blt2.4\bltCanvEps.pro --> germa93 /home/burch/DWB/windows/lib/blt2.4 bltCanvEps.pro
2003.09.09 13:54 B D:\dwbcd\DWB\lib\blt2.4\bltDnd.tcl --> germa93 /home/burch/DWB/windows/lib/blt2.4 bltDnd.tcl
2003.09.09 13:54 B D:\dwbcd\DWB\lib\blt2.4\bltDragdrop.tcl --> germa93 /home/burch/DWB/windows/lib/blt2.4 bltDragdrop.tcl
2003.09.09 13:54 B D:\dwbcd\DWB\lib\blt2.4\bltGraph.pro --> germa93 /home/burch/DWB/windows/lib/blt2.4 bltGraph.pro
2003.09.09 13:54 B D:\dwbcd\DWB\lib\blt2.4\bltGraph.tcl --> germa93 /home/burch/DWB/windows/lib/blt2.4 bltGraph.tcl
2003.09.09 13:54 B D:\dwbcd\DWB\lib\blt2.4\bltHierbox.tcl --> germa93 /home/burch/DWB/windows/lib/blt2.4 bltHierbox.tcl
2003.09.09 13:54 B D:\dwbcd\DWB\lib\blt2.4\bltHiertable.tcl --> germa93 /home/burch/DWB/windows/lib/blt2.4 bltHiertable.tcl
2003.09.09 13:54 B D:\dwbcd\DWB\lib\blt2.4\bltTabnotebook.tcl --> germa93 /home/burch/DWB/windows/lib/blt2.4 bltTabnotebook.tcl
2003.09.09 13:54 B D:\dwbcd\DWB\lib\blt2.4\bltTabset.tcl --> germa93 /home/burch/DWB/windows/lib/blt2.4 bltTabset.tcl
2003.09.09 13:54 B D:\dwbcd\DWB\lib\blt2.4\htresize.cur --> germa93 /home/burch/DWB/windows/lib/blt2.4 htresize.cur
2003.09.09 13:54 B D:\dwbcd\DWB\lib\blt2.4\NEWS --> germa93 /home/burch/DWB/windows/lib/blt2.4 NEWS
2003.09.09 13:54 B D:\dwbcd\DWB\lib\blt2.4\pkgIndex.tcl --> germa93 /home/burch/DWB/windows/lib/blt2.4 pkgIndex.tcl
2003.09.09 13:54 B D:\dwbcd\DWB\lib\blt2.4\Problems --> germa93 /home/burch/DWB/windows/lib/blt2.4 Problems
2003.09.09 13:54 B D:\dwbcd\DWB\lib\blt2.4\Readme --> germa93 /home/burch/DWB/windows/lib/blt2.4 Readme
2003.09.09 13:54 B D:\dwbcd\DWB\lib\blt2.4\tclIndex --> germa93 /home/burch/DWB/windows/lib/blt2.4 tclIndex
2003.09.09 13:54 B D:\dwbcd\DWB\lib\blt2.4\WS_FTP.LOG --> germa93 /home/burch/DWB/windows/lib/blt2.4 WS_FTP.LOG
2003.11.20 14:35 B D:\dwbcd\DWB\lib\blt2.4\bltDragdrop.tcl --> germa64 /home/burch/Projekte/Grimm/CDROM/windows/lib/blt2.4 bltDragdrop.tcl
2003.11.20 14:35 B D:\dwbcd\DWB\lib\blt2.4\bltHierbox.tcl --> germa64 /home/burch/Projekte/Grimm/CDROM/windows/lib/blt2.4 bltHierbox.tcl
2003.11.20 14:35 B D:\dwbcd\DWB\lib\blt2.4\bltHiertable.tcl --> germa64 /home/burch/Projekte/Grimm/CDROM/windows/lib/blt2.4 bltHiertable.tcl
2003.11.20 14:35 B D:\dwbcd\DWB\lib\blt2.4\bltTabnotebook.tcl --> germa64 /home/burch/Projekte/Grimm/CDROM/windows/lib/blt2.4 bltTabnotebook.tcl
2003.11.20 14:35 B D:\dwbcd\DWB\lib\blt2.4\htresize.cur --> germa64 /home/burch/Projekte/Grimm/CDROM/windows/lib/blt2.4 htresize.cur
2003.11.20 14:35 B D:\dwbcd\DWB\lib\blt2.4\NEWS --> germa64 /home/burch/Projekte/Grimm/CDROM/windows/lib/blt2.4 NEWS
2003.11.20 14:35 B D:\dwbcd\DWB\lib\blt2.4\Problems --> germa64 /home/burch/Projekte/Grimm/CDROM/windows/lib/blt2.4 Problems
2003.11.20 14:35 B D:\dwbcd\DWB\lib\blt2.4\Readme --> germa64 /home/burch/Projekte/Grimm/CDROM/windows/lib/blt2.4 Readme
2003.11.20 14:35 B D:\dwbcd\DWB\lib\blt2.4\WS_FTP.LOG --> germa64 /home/burch/Projekte/Grimm/CDROM/windows/lib/blt2.4 WS_FTP.LOG
2004.01.14 13:47 B D:\dwbcd\DWB\lib\blt2.4\bltCanvEps.pro --> germa64 /home/burch/Backups/germa63/dwbcd/DWB/lib/blt2.4 bltCanvEps.pro
2004.01.14 13:47 B D:\dwbcd\DWB\lib\blt2.4\bltDnd.tcl --> germa64 /home/burch/Backups/germa63/dwbcd/DWB/lib/blt2.4 bltDnd.tcl
2004.01.14 13:47 B D:\dwbcd\DWB\lib\blt2.4\bltDragdrop.tcl --> germa64 /home/burch/Backups/germa63/dwbcd/DWB/lib/blt2.4 bltDragdrop.tcl
2004.01.14 13:47 B D:\dwbcd\DWB\lib\blt2.4\bltGraph.pro --> germa64 /home/burch/Backups/germa63/dwbcd/DWB/lib/blt2.4 bltGraph.pro
2004.01.14 13:47 B D:\dwbcd\DWB\lib\blt2.4\bltGraph.tcl --> germa64 /home/burch/Backups/germa63/dwbcd/DWB/lib/blt2.4 bltGraph.tcl
2004.01.14 13:47 B D:\dwbcd\DWB\lib\blt2.4\bltHierbox.tcl --> germa64 /home/burch/Backups/germa63/dwbcd/DWB/lib/blt2.4 bltHierbox.tcl
2004.01.14 13:47 B D:\dwbcd\DWB\lib\blt2.4\bltHiertable.tcl --> germa64 /home/burch/Backups/germa63/dwbcd/DWB/lib/blt2.4 bltHiertable.tcl
2004.01.14 13:47 B D:\dwbcd\DWB\lib\blt2.4\bltTabnotebook.tcl --> germa64 /home/burch/Backups/germa63/dwbcd/DWB/lib/blt2.4 bltTabnotebook.tcl
2004.01.14 13:47 B D:\dwbcd\DWB\lib\blt2.4\bltTabset.tcl --> germa64 /home/burch/Backups/germa63/dwbcd/DWB/lib/blt2.4 bltTabset.tcl
2004.01.14 13:47 B D:\dwbcd\DWB\lib\blt2.4\htresize.cur --> germa64 /home/burch/Backups/germa63/dwbcd/DWB/lib/blt2.4 htresize.cur
2004.01.14 13:47 B D:\dwbcd\DWB\lib\blt2.4\NEWS --> germa64 /home/burch/Backups/germa63/dwbcd/DWB/lib/blt2.4 NEWS
2004.01.14 13:47 B D:\dwbcd\DWB\lib\blt2.4\pkgIndex.tcl --> germa64 /home/burch/Backups/germa63/dwbcd/DWB/lib/blt2.4 pkgIndex.tcl
2004.01.14 13:47 B D:\dwbcd\DWB\lib\blt2.4\Problems --> germa64 /home/burch/Backups/germa63/dwbcd/DWB/lib/blt2.4 Problems
2004.01.14 13:47 B D:\dwbcd\DWB\lib\blt2.4\Readme --> germa64 /home/burch/Backups/germa63/dwbcd/DWB/lib/blt2.4 Readme
2004.01.14 13:47 B D:\dwbcd\DWB\lib\blt2.4\tclIndex --> germa64 /home/burch/Backups/germa63/dwbcd/DWB/lib/blt2.4 tclIndex
2004.01.14 19:23 B D:\dwbcd\DWB\lib\blt2.4\WS_FTP.LOG <-- germa64 /home/burch/Backups/germa63/dwbcd/DWB/lib/blt2.4 WS_FTP.LOG
2004.04.01 11:46 B D:\dwbcd\DWB\lib\blt2.4\bltCanvEps.pro --> germa64 /home/burch/Projekte/HinUndHer/dwb/lib/blt2.4 bltCanvEps.pro
2004.04.01 11:46 B D:\dwbcd\DWB\lib\blt2.4\bltDnd.tcl --> germa64 /home/burch/Projekte/HinUndHer/dwb/lib/blt2.4 bltDnd.tcl
2004.04.01 11:46 B D:\dwbcd\DWB\lib\blt2.4\bltDragdrop.tcl --> germa64 /home/burch/Projekte/HinUndHer/dwb/lib/blt2.4 bltDragdrop.tcl
2004.04.01 11:46 B D:\dwbcd\DWB\lib\blt2.4\bltGraph.pro --> germa64 /home/burch/Projekte/HinUndHer/dwb/lib/blt2.4 bltGraph.pro
2004.04.01 11:46 B D:\dwbcd\DWB\lib\blt2.4\bltGraph.tcl --> germa64 /home/burch/Projekte/HinUndHer/dwb/lib/blt2.4 bltGraph.tcl
2004.04.01 11:46 B D:\dwbcd\DWB\lib\blt2.4\bltHierbox.tcl --> germa64 /home/burch/Projekte/HinUndHer/dwb/lib/blt2.4 bltHierbox.tcl
2004.04.01 11:46 B D:\dwbcd\DWB\lib\blt2.4\bltHiertable.tcl --> germa64 /home/burch/Projekte/HinUndHer/dwb/lib/blt2.4 bltHiertable.tcl
2004.04.01 11:46 B D:\dwbcd\DWB\lib\blt2.4\bltTabnotebook.tcl --> germa64 /home/burch/Projekte/HinUndHer/dwb/lib/blt2.4 bltTabnotebook.tcl
2004.04.01 11:46 B D:\dwbcd\DWB\lib\blt2.4\bltTabset.tcl --> germa64 /home/burch/Projekte/HinUndHer/dwb/lib/blt2.4 bltTabset.tcl
2004.04.01 11:46 B D:\dwbcd\DWB\lib\blt2.4\htresize.cur --> germa64 /home/burch/Projekte/HinUndHer/dwb/lib/blt2.4 htresize.cur
2004.04.01 11:46 B D:\dwbcd\DWB\lib\blt2.4\NEWS --> germa64 /home/burch/Projekte/HinUndHer/dwb/lib/blt2.4 NEWS
2004.04.01 11:46 B D:\dwbcd\DWB\lib\blt2.4\pkgIndex.tcl --> germa64 /home/burch/Projekte/HinUndHer/dwb/lib/blt2.4 pkgIndex.tcl
2004.04.01 11:46 B D:\dwbcd\DWB\lib\blt2.4\Problems --> germa64 /home/burch/Projekte/HinUndHer/dwb/lib/blt2.4 Problems
2004.04.01 11:46 B D:\dwbcd\DWB\lib\blt2.4\Readme --> germa64 /home/burch/Projekte/HinUndHer/dwb/lib/blt2.4 Readme
2004.04.01 11:46 B D:\dwbcd\DWB\lib\blt2.4\tclIndex --> germa64 /home/burch/Projekte/HinUndHer/dwb/lib/blt2.4 tclIndex
2004.04.01 11:46 B D:\dwbcd\DWB\lib\blt2.4\WS_FTP.LOG --> germa64 /home/burch/Projekte/HinUndHer/dwb/lib/blt2.4 WS_FTP.LOG
2004.04.27 14:37 B D:\dwbcd\DWB\lib\blt2.4\bltCanvEps.pro --> germa64 /home/burch/Projekte/HinUndHer/lib/blt2.4 bltCanvEps.pro
2004.04.27 14:37 B D:\dwbcd\DWB\lib\blt2.4\bltDnd.tcl --> germa64 /home/burch/Projekte/HinUndHer/lib/blt2.4 bltDnd.tcl
2004.04.27 14:37 B D:\dwbcd\DWB\lib\blt2.4\bltDragdrop.tcl --> germa64 /home/burch/Projekte/HinUndHer/lib/blt2.4 bltDragdrop.tcl
2004.04.27 14:37 B D:\dwbcd\DWB\lib\blt2.4\bltGraph.pro --> germa64 /home/burch/Projekte/HinUndHer/lib/blt2.4 bltGraph.pro
2004.04.27 14:37 B D:\dwbcd\DWB\lib\blt2.4\bltGraph.tcl --> germa64 /home/burch/Projekte/HinUndHer/lib/blt2.4 bltGraph.tcl
2004.04.27 14:37 B D:\dwbcd\DWB\lib\blt2.4\bltHierbox.tcl --> germa64 /home/burch/Projekte/HinUndHer/lib/blt2.4 bltHierbox.tcl
2004.04.27 14:37 B D:\dwbcd\DWB\lib\blt2.4\bltHiertable.tcl --> germa64 /home/burch/Projekte/HinUndHer/lib/blt2.4 bltHiertable.tcl
2004.04.27 14:37 B D:\dwbcd\DWB\lib\blt2.4\bltTabnotebook.tcl --> germa64 /home/burch/Projekte/HinUndHer/lib/blt2.4 bltTabnotebook.tcl
2004.04.27 14:37 B D:\dwbcd\DWB\lib\blt2.4\bltTabset.tcl --> germa64 /home/burch/Projekte/HinUndHer/lib/blt2.4 bltTabset.tcl
2004.04.27 14:37 B D:\dwbcd\DWB\lib\blt2.4\htresize.cur --> germa64 /home/burch/Projekte/HinUndHer/lib/blt2.4 htresize.cur
2004.04.27 14:37 B D:\dwbcd\DWB\lib\blt2.4\NEWS --> germa64 /home/burch/Projekte/HinUndHer/lib/blt2.4 NEWS
2004.04.27 14:37 B D:\dwbcd\DWB\lib\blt2.4\pkgIndex.tcl --> germa64 /home/burch/Projekte/HinUndHer/lib/blt2.4 pkgIndex.tcl
2004.04.27 14:37 B D:\dwbcd\DWB\lib\blt2.4\Problems --> germa64 /home/burch/Projekte/HinUndHer/lib/blt2.4 Problems
2004.04.27 14:37 B D:\dwbcd\DWB\lib\blt2.4\Readme --> germa64 /home/burch/Projekte/HinUndHer/lib/blt2.4 Readme
2004.04.27 14:37 B D:\dwbcd\DWB\lib\blt2.4\tclIndex --> germa64 /home/burch/Projekte/HinUndHer/lib/blt2.4 tclIndex
2004.04.27 14:37 B D:\dwbcd\DWB\lib\blt2.4\WS_FTP.LOG --> germa64 /home/burch/Projekte/HinUndHer/lib/blt2.4 WS_FTP.LOG
