2002.08.26 17:19 B D:\dwbcd\DWB\lib\cost2.3\auxfile.tcl --> germa64 /home/burch/Projekte/Grimm/version1/lib/cost2.3 auxfile.tcl
2002.08.26 17:19 B D:\dwbcd\DWB\lib\cost2.3\Core.tcl --> germa64 /home/burch/Projekte/Grimm/version1/lib/cost2.3 Core.tcl
2002.08.26 17:19 B D:\dwbcd\DWB\lib\cost2.3\cost.cnt --> germa64 /home/burch/Projekte/Grimm/version1/lib/cost2.3 cost.cnt
2002.08.26 17:19 B D:\dwbcd\DWB\lib\cost2.3\cost.hlp --> germa64 /home/burch/Projekte/Grimm/version1/lib/cost2.3 cost.hlp
2002.08.26 17:19 B D:\dwbcd\DWB\lib\cost2.3\cost23.dll --> germa64 /home/burch/Projekte/Grimm/version1/lib/cost2.3 cost23.dll
2002.08.26 17:19 B D:\dwbcd\DWB\lib\cost2.3\costinit.tcl --> germa64 /home/burch/Projekte/Grimm/version1/lib/cost2.3 costinit.tcl
2002.08.26 17:19 B D:\dwbcd\DWB\lib\cost2.3\Counters.tcl --> germa64 /home/burch/Projekte/Grimm/version1/lib/cost2.3 Counters.tcl
2002.08.26 17:19 B D:\dwbcd\DWB\lib\cost2.3\EventHandler.itcl --> germa64 /home/burch/Projekte/Grimm/version1/lib/cost2.3 EventHandler.itcl
2002.08.26 17:19 B D:\dwbcd\DWB\lib\cost2.3\HTML.spec --> germa64 /home/burch/Projekte/Grimm/version1/lib/cost2.3 HTML.spec
2002.08.26 17:19 B D:\dwbcd\DWB\lib\cost2.3\htmllib.tcl --> germa64 /home/burch/Projekte/Grimm/version1/lib/cost2.3 htmllib.tcl
2002.08.26 17:19 B D:\dwbcd\DWB\lib\cost2.3\latex.tcl --> germa64 /home/burch/Projekte/Grimm/version1/lib/cost2.3 latex.tcl
2002.08.26 17:19 B D:\dwbcd\DWB\lib\cost2.3\Numerals.tcl --> germa64 /home/burch/Projekte/Grimm/version1/lib/cost2.3 Numerals.tcl
2002.08.26 17:19 B D:\dwbcd\DWB\lib\cost2.3\Options.tcl --> germa64 /home/burch/Projekte/Grimm/version1/lib/cost2.3 Options.tcl
2002.08.26 17:19 B D:\dwbcd\DWB\lib\cost2.3\pkgIndex.tcl --> germa64 /home/burch/Projekte/Grimm/version1/lib/cost2.3 pkgIndex.tcl
2002.08.26 17:19 B D:\dwbcd\DWB\lib\cost2.3\README --> germa64 /home/burch/Projekte/Grimm/version1/lib/cost2.3 README
2002.08.26 17:19 B D:\dwbcd\DWB\lib\cost2.3\RTF.spec --> germa64 /home/burch/Projekte/Grimm/version1/lib/cost2.3 RTF.spec
2002.08.26 17:19 B D:\dwbcd\DWB\lib\cost2.3\rtflib.tcl --> germa64 /home/burch/Projekte/Grimm/version1/lib/cost2.3 rtflib.tcl
2002.08.26 17:19 B D:\dwbcd\DWB\lib\cost2.3\Simple.tcl --> germa64 /home/burch/Projekte/Grimm/version1/lib/cost2.3 Simple.tcl
2002.08.26 17:19 B D:\dwbcd\DWB\lib\cost2.3\textutil.tcl --> germa64 /home/burch/Projekte/Grimm/version1/lib/cost2.3 textutil.tcl
2002.08.26 17:19 B D:\dwbcd\DWB\lib\cost2.3\unins000.dat --> germa64 /home/burch/Projekte/Grimm/version1/lib/cost2.3 unins000.dat
2002.08.26 17:19 B D:\dwbcd\DWB\lib\cost2.3\unins000.exe --> germa64 /home/burch/Projekte/Grimm/version1/lib/cost2.3 unins000.exe
2002.08.26 17:19 B D:\dwbcd\DWB\lib\cost2.3\winhelp-stylesheet.tcl --> germa64 /home/burch/Projekte/Grimm/version1/lib/cost2.3 winhelp-stylesheet.tcl
2002.09.10 10:26 B D:\dwbcd\DWB\lib\cost2.3\auxfile.tcl --> germa64 /home/burch/binlib/lib/cost2.3 auxfile.tcl
2002.09.10 10:26 B D:\dwbcd\DWB\lib\cost2.3\Core.tcl --> germa64 /home/burch/binlib/lib/cost2.3 Core.tcl
2002.09.10 10:26 B D:\dwbcd\DWB\lib\cost2.3\cost.cnt --> germa64 /home/burch/binlib/lib/cost2.3 cost.cnt
2002.09.10 10:26 B D:\dwbcd\DWB\lib\cost2.3\cost.hlp --> germa64 /home/burch/binlib/lib/cost2.3 cost.hlp
2002.09.10 10:26 B D:\dwbcd\DWB\lib\cost2.3\cost23.dll --> germa64 /home/burch/binlib/lib/cost2.3 cost23.dll
2002.09.10 10:26 B D:\dwbcd\DWB\lib\cost2.3\costinit.tcl --> germa64 /home/burch/binlib/lib/cost2.3 costinit.tcl
2002.09.10 10:26 B D:\dwbcd\DWB\lib\cost2.3\Counters.tcl --> germa64 /home/burch/binlib/lib/cost2.3 Counters.tcl
2002.09.10 10:26 B D:\dwbcd\DWB\lib\cost2.3\EventHandler.itcl --> germa64 /home/burch/binlib/lib/cost2.3 EventHandler.itcl
2002.09.10 10:26 B D:\dwbcd\DWB\lib\cost2.3\HTML.spec --> germa64 /home/burch/binlib/lib/cost2.3 HTML.spec
2002.09.10 10:26 B D:\dwbcd\DWB\lib\cost2.3\htmllib.tcl --> germa64 /home/burch/binlib/lib/cost2.3 htmllib.tcl
2002.09.10 10:26 B D:\dwbcd\DWB\lib\cost2.3\latex.tcl --> germa64 /home/burch/binlib/lib/cost2.3 latex.tcl
2002.09.10 10:26 B D:\dwbcd\DWB\lib\cost2.3\Numerals.tcl --> germa64 /home/burch/binlib/lib/cost2.3 Numerals.tcl
2002.09.10 10:26 B D:\dwbcd\DWB\lib\cost2.3\Options.tcl --> germa64 /home/burch/binlib/lib/cost2.3 Options.tcl
2002.09.10 10:26 B D:\dwbcd\DWB\lib\cost2.3\pkgIndex.tcl --> germa64 /home/burch/binlib/lib/cost2.3 pkgIndex.tcl
2002.09.10 10:26 B D:\dwbcd\DWB\lib\cost2.3\README --> germa64 /home/burch/binlib/lib/cost2.3 README
2002.09.10 10:26 B D:\dwbcd\DWB\lib\cost2.3\RTF.spec --> germa64 /home/burch/binlib/lib/cost2.3 RTF.spec
2002.09.10 10:26 B D:\dwbcd\DWB\lib\cost2.3\rtflib.tcl --> germa64 /home/burch/binlib/lib/cost2.3 rtflib.tcl
2002.09.10 10:26 B D:\dwbcd\DWB\lib\cost2.3\Simple.tcl --> germa64 /home/burch/binlib/lib/cost2.3 Simple.tcl
2002.09.10 10:26 B D:\dwbcd\DWB\lib\cost2.3\textutil.tcl --> germa64 /home/burch/binlib/lib/cost2.3 textutil.tcl
2002.09.10 10:26 B D:\dwbcd\DWB\lib\cost2.3\unins000.dat --> germa64 /home/burch/binlib/lib/cost2.3 unins000.dat
2002.09.10 10:26 B D:\dwbcd\DWB\lib\cost2.3\unins000.exe --> germa64 /home/burch/binlib/lib/cost2.3 unins000.exe
2002.09.10 10:26 B D:\dwbcd\DWB\lib\cost2.3\winhelp-stylesheet.tcl --> germa64 /home/burch/binlib/lib/cost2.3 winhelp-stylesheet.tcl
2002.09.10 10:26 B D:\dwbcd\DWB\lib\cost2.3\WS_FTP.LOG --> germa64 /home/burch/binlib/lib/cost2.3 WS_FTP.LOG
2002.09.10 17:13 B D:\dwbcd\DWB\lib\cost2.3\cost23.dll --> germa64 /home/burch/binlib cost23.dll
2002.10.09 18:04 B D:\dwbcd\DWB\lib\cost2.3\auxfile.tcl --> germa64 /home/burch/Projekte/Grimm/CDROMbeta/lib/cost2.3 auxfile.tcl
2002.10.09 18:04 B D:\dwbcd\DWB\lib\cost2.3\Core.tcl --> germa64 /home/burch/Projekte/Grimm/CDROMbeta/lib/cost2.3 Core.tcl
2002.10.09 18:04 B D:\dwbcd\DWB\lib\cost2.3\cost.cnt --> germa64 /home/burch/Projekte/Grimm/CDROMbeta/lib/cost2.3 cost.cnt
2002.10.09 18:04 B D:\dwbcd\DWB\lib\cost2.3\cost.hlp --> germa64 /home/burch/Projekte/Grimm/CDROMbeta/lib/cost2.3 cost.hlp
2002.10.09 18:04 B D:\dwbcd\DWB\lib\cost2.3\cost23.dll --> germa64 /home/burch/Projekte/Grimm/CDROMbeta/lib/cost2.3 cost23.dll
2002.10.09 18:04 B D:\dwbcd\DWB\lib\cost2.3\costinit.tcl --> germa64 /home/burch/Projekte/Grimm/CDROMbeta/lib/cost2.3 costinit.tcl
2002.10.09 18:04 B D:\dwbcd\DWB\lib\cost2.3\Counters.tcl --> germa64 /home/burch/Projekte/Grimm/CDROMbeta/lib/cost2.3 Counters.tcl
2002.10.09 18:04 B D:\dwbcd\DWB\lib\cost2.3\EventHandler.itcl --> germa64 /home/burch/Projekte/Grimm/CDROMbeta/lib/cost2.3 EventHandler.itcl
2002.10.09 18:04 B D:\dwbcd\DWB\lib\cost2.3\HTML.spec --> germa64 /home/burch/Projekte/Grimm/CDROMbeta/lib/cost2.3 HTML.spec
2002.10.09 18:04 B D:\dwbcd\DWB\lib\cost2.3\htmllib.tcl --> germa64 /home/burch/Projekte/Grimm/CDROMbeta/lib/cost2.3 htmllib.tcl
2002.10.09 18:04 B D:\dwbcd\DWB\lib\cost2.3\latex.tcl --> germa64 /home/burch/Projekte/Grimm/CDROMbeta/lib/cost2.3 latex.tcl
2002.10.09 18:04 B D:\dwbcd\DWB\lib\cost2.3\Numerals.tcl --> germa64 /home/burch/Projekte/Grimm/CDROMbeta/lib/cost2.3 Numerals.tcl
2002.10.09 18:04 B D:\dwbcd\DWB\lib\cost2.3\Options.tcl --> germa64 /home/burch/Projekte/Grimm/CDROMbeta/lib/cost2.3 Options.tcl
2002.10.09 18:04 B D:\dwbcd\DWB\lib\cost2.3\pkgIndex.tcl --> germa64 /home/burch/Projekte/Grimm/CDROMbeta/lib/cost2.3 pkgIndex.tcl
2002.10.09 18:04 B D:\dwbcd\DWB\lib\cost2.3\README --> germa64 /home/burch/Projekte/Grimm/CDROMbeta/lib/cost2.3 README
2002.10.09 18:04 B D:\dwbcd\DWB\lib\cost2.3\RTF.spec --> germa64 /home/burch/Projekte/Grimm/CDROMbeta/lib/cost2.3 RTF.spec
2002.10.09 18:04 B D:\dwbcd\DWB\lib\cost2.3\rtflib.tcl --> germa64 /home/burch/Projekte/Grimm/CDROMbeta/lib/cost2.3 rtflib.tcl
2002.10.09 18:04 B D:\dwbcd\DWB\lib\cost2.3\Simple.tcl --> germa64 /home/burch/Projekte/Grimm/CDROMbeta/lib/cost2.3 Simple.tcl
2002.10.09 18:04 B D:\dwbcd\DWB\lib\cost2.3\textutil.tcl --> germa64 /home/burch/Projekte/Grimm/CDROMbeta/lib/cost2.3 textutil.tcl
2002.10.09 18:04 B D:\dwbcd\DWB\lib\cost2.3\unins000.dat --> germa64 /home/burch/Projekte/Grimm/CDROMbeta/lib/cost2.3 unins000.dat
2002.10.09 18:04 B D:\dwbcd\DWB\lib\cost2.3\unins000.exe --> germa64 /home/burch/Projekte/Grimm/CDROMbeta/lib/cost2.3 unins000.exe
2002.10.09 18:04 B D:\dwbcd\DWB\lib\cost2.3\winhelp-stylesheet.tcl --> germa64 /home/burch/Projekte/Grimm/CDROMbeta/lib/cost2.3 winhelp-stylesheet.tcl
2002.10.09 18:04 B D:\dwbcd\DWB\lib\cost2.3\WS_FTP.LOG --> germa64 /home/burch/Projekte/Grimm/CDROMbeta/lib/cost2.3 WS_FTP.LOG
2002.11.01 18:00 B D:\dwbcd\DWB\lib\cost2.3\auxfile.tcl --> germa64 /home/burch/Projekte/Grimm/CDROM/lib/cost2.3 auxfile.tcl
2002.11.01 18:00 B D:\dwbcd\DWB\lib\cost2.3\Core.tcl --> germa64 /home/burch/Projekte/Grimm/CDROM/lib/cost2.3 Core.tcl
2002.11.01 18:00 B D:\dwbcd\DWB\lib\cost2.3\cost.cnt --> germa64 /home/burch/Projekte/Grimm/CDROM/lib/cost2.3 cost.cnt
2002.11.01 18:00 B D:\dwbcd\DWB\lib\cost2.3\cost.hlp --> germa64 /home/burch/Projekte/Grimm/CDROM/lib/cost2.3 cost.hlp
2002.11.01 18:00 B D:\dwbcd\DWB\lib\cost2.3\cost23.dll --> germa64 /home/burch/Projekte/Grimm/CDROM/lib/cost2.3 cost23.dll
2002.11.01 18:00 B D:\dwbcd\DWB\lib\cost2.3\costinit.tcl --> germa64 /home/burch/Projekte/Grimm/CDROM/lib/cost2.3 costinit.tcl
2002.11.01 18:00 B D:\dwbcd\DWB\lib\cost2.3\Counters.tcl --> germa64 /home/burch/Projekte/Grimm/CDROM/lib/cost2.3 Counters.tcl
2002.11.01 18:00 B D:\dwbcd\DWB\lib\cost2.3\EventHandler.itcl --> germa64 /home/burch/Projekte/Grimm/CDROM/lib/cost2.3 EventHandler.itcl
2002.11.01 18:00 B D:\dwbcd\DWB\lib\cost2.3\HTML.spec --> germa64 /home/burch/Projekte/Grimm/CDROM/lib/cost2.3 HTML.spec
2002.11.01 18:00 B D:\dwbcd\DWB\lib\cost2.3\htmllib.tcl --> germa64 /home/burch/Projekte/Grimm/CDROM/lib/cost2.3 htmllib.tcl
2002.11.01 18:00 B D:\dwbcd\DWB\lib\cost2.3\latex.tcl --> germa64 /home/burch/Projekte/Grimm/CDROM/lib/cost2.3 latex.tcl
2002.11.01 18:00 B D:\dwbcd\DWB\lib\cost2.3\Numerals.tcl --> germa64 /home/burch/Projekte/Grimm/CDROM/lib/cost2.3 Numerals.tcl
2002.11.01 18:00 B D:\dwbcd\DWB\lib\cost2.3\Options.tcl --> germa64 /home/burch/Projekte/Grimm/CDROM/lib/cost2.3 Options.tcl
2002.11.01 18:00 B D:\dwbcd\DWB\lib\cost2.3\pkgIndex.tcl --> germa64 /home/burch/Projekte/Grimm/CDROM/lib/cost2.3 pkgIndex.tcl
2002.11.01 18:00 B D:\dwbcd\DWB\lib\cost2.3\README --> germa64 /home/burch/Projekte/Grimm/CDROM/lib/cost2.3 README
2002.11.01 18:00 B D:\dwbcd\DWB\lib\cost2.3\RTF.spec --> germa64 /home/burch/Projekte/Grimm/CDROM/lib/cost2.3 RTF.spec
2002.11.01 18:00 B D:\dwbcd\DWB\lib\cost2.3\rtflib.tcl --> germa64 /home/burch/Projekte/Grimm/CDROM/lib/cost2.3 rtflib.tcl
2002.11.01 18:00 B D:\dwbcd\DWB\lib\cost2.3\Simple.tcl --> germa64 /home/burch/Projekte/Grimm/CDROM/lib/cost2.3 Simple.tcl
2002.11.01 18:00 B D:\dwbcd\DWB\lib\cost2.3\textutil.tcl --> germa64 /home/burch/Projekte/Grimm/CDROM/lib/cost2.3 textutil.tcl
2002.11.01 18:00 B D:\dwbcd\DWB\lib\cost2.3\unins000.dat --> germa64 /home/burch/Projekte/Grimm/CDROM/lib/cost2.3 unins000.dat
2002.11.01 18:00 B D:\dwbcd\DWB\lib\cost2.3\unins000.exe --> germa64 /home/burch/Projekte/Grimm/CDROM/lib/cost2.3 unins000.exe
2002.11.01 18:00 B D:\dwbcd\DWB\lib\cost2.3\winhelp-stylesheet.tcl --> germa64 /home/burch/Projekte/Grimm/CDROM/lib/cost2.3 winhelp-stylesheet.tcl
2002.11.01 18:00 B D:\dwbcd\DWB\lib\cost2.3\WS_FTP.LOG --> germa64 /home/burch/Projekte/Grimm/CDROM/lib/cost2.3 WS_FTP.LOG
2002.11.19 17:09 B D:\dwbcd\DWB\lib\cost2.3\auxfile.tcl --> germa93 /home/burch/DWB/lib/cost2.3 auxfile.tcl
2002.11.19 17:09 B D:\dwbcd\DWB\lib\cost2.3\Core.tcl --> germa93 /home/burch/DWB/lib/cost2.3 Core.tcl
2002.11.19 17:09 B D:\dwbcd\DWB\lib\cost2.3\cost.cnt --> germa93 /home/burch/DWB/lib/cost2.3 cost.cnt
2002.11.19 17:09 B D:\dwbcd\DWB\lib\cost2.3\cost.hlp --> germa93 /home/burch/DWB/lib/cost2.3 cost.hlp
2002.11.19 17:09 B D:\dwbcd\DWB\lib\cost2.3\cost23.dll --> germa93 /home/burch/DWB/lib/cost2.3 cost23.dll
2002.11.19 17:09 B D:\dwbcd\DWB\lib\cost2.3\costinit.tcl --> germa93 /home/burch/DWB/lib/cost2.3 costinit.tcl
2002.11.19 17:09 B D:\dwbcd\DWB\lib\cost2.3\Counters.tcl --> germa93 /home/burch/DWB/lib/cost2.3 Counters.tcl
2002.11.19 17:09 B D:\dwbcd\DWB\lib\cost2.3\EventHandler.itcl --> germa93 /home/burch/DWB/lib/cost2.3 EventHandler.itcl
2002.11.19 17:09 B D:\dwbcd\DWB\lib\cost2.3\HTML.spec --> germa93 /home/burch/DWB/lib/cost2.3 HTML.spec
2002.11.19 17:09 B D:\dwbcd\DWB\lib\cost2.3\htmllib.tcl --> germa93 /home/burch/DWB/lib/cost2.3 htmllib.tcl
2002.11.19 17:09 B D:\dwbcd\DWB\lib\cost2.3\latex.tcl --> germa93 /home/burch/DWB/lib/cost2.3 latex.tcl
2002.11.19 17:09 B D:\dwbcd\DWB\lib\cost2.3\Numerals.tcl --> germa93 /home/burch/DWB/lib/cost2.3 Numerals.tcl
2002.11.19 17:09 B D:\dwbcd\DWB\lib\cost2.3\Options.tcl --> germa93 /home/burch/DWB/lib/cost2.3 Options.tcl
2002.11.19 17:09 B D:\dwbcd\DWB\lib\cost2.3\pkgIndex.tcl --> germa93 /home/burch/DWB/lib/cost2.3 pkgIndex.tcl
2002.11.19 17:09 B D:\dwbcd\DWB\lib\cost2.3\README --> germa93 /home/burch/DWB/lib/cost2.3 README
2002.11.19 17:09 B D:\dwbcd\DWB\lib\cost2.3\RTF.spec --> germa93 /home/burch/DWB/lib/cost2.3 RTF.spec
2002.11.19 17:09 B D:\dwbcd\DWB\lib\cost2.3\rtflib.tcl --> germa93 /home/burch/DWB/lib/cost2.3 rtflib.tcl
2002.11.19 17:09 B D:\dwbcd\DWB\lib\cost2.3\Simple.tcl --> germa93 /home/burch/DWB/lib/cost2.3 Simple.tcl
2002.11.19 17:09 B D:\dwbcd\DWB\lib\cost2.3\textutil.tcl --> germa93 /home/burch/DWB/lib/cost2.3 textutil.tcl
2002.11.19 17:09 B D:\dwbcd\DWB\lib\cost2.3\unins000.dat --> germa93 /home/burch/DWB/lib/cost2.3 unins000.dat
2002.11.19 17:09 B D:\dwbcd\DWB\lib\cost2.3\unins000.exe --> germa93 /home/burch/DWB/lib/cost2.3 unins000.exe
2002.11.19 17:09 B D:\dwbcd\DWB\lib\cost2.3\winhelp-stylesheet.tcl --> germa93 /home/burch/DWB/lib/cost2.3 winhelp-stylesheet.tcl
2002.11.19 17:09 B D:\dwbcd\DWB\lib\cost2.3\WS_FTP.LOG --> germa93 /home/burch/DWB/lib/cost2.3 WS_FTP.LOG
2002.12.13 19:00 B D:\dwbcd\DWB\lib\cost2.3\auxfile.tcl --> germa64 /home/burch/Projekte/Grimm/BetaCDROM/lib/cost2.3 auxfile.tcl
2002.12.13 19:00 B D:\dwbcd\DWB\lib\cost2.3\Core.tcl --> germa64 /home/burch/Projekte/Grimm/BetaCDROM/lib/cost2.3 Core.tcl
2002.12.13 19:00 B D:\dwbcd\DWB\lib\cost2.3\cost.cnt --> germa64 /home/burch/Projekte/Grimm/BetaCDROM/lib/cost2.3 cost.cnt
2002.12.13 19:00 B D:\dwbcd\DWB\lib\cost2.3\cost.hlp --> germa64 /home/burch/Projekte/Grimm/BetaCDROM/lib/cost2.3 cost.hlp
2002.12.13 19:00 B D:\dwbcd\DWB\lib\cost2.3\cost23.dll --> germa64 /home/burch/Projekte/Grimm/BetaCDROM/lib/cost2.3 cost23.dll
2002.12.13 19:00 B D:\dwbcd\DWB\lib\cost2.3\costinit.tcl --> germa64 /home/burch/Projekte/Grimm/BetaCDROM/lib/cost2.3 costinit.tcl
2002.12.13 19:00 B D:\dwbcd\DWB\lib\cost2.3\Counters.tcl --> germa64 /home/burch/Projekte/Grimm/BetaCDROM/lib/cost2.3 Counters.tcl
2002.12.13 19:00 B D:\dwbcd\DWB\lib\cost2.3\EventHandler.itcl --> germa64 /home/burch/Projekte/Grimm/BetaCDROM/lib/cost2.3 EventHandler.itcl
2002.12.13 19:00 B D:\dwbcd\DWB\lib\cost2.3\HTML.spec --> germa64 /home/burch/Projekte/Grimm/BetaCDROM/lib/cost2.3 HTML.spec
2002.12.13 19:00 B D:\dwbcd\DWB\lib\cost2.3\htmllib.tcl --> germa64 /home/burch/Projekte/Grimm/BetaCDROM/lib/cost2.3 htmllib.tcl
2002.12.13 19:00 B D:\dwbcd\DWB\lib\cost2.3\latex.tcl --> germa64 /home/burch/Projekte/Grimm/BetaCDROM/lib/cost2.3 latex.tcl
2002.12.13 19:00 B D:\dwbcd\DWB\lib\cost2.3\Numerals.tcl --> germa64 /home/burch/Projekte/Grimm/BetaCDROM/lib/cost2.3 Numerals.tcl
2002.12.13 19:00 B D:\dwbcd\DWB\lib\cost2.3\Options.tcl --> germa64 /home/burch/Projekte/Grimm/BetaCDROM/lib/cost2.3 Options.tcl
2002.12.13 19:00 B D:\dwbcd\DWB\lib\cost2.3\pkgIndex.tcl --> germa64 /home/burch/Projekte/Grimm/BetaCDROM/lib/cost2.3 pkgIndex.tcl
2002.12.13 19:00 B D:\dwbcd\DWB\lib\cost2.3\README --> germa64 /home/burch/Projekte/Grimm/BetaCDROM/lib/cost2.3 README
2002.12.13 19:00 B D:\dwbcd\DWB\lib\cost2.3\RTF.spec --> germa64 /home/burch/Projekte/Grimm/BetaCDROM/lib/cost2.3 RTF.spec
2002.12.13 19:00 B D:\dwbcd\DWB\lib\cost2.3\rtflib.tcl --> germa64 /home/burch/Projekte/Grimm/BetaCDROM/lib/cost2.3 rtflib.tcl
2002.12.13 19:00 B D:\dwbcd\DWB\lib\cost2.3\Simple.tcl --> germa64 /home/burch/Projekte/Grimm/BetaCDROM/lib/cost2.3 Simple.tcl
2002.12.13 19:00 B D:\dwbcd\DWB\lib\cost2.3\textutil.tcl --> germa64 /home/burch/Projekte/Grimm/BetaCDROM/lib/cost2.3 textutil.tcl
2002.12.13 19:00 B D:\dwbcd\DWB\lib\cost2.3\unins000.dat --> germa64 /home/burch/Projekte/Grimm/BetaCDROM/lib/cost2.3 unins000.dat
2002.12.13 19:00 B D:\dwbcd\DWB\lib\cost2.3\unins000.exe --> germa64 /home/burch/Projekte/Grimm/BetaCDROM/lib/cost2.3 unins000.exe
2002.12.13 19:00 B D:\dwbcd\DWB\lib\cost2.3\winhelp-stylesheet.tcl --> germa64 /home/burch/Projekte/Grimm/BetaCDROM/lib/cost2.3 winhelp-stylesheet.tcl
2002.12.13 19:00 B D:\dwbcd\DWB\lib\cost2.3\WS_FTP.LOG --> germa64 /home/burch/Projekte/Grimm/BetaCDROM/lib/cost2.3 WS_FTP.LOG
2002.12.30 17:42 B D:\dwbcd\DWB\lib\cost2.3\auxfile.tcl --> germa64 /home/burch/germa63/dwbcd/DWB/lib/cost2.3 auxfile.tcl
2002.12.30 17:42 B D:\dwbcd\DWB\lib\cost2.3\Core.tcl --> germa64 /home/burch/germa63/dwbcd/DWB/lib/cost2.3 Core.tcl
2002.12.30 17:42 B D:\dwbcd\DWB\lib\cost2.3\cost.cnt --> germa64 /home/burch/germa63/dwbcd/DWB/lib/cost2.3 cost.cnt
2002.12.30 17:42 B D:\dwbcd\DWB\lib\cost2.3\cost.hlp --> germa64 /home/burch/germa63/dwbcd/DWB/lib/cost2.3 cost.hlp
2002.12.30 17:42 B D:\dwbcd\DWB\lib\cost2.3\cost23.dll --> germa64 /home/burch/germa63/dwbcd/DWB/lib/cost2.3 cost23.dll
2002.12.30 17:42 B D:\dwbcd\DWB\lib\cost2.3\costinit.tcl --> germa64 /home/burch/germa63/dwbcd/DWB/lib/cost2.3 costinit.tcl
2002.12.30 17:42 B D:\dwbcd\DWB\lib\cost2.3\Counters.tcl --> germa64 /home/burch/germa63/dwbcd/DWB/lib/cost2.3 Counters.tcl
2002.12.30 17:42 B D:\dwbcd\DWB\lib\cost2.3\EventHandler.itcl --> germa64 /home/burch/germa63/dwbcd/DWB/lib/cost2.3 EventHandler.itcl
2002.12.30 17:42 B D:\dwbcd\DWB\lib\cost2.3\HTML.spec --> germa64 /home/burch/germa63/dwbcd/DWB/lib/cost2.3 HTML.spec
2002.12.30 17:42 B D:\dwbcd\DWB\lib\cost2.3\htmllib.tcl --> germa64 /home/burch/germa63/dwbcd/DWB/lib/cost2.3 htmllib.tcl
2002.12.30 17:42 B D:\dwbcd\DWB\lib\cost2.3\latex.tcl --> germa64 /home/burch/germa63/dwbcd/DWB/lib/cost2.3 latex.tcl
2002.12.30 17:42 B D:\dwbcd\DWB\lib\cost2.3\Numerals.tcl --> germa64 /home/burch/germa63/dwbcd/DWB/lib/cost2.3 Numerals.tcl
2002.12.30 17:42 B D:\dwbcd\DWB\lib\cost2.3\Options.tcl --> germa64 /home/burch/germa63/dwbcd/DWB/lib/cost2.3 Options.tcl
2002.12.30 17:42 B D:\dwbcd\DWB\lib\cost2.3\pkgIndex.tcl --> germa64 /home/burch/germa63/dwbcd/DWB/lib/cost2.3 pkgIndex.tcl
2002.12.30 17:42 B D:\dwbcd\DWB\lib\cost2.3\README --> germa64 /home/burch/germa63/dwbcd/DWB/lib/cost2.3 README
2002.12.30 17:42 B D:\dwbcd\DWB\lib\cost2.3\RTF.spec --> germa64 /home/burch/germa63/dwbcd/DWB/lib/cost2.3 RTF.spec
2002.12.30 17:42 B D:\dwbcd\DWB\lib\cost2.3\rtflib.tcl --> germa64 /home/burch/germa63/dwbcd/DWB/lib/cost2.3 rtflib.tcl
2002.12.30 17:42 B D:\dwbcd\DWB\lib\cost2.3\Simple.tcl --> germa64 /home/burch/germa63/dwbcd/DWB/lib/cost2.3 Simple.tcl
2002.12.30 17:42 B D:\dwbcd\DWB\lib\cost2.3\textutil.tcl --> germa64 /home/burch/germa63/dwbcd/DWB/lib/cost2.3 textutil.tcl
2002.12.30 17:42 B D:\dwbcd\DWB\lib\cost2.3\unins000.dat --> germa64 /home/burch/germa63/dwbcd/DWB/lib/cost2.3 unins000.dat
2002.12.30 17:42 B D:\dwbcd\DWB\lib\cost2.3\unins000.exe --> germa64 /home/burch/germa63/dwbcd/DWB/lib/cost2.3 unins000.exe
2002.12.30 17:42 B D:\dwbcd\DWB\lib\cost2.3\winhelp-stylesheet.tcl --> germa64 /home/burch/germa63/dwbcd/DWB/lib/cost2.3 winhelp-stylesheet.tcl
2002.12.30 17:42 B D:\dwbcd\DWB\lib\cost2.3\WS_FTP.LOG --> germa64 /home/burch/germa63/dwbcd/DWB/lib/cost2.3 WS_FTP.LOG
2003.09.09 13:54 B D:\dwbcd\DWB\lib\cost2.3\auxfile.tcl --> germa93 /home/burch/DWB/windows/lib/cost2.3 auxfile.tcl
2003.09.09 13:54 B D:\dwbcd\DWB\lib\cost2.3\Core.tcl --> germa93 /home/burch/DWB/windows/lib/cost2.3 Core.tcl
2003.09.09 13:54 B D:\dwbcd\DWB\lib\cost2.3\cost.cnt --> germa93 /home/burch/DWB/windows/lib/cost2.3 cost.cnt
2003.09.09 13:54 B D:\dwbcd\DWB\lib\cost2.3\cost.hlp --> germa93 /home/burch/DWB/windows/lib/cost2.3 cost.hlp
2003.09.09 13:54 B D:\dwbcd\DWB\lib\cost2.3\cost23.dll --> germa93 /home/burch/DWB/windows/lib/cost2.3 cost23.dll
2003.09.09 13:54 B D:\dwbcd\DWB\lib\cost2.3\costinit.tcl --> germa93 /home/burch/DWB/windows/lib/cost2.3 costinit.tcl
2003.09.09 13:54 B D:\dwbcd\DWB\lib\cost2.3\Counters.tcl --> germa93 /home/burch/DWB/windows/lib/cost2.3 Counters.tcl
2003.09.09 13:54 B D:\dwbcd\DWB\lib\cost2.3\EventHandler.itcl --> germa93 /home/burch/DWB/windows/lib/cost2.3 EventHandler.itcl
2003.09.09 13:54 B D:\dwbcd\DWB\lib\cost2.3\HTML.spec --> germa93 /home/burch/DWB/windows/lib/cost2.3 HTML.spec
2003.09.09 13:54 B D:\dwbcd\DWB\lib\cost2.3\htmllib.tcl --> germa93 /home/burch/DWB/windows/lib/cost2.3 htmllib.tcl
2003.09.09 13:54 B D:\dwbcd\DWB\lib\cost2.3\latex.tcl --> germa93 /home/burch/DWB/windows/lib/cost2.3 latex.tcl
2003.09.09 13:54 B D:\dwbcd\DWB\lib\cost2.3\Numerals.tcl --> germa93 /home/burch/DWB/windows/lib/cost2.3 Numerals.tcl
2003.09.09 13:54 B D:\dwbcd\DWB\lib\cost2.3\Options.tcl --> germa93 /home/burch/DWB/windows/lib/cost2.3 Options.tcl
2003.09.09 13:54 B D:\dwbcd\DWB\lib\cost2.3\pkgIndex.tcl --> germa93 /home/burch/DWB/windows/lib/cost2.3 pkgIndex.tcl
2003.09.09 13:54 B D:\dwbcd\DWB\lib\cost2.3\README --> germa93 /home/burch/DWB/windows/lib/cost2.3 README
2003.09.09 13:54 B D:\dwbcd\DWB\lib\cost2.3\RTF.spec --> germa93 /home/burch/DWB/windows/lib/cost2.3 RTF.spec
2003.09.09 13:54 B D:\dwbcd\DWB\lib\cost2.3\rtflib.tcl --> germa93 /home/burch/DWB/windows/lib/cost2.3 rtflib.tcl
2003.09.09 13:54 B D:\dwbcd\DWB\lib\cost2.3\Simple.tcl --> germa93 /home/burch/DWB/windows/lib/cost2.3 Simple.tcl
2003.09.09 13:54 B D:\dwbcd\DWB\lib\cost2.3\textutil.tcl --> germa93 /home/burch/DWB/windows/lib/cost2.3 textutil.tcl
2003.09.09 13:54 B D:\dwbcd\DWB\lib\cost2.3\unins000.dat --> germa93 /home/burch/DWB/windows/lib/cost2.3 unins000.dat
2003.09.09 13:54 B D:\dwbcd\DWB\lib\cost2.3\unins000.exe --> germa93 /home/burch/DWB/windows/lib/cost2.3 unins000.exe
2003.09.09 13:54 B D:\dwbcd\DWB\lib\cost2.3\winhelp-stylesheet.tcl --> germa93 /home/burch/DWB/windows/lib/cost2.3 winhelp-stylesheet.tcl
2003.09.09 13:54 B D:\dwbcd\DWB\lib\cost2.3\WS_FTP.LOG --> germa93 /home/burch/DWB/windows/lib/cost2.3 WS_FTP.LOG
2003.11.20 14:35 B D:\dwbcd\DWB\lib\cost2.3\auxfile.tcl --> germa64 /home/burch/Projekte/Grimm/CDROM/windows/lib/cost2.3 auxfile.tcl
2003.11.20 14:35 B D:\dwbcd\DWB\lib\cost2.3\Core.tcl --> germa64 /home/burch/Projekte/Grimm/CDROM/windows/lib/cost2.3 Core.tcl
2003.11.20 14:35 B D:\dwbcd\DWB\lib\cost2.3\cost.cnt --> germa64 /home/burch/Projekte/Grimm/CDROM/windows/lib/cost2.3 cost.cnt
2003.11.20 14:35 B D:\dwbcd\DWB\lib\cost2.3\cost.hlp --> germa64 /home/burch/Projekte/Grimm/CDROM/windows/lib/cost2.3 cost.hlp
2003.11.20 14:35 B D:\dwbcd\DWB\lib\cost2.3\cost23.dll --> germa64 /home/burch/Projekte/Grimm/CDROM/windows/lib/cost2.3 cost23.dll
2003.11.20 14:35 B D:\dwbcd\DWB\lib\cost2.3\costinit.tcl --> germa64 /home/burch/Projekte/Grimm/CDROM/windows/lib/cost2.3 costinit.tcl
2003.11.20 14:35 B D:\dwbcd\DWB\lib\cost2.3\Counters.tcl --> germa64 /home/burch/Projekte/Grimm/CDROM/windows/lib/cost2.3 Counters.tcl
2003.11.20 14:35 B D:\dwbcd\DWB\lib\cost2.3\EventHandler.itcl --> germa64 /home/burch/Projekte/Grimm/CDROM/windows/lib/cost2.3 EventHandler.itcl
2003.11.20 14:35 B D:\dwbcd\DWB\lib\cost2.3\HTML.spec --> germa64 /home/burch/Projekte/Grimm/CDROM/windows/lib/cost2.3 HTML.spec
2003.11.20 14:35 B D:\dwbcd\DWB\lib\cost2.3\htmllib.tcl --> germa64 /home/burch/Projekte/Grimm/CDROM/windows/lib/cost2.3 htmllib.tcl
2003.11.20 14:35 B D:\dwbcd\DWB\lib\cost2.3\latex.tcl --> germa64 /home/burch/Projekte/Grimm/CDROM/windows/lib/cost2.3 latex.tcl
2003.11.20 14:35 B D:\dwbcd\DWB\lib\cost2.3\Numerals.tcl --> germa64 /home/burch/Projekte/Grimm/CDROM/windows/lib/cost2.3 Numerals.tcl
2003.11.20 14:35 B D:\dwbcd\DWB\lib\cost2.3\Options.tcl --> germa64 /home/burch/Projekte/Grimm/CDROM/windows/lib/cost2.3 Options.tcl
2003.11.20 14:35 B D:\dwbcd\DWB\lib\cost2.3\pkgIndex.tcl --> germa64 /home/burch/Projekte/Grimm/CDROM/windows/lib/cost2.3 pkgIndex.tcl
2003.11.20 14:35 B D:\dwbcd\DWB\lib\cost2.3\README --> germa64 /home/burch/Projekte/Grimm/CDROM/windows/lib/cost2.3 README
2003.11.20 14:35 B D:\dwbcd\DWB\lib\cost2.3\RTF.spec --> germa64 /home/burch/Projekte/Grimm/CDROM/windows/lib/cost2.3 RTF.spec
2003.11.20 14:35 B D:\dwbcd\DWB\lib\cost2.3\rtflib.tcl --> germa64 /home/burch/Projekte/Grimm/CDROM/windows/lib/cost2.3 rtflib.tcl
2003.11.20 14:35 B D:\dwbcd\DWB\lib\cost2.3\Simple.tcl --> germa64 /home/burch/Projekte/Grimm/CDROM/windows/lib/cost2.3 Simple.tcl
2003.11.20 14:35 B D:\dwbcd\DWB\lib\cost2.3\textutil.tcl --> germa64 /home/burch/Projekte/Grimm/CDROM/windows/lib/cost2.3 textutil.tcl
2003.11.20 14:35 B D:\dwbcd\DWB\lib\cost2.3\unins000.dat --> germa64 /home/burch/Projekte/Grimm/CDROM/windows/lib/cost2.3 unins000.dat
2003.11.20 14:35 B D:\dwbcd\DWB\lib\cost2.3\unins000.exe --> germa64 /home/burch/Projekte/Grimm/CDROM/windows/lib/cost2.3 unins000.exe
2003.11.20 14:35 B D:\dwbcd\DWB\lib\cost2.3\winhelp-stylesheet.tcl --> germa64 /home/burch/Projekte/Grimm/CDROM/windows/lib/cost2.3 winhelp-stylesheet.tcl
2003.11.20 14:35 B D:\dwbcd\DWB\lib\cost2.3\WS_FTP.LOG --> germa64 /home/burch/Projekte/Grimm/CDROM/windows/lib/cost2.3 WS_FTP.LOG
2004.01.14 13:47 B D:\dwbcd\DWB\lib\cost2.3\auxfile.tcl --> germa64 /home/burch/Backups/germa63/dwbcd/DWB/lib/cost2.3 auxfile.tcl
2004.01.14 13:47 B D:\dwbcd\DWB\lib\cost2.3\Core.tcl --> germa64 /home/burch/Backups/germa63/dwbcd/DWB/lib/cost2.3 Core.tcl
2004.01.14 13:47 B D:\dwbcd\DWB\lib\cost2.3\cost.cnt --> germa64 /home/burch/Backups/germa63/dwbcd/DWB/lib/cost2.3 cost.cnt
2004.01.14 13:47 B D:\dwbcd\DWB\lib\cost2.3\cost.hlp --> germa64 /home/burch/Backups/germa63/dwbcd/DWB/lib/cost2.3 cost.hlp
2004.01.14 13:47 B D:\dwbcd\DWB\lib\cost2.3\cost23.dll --> germa64 /home/burch/Backups/germa63/dwbcd/DWB/lib/cost2.3 cost23.dll
2004.01.14 13:47 B D:\dwbcd\DWB\lib\cost2.3\costinit.tcl --> germa64 /home/burch/Backups/germa63/dwbcd/DWB/lib/cost2.3 costinit.tcl
2004.01.14 13:47 B D:\dwbcd\DWB\lib\cost2.3\Counters.tcl --> germa64 /home/burch/Backups/germa63/dwbcd/DWB/lib/cost2.3 Counters.tcl
2004.01.14 13:47 B D:\dwbcd\DWB\lib\cost2.3\EventHandler.itcl --> germa64 /home/burch/Backups/germa63/dwbcd/DWB/lib/cost2.3 EventHandler.itcl
2004.01.14 13:47 B D:\dwbcd\DWB\lib\cost2.3\HTML.spec --> germa64 /home/burch/Backups/germa63/dwbcd/DWB/lib/cost2.3 HTML.spec
2004.01.14 13:47 B D:\dwbcd\DWB\lib\cost2.3\htmllib.tcl --> germa64 /home/burch/Backups/germa63/dwbcd/DWB/lib/cost2.3 htmllib.tcl
2004.01.14 13:47 B D:\dwbcd\DWB\lib\cost2.3\latex.tcl --> germa64 /home/burch/Backups/germa63/dwbcd/DWB/lib/cost2.3 latex.tcl
2004.01.14 13:47 B D:\dwbcd\DWB\lib\cost2.3\Numerals.tcl --> germa64 /home/burch/Backups/germa63/dwbcd/DWB/lib/cost2.3 Numerals.tcl
2004.01.14 13:47 B D:\dwbcd\DWB\lib\cost2.3\Options.tcl --> germa64 /home/burch/Backups/germa63/dwbcd/DWB/lib/cost2.3 Options.tcl
2004.01.14 13:47 B D:\dwbcd\DWB\lib\cost2.3\pkgIndex.tcl --> germa64 /home/burch/Backups/germa63/dwbcd/DWB/lib/cost2.3 pkgIndex.tcl
2004.01.14 13:47 B D:\dwbcd\DWB\lib\cost2.3\README --> germa64 /home/burch/Backups/germa63/dwbcd/DWB/lib/cost2.3 README
2004.01.14 13:47 B D:\dwbcd\DWB\lib\cost2.3\RTF.spec --> germa64 /home/burch/Backups/germa63/dwbcd/DWB/lib/cost2.3 RTF.spec
2004.01.14 13:47 B D:\dwbcd\DWB\lib\cost2.3\rtflib.tcl --> germa64 /home/burch/Backups/germa63/dwbcd/DWB/lib/cost2.3 rtflib.tcl
2004.01.14 13:47 B D:\dwbcd\DWB\lib\cost2.3\Simple.tcl --> germa64 /home/burch/Backups/germa63/dwbcd/DWB/lib/cost2.3 Simple.tcl
2004.01.14 13:47 B D:\dwbcd\DWB\lib\cost2.3\textutil.tcl --> germa64 /home/burch/Backups/germa63/dwbcd/DWB/lib/cost2.3 textutil.tcl
2004.01.14 13:47 B D:\dwbcd\DWB\lib\cost2.3\unins000.dat --> germa64 /home/burch/Backups/germa63/dwbcd/DWB/lib/cost2.3 unins000.dat
2004.01.14 13:47 B D:\dwbcd\DWB\lib\cost2.3\unins000.exe --> germa64 /home/burch/Backups/germa63/dwbcd/DWB/lib/cost2.3 unins000.exe
2004.01.14 13:47 B D:\dwbcd\DWB\lib\cost2.3\winhelp-stylesheet.tcl --> germa64 /home/burch/Backups/germa63/dwbcd/DWB/lib/cost2.3 winhelp-stylesheet.tcl
2004.01.14 19:23 B D:\dwbcd\DWB\lib\cost2.3\WS_FTP.LOG <-- germa64 /home/burch/Backups/germa63/dwbcd/DWB/lib/cost2.3 WS_FTP.LOG
2004.04.01 11:46 B D:\dwbcd\DWB\lib\cost2.3\auxfile.tcl --> germa64 /home/burch/Projekte/HinUndHer/dwb/lib/cost2.3 auxfile.tcl
2004.04.01 11:46 B D:\dwbcd\DWB\lib\cost2.3\Core.tcl --> germa64 /home/burch/Projekte/HinUndHer/dwb/lib/cost2.3 Core.tcl
2004.04.01 11:46 B D:\dwbcd\DWB\lib\cost2.3\cost.cnt --> germa64 /home/burch/Projekte/HinUndHer/dwb/lib/cost2.3 cost.cnt
2004.04.01 11:46 B D:\dwbcd\DWB\lib\cost2.3\cost.hlp --> germa64 /home/burch/Projekte/HinUndHer/dwb/lib/cost2.3 cost.hlp
2004.04.01 11:46 B D:\dwbcd\DWB\lib\cost2.3\cost23.dll --> germa64 /home/burch/Projekte/HinUndHer/dwb/lib/cost2.3 cost23.dll
2004.04.01 11:46 B D:\dwbcd\DWB\lib\cost2.3\costinit.tcl --> germa64 /home/burch/Projekte/HinUndHer/dwb/lib/cost2.3 costinit.tcl
2004.04.01 11:46 B D:\dwbcd\DWB\lib\cost2.3\Counters.tcl --> germa64 /home/burch/Projekte/HinUndHer/dwb/lib/cost2.3 Counters.tcl
2004.04.01 11:46 B D:\dwbcd\DWB\lib\cost2.3\EventHandler.itcl --> germa64 /home/burch/Projekte/HinUndHer/dwb/lib/cost2.3 EventHandler.itcl
2004.04.01 11:46 B D:\dwbcd\DWB\lib\cost2.3\HTML.spec --> germa64 /home/burch/Projekte/HinUndHer/dwb/lib/cost2.3 HTML.spec
2004.04.01 11:46 B D:\dwbcd\DWB\lib\cost2.3\htmllib.tcl --> germa64 /home/burch/Projekte/HinUndHer/dwb/lib/cost2.3 htmllib.tcl
2004.04.01 11:46 B D:\dwbcd\DWB\lib\cost2.3\latex.tcl --> germa64 /home/burch/Projekte/HinUndHer/dwb/lib/cost2.3 latex.tcl
2004.04.01 11:46 B D:\dwbcd\DWB\lib\cost2.3\Numerals.tcl --> germa64 /home/burch/Projekte/HinUndHer/dwb/lib/cost2.3 Numerals.tcl
2004.04.01 11:46 B D:\dwbcd\DWB\lib\cost2.3\Options.tcl --> germa64 /home/burch/Projekte/HinUndHer/dwb/lib/cost2.3 Options.tcl
2004.04.01 11:46 B D:\dwbcd\DWB\lib\cost2.3\pkgIndex.tcl --> germa64 /home/burch/Projekte/HinUndHer/dwb/lib/cost2.3 pkgIndex.tcl
2004.04.01 11:46 B D:\dwbcd\DWB\lib\cost2.3\README --> germa64 /home/burch/Projekte/HinUndHer/dwb/lib/cost2.3 README
2004.04.01 11:46 B D:\dwbcd\DWB\lib\cost2.3\RTF.spec --> germa64 /home/burch/Projekte/HinUndHer/dwb/lib/cost2.3 RTF.spec
2004.04.01 11:46 B D:\dwbcd\DWB\lib\cost2.3\rtflib.tcl --> germa64 /home/burch/Projekte/HinUndHer/dwb/lib/cost2.3 rtflib.tcl
2004.04.01 11:46 B D:\dwbcd\DWB\lib\cost2.3\Simple.tcl --> germa64 /home/burch/Projekte/HinUndHer/dwb/lib/cost2.3 Simple.tcl
2004.04.01 11:46 B D:\dwbcd\DWB\lib\cost2.3\textutil.tcl --> germa64 /home/burch/Projekte/HinUndHer/dwb/lib/cost2.3 textutil.tcl
2004.04.01 11:46 B D:\dwbcd\DWB\lib\cost2.3\unins000.dat --> germa64 /home/burch/Projekte/HinUndHer/dwb/lib/cost2.3 unins000.dat
2004.04.01 11:46 B D:\dwbcd\DWB\lib\cost2.3\unins000.exe --> germa64 /home/burch/Projekte/HinUndHer/dwb/lib/cost2.3 unins000.exe
2004.04.01 11:46 B D:\dwbcd\DWB\lib\cost2.3\winhelp-stylesheet.tcl --> germa64 /home/burch/Projekte/HinUndHer/dwb/lib/cost2.3 winhelp-stylesheet.tcl
2004.04.01 11:46 B D:\dwbcd\DWB\lib\cost2.3\WS_FTP.LOG --> germa64 /home/burch/Projekte/HinUndHer/dwb/lib/cost2.3 WS_FTP.LOG
2004.04.27 14:38 B D:\dwbcd\DWB\lib\cost2.3\auxfile.tcl --> germa64 /home/burch/Projekte/HinUndHer/lib/cost2.3 auxfile.tcl
2004.04.27 14:38 B D:\dwbcd\DWB\lib\cost2.3\Core.tcl --> germa64 /home/burch/Projekte/HinUndHer/lib/cost2.3 Core.tcl
2004.04.27 14:38 B D:\dwbcd\DWB\lib\cost2.3\cost.cnt --> germa64 /home/burch/Projekte/HinUndHer/lib/cost2.3 cost.cnt
2004.04.27 14:38 B D:\dwbcd\DWB\lib\cost2.3\cost.hlp --> germa64 /home/burch/Projekte/HinUndHer/lib/cost2.3 cost.hlp
2004.04.27 14:38 B D:\dwbcd\DWB\lib\cost2.3\cost23.dll --> germa64 /home/burch/Projekte/HinUndHer/lib/cost2.3 cost23.dll
2004.04.27 14:38 B D:\dwbcd\DWB\lib\cost2.3\costinit.tcl --> germa64 /home/burch/Projekte/HinUndHer/lib/cost2.3 costinit.tcl
2004.04.27 14:38 B D:\dwbcd\DWB\lib\cost2.3\Counters.tcl --> germa64 /home/burch/Projekte/HinUndHer/lib/cost2.3 Counters.tcl
2004.04.27 14:38 B D:\dwbcd\DWB\lib\cost2.3\EventHandler.itcl --> germa64 /home/burch/Projekte/HinUndHer/lib/cost2.3 EventHandler.itcl
2004.04.27 14:38 B D:\dwbcd\DWB\lib\cost2.3\HTML.spec --> germa64 /home/burch/Projekte/HinUndHer/lib/cost2.3 HTML.spec
2004.04.27 14:38 B D:\dwbcd\DWB\lib\cost2.3\htmllib.tcl --> germa64 /home/burch/Projekte/HinUndHer/lib/cost2.3 htmllib.tcl
2004.04.27 14:38 B D:\dwbcd\DWB\lib\cost2.3\latex.tcl --> germa64 /home/burch/Projekte/HinUndHer/lib/cost2.3 latex.tcl
2004.04.27 14:38 B D:\dwbcd\DWB\lib\cost2.3\Numerals.tcl --> germa64 /home/burch/Projekte/HinUndHer/lib/cost2.3 Numerals.tcl
2004.04.27 14:38 B D:\dwbcd\DWB\lib\cost2.3\Options.tcl --> germa64 /home/burch/Projekte/HinUndHer/lib/cost2.3 Options.tcl
2004.04.27 14:38 B D:\dwbcd\DWB\lib\cost2.3\pkgIndex.tcl --> germa64 /home/burch/Projekte/HinUndHer/lib/cost2.3 pkgIndex.tcl
2004.04.27 14:38 B D:\dwbcd\DWB\lib\cost2.3\README --> germa64 /home/burch/Projekte/HinUndHer/lib/cost2.3 README
2004.04.27 14:38 B D:\dwbcd\DWB\lib\cost2.3\RTF.spec --> germa64 /home/burch/Projekte/HinUndHer/lib/cost2.3 RTF.spec
2004.04.27 14:38 B D:\dwbcd\DWB\lib\cost2.3\rtflib.tcl --> germa64 /home/burch/Projekte/HinUndHer/lib/cost2.3 rtflib.tcl
2004.04.27 14:38 B D:\dwbcd\DWB\lib\cost2.3\Simple.tcl --> germa64 /home/burch/Projekte/HinUndHer/lib/cost2.3 Simple.tcl
2004.04.27 14:38 B D:\dwbcd\DWB\lib\cost2.3\textutil.tcl --> germa64 /home/burch/Projekte/HinUndHer/lib/cost2.3 textutil.tcl
2004.04.27 14:38 B D:\dwbcd\DWB\lib\cost2.3\unins000.dat --> germa64 /home/burch/Projekte/HinUndHer/lib/cost2.3 unins000.dat
2004.04.27 14:38 B D:\dwbcd\DWB\lib\cost2.3\unins000.exe --> germa64 /home/burch/Projekte/HinUndHer/lib/cost2.3 unins000.exe
2004.04.27 14:38 B D:\dwbcd\DWB\lib\cost2.3\winhelp-stylesheet.tcl --> germa64 /home/burch/Projekte/HinUndHer/lib/cost2.3 winhelp-stylesheet.tcl
2004.04.27 14:38 B D:\dwbcd\DWB\lib\cost2.3\WS_FTP.LOG --> germa64 /home/burch/Projekte/HinUndHer/lib/cost2.3 WS_FTP.LOG
