2002.11.19 17:11 B D:\dwbcd\DWB\lib\tk8.3\bgerror.tcl --> germa93 /home/burch/DWB/lib/tk8.3 bgerror.tcl
2002.11.19 17:11 B D:\dwbcd\DWB\lib\tk8.3\button.tcl --> germa93 /home/burch/DWB/lib/tk8.3 button.tcl
2002.11.19 17:11 B D:\dwbcd\DWB\lib\tk8.3\clrpick.tcl --> germa93 /home/burch/DWB/lib/tk8.3 clrpick.tcl
2002.11.19 17:11 B D:\dwbcd\DWB\lib\tk8.3\comdlg.tcl --> germa93 /home/burch/DWB/lib/tk8.3 comdlg.tcl
2002.11.19 17:11 B D:\dwbcd\DWB\lib\tk8.3\console.tcl --> germa93 /home/burch/DWB/lib/tk8.3 console.tcl
2002.11.19 17:11 B D:\dwbcd\DWB\lib\tk8.3\dialog.tcl --> germa93 /home/burch/DWB/lib/tk8.3 dialog.tcl
2002.11.19 17:11 B D:\dwbcd\DWB\lib\tk8.3\entry.tcl --> germa93 /home/burch/DWB/lib/tk8.3 entry.tcl
2002.11.19 17:11 B D:\dwbcd\DWB\lib\tk8.3\focus.tcl --> germa93 /home/burch/DWB/lib/tk8.3 focus.tcl
2002.11.19 17:11 B D:\dwbcd\DWB\lib\tk8.3\listbox.tcl --> germa93 /home/burch/DWB/lib/tk8.3 listbox.tcl
2002.11.19 17:11 B D:\dwbcd\DWB\lib\tk8.3\menu.tcl --> germa93 /home/burch/DWB/lib/tk8.3 menu.tcl
2002.11.19 17:11 B D:\dwbcd\DWB\lib\tk8.3\msgbox.tcl --> germa93 /home/burch/DWB/lib/tk8.3 msgbox.tcl
2002.11.19 17:11 B D:\dwbcd\DWB\lib\tk8.3\obsolete.tcl --> germa93 /home/burch/DWB/lib/tk8.3 obsolete.tcl
2002.11.19 17:11 B D:\dwbcd\DWB\lib\tk8.3\optMenu.tcl --> germa93 /home/burch/DWB/lib/tk8.3 optMenu.tcl
2002.11.19 17:11 B D:\dwbcd\DWB\lib\tk8.3\palette.tcl --> germa93 /home/burch/DWB/lib/tk8.3 palette.tcl
2002.11.19 17:11 B D:\dwbcd\DWB\lib\tk8.3\safetk.tcl --> germa93 /home/burch/DWB/lib/tk8.3 safetk.tcl
2002.11.19 17:11 B D:\dwbcd\DWB\lib\tk8.3\scale.tcl --> germa93 /home/burch/DWB/lib/tk8.3 scale.tcl
2002.11.19 17:11 B D:\dwbcd\DWB\lib\tk8.3\scrlbar.tcl --> germa93 /home/burch/DWB/lib/tk8.3 scrlbar.tcl
2002.11.19 17:11 B D:\dwbcd\DWB\lib\tk8.3\tclIndex --> germa93 /home/burch/DWB/lib/tk8.3 tclIndex
2002.11.19 17:11 B D:\dwbcd\DWB\lib\tk8.3\tearoff.tcl --> germa93 /home/burch/DWB/lib/tk8.3 tearoff.tcl
2002.11.19 17:11 B D:\dwbcd\DWB\lib\tk8.3\text.tcl --> germa93 /home/burch/DWB/lib/tk8.3 text.tcl
2002.11.19 17:11 B D:\dwbcd\DWB\lib\tk8.3\tk.tcl --> germa93 /home/burch/DWB/lib/tk8.3 tk.tcl
2002.11.19 17:11 B D:\dwbcd\DWB\lib\tk8.3\tkfbox.tcl --> germa93 /home/burch/DWB/lib/tk8.3 tkfbox.tcl
2002.11.19 17:11 B D:\dwbcd\DWB\lib\tk8.3\xmfbox.tcl --> germa93 /home/burch/DWB/lib/tk8.3 xmfbox.tcl
2002.12.13 19:01 B D:\dwbcd\DWB\lib\tk8.3\bgerror.tcl --> germa64 /home/burch/Projekte/Grimm/BetaCDROM/lib/tk8.3 bgerror.tcl
2002.12.13 19:01 B D:\dwbcd\DWB\lib\tk8.3\button.tcl --> germa64 /home/burch/Projekte/Grimm/BetaCDROM/lib/tk8.3 button.tcl
2002.12.13 19:01 B D:\dwbcd\DWB\lib\tk8.3\clrpick.tcl --> germa64 /home/burch/Projekte/Grimm/BetaCDROM/lib/tk8.3 clrpick.tcl
2002.12.13 19:01 B D:\dwbcd\DWB\lib\tk8.3\comdlg.tcl --> germa64 /home/burch/Projekte/Grimm/BetaCDROM/lib/tk8.3 comdlg.tcl
2002.12.13 19:01 B D:\dwbcd\DWB\lib\tk8.3\console.tcl --> germa64 /home/burch/Projekte/Grimm/BetaCDROM/lib/tk8.3 console.tcl
2002.12.13 19:01 B D:\dwbcd\DWB\lib\tk8.3\dialog.tcl --> germa64 /home/burch/Projekte/Grimm/BetaCDROM/lib/tk8.3 dialog.tcl
2002.12.13 19:01 B D:\dwbcd\DWB\lib\tk8.3\entry.tcl --> germa64 /home/burch/Projekte/Grimm/BetaCDROM/lib/tk8.3 entry.tcl
2002.12.13 19:01 B D:\dwbcd\DWB\lib\tk8.3\focus.tcl --> germa64 /home/burch/Projekte/Grimm/BetaCDROM/lib/tk8.3 focus.tcl
2002.12.13 19:01 B D:\dwbcd\DWB\lib\tk8.3\listbox.tcl --> germa64 /home/burch/Projekte/Grimm/BetaCDROM/lib/tk8.3 listbox.tcl
2002.12.13 19:01 B D:\dwbcd\DWB\lib\tk8.3\menu.tcl --> germa64 /home/burch/Projekte/Grimm/BetaCDROM/lib/tk8.3 menu.tcl
2002.12.13 19:01 B D:\dwbcd\DWB\lib\tk8.3\msgbox.tcl --> germa64 /home/burch/Projekte/Grimm/BetaCDROM/lib/tk8.3 msgbox.tcl
2002.12.13 19:01 B D:\dwbcd\DWB\lib\tk8.3\obsolete.tcl --> germa64 /home/burch/Projekte/Grimm/BetaCDROM/lib/tk8.3 obsolete.tcl
2002.12.13 19:01 B D:\dwbcd\DWB\lib\tk8.3\optMenu.tcl --> germa64 /home/burch/Projekte/Grimm/BetaCDROM/lib/tk8.3 optMenu.tcl
2002.12.13 19:01 B D:\dwbcd\DWB\lib\tk8.3\palette.tcl --> germa64 /home/burch/Projekte/Grimm/BetaCDROM/lib/tk8.3 palette.tcl
2002.12.13 19:01 B D:\dwbcd\DWB\lib\tk8.3\safetk.tcl --> germa64 /home/burch/Projekte/Grimm/BetaCDROM/lib/tk8.3 safetk.tcl
2002.12.13 19:01 B D:\dwbcd\DWB\lib\tk8.3\scale.tcl --> germa64 /home/burch/Projekte/Grimm/BetaCDROM/lib/tk8.3 scale.tcl
2002.12.13 19:01 B D:\dwbcd\DWB\lib\tk8.3\scrlbar.tcl --> germa64 /home/burch/Projekte/Grimm/BetaCDROM/lib/tk8.3 scrlbar.tcl
2002.12.13 19:01 B D:\dwbcd\DWB\lib\tk8.3\tclIndex --> germa64 /home/burch/Projekte/Grimm/BetaCDROM/lib/tk8.3 tclIndex
2002.12.13 19:01 B D:\dwbcd\DWB\lib\tk8.3\tearoff.tcl --> germa64 /home/burch/Projekte/Grimm/BetaCDROM/lib/tk8.3 tearoff.tcl
2002.12.13 19:01 B D:\dwbcd\DWB\lib\tk8.3\text.tcl --> germa64 /home/burch/Projekte/Grimm/BetaCDROM/lib/tk8.3 text.tcl
2002.12.13 19:01 B D:\dwbcd\DWB\lib\tk8.3\tk.tcl --> germa64 /home/burch/Projekte/Grimm/BetaCDROM/lib/tk8.3 tk.tcl
2002.12.13 19:01 B D:\dwbcd\DWB\lib\tk8.3\tkfbox.tcl --> germa64 /home/burch/Projekte/Grimm/BetaCDROM/lib/tk8.3 tkfbox.tcl
2002.12.13 19:01 B D:\dwbcd\DWB\lib\tk8.3\WS_FTP.LOG --> germa64 /home/burch/Projekte/Grimm/BetaCDROM/lib/tk8.3 WS_FTP.LOG
2002.12.13 19:01 B D:\dwbcd\DWB\lib\tk8.3\xmfbox.tcl --> germa64 /home/burch/Projekte/Grimm/BetaCDROM/lib/tk8.3 xmfbox.tcl
2002.12.30 17:43 B D:\dwbcd\DWB\lib\tk8.3\bgerror.tcl --> germa64 /home/burch/germa63/dwbcd/DWB/lib/tk8.3 bgerror.tcl
2002.12.30 17:43 B D:\dwbcd\DWB\lib\tk8.3\button.tcl --> germa64 /home/burch/germa63/dwbcd/DWB/lib/tk8.3 button.tcl
2002.12.30 17:43 B D:\dwbcd\DWB\lib\tk8.3\clrpick.tcl --> germa64 /home/burch/germa63/dwbcd/DWB/lib/tk8.3 clrpick.tcl
2002.12.30 17:43 B D:\dwbcd\DWB\lib\tk8.3\comdlg.tcl --> germa64 /home/burch/germa63/dwbcd/DWB/lib/tk8.3 comdlg.tcl
2002.12.30 17:43 B D:\dwbcd\DWB\lib\tk8.3\console.tcl --> germa64 /home/burch/germa63/dwbcd/DWB/lib/tk8.3 console.tcl
2002.12.30 17:43 B D:\dwbcd\DWB\lib\tk8.3\dialog.tcl --> germa64 /home/burch/germa63/dwbcd/DWB/lib/tk8.3 dialog.tcl
2002.12.30 17:43 B D:\dwbcd\DWB\lib\tk8.3\entry.tcl --> germa64 /home/burch/germa63/dwbcd/DWB/lib/tk8.3 entry.tcl
2002.12.30 17:43 B D:\dwbcd\DWB\lib\tk8.3\focus.tcl --> germa64 /home/burch/germa63/dwbcd/DWB/lib/tk8.3 focus.tcl
2002.12.30 17:43 B D:\dwbcd\DWB\lib\tk8.3\listbox.tcl --> germa64 /home/burch/germa63/dwbcd/DWB/lib/tk8.3 listbox.tcl
2002.12.30 17:43 B D:\dwbcd\DWB\lib\tk8.3\menu.tcl --> germa64 /home/burch/germa63/dwbcd/DWB/lib/tk8.3 menu.tcl
2002.12.30 17:43 B D:\dwbcd\DWB\lib\tk8.3\msgbox.tcl --> germa64 /home/burch/germa63/dwbcd/DWB/lib/tk8.3 msgbox.tcl
2002.12.30 17:43 B D:\dwbcd\DWB\lib\tk8.3\obsolete.tcl --> germa64 /home/burch/germa63/dwbcd/DWB/lib/tk8.3 obsolete.tcl
2002.12.30 17:43 B D:\dwbcd\DWB\lib\tk8.3\optMenu.tcl --> germa64 /home/burch/germa63/dwbcd/DWB/lib/tk8.3 optMenu.tcl
2002.12.30 17:43 B D:\dwbcd\DWB\lib\tk8.3\palette.tcl --> germa64 /home/burch/germa63/dwbcd/DWB/lib/tk8.3 palette.tcl
2002.12.30 17:43 B D:\dwbcd\DWB\lib\tk8.3\safetk.tcl --> germa64 /home/burch/germa63/dwbcd/DWB/lib/tk8.3 safetk.tcl
2002.12.30 17:43 B D:\dwbcd\DWB\lib\tk8.3\scale.tcl --> germa64 /home/burch/germa63/dwbcd/DWB/lib/tk8.3 scale.tcl
2002.12.30 17:43 B D:\dwbcd\DWB\lib\tk8.3\scrlbar.tcl --> germa64 /home/burch/germa63/dwbcd/DWB/lib/tk8.3 scrlbar.tcl
2002.12.30 17:43 B D:\dwbcd\DWB\lib\tk8.3\tclIndex --> germa64 /home/burch/germa63/dwbcd/DWB/lib/tk8.3 tclIndex
2002.12.30 17:43 B D:\dwbcd\DWB\lib\tk8.3\tearoff.tcl --> germa64 /home/burch/germa63/dwbcd/DWB/lib/tk8.3 tearoff.tcl
2002.12.30 17:43 B D:\dwbcd\DWB\lib\tk8.3\text.tcl --> germa64 /home/burch/germa63/dwbcd/DWB/lib/tk8.3 text.tcl
2002.12.30 17:43 B D:\dwbcd\DWB\lib\tk8.3\tk.tcl --> germa64 /home/burch/germa63/dwbcd/DWB/lib/tk8.3 tk.tcl
2002.12.30 17:43 B D:\dwbcd\DWB\lib\tk8.3\tkfbox.tcl --> germa64 /home/burch/germa63/dwbcd/DWB/lib/tk8.3 tkfbox.tcl
2002.12.30 17:43 B D:\dwbcd\DWB\lib\tk8.3\WS_FTP.LOG --> germa64 /home/burch/germa63/dwbcd/DWB/lib/tk8.3 WS_FTP.LOG
2002.12.30 17:43 B D:\dwbcd\DWB\lib\tk8.3\xmfbox.tcl --> germa64 /home/burch/germa63/dwbcd/DWB/lib/tk8.3 xmfbox.tcl
2003.09.09 13:55 B D:\dwbcd\DWB\lib\tk8.3\bgerror.tcl --> germa93 /home/burch/DWB/windows/lib/tk8.3 bgerror.tcl
2003.09.09 13:55 B D:\dwbcd\DWB\lib\tk8.3\button.tcl --> germa93 /home/burch/DWB/windows/lib/tk8.3 button.tcl
2003.09.09 13:55 B D:\dwbcd\DWB\lib\tk8.3\clrpick.tcl --> germa93 /home/burch/DWB/windows/lib/tk8.3 clrpick.tcl
2003.09.09 13:55 B D:\dwbcd\DWB\lib\tk8.3\comdlg.tcl --> germa93 /home/burch/DWB/windows/lib/tk8.3 comdlg.tcl
2003.09.09 13:55 B D:\dwbcd\DWB\lib\tk8.3\console.tcl --> germa93 /home/burch/DWB/windows/lib/tk8.3 console.tcl
2003.09.09 13:55 B D:\dwbcd\DWB\lib\tk8.3\dialog.tcl --> germa93 /home/burch/DWB/windows/lib/tk8.3 dialog.tcl
2003.09.09 13:55 B D:\dwbcd\DWB\lib\tk8.3\entry.tcl --> germa93 /home/burch/DWB/windows/lib/tk8.3 entry.tcl
2003.09.09 13:55 B D:\dwbcd\DWB\lib\tk8.3\focus.tcl --> germa93 /home/burch/DWB/windows/lib/tk8.3 focus.tcl
2003.09.09 13:55 B D:\dwbcd\DWB\lib\tk8.3\listbox.tcl --> germa93 /home/burch/DWB/windows/lib/tk8.3 listbox.tcl
2003.09.09 13:55 B D:\dwbcd\DWB\lib\tk8.3\menu.tcl --> germa93 /home/burch/DWB/windows/lib/tk8.3 menu.tcl
2003.09.09 13:55 B D:\dwbcd\DWB\lib\tk8.3\msgbox.tcl --> germa93 /home/burch/DWB/windows/lib/tk8.3 msgbox.tcl
2003.09.09 13:55 B D:\dwbcd\DWB\lib\tk8.3\obsolete.tcl --> germa93 /home/burch/DWB/windows/lib/tk8.3 obsolete.tcl
2003.09.09 13:55 B D:\dwbcd\DWB\lib\tk8.3\optMenu.tcl --> germa93 /home/burch/DWB/windows/lib/tk8.3 optMenu.tcl
2003.09.09 13:55 B D:\dwbcd\DWB\lib\tk8.3\palette.tcl --> germa93 /home/burch/DWB/windows/lib/tk8.3 palette.tcl
2003.09.09 13:55 B D:\dwbcd\DWB\lib\tk8.3\safetk.tcl --> germa93 /home/burch/DWB/windows/lib/tk8.3 safetk.tcl
2003.09.09 13:55 B D:\dwbcd\DWB\lib\tk8.3\scale.tcl --> germa93 /home/burch/DWB/windows/lib/tk8.3 scale.tcl
2003.09.09 13:55 B D:\dwbcd\DWB\lib\tk8.3\scrlbar.tcl --> germa93 /home/burch/DWB/windows/lib/tk8.3 scrlbar.tcl
2003.09.09 13:55 B D:\dwbcd\DWB\lib\tk8.3\tclIndex --> germa93 /home/burch/DWB/windows/lib/tk8.3 tclIndex
2003.09.09 13:55 B D:\dwbcd\DWB\lib\tk8.3\tearoff.tcl --> germa93 /home/burch/DWB/windows/lib/tk8.3 tearoff.tcl
2003.09.09 13:55 B D:\dwbcd\DWB\lib\tk8.3\text.tcl --> germa93 /home/burch/DWB/windows/lib/tk8.3 text.tcl
2003.09.09 13:55 B D:\dwbcd\DWB\lib\tk8.3\tk.tcl --> germa93 /home/burch/DWB/windows/lib/tk8.3 tk.tcl
2003.09.09 13:55 B D:\dwbcd\DWB\lib\tk8.3\tkfbox.tcl --> germa93 /home/burch/DWB/windows/lib/tk8.3 tkfbox.tcl
2003.09.09 13:55 B D:\dwbcd\DWB\lib\tk8.3\WS_FTP.LOG --> germa93 /home/burch/DWB/windows/lib/tk8.3 WS_FTP.LOG
2003.09.09 13:55 B D:\dwbcd\DWB\lib\tk8.3\xmfbox.tcl --> germa93 /home/burch/DWB/windows/lib/tk8.3 xmfbox.tcl
2003.11.20 14:36 B D:\dwbcd\DWB\lib\tk8.3\bgerror.tcl --> germa64 /home/burch/Projekte/Grimm/CDROM/windows/lib/tk8.3 bgerror.tcl
2003.11.20 14:36 B D:\dwbcd\DWB\lib\tk8.3\button.tcl --> germa64 /home/burch/Projekte/Grimm/CDROM/windows/lib/tk8.3 button.tcl
2003.11.20 14:36 B D:\dwbcd\DWB\lib\tk8.3\clrpick.tcl --> germa64 /home/burch/Projekte/Grimm/CDROM/windows/lib/tk8.3 clrpick.tcl
2003.11.20 14:36 B D:\dwbcd\DWB\lib\tk8.3\comdlg.tcl --> germa64 /home/burch/Projekte/Grimm/CDROM/windows/lib/tk8.3 comdlg.tcl
2003.11.20 14:36 B D:\dwbcd\DWB\lib\tk8.3\console.tcl --> germa64 /home/burch/Projekte/Grimm/CDROM/windows/lib/tk8.3 console.tcl
2003.11.20 14:36 B D:\dwbcd\DWB\lib\tk8.3\dialog.tcl --> germa64 /home/burch/Projekte/Grimm/CDROM/windows/lib/tk8.3 dialog.tcl
2003.11.20 14:36 B D:\dwbcd\DWB\lib\tk8.3\entry.tcl --> germa64 /home/burch/Projekte/Grimm/CDROM/windows/lib/tk8.3 entry.tcl
2003.11.20 14:36 B D:\dwbcd\DWB\lib\tk8.3\focus.tcl --> germa64 /home/burch/Projekte/Grimm/CDROM/windows/lib/tk8.3 focus.tcl
2003.11.20 14:36 B D:\dwbcd\DWB\lib\tk8.3\listbox.tcl --> germa64 /home/burch/Projekte/Grimm/CDROM/windows/lib/tk8.3 listbox.tcl
2003.11.20 14:36 B D:\dwbcd\DWB\lib\tk8.3\menu.tcl --> germa64 /home/burch/Projekte/Grimm/CDROM/windows/lib/tk8.3 menu.tcl
2003.11.20 14:36 B D:\dwbcd\DWB\lib\tk8.3\msgbox.tcl --> germa64 /home/burch/Projekte/Grimm/CDROM/windows/lib/tk8.3 msgbox.tcl
2003.11.20 14:36 B D:\dwbcd\DWB\lib\tk8.3\obsolete.tcl --> germa64 /home/burch/Projekte/Grimm/CDROM/windows/lib/tk8.3 obsolete.tcl
2003.11.20 14:36 B D:\dwbcd\DWB\lib\tk8.3\optMenu.tcl --> germa64 /home/burch/Projekte/Grimm/CDROM/windows/lib/tk8.3 optMenu.tcl
2003.11.20 14:36 B D:\dwbcd\DWB\lib\tk8.3\palette.tcl --> germa64 /home/burch/Projekte/Grimm/CDROM/windows/lib/tk8.3 palette.tcl
2003.11.20 14:36 B D:\dwbcd\DWB\lib\tk8.3\safetk.tcl --> germa64 /home/burch/Projekte/Grimm/CDROM/windows/lib/tk8.3 safetk.tcl
2003.11.20 14:36 B D:\dwbcd\DWB\lib\tk8.3\scale.tcl --> germa64 /home/burch/Projekte/Grimm/CDROM/windows/lib/tk8.3 scale.tcl
2003.11.20 14:36 B D:\dwbcd\DWB\lib\tk8.3\scrlbar.tcl --> germa64 /home/burch/Projekte/Grimm/CDROM/windows/lib/tk8.3 scrlbar.tcl
2003.11.20 14:36 B D:\dwbcd\DWB\lib\tk8.3\tclIndex --> germa64 /home/burch/Projekte/Grimm/CDROM/windows/lib/tk8.3 tclIndex
2003.11.20 14:36 B D:\dwbcd\DWB\lib\tk8.3\tearoff.tcl --> germa64 /home/burch/Projekte/Grimm/CDROM/windows/lib/tk8.3 tearoff.tcl
2003.11.20 14:36 B D:\dwbcd\DWB\lib\tk8.3\text.tcl --> germa64 /home/burch/Projekte/Grimm/CDROM/windows/lib/tk8.3 text.tcl
2003.11.20 14:36 B D:\dwbcd\DWB\lib\tk8.3\tk.tcl --> germa64 /home/burch/Projekte/Grimm/CDROM/windows/lib/tk8.3 tk.tcl
2003.11.20 14:36 B D:\dwbcd\DWB\lib\tk8.3\tkfbox.tcl --> germa64 /home/burch/Projekte/Grimm/CDROM/windows/lib/tk8.3 tkfbox.tcl
2003.11.20 14:36 B D:\dwbcd\DWB\lib\tk8.3\WS_FTP.LOG --> germa64 /home/burch/Projekte/Grimm/CDROM/windows/lib/tk8.3 WS_FTP.LOG
2003.11.20 14:36 B D:\dwbcd\DWB\lib\tk8.3\xmfbox.tcl --> germa64 /home/burch/Projekte/Grimm/CDROM/windows/lib/tk8.3 xmfbox.tcl
2004.01.14 13:48 B D:\dwbcd\DWB\lib\tk8.3\bgerror.tcl --> germa64 /home/burch/Backups/germa63/dwbcd/DWB/lib/tk8.3 bgerror.tcl
2004.01.14 13:49 B D:\dwbcd\DWB\lib\tk8.3\button.tcl --> germa64 /home/burch/Backups/germa63/dwbcd/DWB/lib/tk8.3 button.tcl
2004.01.14 13:49 B D:\dwbcd\DWB\lib\tk8.3\clrpick.tcl --> germa64 /home/burch/Backups/germa63/dwbcd/DWB/lib/tk8.3 clrpick.tcl
2004.01.14 13:49 B D:\dwbcd\DWB\lib\tk8.3\comdlg.tcl --> germa64 /home/burch/Backups/germa63/dwbcd/DWB/lib/tk8.3 comdlg.tcl
2004.01.14 13:49 B D:\dwbcd\DWB\lib\tk8.3\console.tcl --> germa64 /home/burch/Backups/germa63/dwbcd/DWB/lib/tk8.3 console.tcl
2004.01.14 13:49 B D:\dwbcd\DWB\lib\tk8.3\dialog.tcl --> germa64 /home/burch/Backups/germa63/dwbcd/DWB/lib/tk8.3 dialog.tcl
2004.01.14 13:49 B D:\dwbcd\DWB\lib\tk8.3\entry.tcl --> germa64 /home/burch/Backups/germa63/dwbcd/DWB/lib/tk8.3 entry.tcl
2004.01.14 13:49 B D:\dwbcd\DWB\lib\tk8.3\focus.tcl --> germa64 /home/burch/Backups/germa63/dwbcd/DWB/lib/tk8.3 focus.tcl
2004.01.14 13:49 B D:\dwbcd\DWB\lib\tk8.3\listbox.tcl --> germa64 /home/burch/Backups/germa63/dwbcd/DWB/lib/tk8.3 listbox.tcl
2004.01.14 13:49 B D:\dwbcd\DWB\lib\tk8.3\menu.tcl --> germa64 /home/burch/Backups/germa63/dwbcd/DWB/lib/tk8.3 menu.tcl
2004.01.14 13:49 B D:\dwbcd\DWB\lib\tk8.3\msgbox.tcl --> germa64 /home/burch/Backups/germa63/dwbcd/DWB/lib/tk8.3 msgbox.tcl
2004.01.14 13:49 B D:\dwbcd\DWB\lib\tk8.3\obsolete.tcl --> germa64 /home/burch/Backups/germa63/dwbcd/DWB/lib/tk8.3 obsolete.tcl
2004.01.14 13:49 B D:\dwbcd\DWB\lib\tk8.3\optMenu.tcl --> germa64 /home/burch/Backups/germa63/dwbcd/DWB/lib/tk8.3 optMenu.tcl
2004.01.14 13:49 B D:\dwbcd\DWB\lib\tk8.3\palette.tcl --> germa64 /home/burch/Backups/germa63/dwbcd/DWB/lib/tk8.3 palette.tcl
2004.01.14 13:49 B D:\dwbcd\DWB\lib\tk8.3\safetk.tcl --> germa64 /home/burch/Backups/germa63/dwbcd/DWB/lib/tk8.3 safetk.tcl
2004.01.14 13:49 B D:\dwbcd\DWB\lib\tk8.3\scale.tcl --> germa64 /home/burch/Backups/germa63/dwbcd/DWB/lib/tk8.3 scale.tcl
2004.01.14 13:49 B D:\dwbcd\DWB\lib\tk8.3\scrlbar.tcl --> germa64 /home/burch/Backups/germa63/dwbcd/DWB/lib/tk8.3 scrlbar.tcl
2004.01.14 13:49 B D:\dwbcd\DWB\lib\tk8.3\tclIndex --> germa64 /home/burch/Backups/germa63/dwbcd/DWB/lib/tk8.3 tclIndex
2004.01.14 13:49 B D:\dwbcd\DWB\lib\tk8.3\tearoff.tcl --> germa64 /home/burch/Backups/germa63/dwbcd/DWB/lib/tk8.3 tearoff.tcl
2004.01.14 13:49 B D:\dwbcd\DWB\lib\tk8.3\text.tcl --> germa64 /home/burch/Backups/germa63/dwbcd/DWB/lib/tk8.3 text.tcl
2004.01.14 13:49 B D:\dwbcd\DWB\lib\tk8.3\tk.tcl --> germa64 /home/burch/Backups/germa63/dwbcd/DWB/lib/tk8.3 tk.tcl
2004.01.14 13:49 B D:\dwbcd\DWB\lib\tk8.3\tkfbox.tcl --> germa64 /home/burch/Backups/germa63/dwbcd/DWB/lib/tk8.3 tkfbox.tcl
2004.01.14 19:24 B D:\dwbcd\DWB\lib\tk8.3\WS_FTP.LOG <-- germa64 /home/burch/Backups/germa63/dwbcd/DWB/lib/tk8.3 WS_FTP.LOG
2004.01.14 19:24 B D:\dwbcd\DWB\lib\tk8.3\xmfbox.tcl <-- germa64 /home/burch/Backups/germa63/dwbcd/DWB/lib/tk8.3 xmfbox.tcl
2004.04.01 11:47 B D:\dwbcd\DWB\lib\tk8.3\bgerror.tcl --> germa64 /home/burch/Projekte/HinUndHer/dwb/lib/tk8.3 bgerror.tcl
2004.04.01 11:47 B D:\dwbcd\DWB\lib\tk8.3\button.tcl --> germa64 /home/burch/Projekte/HinUndHer/dwb/lib/tk8.3 button.tcl
2004.04.01 11:47 B D:\dwbcd\DWB\lib\tk8.3\clrpick.tcl --> germa64 /home/burch/Projekte/HinUndHer/dwb/lib/tk8.3 clrpick.tcl
2004.04.01 11:47 B D:\dwbcd\DWB\lib\tk8.3\comdlg.tcl --> germa64 /home/burch/Projekte/HinUndHer/dwb/lib/tk8.3 comdlg.tcl
2004.04.01 11:47 B D:\dwbcd\DWB\lib\tk8.3\console.tcl --> germa64 /home/burch/Projekte/HinUndHer/dwb/lib/tk8.3 console.tcl
2004.04.01 11:47 B D:\dwbcd\DWB\lib\tk8.3\dialog.tcl --> germa64 /home/burch/Projekte/HinUndHer/dwb/lib/tk8.3 dialog.tcl
2004.04.01 11:47 B D:\dwbcd\DWB\lib\tk8.3\entry.tcl --> germa64 /home/burch/Projekte/HinUndHer/dwb/lib/tk8.3 entry.tcl
2004.04.01 11:47 B D:\dwbcd\DWB\lib\tk8.3\focus.tcl --> germa64 /home/burch/Projekte/HinUndHer/dwb/lib/tk8.3 focus.tcl
2004.04.01 11:47 B D:\dwbcd\DWB\lib\tk8.3\listbox.tcl --> germa64 /home/burch/Projekte/HinUndHer/dwb/lib/tk8.3 listbox.tcl
2004.04.01 11:47 B D:\dwbcd\DWB\lib\tk8.3\menu.tcl --> germa64 /home/burch/Projekte/HinUndHer/dwb/lib/tk8.3 menu.tcl
2004.04.01 11:47 B D:\dwbcd\DWB\lib\tk8.3\msgbox.tcl --> germa64 /home/burch/Projekte/HinUndHer/dwb/lib/tk8.3 msgbox.tcl
2004.04.01 11:47 B D:\dwbcd\DWB\lib\tk8.3\obsolete.tcl --> germa64 /home/burch/Projekte/HinUndHer/dwb/lib/tk8.3 obsolete.tcl
2004.04.01 11:47 B D:\dwbcd\DWB\lib\tk8.3\optMenu.tcl --> germa64 /home/burch/Projekte/HinUndHer/dwb/lib/tk8.3 optMenu.tcl
2004.04.01 11:47 B D:\dwbcd\DWB\lib\tk8.3\palette.tcl --> germa64 /home/burch/Projekte/HinUndHer/dwb/lib/tk8.3 palette.tcl
2004.04.01 11:47 B D:\dwbcd\DWB\lib\tk8.3\safetk.tcl --> germa64 /home/burch/Projekte/HinUndHer/dwb/lib/tk8.3 safetk.tcl
2004.04.01 11:47 B D:\dwbcd\DWB\lib\tk8.3\scale.tcl --> germa64 /home/burch/Projekte/HinUndHer/dwb/lib/tk8.3 scale.tcl
2004.04.01 11:47 B D:\dwbcd\DWB\lib\tk8.3\scrlbar.tcl --> germa64 /home/burch/Projekte/HinUndHer/dwb/lib/tk8.3 scrlbar.tcl
2004.04.01 11:47 B D:\dwbcd\DWB\lib\tk8.3\tclIndex --> germa64 /home/burch/Projekte/HinUndHer/dwb/lib/tk8.3 tclIndex
2004.04.01 11:47 B D:\dwbcd\DWB\lib\tk8.3\tearoff.tcl --> germa64 /home/burch/Projekte/HinUndHer/dwb/lib/tk8.3 tearoff.tcl
2004.04.01 11:47 B D:\dwbcd\DWB\lib\tk8.3\text.tcl --> germa64 /home/burch/Projekte/HinUndHer/dwb/lib/tk8.3 text.tcl
2004.04.01 11:47 B D:\dwbcd\DWB\lib\tk8.3\tk.tcl --> germa64 /home/burch/Projekte/HinUndHer/dwb/lib/tk8.3 tk.tcl
2004.04.01 11:47 B D:\dwbcd\DWB\lib\tk8.3\tkfbox.tcl --> germa64 /home/burch/Projekte/HinUndHer/dwb/lib/tk8.3 tkfbox.tcl
2004.04.01 11:47 B D:\dwbcd\DWB\lib\tk8.3\WS_FTP.LOG --> germa64 /home/burch/Projekte/HinUndHer/dwb/lib/tk8.3 WS_FTP.LOG
2004.04.01 11:47 B D:\dwbcd\DWB\lib\tk8.3\xmfbox.tcl --> germa64 /home/burch/Projekte/HinUndHer/dwb/lib/tk8.3 xmfbox.tcl
2004.04.27 14:39 B D:\dwbcd\DWB\lib\tk8.3\bgerror.tcl --> germa64 /home/burch/Projekte/HinUndHer/lib/tk8.3 bgerror.tcl
2004.04.27 14:39 B D:\dwbcd\DWB\lib\tk8.3\button.tcl --> germa64 /home/burch/Projekte/HinUndHer/lib/tk8.3 button.tcl
2004.04.27 14:39 B D:\dwbcd\DWB\lib\tk8.3\clrpick.tcl --> germa64 /home/burch/Projekte/HinUndHer/lib/tk8.3 clrpick.tcl
2004.04.27 14:39 B D:\dwbcd\DWB\lib\tk8.3\comdlg.tcl --> germa64 /home/burch/Projekte/HinUndHer/lib/tk8.3 comdlg.tcl
2004.04.27 14:39 B D:\dwbcd\DWB\lib\tk8.3\console.tcl --> germa64 /home/burch/Projekte/HinUndHer/lib/tk8.3 console.tcl
2004.04.27 14:39 B D:\dwbcd\DWB\lib\tk8.3\dialog.tcl --> germa64 /home/burch/Projekte/HinUndHer/lib/tk8.3 dialog.tcl
2004.04.27 14:39 B D:\dwbcd\DWB\lib\tk8.3\entry.tcl --> germa64 /home/burch/Projekte/HinUndHer/lib/tk8.3 entry.tcl
2004.04.27 14:39 B D:\dwbcd\DWB\lib\tk8.3\focus.tcl --> germa64 /home/burch/Projekte/HinUndHer/lib/tk8.3 focus.tcl
2004.04.27 14:39 B D:\dwbcd\DWB\lib\tk8.3\listbox.tcl --> germa64 /home/burch/Projekte/HinUndHer/lib/tk8.3 listbox.tcl
2004.04.27 14:39 B D:\dwbcd\DWB\lib\tk8.3\menu.tcl --> germa64 /home/burch/Projekte/HinUndHer/lib/tk8.3 menu.tcl
2004.04.27 14:39 B D:\dwbcd\DWB\lib\tk8.3\msgbox.tcl --> germa64 /home/burch/Projekte/HinUndHer/lib/tk8.3 msgbox.tcl
2004.04.27 14:39 B D:\dwbcd\DWB\lib\tk8.3\obsolete.tcl --> germa64 /home/burch/Projekte/HinUndHer/lib/tk8.3 obsolete.tcl
2004.04.27 14:39 B D:\dwbcd\DWB\lib\tk8.3\optMenu.tcl --> germa64 /home/burch/Projekte/HinUndHer/lib/tk8.3 optMenu.tcl
2004.04.27 14:39 B D:\dwbcd\DWB\lib\tk8.3\palette.tcl --> germa64 /home/burch/Projekte/HinUndHer/lib/tk8.3 palette.tcl
2004.04.27 14:39 B D:\dwbcd\DWB\lib\tk8.3\safetk.tcl --> germa64 /home/burch/Projekte/HinUndHer/lib/tk8.3 safetk.tcl
2004.04.27 14:39 B D:\dwbcd\DWB\lib\tk8.3\scale.tcl --> germa64 /home/burch/Projekte/HinUndHer/lib/tk8.3 scale.tcl
2004.04.27 14:39 B D:\dwbcd\DWB\lib\tk8.3\scrlbar.tcl --> germa64 /home/burch/Projekte/HinUndHer/lib/tk8.3 scrlbar.tcl
2004.04.27 14:39 B D:\dwbcd\DWB\lib\tk8.3\tclIndex --> germa64 /home/burch/Projekte/HinUndHer/lib/tk8.3 tclIndex
2004.04.27 14:39 B D:\dwbcd\DWB\lib\tk8.3\tearoff.tcl --> germa64 /home/burch/Projekte/HinUndHer/lib/tk8.3 tearoff.tcl
2004.04.27 14:39 B D:\dwbcd\DWB\lib\tk8.3\text.tcl --> germa64 /home/burch/Projekte/HinUndHer/lib/tk8.3 text.tcl
2004.04.27 14:39 B D:\dwbcd\DWB\lib\tk8.3\tk.tcl --> germa64 /home/burch/Projekte/HinUndHer/lib/tk8.3 tk.tcl
2004.04.27 14:39 B D:\dwbcd\DWB\lib\tk8.3\tkfbox.tcl --> germa64 /home/burch/Projekte/HinUndHer/lib/tk8.3 tkfbox.tcl
2004.04.27 14:39 B D:\dwbcd\DWB\lib\tk8.3\WS_FTP.LOG --> germa64 /home/burch/Projekte/HinUndHer/lib/tk8.3 WS_FTP.LOG
2004.04.27 14:39 B D:\dwbcd\DWB\lib\tk8.3\xmfbox.tcl --> germa64 /home/burch/Projekte/HinUndHer/lib/tk8.3 xmfbox.tcl
