2002.08.26 17:20 B D:\dwbcd\DWB\lib\tix8.2\bitmaps\act_fold.gif --> germa64 /home/burch/Projekte/Grimm/version1/lib/tix8.2/bitmaps act_fold.gif
2002.08.26 17:20 B D:\dwbcd\DWB\lib\tix8.2\bitmaps\act_fold.xbm --> germa64 /home/burch/Projekte/Grimm/version1/lib/tix8.2/bitmaps act_fold.xbm
2002.08.26 17:20 B D:\dwbcd\DWB\lib\tix8.2\bitmaps\act_fold.xpm --> germa64 /home/burch/Projekte/Grimm/version1/lib/tix8.2/bitmaps act_fold.xpm
2002.08.26 17:20 B D:\dwbcd\DWB\lib\tix8.2\bitmaps\balarrow.xbm --> germa64 /home/burch/Projekte/Grimm/version1/lib/tix8.2/bitmaps balarrow.xbm
2002.08.26 17:20 B D:\dwbcd\DWB\lib\tix8.2\bitmaps\cbxarrow.xbm --> germa64 /home/burch/Projekte/Grimm/version1/lib/tix8.2/bitmaps cbxarrow.xbm
2002.08.26 17:20 B D:\dwbcd\DWB\lib\tix8.2\bitmaps\ck_def.xbm --> germa64 /home/burch/Projekte/Grimm/version1/lib/tix8.2/bitmaps ck_def.xbm
2002.08.26 17:20 B D:\dwbcd\DWB\lib\tix8.2\bitmaps\ck_off.xbm --> germa64 /home/burch/Projekte/Grimm/version1/lib/tix8.2/bitmaps ck_off.xbm
2002.08.26 17:20 B D:\dwbcd\DWB\lib\tix8.2\bitmaps\ck_on.xbm --> germa64 /home/burch/Projekte/Grimm/version1/lib/tix8.2/bitmaps ck_on.xbm
2002.08.26 17:20 B D:\dwbcd\DWB\lib\tix8.2\bitmaps\cross.xbm --> germa64 /home/burch/Projekte/Grimm/version1/lib/tix8.2/bitmaps cross.xbm
2002.08.26 17:20 B D:\dwbcd\DWB\lib\tix8.2\bitmaps\decr.xbm --> germa64 /home/burch/Projekte/Grimm/version1/lib/tix8.2/bitmaps decr.xbm
2002.08.26 17:20 B D:\dwbcd\DWB\lib\tix8.2\bitmaps\drop.xbm --> germa64 /home/burch/Projekte/Grimm/version1/lib/tix8.2/bitmaps drop.xbm
2002.08.26 17:20 B D:\dwbcd\DWB\lib\tix8.2\bitmaps\file.gif --> germa64 /home/burch/Projekte/Grimm/version1/lib/tix8.2/bitmaps file.gif
2002.08.26 17:20 B D:\dwbcd\DWB\lib\tix8.2\bitmaps\file.xbm --> germa64 /home/burch/Projekte/Grimm/version1/lib/tix8.2/bitmaps file.xbm
2002.08.26 17:20 B D:\dwbcd\DWB\lib\tix8.2\bitmaps\file.xpm --> germa64 /home/burch/Projekte/Grimm/version1/lib/tix8.2/bitmaps file.xpm
2002.08.26 17:20 B D:\dwbcd\DWB\lib\tix8.2\bitmaps\folder.gif --> germa64 /home/burch/Projekte/Grimm/version1/lib/tix8.2/bitmaps folder.gif
2002.08.26 17:20 B D:\dwbcd\DWB\lib\tix8.2\bitmaps\folder.xbm --> germa64 /home/burch/Projekte/Grimm/version1/lib/tix8.2/bitmaps folder.xbm
2002.08.26 17:20 B D:\dwbcd\DWB\lib\tix8.2\bitmaps\folder.xpm --> germa64 /home/burch/Projekte/Grimm/version1/lib/tix8.2/bitmaps folder.xpm
2002.08.26 17:20 B D:\dwbcd\DWB\lib\tix8.2\bitmaps\harddisk.xbm --> germa64 /home/burch/Projekte/Grimm/version1/lib/tix8.2/bitmaps harddisk.xbm
2002.08.26 17:20 B D:\dwbcd\DWB\lib\tix8.2\bitmaps\hourglas.mask --> germa64 /home/burch/Projekte/Grimm/version1/lib/tix8.2/bitmaps hourglas.mask
2002.08.26 17:20 B D:\dwbcd\DWB\lib\tix8.2\bitmaps\hourglas.xbm --> germa64 /home/burch/Projekte/Grimm/version1/lib/tix8.2/bitmaps hourglas.xbm
2002.08.26 17:20 B D:\dwbcd\DWB\lib\tix8.2\bitmaps\incr.xbm --> germa64 /home/burch/Projekte/Grimm/version1/lib/tix8.2/bitmaps incr.xbm
2002.08.26 17:20 B D:\dwbcd\DWB\lib\tix8.2\bitmaps\info.gif --> germa64 /home/burch/Projekte/Grimm/version1/lib/tix8.2/bitmaps info.gif
2002.08.26 17:20 B D:\dwbcd\DWB\lib\tix8.2\bitmaps\info.xpm --> germa64 /home/burch/Projekte/Grimm/version1/lib/tix8.2/bitmaps info.xpm
2002.08.26 17:20 B D:\dwbcd\DWB\lib\tix8.2\bitmaps\maximize.xbm --> germa64 /home/burch/Projekte/Grimm/version1/lib/tix8.2/bitmaps maximize.xbm
2002.08.26 17:20 B D:\dwbcd\DWB\lib\tix8.2\bitmaps\minimize.xbm --> germa64 /home/burch/Projekte/Grimm/version1/lib/tix8.2/bitmaps minimize.xbm
2002.08.26 17:20 B D:\dwbcd\DWB\lib\tix8.2\bitmaps\minus.gif --> germa64 /home/burch/Projekte/Grimm/version1/lib/tix8.2/bitmaps minus.gif
2002.08.26 17:20 B D:\dwbcd\DWB\lib\tix8.2\bitmaps\minus.xbm --> germa64 /home/burch/Projekte/Grimm/version1/lib/tix8.2/bitmaps minus.xbm
2002.08.26 17:20 B D:\dwbcd\DWB\lib\tix8.2\bitmaps\minus.xpm --> germa64 /home/burch/Projekte/Grimm/version1/lib/tix8.2/bitmaps minus.xpm
2002.08.26 17:20 B D:\dwbcd\DWB\lib\tix8.2\bitmaps\minusarm.gif --> germa64 /home/burch/Projekte/Grimm/version1/lib/tix8.2/bitmaps minusarm.gif
2002.08.26 17:20 B D:\dwbcd\DWB\lib\tix8.2\bitmaps\minusarm.xbm --> germa64 /home/burch/Projekte/Grimm/version1/lib/tix8.2/bitmaps minusarm.xbm
2002.08.26 17:20 B D:\dwbcd\DWB\lib\tix8.2\bitmaps\minusarm.xpm --> germa64 /home/burch/Projekte/Grimm/version1/lib/tix8.2/bitmaps minusarm.xpm
2002.08.26 17:20 B D:\dwbcd\DWB\lib\tix8.2\bitmaps\mktransgif.tcl --> germa64 /home/burch/Projekte/Grimm/version1/lib/tix8.2/bitmaps mktransgif.tcl
2002.08.26 17:20 B D:\dwbcd\DWB\lib\tix8.2\bitmaps\network.xbm --> germa64 /home/burch/Projekte/Grimm/version1/lib/tix8.2/bitmaps network.xbm
2002.08.26 17:20 B D:\dwbcd\DWB\lib\tix8.2\bitmaps\no_entry.gif --> germa64 /home/burch/Projekte/Grimm/version1/lib/tix8.2/bitmaps no_entry.gif
2002.08.26 17:20 B D:\dwbcd\DWB\lib\tix8.2\bitmaps\no_entry.xpm --> germa64 /home/burch/Projekte/Grimm/version1/lib/tix8.2/bitmaps no_entry.xpm
2002.08.26 17:20 B D:\dwbcd\DWB\lib\tix8.2\bitmaps\openfile.xbm --> germa64 /home/burch/Projekte/Grimm/version1/lib/tix8.2/bitmaps openfile.xbm
2002.08.26 17:20 B D:\dwbcd\DWB\lib\tix8.2\bitmaps\openfold.gif --> germa64 /home/burch/Projekte/Grimm/version1/lib/tix8.2/bitmaps openfold.gif
2002.08.26 17:20 B D:\dwbcd\DWB\lib\tix8.2\bitmaps\openfold.xbm --> germa64 /home/burch/Projekte/Grimm/version1/lib/tix8.2/bitmaps openfold.xbm
2002.08.26 17:20 B D:\dwbcd\DWB\lib\tix8.2\bitmaps\openfold.xpm --> germa64 /home/burch/Projekte/Grimm/version1/lib/tix8.2/bitmaps openfold.xpm
2002.08.26 17:20 B D:\dwbcd\DWB\lib\tix8.2\bitmaps\plus.gif --> germa64 /home/burch/Projekte/Grimm/version1/lib/tix8.2/bitmaps plus.gif
2002.08.26 17:20 B D:\dwbcd\DWB\lib\tix8.2\bitmaps\plus.xbm --> germa64 /home/burch/Projekte/Grimm/version1/lib/tix8.2/bitmaps plus.xbm
2002.08.26 17:20 B D:\dwbcd\DWB\lib\tix8.2\bitmaps\plus.xpm --> germa64 /home/burch/Projekte/Grimm/version1/lib/tix8.2/bitmaps plus.xpm
2002.08.26 17:20 B D:\dwbcd\DWB\lib\tix8.2\bitmaps\plusarm.gif --> germa64 /home/burch/Projekte/Grimm/version1/lib/tix8.2/bitmaps plusarm.gif
2002.08.26 17:20 B D:\dwbcd\DWB\lib\tix8.2\bitmaps\plusarm.xbm --> germa64 /home/burch/Projekte/Grimm/version1/lib/tix8.2/bitmaps plusarm.xbm
2002.08.26 17:20 B D:\dwbcd\DWB\lib\tix8.2\bitmaps\plusarm.xpm --> germa64 /home/burch/Projekte/Grimm/version1/lib/tix8.2/bitmaps plusarm.xpm
2002.08.26 17:20 B D:\dwbcd\DWB\lib\tix8.2\bitmaps\resize1.xbm --> germa64 /home/burch/Projekte/Grimm/version1/lib/tix8.2/bitmaps resize1.xbm
2002.08.26 17:20 B D:\dwbcd\DWB\lib\tix8.2\bitmaps\resize2.xbm --> germa64 /home/burch/Projekte/Grimm/version1/lib/tix8.2/bitmaps resize2.xbm
2002.08.26 17:20 B D:\dwbcd\DWB\lib\tix8.2\bitmaps\restore.xbm --> germa64 /home/burch/Projekte/Grimm/version1/lib/tix8.2/bitmaps restore.xbm
2002.08.26 17:20 B D:\dwbcd\DWB\lib\tix8.2\bitmaps\srcfile.gif --> germa64 /home/burch/Projekte/Grimm/version1/lib/tix8.2/bitmaps srcfile.gif
2002.08.26 17:20 B D:\dwbcd\DWB\lib\tix8.2\bitmaps\srcfile.xbm --> germa64 /home/burch/Projekte/Grimm/version1/lib/tix8.2/bitmaps srcfile.xbm
2002.08.26 17:20 B D:\dwbcd\DWB\lib\tix8.2\bitmaps\srcfile.xpm --> germa64 /home/burch/Projekte/Grimm/version1/lib/tix8.2/bitmaps srcfile.xpm
2002.08.26 17:20 B D:\dwbcd\DWB\lib\tix8.2\bitmaps\system.xbm --> germa64 /home/burch/Projekte/Grimm/version1/lib/tix8.2/bitmaps system.xbm
2002.08.26 17:20 B D:\dwbcd\DWB\lib\tix8.2\bitmaps\textfile.gif --> germa64 /home/burch/Projekte/Grimm/version1/lib/tix8.2/bitmaps textfile.gif
2002.08.26 17:20 B D:\dwbcd\DWB\lib\tix8.2\bitmaps\textfile.xbm --> germa64 /home/burch/Projekte/Grimm/version1/lib/tix8.2/bitmaps textfile.xbm
2002.08.26 17:20 B D:\dwbcd\DWB\lib\tix8.2\bitmaps\textfile.xpm --> germa64 /home/burch/Projekte/Grimm/version1/lib/tix8.2/bitmaps textfile.xpm
2002.08.26 17:20 B D:\dwbcd\DWB\lib\tix8.2\bitmaps\tick.xbm --> germa64 /home/burch/Projekte/Grimm/version1/lib/tix8.2/bitmaps tick.xbm
2002.08.26 17:20 B D:\dwbcd\DWB\lib\tix8.2\bitmaps\warning.gif --> germa64 /home/burch/Projekte/Grimm/version1/lib/tix8.2/bitmaps warning.gif
2002.08.26 17:20 B D:\dwbcd\DWB\lib\tix8.2\bitmaps\warning.xpm --> germa64 /home/burch/Projekte/Grimm/version1/lib/tix8.2/bitmaps warning.xpm
2002.09.10 10:26 B D:\dwbcd\DWB\lib\tix8.2\bitmaps\act_fold.gif --> germa64 /home/burch/binlib/lib/tix8.2/bitmaps act_fold.gif
2002.09.10 10:26 B D:\dwbcd\DWB\lib\tix8.2\bitmaps\act_fold.xbm --> germa64 /home/burch/binlib/lib/tix8.2/bitmaps act_fold.xbm
2002.09.10 10:26 B D:\dwbcd\DWB\lib\tix8.2\bitmaps\act_fold.xpm --> germa64 /home/burch/binlib/lib/tix8.2/bitmaps act_fold.xpm
2002.09.10 10:26 B D:\dwbcd\DWB\lib\tix8.2\bitmaps\balarrow.xbm --> germa64 /home/burch/binlib/lib/tix8.2/bitmaps balarrow.xbm
2002.09.10 10:26 B D:\dwbcd\DWB\lib\tix8.2\bitmaps\cbxarrow.xbm --> germa64 /home/burch/binlib/lib/tix8.2/bitmaps cbxarrow.xbm
2002.09.10 10:26 B D:\dwbcd\DWB\lib\tix8.2\bitmaps\ck_def.xbm --> germa64 /home/burch/binlib/lib/tix8.2/bitmaps ck_def.xbm
2002.09.10 10:26 B D:\dwbcd\DWB\lib\tix8.2\bitmaps\ck_off.xbm --> germa64 /home/burch/binlib/lib/tix8.2/bitmaps ck_off.xbm
2002.09.10 10:26 B D:\dwbcd\DWB\lib\tix8.2\bitmaps\ck_on.xbm --> germa64 /home/burch/binlib/lib/tix8.2/bitmaps ck_on.xbm
2002.09.10 10:26 B D:\dwbcd\DWB\lib\tix8.2\bitmaps\cross.xbm --> germa64 /home/burch/binlib/lib/tix8.2/bitmaps cross.xbm
2002.09.10 10:26 B D:\dwbcd\DWB\lib\tix8.2\bitmaps\decr.xbm --> germa64 /home/burch/binlib/lib/tix8.2/bitmaps decr.xbm
2002.09.10 10:26 B D:\dwbcd\DWB\lib\tix8.2\bitmaps\drop.xbm --> germa64 /home/burch/binlib/lib/tix8.2/bitmaps drop.xbm
2002.09.10 10:26 B D:\dwbcd\DWB\lib\tix8.2\bitmaps\file.gif --> germa64 /home/burch/binlib/lib/tix8.2/bitmaps file.gif
2002.09.10 10:26 B D:\dwbcd\DWB\lib\tix8.2\bitmaps\file.xbm --> germa64 /home/burch/binlib/lib/tix8.2/bitmaps file.xbm
2002.09.10 10:26 B D:\dwbcd\DWB\lib\tix8.2\bitmaps\file.xpm --> germa64 /home/burch/binlib/lib/tix8.2/bitmaps file.xpm
2002.09.10 10:26 B D:\dwbcd\DWB\lib\tix8.2\bitmaps\folder.gif --> germa64 /home/burch/binlib/lib/tix8.2/bitmaps folder.gif
2002.09.10 10:26 B D:\dwbcd\DWB\lib\tix8.2\bitmaps\folder.xbm --> germa64 /home/burch/binlib/lib/tix8.2/bitmaps folder.xbm
2002.09.10 10:26 B D:\dwbcd\DWB\lib\tix8.2\bitmaps\folder.xpm --> germa64 /home/burch/binlib/lib/tix8.2/bitmaps folder.xpm
2002.09.10 10:26 B D:\dwbcd\DWB\lib\tix8.2\bitmaps\harddisk.xbm --> germa64 /home/burch/binlib/lib/tix8.2/bitmaps harddisk.xbm
2002.09.10 10:26 B D:\dwbcd\DWB\lib\tix8.2\bitmaps\hourglas.mask --> germa64 /home/burch/binlib/lib/tix8.2/bitmaps hourglas.mask
2002.09.10 10:26 B D:\dwbcd\DWB\lib\tix8.2\bitmaps\hourglas.xbm --> germa64 /home/burch/binlib/lib/tix8.2/bitmaps hourglas.xbm
2002.09.10 10:26 B D:\dwbcd\DWB\lib\tix8.2\bitmaps\incr.xbm --> germa64 /home/burch/binlib/lib/tix8.2/bitmaps incr.xbm
2002.09.10 10:26 B D:\dwbcd\DWB\lib\tix8.2\bitmaps\info.gif --> germa64 /home/burch/binlib/lib/tix8.2/bitmaps info.gif
2002.09.10 10:26 B D:\dwbcd\DWB\lib\tix8.2\bitmaps\info.xpm --> germa64 /home/burch/binlib/lib/tix8.2/bitmaps info.xpm
2002.09.10 10:26 B D:\dwbcd\DWB\lib\tix8.2\bitmaps\maximize.xbm --> germa64 /home/burch/binlib/lib/tix8.2/bitmaps maximize.xbm
2002.09.10 10:26 B D:\dwbcd\DWB\lib\tix8.2\bitmaps\minimize.xbm --> germa64 /home/burch/binlib/lib/tix8.2/bitmaps minimize.xbm
2002.09.10 10:26 B D:\dwbcd\DWB\lib\tix8.2\bitmaps\minus.gif --> germa64 /home/burch/binlib/lib/tix8.2/bitmaps minus.gif
2002.09.10 10:26 B D:\dwbcd\DWB\lib\tix8.2\bitmaps\minus.xbm --> germa64 /home/burch/binlib/lib/tix8.2/bitmaps minus.xbm
2002.09.10 10:26 B D:\dwbcd\DWB\lib\tix8.2\bitmaps\minus.xpm --> germa64 /home/burch/binlib/lib/tix8.2/bitmaps minus.xpm
2002.09.10 10:26 B D:\dwbcd\DWB\lib\tix8.2\bitmaps\minusarm.gif --> germa64 /home/burch/binlib/lib/tix8.2/bitmaps minusarm.gif
2002.09.10 10:26 B D:\dwbcd\DWB\lib\tix8.2\bitmaps\minusarm.xbm --> germa64 /home/burch/binlib/lib/tix8.2/bitmaps minusarm.xbm
2002.09.10 10:26 B D:\dwbcd\DWB\lib\tix8.2\bitmaps\minusarm.xpm --> germa64 /home/burch/binlib/lib/tix8.2/bitmaps minusarm.xpm
2002.09.10 10:26 B D:\dwbcd\DWB\lib\tix8.2\bitmaps\mktransgif.tcl --> germa64 /home/burch/binlib/lib/tix8.2/bitmaps mktransgif.tcl
2002.09.10 10:26 B D:\dwbcd\DWB\lib\tix8.2\bitmaps\network.xbm --> germa64 /home/burch/binlib/lib/tix8.2/bitmaps network.xbm
2002.09.10 10:26 B D:\dwbcd\DWB\lib\tix8.2\bitmaps\no_entry.gif --> germa64 /home/burch/binlib/lib/tix8.2/bitmaps no_entry.gif
2002.09.10 10:26 B D:\dwbcd\DWB\lib\tix8.2\bitmaps\no_entry.xpm --> germa64 /home/burch/binlib/lib/tix8.2/bitmaps no_entry.xpm
2002.09.10 10:26 B D:\dwbcd\DWB\lib\tix8.2\bitmaps\openfile.xbm --> germa64 /home/burch/binlib/lib/tix8.2/bitmaps openfile.xbm
2002.09.10 10:26 B D:\dwbcd\DWB\lib\tix8.2\bitmaps\openfold.gif --> germa64 /home/burch/binlib/lib/tix8.2/bitmaps openfold.gif
2002.09.10 10:26 B D:\dwbcd\DWB\lib\tix8.2\bitmaps\openfold.xbm --> germa64 /home/burch/binlib/lib/tix8.2/bitmaps openfold.xbm
2002.09.10 10:26 B D:\dwbcd\DWB\lib\tix8.2\bitmaps\openfold.xpm --> germa64 /home/burch/binlib/lib/tix8.2/bitmaps openfold.xpm
2002.09.10 10:26 B D:\dwbcd\DWB\lib\tix8.2\bitmaps\plus.gif --> germa64 /home/burch/binlib/lib/tix8.2/bitmaps plus.gif
2002.09.10 10:26 B D:\dwbcd\DWB\lib\tix8.2\bitmaps\plus.xbm --> germa64 /home/burch/binlib/lib/tix8.2/bitmaps plus.xbm
2002.09.10 10:26 B D:\dwbcd\DWB\lib\tix8.2\bitmaps\plus.xpm --> germa64 /home/burch/binlib/lib/tix8.2/bitmaps plus.xpm
2002.09.10 10:26 B D:\dwbcd\DWB\lib\tix8.2\bitmaps\plusarm.gif --> germa64 /home/burch/binlib/lib/tix8.2/bitmaps plusarm.gif
2002.09.10 10:26 B D:\dwbcd\DWB\lib\tix8.2\bitmaps\plusarm.xbm --> germa64 /home/burch/binlib/lib/tix8.2/bitmaps plusarm.xbm
2002.09.10 10:26 B D:\dwbcd\DWB\lib\tix8.2\bitmaps\plusarm.xpm --> germa64 /home/burch/binlib/lib/tix8.2/bitmaps plusarm.xpm
2002.09.10 10:26 B D:\dwbcd\DWB\lib\tix8.2\bitmaps\resize1.xbm --> germa64 /home/burch/binlib/lib/tix8.2/bitmaps resize1.xbm
2002.09.10 10:26 B D:\dwbcd\DWB\lib\tix8.2\bitmaps\resize2.xbm --> germa64 /home/burch/binlib/lib/tix8.2/bitmaps resize2.xbm
2002.09.10 10:26 B D:\dwbcd\DWB\lib\tix8.2\bitmaps\restore.xbm --> germa64 /home/burch/binlib/lib/tix8.2/bitmaps restore.xbm
2002.09.10 10:26 B D:\dwbcd\DWB\lib\tix8.2\bitmaps\srcfile.gif --> germa64 /home/burch/binlib/lib/tix8.2/bitmaps srcfile.gif
2002.09.10 10:26 B D:\dwbcd\DWB\lib\tix8.2\bitmaps\srcfile.xbm --> germa64 /home/burch/binlib/lib/tix8.2/bitmaps srcfile.xbm
2002.09.10 10:26 B D:\dwbcd\DWB\lib\tix8.2\bitmaps\srcfile.xpm --> germa64 /home/burch/binlib/lib/tix8.2/bitmaps srcfile.xpm
2002.09.10 10:26 B D:\dwbcd\DWB\lib\tix8.2\bitmaps\system.xbm --> germa64 /home/burch/binlib/lib/tix8.2/bitmaps system.xbm
2002.09.10 10:26 B D:\dwbcd\DWB\lib\tix8.2\bitmaps\textfile.gif --> germa64 /home/burch/binlib/lib/tix8.2/bitmaps textfile.gif
2002.09.10 10:26 B D:\dwbcd\DWB\lib\tix8.2\bitmaps\textfile.xbm --> germa64 /home/burch/binlib/lib/tix8.2/bitmaps textfile.xbm
2002.09.10 10:26 B D:\dwbcd\DWB\lib\tix8.2\bitmaps\textfile.xpm --> germa64 /home/burch/binlib/lib/tix8.2/bitmaps textfile.xpm
2002.09.10 10:26 B D:\dwbcd\DWB\lib\tix8.2\bitmaps\tick.xbm --> germa64 /home/burch/binlib/lib/tix8.2/bitmaps tick.xbm
2002.09.10 10:26 B D:\dwbcd\DWB\lib\tix8.2\bitmaps\warning.gif --> germa64 /home/burch/binlib/lib/tix8.2/bitmaps warning.gif
2002.09.10 10:26 B D:\dwbcd\DWB\lib\tix8.2\bitmaps\warning.xpm --> germa64 /home/burch/binlib/lib/tix8.2/bitmaps warning.xpm
2002.09.10 10:26 B D:\dwbcd\DWB\lib\tix8.2\bitmaps\WS_FTP.LOG --> germa64 /home/burch/binlib/lib/tix8.2/bitmaps WS_FTP.LOG
2002.10.09 18:05 B D:\dwbcd\DWB\lib\tix8.2\bitmaps\act_fold.gif --> germa64 /home/burch/Projekte/Grimm/CDROMbeta/lib/tix8.2/bitmaps act_fold.gif
2002.10.09 18:05 B D:\dwbcd\DWB\lib\tix8.2\bitmaps\act_fold.xbm --> germa64 /home/burch/Projekte/Grimm/CDROMbeta/lib/tix8.2/bitmaps act_fold.xbm
2002.10.09 18:05 B D:\dwbcd\DWB\lib\tix8.2\bitmaps\act_fold.xpm --> germa64 /home/burch/Projekte/Grimm/CDROMbeta/lib/tix8.2/bitmaps act_fold.xpm
2002.10.09 18:05 B D:\dwbcd\DWB\lib\tix8.2\bitmaps\balarrow.xbm --> germa64 /home/burch/Projekte/Grimm/CDROMbeta/lib/tix8.2/bitmaps balarrow.xbm
2002.10.09 18:05 B D:\dwbcd\DWB\lib\tix8.2\bitmaps\cbxarrow.xbm --> germa64 /home/burch/Projekte/Grimm/CDROMbeta/lib/tix8.2/bitmaps cbxarrow.xbm
2002.10.09 18:05 B D:\dwbcd\DWB\lib\tix8.2\bitmaps\ck_def.xbm --> germa64 /home/burch/Projekte/Grimm/CDROMbeta/lib/tix8.2/bitmaps ck_def.xbm
2002.10.09 18:05 B D:\dwbcd\DWB\lib\tix8.2\bitmaps\ck_off.xbm --> germa64 /home/burch/Projekte/Grimm/CDROMbeta/lib/tix8.2/bitmaps ck_off.xbm
2002.10.09 18:05 B D:\dwbcd\DWB\lib\tix8.2\bitmaps\ck_on.xbm --> germa64 /home/burch/Projekte/Grimm/CDROMbeta/lib/tix8.2/bitmaps ck_on.xbm
2002.10.09 18:05 B D:\dwbcd\DWB\lib\tix8.2\bitmaps\cross.xbm --> germa64 /home/burch/Projekte/Grimm/CDROMbeta/lib/tix8.2/bitmaps cross.xbm
2002.10.09 18:05 B D:\dwbcd\DWB\lib\tix8.2\bitmaps\decr.xbm --> germa64 /home/burch/Projekte/Grimm/CDROMbeta/lib/tix8.2/bitmaps decr.xbm
2002.10.09 18:05 B D:\dwbcd\DWB\lib\tix8.2\bitmaps\drop.xbm --> germa64 /home/burch/Projekte/Grimm/CDROMbeta/lib/tix8.2/bitmaps drop.xbm
2002.10.09 18:05 B D:\dwbcd\DWB\lib\tix8.2\bitmaps\file.gif --> germa64 /home/burch/Projekte/Grimm/CDROMbeta/lib/tix8.2/bitmaps file.gif
2002.10.09 18:05 B D:\dwbcd\DWB\lib\tix8.2\bitmaps\file.xbm --> germa64 /home/burch/Projekte/Grimm/CDROMbeta/lib/tix8.2/bitmaps file.xbm
2002.10.09 18:05 B D:\dwbcd\DWB\lib\tix8.2\bitmaps\file.xpm --> germa64 /home/burch/Projekte/Grimm/CDROMbeta/lib/tix8.2/bitmaps file.xpm
2002.10.09 18:05 B D:\dwbcd\DWB\lib\tix8.2\bitmaps\folder.gif --> germa64 /home/burch/Projekte/Grimm/CDROMbeta/lib/tix8.2/bitmaps folder.gif
2002.10.09 18:05 B D:\dwbcd\DWB\lib\tix8.2\bitmaps\folder.xbm --> germa64 /home/burch/Projekte/Grimm/CDROMbeta/lib/tix8.2/bitmaps folder.xbm
2002.10.09 18:05 B D:\dwbcd\DWB\lib\tix8.2\bitmaps\folder.xpm --> germa64 /home/burch/Projekte/Grimm/CDROMbeta/lib/tix8.2/bitmaps folder.xpm
2002.10.09 18:05 B D:\dwbcd\DWB\lib\tix8.2\bitmaps\harddisk.xbm --> germa64 /home/burch/Projekte/Grimm/CDROMbeta/lib/tix8.2/bitmaps harddisk.xbm
2002.10.09 18:05 B D:\dwbcd\DWB\lib\tix8.2\bitmaps\hourglas.mask --> germa64 /home/burch/Projekte/Grimm/CDROMbeta/lib/tix8.2/bitmaps hourglas.mask
2002.10.09 18:05 B D:\dwbcd\DWB\lib\tix8.2\bitmaps\hourglas.xbm --> germa64 /home/burch/Projekte/Grimm/CDROMbeta/lib/tix8.2/bitmaps hourglas.xbm
2002.10.09 18:05 B D:\dwbcd\DWB\lib\tix8.2\bitmaps\incr.xbm --> germa64 /home/burch/Projekte/Grimm/CDROMbeta/lib/tix8.2/bitmaps incr.xbm
2002.10.09 18:05 B D:\dwbcd\DWB\lib\tix8.2\bitmaps\info.gif --> germa64 /home/burch/Projekte/Grimm/CDROMbeta/lib/tix8.2/bitmaps info.gif
2002.10.09 18:05 B D:\dwbcd\DWB\lib\tix8.2\bitmaps\info.xpm --> germa64 /home/burch/Projekte/Grimm/CDROMbeta/lib/tix8.2/bitmaps info.xpm
2002.10.09 18:05 B D:\dwbcd\DWB\lib\tix8.2\bitmaps\maximize.xbm --> germa64 /home/burch/Projekte/Grimm/CDROMbeta/lib/tix8.2/bitmaps maximize.xbm
2002.10.09 18:05 B D:\dwbcd\DWB\lib\tix8.2\bitmaps\minimize.xbm --> germa64 /home/burch/Projekte/Grimm/CDROMbeta/lib/tix8.2/bitmaps minimize.xbm
2002.10.09 18:05 B D:\dwbcd\DWB\lib\tix8.2\bitmaps\minus.gif --> germa64 /home/burch/Projekte/Grimm/CDROMbeta/lib/tix8.2/bitmaps minus.gif
2002.10.09 18:05 B D:\dwbcd\DWB\lib\tix8.2\bitmaps\minus.xbm --> germa64 /home/burch/Projekte/Grimm/CDROMbeta/lib/tix8.2/bitmaps minus.xbm
2002.10.09 18:05 B D:\dwbcd\DWB\lib\tix8.2\bitmaps\minus.xpm --> germa64 /home/burch/Projekte/Grimm/CDROMbeta/lib/tix8.2/bitmaps minus.xpm
2002.10.09 18:05 B D:\dwbcd\DWB\lib\tix8.2\bitmaps\minusarm.gif --> germa64 /home/burch/Projekte/Grimm/CDROMbeta/lib/tix8.2/bitmaps minusarm.gif
2002.10.09 18:05 B D:\dwbcd\DWB\lib\tix8.2\bitmaps\minusarm.xbm --> germa64 /home/burch/Projekte/Grimm/CDROMbeta/lib/tix8.2/bitmaps minusarm.xbm
2002.10.09 18:05 B D:\dwbcd\DWB\lib\tix8.2\bitmaps\minusarm.xpm --> germa64 /home/burch/Projekte/Grimm/CDROMbeta/lib/tix8.2/bitmaps minusarm.xpm
2002.10.09 18:05 B D:\dwbcd\DWB\lib\tix8.2\bitmaps\mktransgif.tcl --> germa64 /home/burch/Projekte/Grimm/CDROMbeta/lib/tix8.2/bitmaps mktransgif.tcl
2002.10.09 18:05 B D:\dwbcd\DWB\lib\tix8.2\bitmaps\network.xbm --> germa64 /home/burch/Projekte/Grimm/CDROMbeta/lib/tix8.2/bitmaps network.xbm
2002.10.09 18:05 B D:\dwbcd\DWB\lib\tix8.2\bitmaps\no_entry.gif --> germa64 /home/burch/Projekte/Grimm/CDROMbeta/lib/tix8.2/bitmaps no_entry.gif
2002.10.09 18:05 B D:\dwbcd\DWB\lib\tix8.2\bitmaps\no_entry.xpm --> germa64 /home/burch/Projekte/Grimm/CDROMbeta/lib/tix8.2/bitmaps no_entry.xpm
2002.10.09 18:05 B D:\dwbcd\DWB\lib\tix8.2\bitmaps\openfile.xbm --> germa64 /home/burch/Projekte/Grimm/CDROMbeta/lib/tix8.2/bitmaps openfile.xbm
2002.10.09 18:05 B D:\dwbcd\DWB\lib\tix8.2\bitmaps\openfold.gif --> germa64 /home/burch/Projekte/Grimm/CDROMbeta/lib/tix8.2/bitmaps openfold.gif
2002.10.09 18:05 B D:\dwbcd\DWB\lib\tix8.2\bitmaps\openfold.xbm --> germa64 /home/burch/Projekte/Grimm/CDROMbeta/lib/tix8.2/bitmaps openfold.xbm
2002.10.09 18:05 B D:\dwbcd\DWB\lib\tix8.2\bitmaps\openfold.xpm --> germa64 /home/burch/Projekte/Grimm/CDROMbeta/lib/tix8.2/bitmaps openfold.xpm
2002.10.09 18:05 B D:\dwbcd\DWB\lib\tix8.2\bitmaps\plus.gif --> germa64 /home/burch/Projekte/Grimm/CDROMbeta/lib/tix8.2/bitmaps plus.gif
2002.10.09 18:05 B D:\dwbcd\DWB\lib\tix8.2\bitmaps\plus.xbm --> germa64 /home/burch/Projekte/Grimm/CDROMbeta/lib/tix8.2/bitmaps plus.xbm
2002.10.09 18:05 B D:\dwbcd\DWB\lib\tix8.2\bitmaps\plus.xpm --> germa64 /home/burch/Projekte/Grimm/CDROMbeta/lib/tix8.2/bitmaps plus.xpm
2002.10.09 18:05 B D:\dwbcd\DWB\lib\tix8.2\bitmaps\plusarm.gif --> germa64 /home/burch/Projekte/Grimm/CDROMbeta/lib/tix8.2/bitmaps plusarm.gif
2002.10.09 18:05 B D:\dwbcd\DWB\lib\tix8.2\bitmaps\plusarm.xbm --> germa64 /home/burch/Projekte/Grimm/CDROMbeta/lib/tix8.2/bitmaps plusarm.xbm
2002.10.09 18:05 B D:\dwbcd\DWB\lib\tix8.2\bitmaps\plusarm.xpm --> germa64 /home/burch/Projekte/Grimm/CDROMbeta/lib/tix8.2/bitmaps plusarm.xpm
2002.10.09 18:05 B D:\dwbcd\DWB\lib\tix8.2\bitmaps\resize1.xbm --> germa64 /home/burch/Projekte/Grimm/CDROMbeta/lib/tix8.2/bitmaps resize1.xbm
2002.10.09 18:05 B D:\dwbcd\DWB\lib\tix8.2\bitmaps\resize2.xbm --> germa64 /home/burch/Projekte/Grimm/CDROMbeta/lib/tix8.2/bitmaps resize2.xbm
2002.10.09 18:05 B D:\dwbcd\DWB\lib\tix8.2\bitmaps\restore.xbm --> germa64 /home/burch/Projekte/Grimm/CDROMbeta/lib/tix8.2/bitmaps restore.xbm
2002.10.09 18:05 B D:\dwbcd\DWB\lib\tix8.2\bitmaps\srcfile.gif --> germa64 /home/burch/Projekte/Grimm/CDROMbeta/lib/tix8.2/bitmaps srcfile.gif
2002.10.09 18:05 B D:\dwbcd\DWB\lib\tix8.2\bitmaps\srcfile.xbm --> germa64 /home/burch/Projekte/Grimm/CDROMbeta/lib/tix8.2/bitmaps srcfile.xbm
2002.10.09 18:05 B D:\dwbcd\DWB\lib\tix8.2\bitmaps\srcfile.xpm --> germa64 /home/burch/Projekte/Grimm/CDROMbeta/lib/tix8.2/bitmaps srcfile.xpm
2002.10.09 18:05 B D:\dwbcd\DWB\lib\tix8.2\bitmaps\system.xbm --> germa64 /home/burch/Projekte/Grimm/CDROMbeta/lib/tix8.2/bitmaps system.xbm
2002.10.09 18:05 B D:\dwbcd\DWB\lib\tix8.2\bitmaps\textfile.gif --> germa64 /home/burch/Projekte/Grimm/CDROMbeta/lib/tix8.2/bitmaps textfile.gif
2002.10.09 18:05 B D:\dwbcd\DWB\lib\tix8.2\bitmaps\textfile.xbm --> germa64 /home/burch/Projekte/Grimm/CDROMbeta/lib/tix8.2/bitmaps textfile.xbm
2002.10.09 18:05 B D:\dwbcd\DWB\lib\tix8.2\bitmaps\textfile.xpm --> germa64 /home/burch/Projekte/Grimm/CDROMbeta/lib/tix8.2/bitmaps textfile.xpm
2002.10.09 18:05 B D:\dwbcd\DWB\lib\tix8.2\bitmaps\tick.xbm --> germa64 /home/burch/Projekte/Grimm/CDROMbeta/lib/tix8.2/bitmaps tick.xbm
2002.10.09 18:05 B D:\dwbcd\DWB\lib\tix8.2\bitmaps\warning.gif --> germa64 /home/burch/Projekte/Grimm/CDROMbeta/lib/tix8.2/bitmaps warning.gif
2002.10.09 18:05 B D:\dwbcd\DWB\lib\tix8.2\bitmaps\warning.xpm --> germa64 /home/burch/Projekte/Grimm/CDROMbeta/lib/tix8.2/bitmaps warning.xpm
2002.10.09 18:05 B D:\dwbcd\DWB\lib\tix8.2\bitmaps\WS_FTP.LOG --> germa64 /home/burch/Projekte/Grimm/CDROMbeta/lib/tix8.2/bitmaps WS_FTP.LOG
2002.11.01 18:01 B D:\dwbcd\DWB\lib\tix8.2\bitmaps\act_fold.gif --> germa64 /home/burch/Projekte/Grimm/CDROM/lib/tix8.2/bitmaps act_fold.gif
2002.11.01 18:01 B D:\dwbcd\DWB\lib\tix8.2\bitmaps\act_fold.xbm --> germa64 /home/burch/Projekte/Grimm/CDROM/lib/tix8.2/bitmaps act_fold.xbm
2002.11.01 18:01 B D:\dwbcd\DWB\lib\tix8.2\bitmaps\act_fold.xpm --> germa64 /home/burch/Projekte/Grimm/CDROM/lib/tix8.2/bitmaps act_fold.xpm
2002.11.01 18:01 B D:\dwbcd\DWB\lib\tix8.2\bitmaps\balarrow.xbm --> germa64 /home/burch/Projekte/Grimm/CDROM/lib/tix8.2/bitmaps balarrow.xbm
2002.11.01 18:01 B D:\dwbcd\DWB\lib\tix8.2\bitmaps\cbxarrow.xbm --> germa64 /home/burch/Projekte/Grimm/CDROM/lib/tix8.2/bitmaps cbxarrow.xbm
2002.11.01 18:01 B D:\dwbcd\DWB\lib\tix8.2\bitmaps\ck_def.xbm --> germa64 /home/burch/Projekte/Grimm/CDROM/lib/tix8.2/bitmaps ck_def.xbm
2002.11.01 18:01 B D:\dwbcd\DWB\lib\tix8.2\bitmaps\ck_off.xbm --> germa64 /home/burch/Projekte/Grimm/CDROM/lib/tix8.2/bitmaps ck_off.xbm
2002.11.01 18:01 B D:\dwbcd\DWB\lib\tix8.2\bitmaps\ck_on.xbm --> germa64 /home/burch/Projekte/Grimm/CDROM/lib/tix8.2/bitmaps ck_on.xbm
2002.11.01 18:01 B D:\dwbcd\DWB\lib\tix8.2\bitmaps\cross.xbm --> germa64 /home/burch/Projekte/Grimm/CDROM/lib/tix8.2/bitmaps cross.xbm
2002.11.01 18:01 B D:\dwbcd\DWB\lib\tix8.2\bitmaps\decr.xbm --> germa64 /home/burch/Projekte/Grimm/CDROM/lib/tix8.2/bitmaps decr.xbm
2002.11.01 18:01 B D:\dwbcd\DWB\lib\tix8.2\bitmaps\drop.xbm --> germa64 /home/burch/Projekte/Grimm/CDROM/lib/tix8.2/bitmaps drop.xbm
2002.11.01 18:01 B D:\dwbcd\DWB\lib\tix8.2\bitmaps\file.gif --> germa64 /home/burch/Projekte/Grimm/CDROM/lib/tix8.2/bitmaps file.gif
2002.11.01 18:01 B D:\dwbcd\DWB\lib\tix8.2\bitmaps\file.xbm --> germa64 /home/burch/Projekte/Grimm/CDROM/lib/tix8.2/bitmaps file.xbm
2002.11.01 18:01 B D:\dwbcd\DWB\lib\tix8.2\bitmaps\file.xpm --> germa64 /home/burch/Projekte/Grimm/CDROM/lib/tix8.2/bitmaps file.xpm
2002.11.01 18:01 B D:\dwbcd\DWB\lib\tix8.2\bitmaps\folder.gif --> germa64 /home/burch/Projekte/Grimm/CDROM/lib/tix8.2/bitmaps folder.gif
2002.11.01 18:01 B D:\dwbcd\DWB\lib\tix8.2\bitmaps\folder.xbm --> germa64 /home/burch/Projekte/Grimm/CDROM/lib/tix8.2/bitmaps folder.xbm
2002.11.01 18:01 B D:\dwbcd\DWB\lib\tix8.2\bitmaps\folder.xpm --> germa64 /home/burch/Projekte/Grimm/CDROM/lib/tix8.2/bitmaps folder.xpm
2002.11.01 18:01 B D:\dwbcd\DWB\lib\tix8.2\bitmaps\harddisk.xbm --> germa64 /home/burch/Projekte/Grimm/CDROM/lib/tix8.2/bitmaps harddisk.xbm
2002.11.01 18:01 B D:\dwbcd\DWB\lib\tix8.2\bitmaps\hourglas.mask --> germa64 /home/burch/Projekte/Grimm/CDROM/lib/tix8.2/bitmaps hourglas.mask
2002.11.01 18:01 B D:\dwbcd\DWB\lib\tix8.2\bitmaps\hourglas.xbm --> germa64 /home/burch/Projekte/Grimm/CDROM/lib/tix8.2/bitmaps hourglas.xbm
2002.11.01 18:01 B D:\dwbcd\DWB\lib\tix8.2\bitmaps\incr.xbm --> germa64 /home/burch/Projekte/Grimm/CDROM/lib/tix8.2/bitmaps incr.xbm
2002.11.01 18:01 B D:\dwbcd\DWB\lib\tix8.2\bitmaps\info.gif --> germa64 /home/burch/Projekte/Grimm/CDROM/lib/tix8.2/bitmaps info.gif
2002.11.01 18:01 B D:\dwbcd\DWB\lib\tix8.2\bitmaps\info.xpm --> germa64 /home/burch/Projekte/Grimm/CDROM/lib/tix8.2/bitmaps info.xpm
2002.11.01 18:01 B D:\dwbcd\DWB\lib\tix8.2\bitmaps\maximize.xbm --> germa64 /home/burch/Projekte/Grimm/CDROM/lib/tix8.2/bitmaps maximize.xbm
2002.11.01 18:01 B D:\dwbcd\DWB\lib\tix8.2\bitmaps\minimize.xbm --> germa64 /home/burch/Projekte/Grimm/CDROM/lib/tix8.2/bitmaps minimize.xbm
2002.11.01 18:01 B D:\dwbcd\DWB\lib\tix8.2\bitmaps\minus.gif --> germa64 /home/burch/Projekte/Grimm/CDROM/lib/tix8.2/bitmaps minus.gif
2002.11.01 18:01 B D:\dwbcd\DWB\lib\tix8.2\bitmaps\minus.xbm --> germa64 /home/burch/Projekte/Grimm/CDROM/lib/tix8.2/bitmaps minus.xbm
2002.11.01 18:01 B D:\dwbcd\DWB\lib\tix8.2\bitmaps\minus.xpm --> germa64 /home/burch/Projekte/Grimm/CDROM/lib/tix8.2/bitmaps minus.xpm
2002.11.01 18:01 B D:\dwbcd\DWB\lib\tix8.2\bitmaps\minusarm.gif --> germa64 /home/burch/Projekte/Grimm/CDROM/lib/tix8.2/bitmaps minusarm.gif
2002.11.01 18:01 B D:\dwbcd\DWB\lib\tix8.2\bitmaps\minusarm.xbm --> germa64 /home/burch/Projekte/Grimm/CDROM/lib/tix8.2/bitmaps minusarm.xbm
2002.11.01 18:01 B D:\dwbcd\DWB\lib\tix8.2\bitmaps\minusarm.xpm --> germa64 /home/burch/Projekte/Grimm/CDROM/lib/tix8.2/bitmaps minusarm.xpm
2002.11.01 18:01 B D:\dwbcd\DWB\lib\tix8.2\bitmaps\mktransgif.tcl --> germa64 /home/burch/Projekte/Grimm/CDROM/lib/tix8.2/bitmaps mktransgif.tcl
2002.11.01 18:01 B D:\dwbcd\DWB\lib\tix8.2\bitmaps\network.xbm --> germa64 /home/burch/Projekte/Grimm/CDROM/lib/tix8.2/bitmaps network.xbm
2002.11.01 18:01 B D:\dwbcd\DWB\lib\tix8.2\bitmaps\no_entry.gif --> germa64 /home/burch/Projekte/Grimm/CDROM/lib/tix8.2/bitmaps no_entry.gif
2002.11.01 18:01 B D:\dwbcd\DWB\lib\tix8.2\bitmaps\no_entry.xpm --> germa64 /home/burch/Projekte/Grimm/CDROM/lib/tix8.2/bitmaps no_entry.xpm
2002.11.01 18:01 B D:\dwbcd\DWB\lib\tix8.2\bitmaps\openfile.xbm --> germa64 /home/burch/Projekte/Grimm/CDROM/lib/tix8.2/bitmaps openfile.xbm
2002.11.01 18:01 B D:\dwbcd\DWB\lib\tix8.2\bitmaps\openfold.gif --> germa64 /home/burch/Projekte/Grimm/CDROM/lib/tix8.2/bitmaps openfold.gif
2002.11.01 18:01 B D:\dwbcd\DWB\lib\tix8.2\bitmaps\openfold.xbm --> germa64 /home/burch/Projekte/Grimm/CDROM/lib/tix8.2/bitmaps openfold.xbm
2002.11.01 18:01 B D:\dwbcd\DWB\lib\tix8.2\bitmaps\openfold.xpm --> germa64 /home/burch/Projekte/Grimm/CDROM/lib/tix8.2/bitmaps openfold.xpm
2002.11.01 18:01 B D:\dwbcd\DWB\lib\tix8.2\bitmaps\plus.gif --> germa64 /home/burch/Projekte/Grimm/CDROM/lib/tix8.2/bitmaps plus.gif
2002.11.01 18:01 B D:\dwbcd\DWB\lib\tix8.2\bitmaps\plus.xbm --> germa64 /home/burch/Projekte/Grimm/CDROM/lib/tix8.2/bitmaps plus.xbm
2002.11.01 18:01 B D:\dwbcd\DWB\lib\tix8.2\bitmaps\plus.xpm --> germa64 /home/burch/Projekte/Grimm/CDROM/lib/tix8.2/bitmaps plus.xpm
2002.11.01 18:01 B D:\dwbcd\DWB\lib\tix8.2\bitmaps\plusarm.gif --> germa64 /home/burch/Projekte/Grimm/CDROM/lib/tix8.2/bitmaps plusarm.gif
2002.11.01 18:01 B D:\dwbcd\DWB\lib\tix8.2\bitmaps\plusarm.xbm --> germa64 /home/burch/Projekte/Grimm/CDROM/lib/tix8.2/bitmaps plusarm.xbm
2002.11.01 18:01 B D:\dwbcd\DWB\lib\tix8.2\bitmaps\plusarm.xpm --> germa64 /home/burch/Projekte/Grimm/CDROM/lib/tix8.2/bitmaps plusarm.xpm
2002.11.01 18:01 B D:\dwbcd\DWB\lib\tix8.2\bitmaps\resize1.xbm --> germa64 /home/burch/Projekte/Grimm/CDROM/lib/tix8.2/bitmaps resize1.xbm
2002.11.01 18:01 B D:\dwbcd\DWB\lib\tix8.2\bitmaps\resize2.xbm --> germa64 /home/burch/Projekte/Grimm/CDROM/lib/tix8.2/bitmaps resize2.xbm
2002.11.01 18:01 B D:\dwbcd\DWB\lib\tix8.2\bitmaps\restore.xbm --> germa64 /home/burch/Projekte/Grimm/CDROM/lib/tix8.2/bitmaps restore.xbm
2002.11.01 18:01 B D:\dwbcd\DWB\lib\tix8.2\bitmaps\srcfile.gif --> germa64 /home/burch/Projekte/Grimm/CDROM/lib/tix8.2/bitmaps srcfile.gif
2002.11.01 18:01 B D:\dwbcd\DWB\lib\tix8.2\bitmaps\srcfile.xbm --> germa64 /home/burch/Projekte/Grimm/CDROM/lib/tix8.2/bitmaps srcfile.xbm
2002.11.01 18:01 B D:\dwbcd\DWB\lib\tix8.2\bitmaps\srcfile.xpm --> germa64 /home/burch/Projekte/Grimm/CDROM/lib/tix8.2/bitmaps srcfile.xpm
2002.11.01 18:01 B D:\dwbcd\DWB\lib\tix8.2\bitmaps\system.xbm --> germa64 /home/burch/Projekte/Grimm/CDROM/lib/tix8.2/bitmaps system.xbm
2002.11.01 18:01 B D:\dwbcd\DWB\lib\tix8.2\bitmaps\textfile.gif --> germa64 /home/burch/Projekte/Grimm/CDROM/lib/tix8.2/bitmaps textfile.gif
2002.11.01 18:01 B D:\dwbcd\DWB\lib\tix8.2\bitmaps\textfile.xbm --> germa64 /home/burch/Projekte/Grimm/CDROM/lib/tix8.2/bitmaps textfile.xbm
2002.11.01 18:01 B D:\dwbcd\DWB\lib\tix8.2\bitmaps\textfile.xpm --> germa64 /home/burch/Projekte/Grimm/CDROM/lib/tix8.2/bitmaps textfile.xpm
2002.11.01 18:01 B D:\dwbcd\DWB\lib\tix8.2\bitmaps\tick.xbm --> germa64 /home/burch/Projekte/Grimm/CDROM/lib/tix8.2/bitmaps tick.xbm
2002.11.01 18:01 B D:\dwbcd\DWB\lib\tix8.2\bitmaps\warning.gif --> germa64 /home/burch/Projekte/Grimm/CDROM/lib/tix8.2/bitmaps warning.gif
2002.11.01 18:01 B D:\dwbcd\DWB\lib\tix8.2\bitmaps\warning.xpm --> germa64 /home/burch/Projekte/Grimm/CDROM/lib/tix8.2/bitmaps warning.xpm
2002.11.01 18:01 B D:\dwbcd\DWB\lib\tix8.2\bitmaps\WS_FTP.LOG --> germa64 /home/burch/Projekte/Grimm/CDROM/lib/tix8.2/bitmaps WS_FTP.LOG
2002.11.19 17:10 B D:\dwbcd\DWB\lib\tix8.2\bitmaps\act_fold.gif --> germa93 /home/burch/DWB/lib/tix8.2/bitmaps act_fold.gif
2002.11.19 17:10 B D:\dwbcd\DWB\lib\tix8.2\bitmaps\act_fold.xbm --> germa93 /home/burch/DWB/lib/tix8.2/bitmaps act_fold.xbm
2002.11.19 17:10 B D:\dwbcd\DWB\lib\tix8.2\bitmaps\act_fold.xpm --> germa93 /home/burch/DWB/lib/tix8.2/bitmaps act_fold.xpm
2002.11.19 17:10 B D:\dwbcd\DWB\lib\tix8.2\bitmaps\balarrow.xbm --> germa93 /home/burch/DWB/lib/tix8.2/bitmaps balarrow.xbm
2002.11.19 17:10 B D:\dwbcd\DWB\lib\tix8.2\bitmaps\cbxarrow.xbm --> germa93 /home/burch/DWB/lib/tix8.2/bitmaps cbxarrow.xbm
2002.11.19 17:10 B D:\dwbcd\DWB\lib\tix8.2\bitmaps\ck_def.xbm --> germa93 /home/burch/DWB/lib/tix8.2/bitmaps ck_def.xbm
2002.11.19 17:10 B D:\dwbcd\DWB\lib\tix8.2\bitmaps\ck_off.xbm --> germa93 /home/burch/DWB/lib/tix8.2/bitmaps ck_off.xbm
2002.11.19 17:10 B D:\dwbcd\DWB\lib\tix8.2\bitmaps\ck_on.xbm --> germa93 /home/burch/DWB/lib/tix8.2/bitmaps ck_on.xbm
2002.11.19 17:10 B D:\dwbcd\DWB\lib\tix8.2\bitmaps\cross.xbm --> germa93 /home/burch/DWB/lib/tix8.2/bitmaps cross.xbm
2002.11.19 17:10 B D:\dwbcd\DWB\lib\tix8.2\bitmaps\decr.xbm --> germa93 /home/burch/DWB/lib/tix8.2/bitmaps decr.xbm
2002.11.19 17:10 B D:\dwbcd\DWB\lib\tix8.2\bitmaps\drop.xbm --> germa93 /home/burch/DWB/lib/tix8.2/bitmaps drop.xbm
2002.11.19 17:10 B D:\dwbcd\DWB\lib\tix8.2\bitmaps\file.gif --> germa93 /home/burch/DWB/lib/tix8.2/bitmaps file.gif
2002.11.19 17:10 B D:\dwbcd\DWB\lib\tix8.2\bitmaps\file.xbm --> germa93 /home/burch/DWB/lib/tix8.2/bitmaps file.xbm
2002.11.19 17:10 B D:\dwbcd\DWB\lib\tix8.2\bitmaps\file.xpm --> germa93 /home/burch/DWB/lib/tix8.2/bitmaps file.xpm
2002.11.19 17:10 B D:\dwbcd\DWB\lib\tix8.2\bitmaps\folder.gif --> germa93 /home/burch/DWB/lib/tix8.2/bitmaps folder.gif
2002.11.19 17:10 B D:\dwbcd\DWB\lib\tix8.2\bitmaps\folder.xbm --> germa93 /home/burch/DWB/lib/tix8.2/bitmaps folder.xbm
2002.11.19 17:10 B D:\dwbcd\DWB\lib\tix8.2\bitmaps\folder.xpm --> germa93 /home/burch/DWB/lib/tix8.2/bitmaps folder.xpm
2002.11.19 17:10 B D:\dwbcd\DWB\lib\tix8.2\bitmaps\harddisk.xbm --> germa93 /home/burch/DWB/lib/tix8.2/bitmaps harddisk.xbm
2002.11.19 17:10 B D:\dwbcd\DWB\lib\tix8.2\bitmaps\hourglas.mask --> germa93 /home/burch/DWB/lib/tix8.2/bitmaps hourglas.mask
2002.11.19 17:10 B D:\dwbcd\DWB\lib\tix8.2\bitmaps\hourglas.xbm --> germa93 /home/burch/DWB/lib/tix8.2/bitmaps hourglas.xbm
2002.11.19 17:10 B D:\dwbcd\DWB\lib\tix8.2\bitmaps\incr.xbm --> germa93 /home/burch/DWB/lib/tix8.2/bitmaps incr.xbm
2002.11.19 17:10 B D:\dwbcd\DWB\lib\tix8.2\bitmaps\info.gif --> germa93 /home/burch/DWB/lib/tix8.2/bitmaps info.gif
2002.11.19 17:10 B D:\dwbcd\DWB\lib\tix8.2\bitmaps\info.xpm --> germa93 /home/burch/DWB/lib/tix8.2/bitmaps info.xpm
2002.11.19 17:10 B D:\dwbcd\DWB\lib\tix8.2\bitmaps\maximize.xbm --> germa93 /home/burch/DWB/lib/tix8.2/bitmaps maximize.xbm
2002.11.19 17:10 B D:\dwbcd\DWB\lib\tix8.2\bitmaps\minimize.xbm --> germa93 /home/burch/DWB/lib/tix8.2/bitmaps minimize.xbm
2002.11.19 17:10 B D:\dwbcd\DWB\lib\tix8.2\bitmaps\minus.gif --> germa93 /home/burch/DWB/lib/tix8.2/bitmaps minus.gif
2002.11.19 17:10 B D:\dwbcd\DWB\lib\tix8.2\bitmaps\minus.xbm --> germa93 /home/burch/DWB/lib/tix8.2/bitmaps minus.xbm
2002.11.19 17:10 B D:\dwbcd\DWB\lib\tix8.2\bitmaps\minus.xpm --> germa93 /home/burch/DWB/lib/tix8.2/bitmaps minus.xpm
2002.11.19 17:10 B D:\dwbcd\DWB\lib\tix8.2\bitmaps\minusarm.gif --> germa93 /home/burch/DWB/lib/tix8.2/bitmaps minusarm.gif
2002.11.19 17:10 B D:\dwbcd\DWB\lib\tix8.2\bitmaps\minusarm.xbm --> germa93 /home/burch/DWB/lib/tix8.2/bitmaps minusarm.xbm
2002.11.19 17:10 B D:\dwbcd\DWB\lib\tix8.2\bitmaps\minusarm.xpm --> germa93 /home/burch/DWB/lib/tix8.2/bitmaps minusarm.xpm
2002.11.19 17:10 B D:\dwbcd\DWB\lib\tix8.2\bitmaps\mktransgif.tcl --> germa93 /home/burch/DWB/lib/tix8.2/bitmaps mktransgif.tcl
2002.11.19 17:10 B D:\dwbcd\DWB\lib\tix8.2\bitmaps\network.xbm --> germa93 /home/burch/DWB/lib/tix8.2/bitmaps network.xbm
2002.11.19 17:10 B D:\dwbcd\DWB\lib\tix8.2\bitmaps\no_entry.gif --> germa93 /home/burch/DWB/lib/tix8.2/bitmaps no_entry.gif
2002.11.19 17:10 B D:\dwbcd\DWB\lib\tix8.2\bitmaps\no_entry.xpm --> germa93 /home/burch/DWB/lib/tix8.2/bitmaps no_entry.xpm
2002.11.19 17:10 B D:\dwbcd\DWB\lib\tix8.2\bitmaps\openfile.xbm --> germa93 /home/burch/DWB/lib/tix8.2/bitmaps openfile.xbm
2002.11.19 17:10 B D:\dwbcd\DWB\lib\tix8.2\bitmaps\openfold.gif --> germa93 /home/burch/DWB/lib/tix8.2/bitmaps openfold.gif
2002.11.19 17:10 B D:\dwbcd\DWB\lib\tix8.2\bitmaps\openfold.xbm --> germa93 /home/burch/DWB/lib/tix8.2/bitmaps openfold.xbm
2002.11.19 17:10 B D:\dwbcd\DWB\lib\tix8.2\bitmaps\openfold.xpm --> germa93 /home/burch/DWB/lib/tix8.2/bitmaps openfold.xpm
2002.11.19 17:10 B D:\dwbcd\DWB\lib\tix8.2\bitmaps\plus.gif --> germa93 /home/burch/DWB/lib/tix8.2/bitmaps plus.gif
2002.11.19 17:10 B D:\dwbcd\DWB\lib\tix8.2\bitmaps\plus.xbm --> germa93 /home/burch/DWB/lib/tix8.2/bitmaps plus.xbm
2002.11.19 17:10 B D:\dwbcd\DWB\lib\tix8.2\bitmaps\plus.xpm --> germa93 /home/burch/DWB/lib/tix8.2/bitmaps plus.xpm
2002.11.19 17:10 B D:\dwbcd\DWB\lib\tix8.2\bitmaps\plusarm.gif --> germa93 /home/burch/DWB/lib/tix8.2/bitmaps plusarm.gif
2002.11.19 17:10 B D:\dwbcd\DWB\lib\tix8.2\bitmaps\plusarm.xbm --> germa93 /home/burch/DWB/lib/tix8.2/bitmaps plusarm.xbm
2002.11.19 17:10 B D:\dwbcd\DWB\lib\tix8.2\bitmaps\plusarm.xpm --> germa93 /home/burch/DWB/lib/tix8.2/bitmaps plusarm.xpm
2002.11.19 17:10 B D:\dwbcd\DWB\lib\tix8.2\bitmaps\resize1.xbm --> germa93 /home/burch/DWB/lib/tix8.2/bitmaps resize1.xbm
2002.11.19 17:10 B D:\dwbcd\DWB\lib\tix8.2\bitmaps\resize2.xbm --> germa93 /home/burch/DWB/lib/tix8.2/bitmaps resize2.xbm
2002.11.19 17:10 B D:\dwbcd\DWB\lib\tix8.2\bitmaps\restore.xbm --> germa93 /home/burch/DWB/lib/tix8.2/bitmaps restore.xbm
2002.11.19 17:10 B D:\dwbcd\DWB\lib\tix8.2\bitmaps\srcfile.gif --> germa93 /home/burch/DWB/lib/tix8.2/bitmaps srcfile.gif
2002.11.19 17:10 B D:\dwbcd\DWB\lib\tix8.2\bitmaps\srcfile.xbm --> germa93 /home/burch/DWB/lib/tix8.2/bitmaps srcfile.xbm
2002.11.19 17:10 B D:\dwbcd\DWB\lib\tix8.2\bitmaps\srcfile.xpm --> germa93 /home/burch/DWB/lib/tix8.2/bitmaps srcfile.xpm
2002.11.19 17:10 B D:\dwbcd\DWB\lib\tix8.2\bitmaps\system.xbm --> germa93 /home/burch/DWB/lib/tix8.2/bitmaps system.xbm
2002.11.19 17:10 B D:\dwbcd\DWB\lib\tix8.2\bitmaps\textfile.gif --> germa93 /home/burch/DWB/lib/tix8.2/bitmaps textfile.gif
2002.11.19 17:10 B D:\dwbcd\DWB\lib\tix8.2\bitmaps\textfile.xbm --> germa93 /home/burch/DWB/lib/tix8.2/bitmaps textfile.xbm
2002.11.19 17:10 B D:\dwbcd\DWB\lib\tix8.2\bitmaps\textfile.xpm --> germa93 /home/burch/DWB/lib/tix8.2/bitmaps textfile.xpm
2002.11.19 17:10 B D:\dwbcd\DWB\lib\tix8.2\bitmaps\tick.xbm --> germa93 /home/burch/DWB/lib/tix8.2/bitmaps tick.xbm
2002.11.19 17:10 B D:\dwbcd\DWB\lib\tix8.2\bitmaps\warning.gif --> germa93 /home/burch/DWB/lib/tix8.2/bitmaps warning.gif
2002.11.19 17:10 B D:\dwbcd\DWB\lib\tix8.2\bitmaps\warning.xpm --> germa93 /home/burch/DWB/lib/tix8.2/bitmaps warning.xpm
2002.11.19 17:10 B D:\dwbcd\DWB\lib\tix8.2\bitmaps\WS_FTP.LOG --> germa93 /home/burch/DWB/lib/tix8.2/bitmaps WS_FTP.LOG
2002.12.13 19:01 B D:\dwbcd\DWB\lib\tix8.2\bitmaps\act_fold.gif --> germa64 /home/burch/Projekte/Grimm/BetaCDROM/lib/tix8.2/bitmaps act_fold.gif
2002.12.13 19:01 B D:\dwbcd\DWB\lib\tix8.2\bitmaps\act_fold.xbm --> germa64 /home/burch/Projekte/Grimm/BetaCDROM/lib/tix8.2/bitmaps act_fold.xbm
2002.12.13 19:01 B D:\dwbcd\DWB\lib\tix8.2\bitmaps\act_fold.xpm --> germa64 /home/burch/Projekte/Grimm/BetaCDROM/lib/tix8.2/bitmaps act_fold.xpm
2002.12.13 19:01 B D:\dwbcd\DWB\lib\tix8.2\bitmaps\balarrow.xbm --> germa64 /home/burch/Projekte/Grimm/BetaCDROM/lib/tix8.2/bitmaps balarrow.xbm
2002.12.13 19:01 B D:\dwbcd\DWB\lib\tix8.2\bitmaps\cbxarrow.xbm --> germa64 /home/burch/Projekte/Grimm/BetaCDROM/lib/tix8.2/bitmaps cbxarrow.xbm
2002.12.13 19:01 B D:\dwbcd\DWB\lib\tix8.2\bitmaps\ck_def.xbm --> germa64 /home/burch/Projekte/Grimm/BetaCDROM/lib/tix8.2/bitmaps ck_def.xbm
2002.12.13 19:01 B D:\dwbcd\DWB\lib\tix8.2\bitmaps\ck_off.xbm --> germa64 /home/burch/Projekte/Grimm/BetaCDROM/lib/tix8.2/bitmaps ck_off.xbm
2002.12.13 19:01 B D:\dwbcd\DWB\lib\tix8.2\bitmaps\ck_on.xbm --> germa64 /home/burch/Projekte/Grimm/BetaCDROM/lib/tix8.2/bitmaps ck_on.xbm
2002.12.13 19:01 B D:\dwbcd\DWB\lib\tix8.2\bitmaps\cross.xbm --> germa64 /home/burch/Projekte/Grimm/BetaCDROM/lib/tix8.2/bitmaps cross.xbm
2002.12.13 19:01 B D:\dwbcd\DWB\lib\tix8.2\bitmaps\decr.xbm --> germa64 /home/burch/Projekte/Grimm/BetaCDROM/lib/tix8.2/bitmaps decr.xbm
2002.12.13 19:01 B D:\dwbcd\DWB\lib\tix8.2\bitmaps\drop.xbm --> germa64 /home/burch/Projekte/Grimm/BetaCDROM/lib/tix8.2/bitmaps drop.xbm
2002.12.13 19:01 B D:\dwbcd\DWB\lib\tix8.2\bitmaps\file.gif --> germa64 /home/burch/Projekte/Grimm/BetaCDROM/lib/tix8.2/bitmaps file.gif
2002.12.13 19:01 B D:\dwbcd\DWB\lib\tix8.2\bitmaps\file.xbm --> germa64 /home/burch/Projekte/Grimm/BetaCDROM/lib/tix8.2/bitmaps file.xbm
2002.12.13 19:01 B D:\dwbcd\DWB\lib\tix8.2\bitmaps\file.xpm --> germa64 /home/burch/Projekte/Grimm/BetaCDROM/lib/tix8.2/bitmaps file.xpm
2002.12.13 19:01 B D:\dwbcd\DWB\lib\tix8.2\bitmaps\folder.gif --> germa64 /home/burch/Projekte/Grimm/BetaCDROM/lib/tix8.2/bitmaps folder.gif
2002.12.13 19:01 B D:\dwbcd\DWB\lib\tix8.2\bitmaps\folder.xbm --> germa64 /home/burch/Projekte/Grimm/BetaCDROM/lib/tix8.2/bitmaps folder.xbm
2002.12.13 19:01 B D:\dwbcd\DWB\lib\tix8.2\bitmaps\folder.xpm --> germa64 /home/burch/Projekte/Grimm/BetaCDROM/lib/tix8.2/bitmaps folder.xpm
2002.12.13 19:01 B D:\dwbcd\DWB\lib\tix8.2\bitmaps\harddisk.xbm --> germa64 /home/burch/Projekte/Grimm/BetaCDROM/lib/tix8.2/bitmaps harddisk.xbm
2002.12.13 19:01 B D:\dwbcd\DWB\lib\tix8.2\bitmaps\hourglas.mask --> germa64 /home/burch/Projekte/Grimm/BetaCDROM/lib/tix8.2/bitmaps hourglas.mask
2002.12.13 19:01 B D:\dwbcd\DWB\lib\tix8.2\bitmaps\hourglas.xbm --> germa64 /home/burch/Projekte/Grimm/BetaCDROM/lib/tix8.2/bitmaps hourglas.xbm
2002.12.13 19:01 B D:\dwbcd\DWB\lib\tix8.2\bitmaps\incr.xbm --> germa64 /home/burch/Projekte/Grimm/BetaCDROM/lib/tix8.2/bitmaps incr.xbm
2002.12.13 19:01 B D:\dwbcd\DWB\lib\tix8.2\bitmaps\info.gif --> germa64 /home/burch/Projekte/Grimm/BetaCDROM/lib/tix8.2/bitmaps info.gif
2002.12.13 19:01 B D:\dwbcd\DWB\lib\tix8.2\bitmaps\info.xpm --> germa64 /home/burch/Projekte/Grimm/BetaCDROM/lib/tix8.2/bitmaps info.xpm
2002.12.13 19:01 B D:\dwbcd\DWB\lib\tix8.2\bitmaps\maximize.xbm --> germa64 /home/burch/Projekte/Grimm/BetaCDROM/lib/tix8.2/bitmaps maximize.xbm
2002.12.13 19:01 B D:\dwbcd\DWB\lib\tix8.2\bitmaps\minimize.xbm --> germa64 /home/burch/Projekte/Grimm/BetaCDROM/lib/tix8.2/bitmaps minimize.xbm
2002.12.13 19:01 B D:\dwbcd\DWB\lib\tix8.2\bitmaps\minus.gif --> germa64 /home/burch/Projekte/Grimm/BetaCDROM/lib/tix8.2/bitmaps minus.gif
2002.12.13 19:01 B D:\dwbcd\DWB\lib\tix8.2\bitmaps\minus.xbm --> germa64 /home/burch/Projekte/Grimm/BetaCDROM/lib/tix8.2/bitmaps minus.xbm
2002.12.13 19:01 B D:\dwbcd\DWB\lib\tix8.2\bitmaps\minus.xpm --> germa64 /home/burch/Projekte/Grimm/BetaCDROM/lib/tix8.2/bitmaps minus.xpm
2002.12.13 19:01 B D:\dwbcd\DWB\lib\tix8.2\bitmaps\minusarm.gif --> germa64 /home/burch/Projekte/Grimm/BetaCDROM/lib/tix8.2/bitmaps minusarm.gif
2002.12.13 19:01 B D:\dwbcd\DWB\lib\tix8.2\bitmaps\minusarm.xbm --> germa64 /home/burch/Projekte/Grimm/BetaCDROM/lib/tix8.2/bitmaps minusarm.xbm
2002.12.13 19:01 B D:\dwbcd\DWB\lib\tix8.2\bitmaps\minusarm.xpm --> germa64 /home/burch/Projekte/Grimm/BetaCDROM/lib/tix8.2/bitmaps minusarm.xpm
2002.12.13 19:01 B D:\dwbcd\DWB\lib\tix8.2\bitmaps\mktransgif.tcl --> germa64 /home/burch/Projekte/Grimm/BetaCDROM/lib/tix8.2/bitmaps mktransgif.tcl
2002.12.13 19:01 B D:\dwbcd\DWB\lib\tix8.2\bitmaps\network.xbm --> germa64 /home/burch/Projekte/Grimm/BetaCDROM/lib/tix8.2/bitmaps network.xbm
2002.12.13 19:01 B D:\dwbcd\DWB\lib\tix8.2\bitmaps\no_entry.gif --> germa64 /home/burch/Projekte/Grimm/BetaCDROM/lib/tix8.2/bitmaps no_entry.gif
2002.12.13 19:01 B D:\dwbcd\DWB\lib\tix8.2\bitmaps\no_entry.xpm --> germa64 /home/burch/Projekte/Grimm/BetaCDROM/lib/tix8.2/bitmaps no_entry.xpm
2002.12.13 19:01 B D:\dwbcd\DWB\lib\tix8.2\bitmaps\openfile.xbm --> germa64 /home/burch/Projekte/Grimm/BetaCDROM/lib/tix8.2/bitmaps openfile.xbm
2002.12.13 19:01 B D:\dwbcd\DWB\lib\tix8.2\bitmaps\openfold.gif --> germa64 /home/burch/Projekte/Grimm/BetaCDROM/lib/tix8.2/bitmaps openfold.gif
2002.12.13 19:01 B D:\dwbcd\DWB\lib\tix8.2\bitmaps\openfold.xbm --> germa64 /home/burch/Projekte/Grimm/BetaCDROM/lib/tix8.2/bitmaps openfold.xbm
2002.12.13 19:01 B D:\dwbcd\DWB\lib\tix8.2\bitmaps\openfold.xpm --> germa64 /home/burch/Projekte/Grimm/BetaCDROM/lib/tix8.2/bitmaps openfold.xpm
2002.12.13 19:01 B D:\dwbcd\DWB\lib\tix8.2\bitmaps\plus.gif --> germa64 /home/burch/Projekte/Grimm/BetaCDROM/lib/tix8.2/bitmaps plus.gif
2002.12.13 19:01 B D:\dwbcd\DWB\lib\tix8.2\bitmaps\plus.xbm --> germa64 /home/burch/Projekte/Grimm/BetaCDROM/lib/tix8.2/bitmaps plus.xbm
2002.12.13 19:01 B D:\dwbcd\DWB\lib\tix8.2\bitmaps\plus.xpm --> germa64 /home/burch/Projekte/Grimm/BetaCDROM/lib/tix8.2/bitmaps plus.xpm
2002.12.13 19:01 B D:\dwbcd\DWB\lib\tix8.2\bitmaps\plusarm.gif --> germa64 /home/burch/Projekte/Grimm/BetaCDROM/lib/tix8.2/bitmaps plusarm.gif
2002.12.13 19:01 B D:\dwbcd\DWB\lib\tix8.2\bitmaps\plusarm.xbm --> germa64 /home/burch/Projekte/Grimm/BetaCDROM/lib/tix8.2/bitmaps plusarm.xbm
2002.12.13 19:01 B D:\dwbcd\DWB\lib\tix8.2\bitmaps\plusarm.xpm --> germa64 /home/burch/Projekte/Grimm/BetaCDROM/lib/tix8.2/bitmaps plusarm.xpm
2002.12.13 19:01 B D:\dwbcd\DWB\lib\tix8.2\bitmaps\resize1.xbm --> germa64 /home/burch/Projekte/Grimm/BetaCDROM/lib/tix8.2/bitmaps resize1.xbm
2002.12.13 19:01 B D:\dwbcd\DWB\lib\tix8.2\bitmaps\resize2.xbm --> germa64 /home/burch/Projekte/Grimm/BetaCDROM/lib/tix8.2/bitmaps resize2.xbm
2002.12.13 19:01 B D:\dwbcd\DWB\lib\tix8.2\bitmaps\restore.xbm --> germa64 /home/burch/Projekte/Grimm/BetaCDROM/lib/tix8.2/bitmaps restore.xbm
2002.12.13 19:01 B D:\dwbcd\DWB\lib\tix8.2\bitmaps\srcfile.gif --> germa64 /home/burch/Projekte/Grimm/BetaCDROM/lib/tix8.2/bitmaps srcfile.gif
2002.12.13 19:01 B D:\dwbcd\DWB\lib\tix8.2\bitmaps\srcfile.xbm --> germa64 /home/burch/Projekte/Grimm/BetaCDROM/lib/tix8.2/bitmaps srcfile.xbm
2002.12.13 19:01 B D:\dwbcd\DWB\lib\tix8.2\bitmaps\srcfile.xpm --> germa64 /home/burch/Projekte/Grimm/BetaCDROM/lib/tix8.2/bitmaps srcfile.xpm
2002.12.13 19:01 B D:\dwbcd\DWB\lib\tix8.2\bitmaps\system.xbm --> germa64 /home/burch/Projekte/Grimm/BetaCDROM/lib/tix8.2/bitmaps system.xbm
2002.12.13 19:01 B D:\dwbcd\DWB\lib\tix8.2\bitmaps\textfile.gif --> germa64 /home/burch/Projekte/Grimm/BetaCDROM/lib/tix8.2/bitmaps textfile.gif
2002.12.13 19:01 B D:\dwbcd\DWB\lib\tix8.2\bitmaps\textfile.xbm --> germa64 /home/burch/Projekte/Grimm/BetaCDROM/lib/tix8.2/bitmaps textfile.xbm
2002.12.13 19:01 B D:\dwbcd\DWB\lib\tix8.2\bitmaps\textfile.xpm --> germa64 /home/burch/Projekte/Grimm/BetaCDROM/lib/tix8.2/bitmaps textfile.xpm
2002.12.13 19:01 B D:\dwbcd\DWB\lib\tix8.2\bitmaps\tick.xbm --> germa64 /home/burch/Projekte/Grimm/BetaCDROM/lib/tix8.2/bitmaps tick.xbm
2002.12.13 19:01 B D:\dwbcd\DWB\lib\tix8.2\bitmaps\warning.gif --> germa64 /home/burch/Projekte/Grimm/BetaCDROM/lib/tix8.2/bitmaps warning.gif
2002.12.13 19:01 B D:\dwbcd\DWB\lib\tix8.2\bitmaps\warning.xpm --> germa64 /home/burch/Projekte/Grimm/BetaCDROM/lib/tix8.2/bitmaps warning.xpm
2002.12.13 19:01 B D:\dwbcd\DWB\lib\tix8.2\bitmaps\WS_FTP.LOG --> germa64 /home/burch/Projekte/Grimm/BetaCDROM/lib/tix8.2/bitmaps WS_FTP.LOG
2002.12.30 17:42 B D:\dwbcd\DWB\lib\tix8.2\bitmaps\act_fold.gif --> germa64 /home/burch/germa63/dwbcd/DWB/lib/tix8.2/bitmaps act_fold.gif
2002.12.30 17:42 B D:\dwbcd\DWB\lib\tix8.2\bitmaps\act_fold.xbm --> germa64 /home/burch/germa63/dwbcd/DWB/lib/tix8.2/bitmaps act_fold.xbm
2002.12.30 17:42 B D:\dwbcd\DWB\lib\tix8.2\bitmaps\act_fold.xpm --> germa64 /home/burch/germa63/dwbcd/DWB/lib/tix8.2/bitmaps act_fold.xpm
2002.12.30 17:42 B D:\dwbcd\DWB\lib\tix8.2\bitmaps\balarrow.xbm --> germa64 /home/burch/germa63/dwbcd/DWB/lib/tix8.2/bitmaps balarrow.xbm
2002.12.30 17:42 B D:\dwbcd\DWB\lib\tix8.2\bitmaps\cbxarrow.xbm --> germa64 /home/burch/germa63/dwbcd/DWB/lib/tix8.2/bitmaps cbxarrow.xbm
2002.12.30 17:42 B D:\dwbcd\DWB\lib\tix8.2\bitmaps\ck_def.xbm --> germa64 /home/burch/germa63/dwbcd/DWB/lib/tix8.2/bitmaps ck_def.xbm
2002.12.30 17:42 B D:\dwbcd\DWB\lib\tix8.2\bitmaps\ck_off.xbm --> germa64 /home/burch/germa63/dwbcd/DWB/lib/tix8.2/bitmaps ck_off.xbm
2002.12.30 17:42 B D:\dwbcd\DWB\lib\tix8.2\bitmaps\ck_on.xbm --> germa64 /home/burch/germa63/dwbcd/DWB/lib/tix8.2/bitmaps ck_on.xbm
2002.12.30 17:42 B D:\dwbcd\DWB\lib\tix8.2\bitmaps\cross.xbm --> germa64 /home/burch/germa63/dwbcd/DWB/lib/tix8.2/bitmaps cross.xbm
2002.12.30 17:42 B D:\dwbcd\DWB\lib\tix8.2\bitmaps\decr.xbm --> germa64 /home/burch/germa63/dwbcd/DWB/lib/tix8.2/bitmaps decr.xbm
2002.12.30 17:42 B D:\dwbcd\DWB\lib\tix8.2\bitmaps\drop.xbm --> germa64 /home/burch/germa63/dwbcd/DWB/lib/tix8.2/bitmaps drop.xbm
2002.12.30 17:42 B D:\dwbcd\DWB\lib\tix8.2\bitmaps\file.gif --> germa64 /home/burch/germa63/dwbcd/DWB/lib/tix8.2/bitmaps file.gif
2002.12.30 17:42 B D:\dwbcd\DWB\lib\tix8.2\bitmaps\file.xbm --> germa64 /home/burch/germa63/dwbcd/DWB/lib/tix8.2/bitmaps file.xbm
2002.12.30 17:42 B D:\dwbcd\DWB\lib\tix8.2\bitmaps\file.xpm --> germa64 /home/burch/germa63/dwbcd/DWB/lib/tix8.2/bitmaps file.xpm
2002.12.30 17:42 B D:\dwbcd\DWB\lib\tix8.2\bitmaps\folder.gif --> germa64 /home/burch/germa63/dwbcd/DWB/lib/tix8.2/bitmaps folder.gif
2002.12.30 17:42 B D:\dwbcd\DWB\lib\tix8.2\bitmaps\folder.xbm --> germa64 /home/burch/germa63/dwbcd/DWB/lib/tix8.2/bitmaps folder.xbm
2002.12.30 17:42 B D:\dwbcd\DWB\lib\tix8.2\bitmaps\folder.xpm --> germa64 /home/burch/germa63/dwbcd/DWB/lib/tix8.2/bitmaps folder.xpm
2002.12.30 17:42 B D:\dwbcd\DWB\lib\tix8.2\bitmaps\harddisk.xbm --> germa64 /home/burch/germa63/dwbcd/DWB/lib/tix8.2/bitmaps harddisk.xbm
2002.12.30 17:42 B D:\dwbcd\DWB\lib\tix8.2\bitmaps\hourglas.mask --> germa64 /home/burch/germa63/dwbcd/DWB/lib/tix8.2/bitmaps hourglas.mask
2002.12.30 17:42 B D:\dwbcd\DWB\lib\tix8.2\bitmaps\hourglas.xbm --> germa64 /home/burch/germa63/dwbcd/DWB/lib/tix8.2/bitmaps hourglas.xbm
2002.12.30 17:42 B D:\dwbcd\DWB\lib\tix8.2\bitmaps\incr.xbm --> germa64 /home/burch/germa63/dwbcd/DWB/lib/tix8.2/bitmaps incr.xbm
2002.12.30 17:42 B D:\dwbcd\DWB\lib\tix8.2\bitmaps\info.gif --> germa64 /home/burch/germa63/dwbcd/DWB/lib/tix8.2/bitmaps info.gif
2002.12.30 17:42 B D:\dwbcd\DWB\lib\tix8.2\bitmaps\info.xpm --> germa64 /home/burch/germa63/dwbcd/DWB/lib/tix8.2/bitmaps info.xpm
2002.12.30 17:42 B D:\dwbcd\DWB\lib\tix8.2\bitmaps\maximize.xbm --> germa64 /home/burch/germa63/dwbcd/DWB/lib/tix8.2/bitmaps maximize.xbm
2002.12.30 17:42 B D:\dwbcd\DWB\lib\tix8.2\bitmaps\minimize.xbm --> germa64 /home/burch/germa63/dwbcd/DWB/lib/tix8.2/bitmaps minimize.xbm
2002.12.30 17:42 B D:\dwbcd\DWB\lib\tix8.2\bitmaps\minus.gif --> germa64 /home/burch/germa63/dwbcd/DWB/lib/tix8.2/bitmaps minus.gif
2002.12.30 17:42 B D:\dwbcd\DWB\lib\tix8.2\bitmaps\minus.xbm --> germa64 /home/burch/germa63/dwbcd/DWB/lib/tix8.2/bitmaps minus.xbm
2002.12.30 17:42 B D:\dwbcd\DWB\lib\tix8.2\bitmaps\minus.xpm --> germa64 /home/burch/germa63/dwbcd/DWB/lib/tix8.2/bitmaps minus.xpm
2002.12.30 17:42 B D:\dwbcd\DWB\lib\tix8.2\bitmaps\minusarm.gif --> germa64 /home/burch/germa63/dwbcd/DWB/lib/tix8.2/bitmaps minusarm.gif
2002.12.30 17:42 B D:\dwbcd\DWB\lib\tix8.2\bitmaps\minusarm.xbm --> germa64 /home/burch/germa63/dwbcd/DWB/lib/tix8.2/bitmaps minusarm.xbm
2002.12.30 17:42 B D:\dwbcd\DWB\lib\tix8.2\bitmaps\minusarm.xpm --> germa64 /home/burch/germa63/dwbcd/DWB/lib/tix8.2/bitmaps minusarm.xpm
2002.12.30 17:42 B D:\dwbcd\DWB\lib\tix8.2\bitmaps\mktransgif.tcl --> germa64 /home/burch/germa63/dwbcd/DWB/lib/tix8.2/bitmaps mktransgif.tcl
2002.12.30 17:42 B D:\dwbcd\DWB\lib\tix8.2\bitmaps\network.xbm --> germa64 /home/burch/germa63/dwbcd/DWB/lib/tix8.2/bitmaps network.xbm
2002.12.30 17:42 B D:\dwbcd\DWB\lib\tix8.2\bitmaps\no_entry.gif --> germa64 /home/burch/germa63/dwbcd/DWB/lib/tix8.2/bitmaps no_entry.gif
2002.12.30 17:42 B D:\dwbcd\DWB\lib\tix8.2\bitmaps\no_entry.xpm --> germa64 /home/burch/germa63/dwbcd/DWB/lib/tix8.2/bitmaps no_entry.xpm
2002.12.30 17:42 B D:\dwbcd\DWB\lib\tix8.2\bitmaps\openfile.xbm --> germa64 /home/burch/germa63/dwbcd/DWB/lib/tix8.2/bitmaps openfile.xbm
2002.12.30 17:42 B D:\dwbcd\DWB\lib\tix8.2\bitmaps\openfold.gif --> germa64 /home/burch/germa63/dwbcd/DWB/lib/tix8.2/bitmaps openfold.gif
2002.12.30 17:42 B D:\dwbcd\DWB\lib\tix8.2\bitmaps\openfold.xbm --> germa64 /home/burch/germa63/dwbcd/DWB/lib/tix8.2/bitmaps openfold.xbm
2002.12.30 17:42 B D:\dwbcd\DWB\lib\tix8.2\bitmaps\openfold.xpm --> germa64 /home/burch/germa63/dwbcd/DWB/lib/tix8.2/bitmaps openfold.xpm
2002.12.30 17:42 B D:\dwbcd\DWB\lib\tix8.2\bitmaps\plus.gif --> germa64 /home/burch/germa63/dwbcd/DWB/lib/tix8.2/bitmaps plus.gif
2002.12.30 17:42 B D:\dwbcd\DWB\lib\tix8.2\bitmaps\plus.xbm --> germa64 /home/burch/germa63/dwbcd/DWB/lib/tix8.2/bitmaps plus.xbm
2002.12.30 17:42 B D:\dwbcd\DWB\lib\tix8.2\bitmaps\plus.xpm --> germa64 /home/burch/germa63/dwbcd/DWB/lib/tix8.2/bitmaps plus.xpm
2002.12.30 17:42 B D:\dwbcd\DWB\lib\tix8.2\bitmaps\plusarm.gif --> germa64 /home/burch/germa63/dwbcd/DWB/lib/tix8.2/bitmaps plusarm.gif
2002.12.30 17:42 B D:\dwbcd\DWB\lib\tix8.2\bitmaps\plusarm.xbm --> germa64 /home/burch/germa63/dwbcd/DWB/lib/tix8.2/bitmaps plusarm.xbm
2002.12.30 17:42 B D:\dwbcd\DWB\lib\tix8.2\bitmaps\plusarm.xpm --> germa64 /home/burch/germa63/dwbcd/DWB/lib/tix8.2/bitmaps plusarm.xpm
2002.12.30 17:42 B D:\dwbcd\DWB\lib\tix8.2\bitmaps\resize1.xbm --> germa64 /home/burch/germa63/dwbcd/DWB/lib/tix8.2/bitmaps resize1.xbm
2002.12.30 17:42 B D:\dwbcd\DWB\lib\tix8.2\bitmaps\resize2.xbm --> germa64 /home/burch/germa63/dwbcd/DWB/lib/tix8.2/bitmaps resize2.xbm
2002.12.30 17:42 B D:\dwbcd\DWB\lib\tix8.2\bitmaps\restore.xbm --> germa64 /home/burch/germa63/dwbcd/DWB/lib/tix8.2/bitmaps restore.xbm
2002.12.30 17:42 B D:\dwbcd\DWB\lib\tix8.2\bitmaps\srcfile.gif --> germa64 /home/burch/germa63/dwbcd/DWB/lib/tix8.2/bitmaps srcfile.gif
2002.12.30 17:42 B D:\dwbcd\DWB\lib\tix8.2\bitmaps\srcfile.xbm --> germa64 /home/burch/germa63/dwbcd/DWB/lib/tix8.2/bitmaps srcfile.xbm
2002.12.30 17:42 B D:\dwbcd\DWB\lib\tix8.2\bitmaps\srcfile.xpm --> germa64 /home/burch/germa63/dwbcd/DWB/lib/tix8.2/bitmaps srcfile.xpm
2002.12.30 17:42 B D:\dwbcd\DWB\lib\tix8.2\bitmaps\system.xbm --> germa64 /home/burch/germa63/dwbcd/DWB/lib/tix8.2/bitmaps system.xbm
2002.12.30 17:42 B D:\dwbcd\DWB\lib\tix8.2\bitmaps\textfile.gif --> germa64 /home/burch/germa63/dwbcd/DWB/lib/tix8.2/bitmaps textfile.gif
2002.12.30 17:42 B D:\dwbcd\DWB\lib\tix8.2\bitmaps\textfile.xbm --> germa64 /home/burch/germa63/dwbcd/DWB/lib/tix8.2/bitmaps textfile.xbm
2002.12.30 17:42 B D:\dwbcd\DWB\lib\tix8.2\bitmaps\textfile.xpm --> germa64 /home/burch/germa63/dwbcd/DWB/lib/tix8.2/bitmaps textfile.xpm
2002.12.30 17:42 B D:\dwbcd\DWB\lib\tix8.2\bitmaps\tick.xbm --> germa64 /home/burch/germa63/dwbcd/DWB/lib/tix8.2/bitmaps tick.xbm
2002.12.30 17:42 B D:\dwbcd\DWB\lib\tix8.2\bitmaps\warning.gif --> germa64 /home/burch/germa63/dwbcd/DWB/lib/tix8.2/bitmaps warning.gif
2002.12.30 17:42 B D:\dwbcd\DWB\lib\tix8.2\bitmaps\warning.xpm --> germa64 /home/burch/germa63/dwbcd/DWB/lib/tix8.2/bitmaps warning.xpm
2002.12.30 17:42 B D:\dwbcd\DWB\lib\tix8.2\bitmaps\WS_FTP.LOG --> germa64 /home/burch/germa63/dwbcd/DWB/lib/tix8.2/bitmaps WS_FTP.LOG
2003.09.09 13:54 B D:\dwbcd\DWB\lib\tix8.2\bitmaps\act_fold.gif --> germa93 /home/burch/DWB/windows/lib/tix8.2/bitmaps act_fold.gif
2003.09.09 13:54 B D:\dwbcd\DWB\lib\tix8.2\bitmaps\act_fold.xbm --> germa93 /home/burch/DWB/windows/lib/tix8.2/bitmaps act_fold.xbm
2003.09.09 13:54 B D:\dwbcd\DWB\lib\tix8.2\bitmaps\act_fold.xpm --> germa93 /home/burch/DWB/windows/lib/tix8.2/bitmaps act_fold.xpm
2003.09.09 13:54 B D:\dwbcd\DWB\lib\tix8.2\bitmaps\balarrow.xbm --> germa93 /home/burch/DWB/windows/lib/tix8.2/bitmaps balarrow.xbm
2003.09.09 13:54 B D:\dwbcd\DWB\lib\tix8.2\bitmaps\cbxarrow.xbm --> germa93 /home/burch/DWB/windows/lib/tix8.2/bitmaps cbxarrow.xbm
2003.09.09 13:54 B D:\dwbcd\DWB\lib\tix8.2\bitmaps\ck_def.xbm --> germa93 /home/burch/DWB/windows/lib/tix8.2/bitmaps ck_def.xbm
2003.09.09 13:54 B D:\dwbcd\DWB\lib\tix8.2\bitmaps\ck_off.xbm --> germa93 /home/burch/DWB/windows/lib/tix8.2/bitmaps ck_off.xbm
2003.09.09 13:54 B D:\dwbcd\DWB\lib\tix8.2\bitmaps\ck_on.xbm --> germa93 /home/burch/DWB/windows/lib/tix8.2/bitmaps ck_on.xbm
2003.09.09 13:54 B D:\dwbcd\DWB\lib\tix8.2\bitmaps\cross.xbm --> germa93 /home/burch/DWB/windows/lib/tix8.2/bitmaps cross.xbm
2003.09.09 13:54 B D:\dwbcd\DWB\lib\tix8.2\bitmaps\decr.xbm --> germa93 /home/burch/DWB/windows/lib/tix8.2/bitmaps decr.xbm
2003.09.09 13:54 B D:\dwbcd\DWB\lib\tix8.2\bitmaps\drop.xbm --> germa93 /home/burch/DWB/windows/lib/tix8.2/bitmaps drop.xbm
2003.09.09 13:54 B D:\dwbcd\DWB\lib\tix8.2\bitmaps\file.gif --> germa93 /home/burch/DWB/windows/lib/tix8.2/bitmaps file.gif
2003.09.09 13:54 B D:\dwbcd\DWB\lib\tix8.2\bitmaps\file.xbm --> germa93 /home/burch/DWB/windows/lib/tix8.2/bitmaps file.xbm
2003.09.09 13:54 B D:\dwbcd\DWB\lib\tix8.2\bitmaps\file.xpm --> germa93 /home/burch/DWB/windows/lib/tix8.2/bitmaps file.xpm
2003.09.09 13:54 B D:\dwbcd\DWB\lib\tix8.2\bitmaps\folder.gif --> germa93 /home/burch/DWB/windows/lib/tix8.2/bitmaps folder.gif
2003.09.09 13:54 B D:\dwbcd\DWB\lib\tix8.2\bitmaps\folder.xbm --> germa93 /home/burch/DWB/windows/lib/tix8.2/bitmaps folder.xbm
2003.09.09 13:54 B D:\dwbcd\DWB\lib\tix8.2\bitmaps\folder.xpm --> germa93 /home/burch/DWB/windows/lib/tix8.2/bitmaps folder.xpm
2003.09.09 13:54 B D:\dwbcd\DWB\lib\tix8.2\bitmaps\harddisk.xbm --> germa93 /home/burch/DWB/windows/lib/tix8.2/bitmaps harddisk.xbm
2003.09.09 13:54 B D:\dwbcd\DWB\lib\tix8.2\bitmaps\hourglas.mask --> germa93 /home/burch/DWB/windows/lib/tix8.2/bitmaps hourglas.mask
2003.09.09 13:55 B D:\dwbcd\DWB\lib\tix8.2\bitmaps\hourglas.xbm --> germa93 /home/burch/DWB/windows/lib/tix8.2/bitmaps hourglas.xbm
2003.09.09 13:55 B D:\dwbcd\DWB\lib\tix8.2\bitmaps\incr.xbm --> germa93 /home/burch/DWB/windows/lib/tix8.2/bitmaps incr.xbm
2003.09.09 13:55 B D:\dwbcd\DWB\lib\tix8.2\bitmaps\info.gif --> germa93 /home/burch/DWB/windows/lib/tix8.2/bitmaps info.gif
2003.09.09 13:55 B D:\dwbcd\DWB\lib\tix8.2\bitmaps\info.xpm --> germa93 /home/burch/DWB/windows/lib/tix8.2/bitmaps info.xpm
2003.09.09 13:55 B D:\dwbcd\DWB\lib\tix8.2\bitmaps\maximize.xbm --> germa93 /home/burch/DWB/windows/lib/tix8.2/bitmaps maximize.xbm
2003.09.09 13:55 B D:\dwbcd\DWB\lib\tix8.2\bitmaps\minimize.xbm --> germa93 /home/burch/DWB/windows/lib/tix8.2/bitmaps minimize.xbm
2003.09.09 13:55 B D:\dwbcd\DWB\lib\tix8.2\bitmaps\minus.gif --> germa93 /home/burch/DWB/windows/lib/tix8.2/bitmaps minus.gif
2003.09.09 13:55 B D:\dwbcd\DWB\lib\tix8.2\bitmaps\minus.xbm --> germa93 /home/burch/DWB/windows/lib/tix8.2/bitmaps minus.xbm
2003.09.09 13:55 B D:\dwbcd\DWB\lib\tix8.2\bitmaps\minus.xpm --> germa93 /home/burch/DWB/windows/lib/tix8.2/bitmaps minus.xpm
2003.09.09 13:55 B D:\dwbcd\DWB\lib\tix8.2\bitmaps\minusarm.gif --> germa93 /home/burch/DWB/windows/lib/tix8.2/bitmaps minusarm.gif
2003.09.09 13:55 B D:\dwbcd\DWB\lib\tix8.2\bitmaps\minusarm.xbm --> germa93 /home/burch/DWB/windows/lib/tix8.2/bitmaps minusarm.xbm
2003.09.09 13:55 B D:\dwbcd\DWB\lib\tix8.2\bitmaps\minusarm.xpm --> germa93 /home/burch/DWB/windows/lib/tix8.2/bitmaps minusarm.xpm
2003.09.09 13:55 B D:\dwbcd\DWB\lib\tix8.2\bitmaps\mktransgif.tcl --> germa93 /home/burch/DWB/windows/lib/tix8.2/bitmaps mktransgif.tcl
2003.09.09 13:55 B D:\dwbcd\DWB\lib\tix8.2\bitmaps\network.xbm --> germa93 /home/burch/DWB/windows/lib/tix8.2/bitmaps network.xbm
2003.09.09 13:55 B D:\dwbcd\DWB\lib\tix8.2\bitmaps\no_entry.gif --> germa93 /home/burch/DWB/windows/lib/tix8.2/bitmaps no_entry.gif
2003.09.09 13:55 B D:\dwbcd\DWB\lib\tix8.2\bitmaps\no_entry.xpm --> germa93 /home/burch/DWB/windows/lib/tix8.2/bitmaps no_entry.xpm
2003.09.09 13:55 B D:\dwbcd\DWB\lib\tix8.2\bitmaps\openfile.xbm --> germa93 /home/burch/DWB/windows/lib/tix8.2/bitmaps openfile.xbm
2003.09.09 13:55 B D:\dwbcd\DWB\lib\tix8.2\bitmaps\openfold.gif --> germa93 /home/burch/DWB/windows/lib/tix8.2/bitmaps openfold.gif
2003.09.09 13:55 B D:\dwbcd\DWB\lib\tix8.2\bitmaps\openfold.xbm --> germa93 /home/burch/DWB/windows/lib/tix8.2/bitmaps openfold.xbm
2003.09.09 13:55 B D:\dwbcd\DWB\lib\tix8.2\bitmaps\openfold.xpm --> germa93 /home/burch/DWB/windows/lib/tix8.2/bitmaps openfold.xpm
2003.09.09 13:55 B D:\dwbcd\DWB\lib\tix8.2\bitmaps\plus.gif --> germa93 /home/burch/DWB/windows/lib/tix8.2/bitmaps plus.gif
2003.09.09 13:55 B D:\dwbcd\DWB\lib\tix8.2\bitmaps\plus.xbm --> germa93 /home/burch/DWB/windows/lib/tix8.2/bitmaps plus.xbm
2003.09.09 13:55 B D:\dwbcd\DWB\lib\tix8.2\bitmaps\plus.xpm --> germa93 /home/burch/DWB/windows/lib/tix8.2/bitmaps plus.xpm
2003.09.09 13:55 B D:\dwbcd\DWB\lib\tix8.2\bitmaps\plusarm.gif --> germa93 /home/burch/DWB/windows/lib/tix8.2/bitmaps plusarm.gif
2003.09.09 13:55 B D:\dwbcd\DWB\lib\tix8.2\bitmaps\plusarm.xbm --> germa93 /home/burch/DWB/windows/lib/tix8.2/bitmaps plusarm.xbm
2003.09.09 13:55 B D:\dwbcd\DWB\lib\tix8.2\bitmaps\plusarm.xpm --> germa93 /home/burch/DWB/windows/lib/tix8.2/bitmaps plusarm.xpm
2003.09.09 13:55 B D:\dwbcd\DWB\lib\tix8.2\bitmaps\resize1.xbm --> germa93 /home/burch/DWB/windows/lib/tix8.2/bitmaps resize1.xbm
2003.09.09 13:55 B D:\dwbcd\DWB\lib\tix8.2\bitmaps\resize2.xbm --> germa93 /home/burch/DWB/windows/lib/tix8.2/bitmaps resize2.xbm
2003.09.09 13:55 B D:\dwbcd\DWB\lib\tix8.2\bitmaps\restore.xbm --> germa93 /home/burch/DWB/windows/lib/tix8.2/bitmaps restore.xbm
2003.09.09 13:55 B D:\dwbcd\DWB\lib\tix8.2\bitmaps\srcfile.gif --> germa93 /home/burch/DWB/windows/lib/tix8.2/bitmaps srcfile.gif
2003.09.09 13:55 B D:\dwbcd\DWB\lib\tix8.2\bitmaps\srcfile.xbm --> germa93 /home/burch/DWB/windows/lib/tix8.2/bitmaps srcfile.xbm
2003.09.09 13:55 B D:\dwbcd\DWB\lib\tix8.2\bitmaps\srcfile.xpm --> germa93 /home/burch/DWB/windows/lib/tix8.2/bitmaps srcfile.xpm
2003.09.09 13:55 B D:\dwbcd\DWB\lib\tix8.2\bitmaps\system.xbm --> germa93 /home/burch/DWB/windows/lib/tix8.2/bitmaps system.xbm
2003.09.09 13:55 B D:\dwbcd\DWB\lib\tix8.2\bitmaps\textfile.gif --> germa93 /home/burch/DWB/windows/lib/tix8.2/bitmaps textfile.gif
2003.09.09 13:55 B D:\dwbcd\DWB\lib\tix8.2\bitmaps\textfile.xbm --> germa93 /home/burch/DWB/windows/lib/tix8.2/bitmaps textfile.xbm
2003.09.09 13:55 B D:\dwbcd\DWB\lib\tix8.2\bitmaps\textfile.xpm --> germa93 /home/burch/DWB/windows/lib/tix8.2/bitmaps textfile.xpm
2003.09.09 13:55 B D:\dwbcd\DWB\lib\tix8.2\bitmaps\tick.xbm --> germa93 /home/burch/DWB/windows/lib/tix8.2/bitmaps tick.xbm
2003.09.09 13:55 B D:\dwbcd\DWB\lib\tix8.2\bitmaps\warning.gif --> germa93 /home/burch/DWB/windows/lib/tix8.2/bitmaps warning.gif
2003.09.09 13:55 B D:\dwbcd\DWB\lib\tix8.2\bitmaps\warning.xpm --> germa93 /home/burch/DWB/windows/lib/tix8.2/bitmaps warning.xpm
2003.09.09 13:55 B D:\dwbcd\DWB\lib\tix8.2\bitmaps\WS_FTP.LOG --> germa93 /home/burch/DWB/windows/lib/tix8.2/bitmaps WS_FTP.LOG
2003.11.20 14:36 B D:\dwbcd\DWB\lib\tix8.2\bitmaps\act_fold.gif --> germa64 /home/burch/Projekte/Grimm/CDROM/windows/lib/tix8.2/bitmaps act_fold.gif
2003.11.20 14:36 B D:\dwbcd\DWB\lib\tix8.2\bitmaps\act_fold.xbm --> germa64 /home/burch/Projekte/Grimm/CDROM/windows/lib/tix8.2/bitmaps act_fold.xbm
2003.11.20 14:36 B D:\dwbcd\DWB\lib\tix8.2\bitmaps\act_fold.xpm --> germa64 /home/burch/Projekte/Grimm/CDROM/windows/lib/tix8.2/bitmaps act_fold.xpm
2003.11.20 14:36 B D:\dwbcd\DWB\lib\tix8.2\bitmaps\balarrow.xbm --> germa64 /home/burch/Projekte/Grimm/CDROM/windows/lib/tix8.2/bitmaps balarrow.xbm
2003.11.20 14:36 B D:\dwbcd\DWB\lib\tix8.2\bitmaps\cbxarrow.xbm --> germa64 /home/burch/Projekte/Grimm/CDROM/windows/lib/tix8.2/bitmaps cbxarrow.xbm
2003.11.20 14:36 B D:\dwbcd\DWB\lib\tix8.2\bitmaps\ck_def.xbm --> germa64 /home/burch/Projekte/Grimm/CDROM/windows/lib/tix8.2/bitmaps ck_def.xbm
2003.11.20 14:36 B D:\dwbcd\DWB\lib\tix8.2\bitmaps\ck_off.xbm --> germa64 /home/burch/Projekte/Grimm/CDROM/windows/lib/tix8.2/bitmaps ck_off.xbm
2003.11.20 14:36 B D:\dwbcd\DWB\lib\tix8.2\bitmaps\ck_on.xbm --> germa64 /home/burch/Projekte/Grimm/CDROM/windows/lib/tix8.2/bitmaps ck_on.xbm
2003.11.20 14:36 B D:\dwbcd\DWB\lib\tix8.2\bitmaps\cross.xbm --> germa64 /home/burch/Projekte/Grimm/CDROM/windows/lib/tix8.2/bitmaps cross.xbm
2003.11.20 14:36 B D:\dwbcd\DWB\lib\tix8.2\bitmaps\decr.xbm --> germa64 /home/burch/Projekte/Grimm/CDROM/windows/lib/tix8.2/bitmaps decr.xbm
2003.11.20 14:36 B D:\dwbcd\DWB\lib\tix8.2\bitmaps\drop.xbm --> germa64 /home/burch/Projekte/Grimm/CDROM/windows/lib/tix8.2/bitmaps drop.xbm
2003.11.20 14:36 B D:\dwbcd\DWB\lib\tix8.2\bitmaps\file.gif --> germa64 /home/burch/Projekte/Grimm/CDROM/windows/lib/tix8.2/bitmaps file.gif
2003.11.20 14:36 B D:\dwbcd\DWB\lib\tix8.2\bitmaps\file.xbm --> germa64 /home/burch/Projekte/Grimm/CDROM/windows/lib/tix8.2/bitmaps file.xbm
2003.11.20 14:36 B D:\dwbcd\DWB\lib\tix8.2\bitmaps\file.xpm --> germa64 /home/burch/Projekte/Grimm/CDROM/windows/lib/tix8.2/bitmaps file.xpm
2003.11.20 14:36 B D:\dwbcd\DWB\lib\tix8.2\bitmaps\folder.gif --> germa64 /home/burch/Projekte/Grimm/CDROM/windows/lib/tix8.2/bitmaps folder.gif
2003.11.20 14:36 B D:\dwbcd\DWB\lib\tix8.2\bitmaps\folder.xbm --> germa64 /home/burch/Projekte/Grimm/CDROM/windows/lib/tix8.2/bitmaps folder.xbm
2003.11.20 14:36 B D:\dwbcd\DWB\lib\tix8.2\bitmaps\folder.xpm --> germa64 /home/burch/Projekte/Grimm/CDROM/windows/lib/tix8.2/bitmaps folder.xpm
2003.11.20 14:36 B D:\dwbcd\DWB\lib\tix8.2\bitmaps\harddisk.xbm --> germa64 /home/burch/Projekte/Grimm/CDROM/windows/lib/tix8.2/bitmaps harddisk.xbm
2003.11.20 14:36 B D:\dwbcd\DWB\lib\tix8.2\bitmaps\hourglas.mask --> germa64 /home/burch/Projekte/Grimm/CDROM/windows/lib/tix8.2/bitmaps hourglas.mask
2003.11.20 14:36 B D:\dwbcd\DWB\lib\tix8.2\bitmaps\hourglas.xbm --> germa64 /home/burch/Projekte/Grimm/CDROM/windows/lib/tix8.2/bitmaps hourglas.xbm
2003.11.20 14:36 B D:\dwbcd\DWB\lib\tix8.2\bitmaps\incr.xbm --> germa64 /home/burch/Projekte/Grimm/CDROM/windows/lib/tix8.2/bitmaps incr.xbm
2003.11.20 14:36 B D:\dwbcd\DWB\lib\tix8.2\bitmaps\info.gif --> germa64 /home/burch/Projekte/Grimm/CDROM/windows/lib/tix8.2/bitmaps info.gif
2003.11.20 14:36 B D:\dwbcd\DWB\lib\tix8.2\bitmaps\info.xpm --> germa64 /home/burch/Projekte/Grimm/CDROM/windows/lib/tix8.2/bitmaps info.xpm
2003.11.20 14:36 B D:\dwbcd\DWB\lib\tix8.2\bitmaps\maximize.xbm --> germa64 /home/burch/Projekte/Grimm/CDROM/windows/lib/tix8.2/bitmaps maximize.xbm
2003.11.20 14:36 B D:\dwbcd\DWB\lib\tix8.2\bitmaps\minimize.xbm --> germa64 /home/burch/Projekte/Grimm/CDROM/windows/lib/tix8.2/bitmaps minimize.xbm
2003.11.20 14:36 B D:\dwbcd\DWB\lib\tix8.2\bitmaps\minus.gif --> germa64 /home/burch/Projekte/Grimm/CDROM/windows/lib/tix8.2/bitmaps minus.gif
2003.11.20 14:36 B D:\dwbcd\DWB\lib\tix8.2\bitmaps\minus.xbm --> germa64 /home/burch/Projekte/Grimm/CDROM/windows/lib/tix8.2/bitmaps minus.xbm
2003.11.20 14:36 B D:\dwbcd\DWB\lib\tix8.2\bitmaps\minus.xpm --> germa64 /home/burch/Projekte/Grimm/CDROM/windows/lib/tix8.2/bitmaps minus.xpm
2003.11.20 14:36 B D:\dwbcd\DWB\lib\tix8.2\bitmaps\minusarm.gif --> germa64 /home/burch/Projekte/Grimm/CDROM/windows/lib/tix8.2/bitmaps minusarm.gif
2003.11.20 14:36 B D:\dwbcd\DWB\lib\tix8.2\bitmaps\minusarm.xbm --> germa64 /home/burch/Projekte/Grimm/CDROM/windows/lib/tix8.2/bitmaps minusarm.xbm
2003.11.20 14:36 B D:\dwbcd\DWB\lib\tix8.2\bitmaps\minusarm.xpm --> germa64 /home/burch/Projekte/Grimm/CDROM/windows/lib/tix8.2/bitmaps minusarm.xpm
2003.11.20 14:36 B D:\dwbcd\DWB\lib\tix8.2\bitmaps\mktransgif.tcl --> germa64 /home/burch/Projekte/Grimm/CDROM/windows/lib/tix8.2/bitmaps mktransgif.tcl
2003.11.20 14:36 B D:\dwbcd\DWB\lib\tix8.2\bitmaps\network.xbm --> germa64 /home/burch/Projekte/Grimm/CDROM/windows/lib/tix8.2/bitmaps network.xbm
2003.11.20 14:36 B D:\dwbcd\DWB\lib\tix8.2\bitmaps\no_entry.gif --> germa64 /home/burch/Projekte/Grimm/CDROM/windows/lib/tix8.2/bitmaps no_entry.gif
2003.11.20 14:36 B D:\dwbcd\DWB\lib\tix8.2\bitmaps\no_entry.xpm --> germa64 /home/burch/Projekte/Grimm/CDROM/windows/lib/tix8.2/bitmaps no_entry.xpm
2003.11.20 14:36 B D:\dwbcd\DWB\lib\tix8.2\bitmaps\openfile.xbm --> germa64 /home/burch/Projekte/Grimm/CDROM/windows/lib/tix8.2/bitmaps openfile.xbm
2003.11.20 14:36 B D:\dwbcd\DWB\lib\tix8.2\bitmaps\openfold.gif --> germa64 /home/burch/Projekte/Grimm/CDROM/windows/lib/tix8.2/bitmaps openfold.gif
2003.11.20 14:36 B D:\dwbcd\DWB\lib\tix8.2\bitmaps\openfold.xbm --> germa64 /home/burch/Projekte/Grimm/CDROM/windows/lib/tix8.2/bitmaps openfold.xbm
2003.11.20 14:36 B D:\dwbcd\DWB\lib\tix8.2\bitmaps\openfold.xpm --> germa64 /home/burch/Projekte/Grimm/CDROM/windows/lib/tix8.2/bitmaps openfold.xpm
2003.11.20 14:36 B D:\dwbcd\DWB\lib\tix8.2\bitmaps\plus.gif --> germa64 /home/burch/Projekte/Grimm/CDROM/windows/lib/tix8.2/bitmaps plus.gif
2003.11.20 14:36 B D:\dwbcd\DWB\lib\tix8.2\bitmaps\plus.xbm --> germa64 /home/burch/Projekte/Grimm/CDROM/windows/lib/tix8.2/bitmaps plus.xbm
2003.11.20 14:36 B D:\dwbcd\DWB\lib\tix8.2\bitmaps\plus.xpm --> germa64 /home/burch/Projekte/Grimm/CDROM/windows/lib/tix8.2/bitmaps plus.xpm
2003.11.20 14:36 B D:\dwbcd\DWB\lib\tix8.2\bitmaps\plusarm.gif --> germa64 /home/burch/Projekte/Grimm/CDROM/windows/lib/tix8.2/bitmaps plusarm.gif
2003.11.20 14:36 B D:\dwbcd\DWB\lib\tix8.2\bitmaps\plusarm.xbm --> germa64 /home/burch/Projekte/Grimm/CDROM/windows/lib/tix8.2/bitmaps plusarm.xbm
2003.11.20 14:36 B D:\dwbcd\DWB\lib\tix8.2\bitmaps\plusarm.xpm --> germa64 /home/burch/Projekte/Grimm/CDROM/windows/lib/tix8.2/bitmaps plusarm.xpm
2003.11.20 14:36 B D:\dwbcd\DWB\lib\tix8.2\bitmaps\resize1.xbm --> germa64 /home/burch/Projekte/Grimm/CDROM/windows/lib/tix8.2/bitmaps resize1.xbm
2003.11.20 14:36 B D:\dwbcd\DWB\lib\tix8.2\bitmaps\resize2.xbm --> germa64 /home/burch/Projekte/Grimm/CDROM/windows/lib/tix8.2/bitmaps resize2.xbm
2003.11.20 14:36 B D:\dwbcd\DWB\lib\tix8.2\bitmaps\restore.xbm --> germa64 /home/burch/Projekte/Grimm/CDROM/windows/lib/tix8.2/bitmaps restore.xbm
2003.11.20 14:36 B D:\dwbcd\DWB\lib\tix8.2\bitmaps\srcfile.gif --> germa64 /home/burch/Projekte/Grimm/CDROM/windows/lib/tix8.2/bitmaps srcfile.gif
2003.11.20 14:36 B D:\dwbcd\DWB\lib\tix8.2\bitmaps\srcfile.xbm --> germa64 /home/burch/Projekte/Grimm/CDROM/windows/lib/tix8.2/bitmaps srcfile.xbm
2003.11.20 14:36 B D:\dwbcd\DWB\lib\tix8.2\bitmaps\srcfile.xpm --> germa64 /home/burch/Projekte/Grimm/CDROM/windows/lib/tix8.2/bitmaps srcfile.xpm
2003.11.20 14:36 B D:\dwbcd\DWB\lib\tix8.2\bitmaps\system.xbm --> germa64 /home/burch/Projekte/Grimm/CDROM/windows/lib/tix8.2/bitmaps system.xbm
2003.11.20 14:36 B D:\dwbcd\DWB\lib\tix8.2\bitmaps\textfile.gif --> germa64 /home/burch/Projekte/Grimm/CDROM/windows/lib/tix8.2/bitmaps textfile.gif
2003.11.20 14:36 B D:\dwbcd\DWB\lib\tix8.2\bitmaps\textfile.xbm --> germa64 /home/burch/Projekte/Grimm/CDROM/windows/lib/tix8.2/bitmaps textfile.xbm
2003.11.20 14:36 B D:\dwbcd\DWB\lib\tix8.2\bitmaps\textfile.xpm --> germa64 /home/burch/Projekte/Grimm/CDROM/windows/lib/tix8.2/bitmaps textfile.xpm
2003.11.20 14:36 B D:\dwbcd\DWB\lib\tix8.2\bitmaps\tick.xbm --> germa64 /home/burch/Projekte/Grimm/CDROM/windows/lib/tix8.2/bitmaps tick.xbm
2003.11.20 14:36 B D:\dwbcd\DWB\lib\tix8.2\bitmaps\warning.gif --> germa64 /home/burch/Projekte/Grimm/CDROM/windows/lib/tix8.2/bitmaps warning.gif
2003.11.20 14:36 B D:\dwbcd\DWB\lib\tix8.2\bitmaps\warning.xpm --> germa64 /home/burch/Projekte/Grimm/CDROM/windows/lib/tix8.2/bitmaps warning.xpm
2003.11.20 14:36 B D:\dwbcd\DWB\lib\tix8.2\bitmaps\WS_FTP.LOG --> germa64 /home/burch/Projekte/Grimm/CDROM/windows/lib/tix8.2/bitmaps WS_FTP.LOG
2004.01.14 13:48 B D:\dwbcd\DWB\lib\tix8.2\bitmaps\act_fold.gif --> germa64 /home/burch/Backups/germa63/dwbcd/DWB/lib/tix8.2/bitmaps act_fold.gif
2004.01.14 13:48 B D:\dwbcd\DWB\lib\tix8.2\bitmaps\act_fold.xbm --> germa64 /home/burch/Backups/germa63/dwbcd/DWB/lib/tix8.2/bitmaps act_fold.xbm
2004.01.14 13:48 B D:\dwbcd\DWB\lib\tix8.2\bitmaps\act_fold.xpm --> germa64 /home/burch/Backups/germa63/dwbcd/DWB/lib/tix8.2/bitmaps act_fold.xpm
2004.01.14 13:48 B D:\dwbcd\DWB\lib\tix8.2\bitmaps\balarrow.xbm --> germa64 /home/burch/Backups/germa63/dwbcd/DWB/lib/tix8.2/bitmaps balarrow.xbm
2004.01.14 13:48 B D:\dwbcd\DWB\lib\tix8.2\bitmaps\cbxarrow.xbm --> germa64 /home/burch/Backups/germa63/dwbcd/DWB/lib/tix8.2/bitmaps cbxarrow.xbm
2004.01.14 13:48 B D:\dwbcd\DWB\lib\tix8.2\bitmaps\ck_def.xbm --> germa64 /home/burch/Backups/germa63/dwbcd/DWB/lib/tix8.2/bitmaps ck_def.xbm
2004.01.14 13:48 B D:\dwbcd\DWB\lib\tix8.2\bitmaps\ck_off.xbm --> germa64 /home/burch/Backups/germa63/dwbcd/DWB/lib/tix8.2/bitmaps ck_off.xbm
2004.01.14 13:48 B D:\dwbcd\DWB\lib\tix8.2\bitmaps\ck_on.xbm --> germa64 /home/burch/Backups/germa63/dwbcd/DWB/lib/tix8.2/bitmaps ck_on.xbm
2004.01.14 13:48 B D:\dwbcd\DWB\lib\tix8.2\bitmaps\cross.xbm --> germa64 /home/burch/Backups/germa63/dwbcd/DWB/lib/tix8.2/bitmaps cross.xbm
2004.01.14 13:48 B D:\dwbcd\DWB\lib\tix8.2\bitmaps\decr.xbm --> germa64 /home/burch/Backups/germa63/dwbcd/DWB/lib/tix8.2/bitmaps decr.xbm
2004.01.14 13:48 B D:\dwbcd\DWB\lib\tix8.2\bitmaps\drop.xbm --> germa64 /home/burch/Backups/germa63/dwbcd/DWB/lib/tix8.2/bitmaps drop.xbm
2004.01.14 13:48 B D:\dwbcd\DWB\lib\tix8.2\bitmaps\file.gif --> germa64 /home/burch/Backups/germa63/dwbcd/DWB/lib/tix8.2/bitmaps file.gif
2004.01.14 13:48 B D:\dwbcd\DWB\lib\tix8.2\bitmaps\file.xbm --> germa64 /home/burch/Backups/germa63/dwbcd/DWB/lib/tix8.2/bitmaps file.xbm
2004.01.14 13:48 B D:\dwbcd\DWB\lib\tix8.2\bitmaps\file.xpm --> germa64 /home/burch/Backups/germa63/dwbcd/DWB/lib/tix8.2/bitmaps file.xpm
2004.01.14 13:48 B D:\dwbcd\DWB\lib\tix8.2\bitmaps\folder.gif --> germa64 /home/burch/Backups/germa63/dwbcd/DWB/lib/tix8.2/bitmaps folder.gif
2004.01.14 13:48 B D:\dwbcd\DWB\lib\tix8.2\bitmaps\folder.xbm --> germa64 /home/burch/Backups/germa63/dwbcd/DWB/lib/tix8.2/bitmaps folder.xbm
2004.01.14 13:48 B D:\dwbcd\DWB\lib\tix8.2\bitmaps\folder.xpm --> germa64 /home/burch/Backups/germa63/dwbcd/DWB/lib/tix8.2/bitmaps folder.xpm
2004.01.14 13:48 B D:\dwbcd\DWB\lib\tix8.2\bitmaps\harddisk.xbm --> germa64 /home/burch/Backups/germa63/dwbcd/DWB/lib/tix8.2/bitmaps harddisk.xbm
2004.01.14 13:48 B D:\dwbcd\DWB\lib\tix8.2\bitmaps\hourglas.mask --> germa64 /home/burch/Backups/germa63/dwbcd/DWB/lib/tix8.2/bitmaps hourglas.mask
2004.01.14 13:48 B D:\dwbcd\DWB\lib\tix8.2\bitmaps\hourglas.xbm --> germa64 /home/burch/Backups/germa63/dwbcd/DWB/lib/tix8.2/bitmaps hourglas.xbm
2004.01.14 13:48 B D:\dwbcd\DWB\lib\tix8.2\bitmaps\incr.xbm --> germa64 /home/burch/Backups/germa63/dwbcd/DWB/lib/tix8.2/bitmaps incr.xbm
2004.01.14 13:48 B D:\dwbcd\DWB\lib\tix8.2\bitmaps\info.gif --> germa64 /home/burch/Backups/germa63/dwbcd/DWB/lib/tix8.2/bitmaps info.gif
2004.01.14 13:48 B D:\dwbcd\DWB\lib\tix8.2\bitmaps\info.xpm --> germa64 /home/burch/Backups/germa63/dwbcd/DWB/lib/tix8.2/bitmaps info.xpm
2004.01.14 13:48 B D:\dwbcd\DWB\lib\tix8.2\bitmaps\maximize.xbm --> germa64 /home/burch/Backups/germa63/dwbcd/DWB/lib/tix8.2/bitmaps maximize.xbm
2004.01.14 13:48 B D:\dwbcd\DWB\lib\tix8.2\bitmaps\minimize.xbm --> germa64 /home/burch/Backups/germa63/dwbcd/DWB/lib/tix8.2/bitmaps minimize.xbm
2004.01.14 13:48 B D:\dwbcd\DWB\lib\tix8.2\bitmaps\minus.gif --> germa64 /home/burch/Backups/germa63/dwbcd/DWB/lib/tix8.2/bitmaps minus.gif
2004.01.14 13:48 B D:\dwbcd\DWB\lib\tix8.2\bitmaps\minus.xbm --> germa64 /home/burch/Backups/germa63/dwbcd/DWB/lib/tix8.2/bitmaps minus.xbm
2004.01.14 13:48 B D:\dwbcd\DWB\lib\tix8.2\bitmaps\minus.xpm --> germa64 /home/burch/Backups/germa63/dwbcd/DWB/lib/tix8.2/bitmaps minus.xpm
2004.01.14 13:48 B D:\dwbcd\DWB\lib\tix8.2\bitmaps\minusarm.gif --> germa64 /home/burch/Backups/germa63/dwbcd/DWB/lib/tix8.2/bitmaps minusarm.gif
2004.01.14 13:48 B D:\dwbcd\DWB\lib\tix8.2\bitmaps\minusarm.xbm --> germa64 /home/burch/Backups/germa63/dwbcd/DWB/lib/tix8.2/bitmaps minusarm.xbm
2004.01.14 13:48 B D:\dwbcd\DWB\lib\tix8.2\bitmaps\minusarm.xpm --> germa64 /home/burch/Backups/germa63/dwbcd/DWB/lib/tix8.2/bitmaps minusarm.xpm
2004.01.14 13:48 B D:\dwbcd\DWB\lib\tix8.2\bitmaps\mktransgif.tcl --> germa64 /home/burch/Backups/germa63/dwbcd/DWB/lib/tix8.2/bitmaps mktransgif.tcl
2004.01.14 13:48 B D:\dwbcd\DWB\lib\tix8.2\bitmaps\network.xbm --> germa64 /home/burch/Backups/germa63/dwbcd/DWB/lib/tix8.2/bitmaps network.xbm
2004.01.14 13:48 B D:\dwbcd\DWB\lib\tix8.2\bitmaps\no_entry.gif --> germa64 /home/burch/Backups/germa63/dwbcd/DWB/lib/tix8.2/bitmaps no_entry.gif
2004.01.14 13:48 B D:\dwbcd\DWB\lib\tix8.2\bitmaps\no_entry.xpm --> germa64 /home/burch/Backups/germa63/dwbcd/DWB/lib/tix8.2/bitmaps no_entry.xpm
2004.01.14 13:48 B D:\dwbcd\DWB\lib\tix8.2\bitmaps\openfile.xbm --> germa64 /home/burch/Backups/germa63/dwbcd/DWB/lib/tix8.2/bitmaps openfile.xbm
2004.01.14 13:48 B D:\dwbcd\DWB\lib\tix8.2\bitmaps\openfold.gif --> germa64 /home/burch/Backups/germa63/dwbcd/DWB/lib/tix8.2/bitmaps openfold.gif
2004.01.14 13:48 B D:\dwbcd\DWB\lib\tix8.2\bitmaps\openfold.xbm --> germa64 /home/burch/Backups/germa63/dwbcd/DWB/lib/tix8.2/bitmaps openfold.xbm
2004.01.14 13:48 B D:\dwbcd\DWB\lib\tix8.2\bitmaps\openfold.xpm --> germa64 /home/burch/Backups/germa63/dwbcd/DWB/lib/tix8.2/bitmaps openfold.xpm
2004.01.14 13:48 B D:\dwbcd\DWB\lib\tix8.2\bitmaps\plus.gif --> germa64 /home/burch/Backups/germa63/dwbcd/DWB/lib/tix8.2/bitmaps plus.gif
2004.01.14 13:48 B D:\dwbcd\DWB\lib\tix8.2\bitmaps\plus.xbm --> germa64 /home/burch/Backups/germa63/dwbcd/DWB/lib/tix8.2/bitmaps plus.xbm
2004.01.14 13:48 B D:\dwbcd\DWB\lib\tix8.2\bitmaps\plus.xpm --> germa64 /home/burch/Backups/germa63/dwbcd/DWB/lib/tix8.2/bitmaps plus.xpm
2004.01.14 13:48 B D:\dwbcd\DWB\lib\tix8.2\bitmaps\plusarm.gif --> germa64 /home/burch/Backups/germa63/dwbcd/DWB/lib/tix8.2/bitmaps plusarm.gif
2004.01.14 13:48 B D:\dwbcd\DWB\lib\tix8.2\bitmaps\plusarm.xbm --> germa64 /home/burch/Backups/germa63/dwbcd/DWB/lib/tix8.2/bitmaps plusarm.xbm
2004.01.14 13:48 B D:\dwbcd\DWB\lib\tix8.2\bitmaps\plusarm.xpm --> germa64 /home/burch/Backups/germa63/dwbcd/DWB/lib/tix8.2/bitmaps plusarm.xpm
2004.01.14 13:48 B D:\dwbcd\DWB\lib\tix8.2\bitmaps\resize1.xbm --> germa64 /home/burch/Backups/germa63/dwbcd/DWB/lib/tix8.2/bitmaps resize1.xbm
2004.01.14 13:48 B D:\dwbcd\DWB\lib\tix8.2\bitmaps\resize2.xbm --> germa64 /home/burch/Backups/germa63/dwbcd/DWB/lib/tix8.2/bitmaps resize2.xbm
2004.01.14 13:48 B D:\dwbcd\DWB\lib\tix8.2\bitmaps\restore.xbm --> germa64 /home/burch/Backups/germa63/dwbcd/DWB/lib/tix8.2/bitmaps restore.xbm
2004.01.14 13:48 B D:\dwbcd\DWB\lib\tix8.2\bitmaps\srcfile.gif --> germa64 /home/burch/Backups/germa63/dwbcd/DWB/lib/tix8.2/bitmaps srcfile.gif
2004.01.14 13:48 B D:\dwbcd\DWB\lib\tix8.2\bitmaps\srcfile.xbm --> germa64 /home/burch/Backups/germa63/dwbcd/DWB/lib/tix8.2/bitmaps srcfile.xbm
2004.01.14 13:48 B D:\dwbcd\DWB\lib\tix8.2\bitmaps\srcfile.xpm --> germa64 /home/burch/Backups/germa63/dwbcd/DWB/lib/tix8.2/bitmaps srcfile.xpm
2004.01.14 13:48 B D:\dwbcd\DWB\lib\tix8.2\bitmaps\system.xbm --> germa64 /home/burch/Backups/germa63/dwbcd/DWB/lib/tix8.2/bitmaps system.xbm
2004.01.14 13:48 B D:\dwbcd\DWB\lib\tix8.2\bitmaps\textfile.gif --> germa64 /home/burch/Backups/germa63/dwbcd/DWB/lib/tix8.2/bitmaps textfile.gif
2004.01.14 13:48 B D:\dwbcd\DWB\lib\tix8.2\bitmaps\textfile.xbm --> germa64 /home/burch/Backups/germa63/dwbcd/DWB/lib/tix8.2/bitmaps textfile.xbm
2004.01.14 13:48 B D:\dwbcd\DWB\lib\tix8.2\bitmaps\textfile.xpm --> germa64 /home/burch/Backups/germa63/dwbcd/DWB/lib/tix8.2/bitmaps textfile.xpm
2004.01.14 13:48 B D:\dwbcd\DWB\lib\tix8.2\bitmaps\tick.xbm --> germa64 /home/burch/Backups/germa63/dwbcd/DWB/lib/tix8.2/bitmaps tick.xbm
2004.01.14 13:48 B D:\dwbcd\DWB\lib\tix8.2\bitmaps\warning.gif --> germa64 /home/burch/Backups/germa63/dwbcd/DWB/lib/tix8.2/bitmaps warning.gif
2004.01.14 13:48 B D:\dwbcd\DWB\lib\tix8.2\bitmaps\warning.xpm --> germa64 /home/burch/Backups/germa63/dwbcd/DWB/lib/tix8.2/bitmaps warning.xpm
2004.01.14 19:24 B D:\dwbcd\DWB\lib\tix8.2\bitmaps\WS_FTP.LOG <-- germa64 /home/burch/Backups/germa63/dwbcd/DWB/lib/tix8.2/bitmaps WS_FTP.LOG
2004.04.01 11:46 B D:\dwbcd\DWB\lib\tix8.2\bitmaps\act_fold.gif --> germa64 /home/burch/Projekte/HinUndHer/dwb/lib/tix8.2/bitmaps act_fold.gif
2004.04.01 11:46 B D:\dwbcd\DWB\lib\tix8.2\bitmaps\act_fold.xbm --> germa64 /home/burch/Projekte/HinUndHer/dwb/lib/tix8.2/bitmaps act_fold.xbm
2004.04.01 11:46 B D:\dwbcd\DWB\lib\tix8.2\bitmaps\act_fold.xpm --> germa64 /home/burch/Projekte/HinUndHer/dwb/lib/tix8.2/bitmaps act_fold.xpm
2004.04.01 11:46 B D:\dwbcd\DWB\lib\tix8.2\bitmaps\balarrow.xbm --> germa64 /home/burch/Projekte/HinUndHer/dwb/lib/tix8.2/bitmaps balarrow.xbm
2004.04.01 11:46 B D:\dwbcd\DWB\lib\tix8.2\bitmaps\cbxarrow.xbm --> germa64 /home/burch/Projekte/HinUndHer/dwb/lib/tix8.2/bitmaps cbxarrow.xbm
2004.04.01 11:46 B D:\dwbcd\DWB\lib\tix8.2\bitmaps\ck_def.xbm --> germa64 /home/burch/Projekte/HinUndHer/dwb/lib/tix8.2/bitmaps ck_def.xbm
2004.04.01 11:46 B D:\dwbcd\DWB\lib\tix8.2\bitmaps\ck_off.xbm --> germa64 /home/burch/Projekte/HinUndHer/dwb/lib/tix8.2/bitmaps ck_off.xbm
2004.04.01 11:46 B D:\dwbcd\DWB\lib\tix8.2\bitmaps\ck_on.xbm --> germa64 /home/burch/Projekte/HinUndHer/dwb/lib/tix8.2/bitmaps ck_on.xbm
2004.04.01 11:46 B D:\dwbcd\DWB\lib\tix8.2\bitmaps\cross.xbm --> germa64 /home/burch/Projekte/HinUndHer/dwb/lib/tix8.2/bitmaps cross.xbm
2004.04.01 11:46 B D:\dwbcd\DWB\lib\tix8.2\bitmaps\decr.xbm --> germa64 /home/burch/Projekte/HinUndHer/dwb/lib/tix8.2/bitmaps decr.xbm
2004.04.01 11:46 B D:\dwbcd\DWB\lib\tix8.2\bitmaps\drop.xbm --> germa64 /home/burch/Projekte/HinUndHer/dwb/lib/tix8.2/bitmaps drop.xbm
2004.04.01 11:46 B D:\dwbcd\DWB\lib\tix8.2\bitmaps\file.gif --> germa64 /home/burch/Projekte/HinUndHer/dwb/lib/tix8.2/bitmaps file.gif
2004.04.01 11:46 B D:\dwbcd\DWB\lib\tix8.2\bitmaps\file.xbm --> germa64 /home/burch/Projekte/HinUndHer/dwb/lib/tix8.2/bitmaps file.xbm
2004.04.01 11:46 B D:\dwbcd\DWB\lib\tix8.2\bitmaps\file.xpm --> germa64 /home/burch/Projekte/HinUndHer/dwb/lib/tix8.2/bitmaps file.xpm
2004.04.01 11:46 B D:\dwbcd\DWB\lib\tix8.2\bitmaps\folder.gif --> germa64 /home/burch/Projekte/HinUndHer/dwb/lib/tix8.2/bitmaps folder.gif
2004.04.01 11:46 B D:\dwbcd\DWB\lib\tix8.2\bitmaps\folder.xbm --> germa64 /home/burch/Projekte/HinUndHer/dwb/lib/tix8.2/bitmaps folder.xbm
2004.04.01 11:46 B D:\dwbcd\DWB\lib\tix8.2\bitmaps\folder.xpm --> germa64 /home/burch/Projekte/HinUndHer/dwb/lib/tix8.2/bitmaps folder.xpm
2004.04.01 11:46 B D:\dwbcd\DWB\lib\tix8.2\bitmaps\harddisk.xbm --> germa64 /home/burch/Projekte/HinUndHer/dwb/lib/tix8.2/bitmaps harddisk.xbm
2004.04.01 11:46 B D:\dwbcd\DWB\lib\tix8.2\bitmaps\hourglas.mask --> germa64 /home/burch/Projekte/HinUndHer/dwb/lib/tix8.2/bitmaps hourglas.mask
2004.04.01 11:47 B D:\dwbcd\DWB\lib\tix8.2\bitmaps\hourglas.xbm --> germa64 /home/burch/Projekte/HinUndHer/dwb/lib/tix8.2/bitmaps hourglas.xbm
2004.04.01 11:47 B D:\dwbcd\DWB\lib\tix8.2\bitmaps\incr.xbm --> germa64 /home/burch/Projekte/HinUndHer/dwb/lib/tix8.2/bitmaps incr.xbm
2004.04.01 11:47 B D:\dwbcd\DWB\lib\tix8.2\bitmaps\info.gif --> germa64 /home/burch/Projekte/HinUndHer/dwb/lib/tix8.2/bitmaps info.gif
2004.04.01 11:47 B D:\dwbcd\DWB\lib\tix8.2\bitmaps\info.xpm --> germa64 /home/burch/Projekte/HinUndHer/dwb/lib/tix8.2/bitmaps info.xpm
2004.04.01 11:47 B D:\dwbcd\DWB\lib\tix8.2\bitmaps\maximize.xbm --> germa64 /home/burch/Projekte/HinUndHer/dwb/lib/tix8.2/bitmaps maximize.xbm
2004.04.01 11:47 B D:\dwbcd\DWB\lib\tix8.2\bitmaps\minimize.xbm --> germa64 /home/burch/Projekte/HinUndHer/dwb/lib/tix8.2/bitmaps minimize.xbm
2004.04.01 11:47 B D:\dwbcd\DWB\lib\tix8.2\bitmaps\minus.gif --> germa64 /home/burch/Projekte/HinUndHer/dwb/lib/tix8.2/bitmaps minus.gif
2004.04.01 11:47 B D:\dwbcd\DWB\lib\tix8.2\bitmaps\minus.xbm --> germa64 /home/burch/Projekte/HinUndHer/dwb/lib/tix8.2/bitmaps minus.xbm
2004.04.01 11:47 B D:\dwbcd\DWB\lib\tix8.2\bitmaps\minus.xpm --> germa64 /home/burch/Projekte/HinUndHer/dwb/lib/tix8.2/bitmaps minus.xpm
2004.04.01 11:47 B D:\dwbcd\DWB\lib\tix8.2\bitmaps\minusarm.gif --> germa64 /home/burch/Projekte/HinUndHer/dwb/lib/tix8.2/bitmaps minusarm.gif
2004.04.01 11:47 B D:\dwbcd\DWB\lib\tix8.2\bitmaps\minusarm.xbm --> germa64 /home/burch/Projekte/HinUndHer/dwb/lib/tix8.2/bitmaps minusarm.xbm
2004.04.01 11:47 B D:\dwbcd\DWB\lib\tix8.2\bitmaps\minusarm.xpm --> germa64 /home/burch/Projekte/HinUndHer/dwb/lib/tix8.2/bitmaps minusarm.xpm
2004.04.01 11:47 B D:\dwbcd\DWB\lib\tix8.2\bitmaps\mktransgif.tcl --> germa64 /home/burch/Projekte/HinUndHer/dwb/lib/tix8.2/bitmaps mktransgif.tcl
2004.04.01 11:47 B D:\dwbcd\DWB\lib\tix8.2\bitmaps\network.xbm --> germa64 /home/burch/Projekte/HinUndHer/dwb/lib/tix8.2/bitmaps network.xbm
2004.04.01 11:47 B D:\dwbcd\DWB\lib\tix8.2\bitmaps\no_entry.gif --> germa64 /home/burch/Projekte/HinUndHer/dwb/lib/tix8.2/bitmaps no_entry.gif
2004.04.01 11:47 B D:\dwbcd\DWB\lib\tix8.2\bitmaps\no_entry.xpm --> germa64 /home/burch/Projekte/HinUndHer/dwb/lib/tix8.2/bitmaps no_entry.xpm
2004.04.01 11:47 B D:\dwbcd\DWB\lib\tix8.2\bitmaps\openfile.xbm --> germa64 /home/burch/Projekte/HinUndHer/dwb/lib/tix8.2/bitmaps openfile.xbm
2004.04.01 11:47 B D:\dwbcd\DWB\lib\tix8.2\bitmaps\openfold.gif --> germa64 /home/burch/Projekte/HinUndHer/dwb/lib/tix8.2/bitmaps openfold.gif
2004.04.01 11:47 B D:\dwbcd\DWB\lib\tix8.2\bitmaps\openfold.xbm --> germa64 /home/burch/Projekte/HinUndHer/dwb/lib/tix8.2/bitmaps openfold.xbm
2004.04.01 11:47 B D:\dwbcd\DWB\lib\tix8.2\bitmaps\openfold.xpm --> germa64 /home/burch/Projekte/HinUndHer/dwb/lib/tix8.2/bitmaps openfold.xpm
2004.04.01 11:47 B D:\dwbcd\DWB\lib\tix8.2\bitmaps\plus.gif --> germa64 /home/burch/Projekte/HinUndHer/dwb/lib/tix8.2/bitmaps plus.gif
2004.04.01 11:47 B D:\dwbcd\DWB\lib\tix8.2\bitmaps\plus.xbm --> germa64 /home/burch/Projekte/HinUndHer/dwb/lib/tix8.2/bitmaps plus.xbm
2004.04.01 11:47 B D:\dwbcd\DWB\lib\tix8.2\bitmaps\plus.xpm --> germa64 /home/burch/Projekte/HinUndHer/dwb/lib/tix8.2/bitmaps plus.xpm
2004.04.01 11:47 B D:\dwbcd\DWB\lib\tix8.2\bitmaps\plusarm.gif --> germa64 /home/burch/Projekte/HinUndHer/dwb/lib/tix8.2/bitmaps plusarm.gif
2004.04.01 11:47 B D:\dwbcd\DWB\lib\tix8.2\bitmaps\plusarm.xbm --> germa64 /home/burch/Projekte/HinUndHer/dwb/lib/tix8.2/bitmaps plusarm.xbm
2004.04.01 11:47 B D:\dwbcd\DWB\lib\tix8.2\bitmaps\plusarm.xpm --> germa64 /home/burch/Projekte/HinUndHer/dwb/lib/tix8.2/bitmaps plusarm.xpm
2004.04.01 11:47 B D:\dwbcd\DWB\lib\tix8.2\bitmaps\resize1.xbm --> germa64 /home/burch/Projekte/HinUndHer/dwb/lib/tix8.2/bitmaps resize1.xbm
2004.04.01 11:47 B D:\dwbcd\DWB\lib\tix8.2\bitmaps\resize2.xbm --> germa64 /home/burch/Projekte/HinUndHer/dwb/lib/tix8.2/bitmaps resize2.xbm
2004.04.01 11:47 B D:\dwbcd\DWB\lib\tix8.2\bitmaps\restore.xbm --> germa64 /home/burch/Projekte/HinUndHer/dwb/lib/tix8.2/bitmaps restore.xbm
2004.04.01 11:47 B D:\dwbcd\DWB\lib\tix8.2\bitmaps\srcfile.gif --> germa64 /home/burch/Projekte/HinUndHer/dwb/lib/tix8.2/bitmaps srcfile.gif
2004.04.01 11:47 B D:\dwbcd\DWB\lib\tix8.2\bitmaps\srcfile.xbm --> germa64 /home/burch/Projekte/HinUndHer/dwb/lib/tix8.2/bitmaps srcfile.xbm
2004.04.01 11:47 B D:\dwbcd\DWB\lib\tix8.2\bitmaps\srcfile.xpm --> germa64 /home/burch/Projekte/HinUndHer/dwb/lib/tix8.2/bitmaps srcfile.xpm
2004.04.01 11:47 B D:\dwbcd\DWB\lib\tix8.2\bitmaps\system.xbm --> germa64 /home/burch/Projekte/HinUndHer/dwb/lib/tix8.2/bitmaps system.xbm
2004.04.01 11:47 B D:\dwbcd\DWB\lib\tix8.2\bitmaps\textfile.gif --> germa64 /home/burch/Projekte/HinUndHer/dwb/lib/tix8.2/bitmaps textfile.gif
2004.04.01 11:47 B D:\dwbcd\DWB\lib\tix8.2\bitmaps\textfile.xbm --> germa64 /home/burch/Projekte/HinUndHer/dwb/lib/tix8.2/bitmaps textfile.xbm
2004.04.01 11:47 B D:\dwbcd\DWB\lib\tix8.2\bitmaps\textfile.xpm --> germa64 /home/burch/Projekte/HinUndHer/dwb/lib/tix8.2/bitmaps textfile.xpm
2004.04.01 11:47 B D:\dwbcd\DWB\lib\tix8.2\bitmaps\tick.xbm --> germa64 /home/burch/Projekte/HinUndHer/dwb/lib/tix8.2/bitmaps tick.xbm
2004.04.01 11:47 B D:\dwbcd\DWB\lib\tix8.2\bitmaps\warning.gif --> germa64 /home/burch/Projekte/HinUndHer/dwb/lib/tix8.2/bitmaps warning.gif
2004.04.01 11:47 B D:\dwbcd\DWB\lib\tix8.2\bitmaps\warning.xpm --> germa64 /home/burch/Projekte/HinUndHer/dwb/lib/tix8.2/bitmaps warning.xpm
2004.04.01 11:47 B D:\dwbcd\DWB\lib\tix8.2\bitmaps\WS_FTP.LOG --> germa64 /home/burch/Projekte/HinUndHer/dwb/lib/tix8.2/bitmaps WS_FTP.LOG
2004.04.27 14:38 B D:\dwbcd\DWB\lib\tix8.2\bitmaps\act_fold.gif --> germa64 /home/burch/Projekte/HinUndHer/lib/tix8.2/bitmaps act_fold.gif
2004.04.27 14:38 B D:\dwbcd\DWB\lib\tix8.2\bitmaps\act_fold.xbm --> germa64 /home/burch/Projekte/HinUndHer/lib/tix8.2/bitmaps act_fold.xbm
2004.04.27 14:38 B D:\dwbcd\DWB\lib\tix8.2\bitmaps\act_fold.xpm --> germa64 /home/burch/Projekte/HinUndHer/lib/tix8.2/bitmaps act_fold.xpm
2004.04.27 14:38 B D:\dwbcd\DWB\lib\tix8.2\bitmaps\balarrow.xbm --> germa64 /home/burch/Projekte/HinUndHer/lib/tix8.2/bitmaps balarrow.xbm
2004.04.27 14:38 B D:\dwbcd\DWB\lib\tix8.2\bitmaps\cbxarrow.xbm --> germa64 /home/burch/Projekte/HinUndHer/lib/tix8.2/bitmaps cbxarrow.xbm
2004.04.27 14:38 B D:\dwbcd\DWB\lib\tix8.2\bitmaps\ck_def.xbm --> germa64 /home/burch/Projekte/HinUndHer/lib/tix8.2/bitmaps ck_def.xbm
2004.04.27 14:38 B D:\dwbcd\DWB\lib\tix8.2\bitmaps\ck_off.xbm --> germa64 /home/burch/Projekte/HinUndHer/lib/tix8.2/bitmaps ck_off.xbm
2004.04.27 14:38 B D:\dwbcd\DWB\lib\tix8.2\bitmaps\ck_on.xbm --> germa64 /home/burch/Projekte/HinUndHer/lib/tix8.2/bitmaps ck_on.xbm
2004.04.27 14:38 B D:\dwbcd\DWB\lib\tix8.2\bitmaps\cross.xbm --> germa64 /home/burch/Projekte/HinUndHer/lib/tix8.2/bitmaps cross.xbm
2004.04.27 14:38 B D:\dwbcd\DWB\lib\tix8.2\bitmaps\decr.xbm --> germa64 /home/burch/Projekte/HinUndHer/lib/tix8.2/bitmaps decr.xbm
2004.04.27 14:38 B D:\dwbcd\DWB\lib\tix8.2\bitmaps\drop.xbm --> germa64 /home/burch/Projekte/HinUndHer/lib/tix8.2/bitmaps drop.xbm
2004.04.27 14:38 B D:\dwbcd\DWB\lib\tix8.2\bitmaps\file.gif --> germa64 /home/burch/Projekte/HinUndHer/lib/tix8.2/bitmaps file.gif
2004.04.27 14:38 B D:\dwbcd\DWB\lib\tix8.2\bitmaps\file.xbm --> germa64 /home/burch/Projekte/HinUndHer/lib/tix8.2/bitmaps file.xbm
2004.04.27 14:38 B D:\dwbcd\DWB\lib\tix8.2\bitmaps\file.xpm --> germa64 /home/burch/Projekte/HinUndHer/lib/tix8.2/bitmaps file.xpm
2004.04.27 14:38 B D:\dwbcd\DWB\lib\tix8.2\bitmaps\folder.gif --> germa64 /home/burch/Projekte/HinUndHer/lib/tix8.2/bitmaps folder.gif
2004.04.27 14:38 B D:\dwbcd\DWB\lib\tix8.2\bitmaps\folder.xbm --> germa64 /home/burch/Projekte/HinUndHer/lib/tix8.2/bitmaps folder.xbm
2004.04.27 14:38 B D:\dwbcd\DWB\lib\tix8.2\bitmaps\folder.xpm --> germa64 /home/burch/Projekte/HinUndHer/lib/tix8.2/bitmaps folder.xpm
2004.04.27 14:38 B D:\dwbcd\DWB\lib\tix8.2\bitmaps\harddisk.xbm --> germa64 /home/burch/Projekte/HinUndHer/lib/tix8.2/bitmaps harddisk.xbm
2004.04.27 14:38 B D:\dwbcd\DWB\lib\tix8.2\bitmaps\hourglas.mask --> germa64 /home/burch/Projekte/HinUndHer/lib/tix8.2/bitmaps hourglas.mask
2004.04.27 14:38 B D:\dwbcd\DWB\lib\tix8.2\bitmaps\hourglas.xbm --> germa64 /home/burch/Projekte/HinUndHer/lib/tix8.2/bitmaps hourglas.xbm
2004.04.27 14:38 B D:\dwbcd\DWB\lib\tix8.2\bitmaps\incr.xbm --> germa64 /home/burch/Projekte/HinUndHer/lib/tix8.2/bitmaps incr.xbm
2004.04.27 14:38 B D:\dwbcd\DWB\lib\tix8.2\bitmaps\info.gif --> germa64 /home/burch/Projekte/HinUndHer/lib/tix8.2/bitmaps info.gif
2004.04.27 14:38 B D:\dwbcd\DWB\lib\tix8.2\bitmaps\info.xpm --> germa64 /home/burch/Projekte/HinUndHer/lib/tix8.2/bitmaps info.xpm
2004.04.27 14:38 B D:\dwbcd\DWB\lib\tix8.2\bitmaps\maximize.xbm --> germa64 /home/burch/Projekte/HinUndHer/lib/tix8.2/bitmaps maximize.xbm
2004.04.27 14:38 B D:\dwbcd\DWB\lib\tix8.2\bitmaps\minimize.xbm --> germa64 /home/burch/Projekte/HinUndHer/lib/tix8.2/bitmaps minimize.xbm
2004.04.27 14:38 B D:\dwbcd\DWB\lib\tix8.2\bitmaps\minus.gif --> germa64 /home/burch/Projekte/HinUndHer/lib/tix8.2/bitmaps minus.gif
2004.04.27 14:38 B D:\dwbcd\DWB\lib\tix8.2\bitmaps\minus.xbm --> germa64 /home/burch/Projekte/HinUndHer/lib/tix8.2/bitmaps minus.xbm
2004.04.27 14:38 B D:\dwbcd\DWB\lib\tix8.2\bitmaps\minus.xpm --> germa64 /home/burch/Projekte/HinUndHer/lib/tix8.2/bitmaps minus.xpm
2004.04.27 14:38 B D:\dwbcd\DWB\lib\tix8.2\bitmaps\minusarm.gif --> germa64 /home/burch/Projekte/HinUndHer/lib/tix8.2/bitmaps minusarm.gif
2004.04.27 14:38 B D:\dwbcd\DWB\lib\tix8.2\bitmaps\minusarm.xbm --> germa64 /home/burch/Projekte/HinUndHer/lib/tix8.2/bitmaps minusarm.xbm
2004.04.27 14:38 B D:\dwbcd\DWB\lib\tix8.2\bitmaps\minusarm.xpm --> germa64 /home/burch/Projekte/HinUndHer/lib/tix8.2/bitmaps minusarm.xpm
2004.04.27 14:38 B D:\dwbcd\DWB\lib\tix8.2\bitmaps\mktransgif.tcl --> germa64 /home/burch/Projekte/HinUndHer/lib/tix8.2/bitmaps mktransgif.tcl
2004.04.27 14:38 B D:\dwbcd\DWB\lib\tix8.2\bitmaps\network.xbm --> germa64 /home/burch/Projekte/HinUndHer/lib/tix8.2/bitmaps network.xbm
2004.04.27 14:38 B D:\dwbcd\DWB\lib\tix8.2\bitmaps\no_entry.gif --> germa64 /home/burch/Projekte/HinUndHer/lib/tix8.2/bitmaps no_entry.gif
2004.04.27 14:38 B D:\dwbcd\DWB\lib\tix8.2\bitmaps\no_entry.xpm --> germa64 /home/burch/Projekte/HinUndHer/lib/tix8.2/bitmaps no_entry.xpm
2004.04.27 14:38 B D:\dwbcd\DWB\lib\tix8.2\bitmaps\openfile.xbm --> germa64 /home/burch/Projekte/HinUndHer/lib/tix8.2/bitmaps openfile.xbm
2004.04.27 14:38 B D:\dwbcd\DWB\lib\tix8.2\bitmaps\openfold.gif --> germa64 /home/burch/Projekte/HinUndHer/lib/tix8.2/bitmaps openfold.gif
2004.04.27 14:38 B D:\dwbcd\DWB\lib\tix8.2\bitmaps\openfold.xbm --> germa64 /home/burch/Projekte/HinUndHer/lib/tix8.2/bitmaps openfold.xbm
2004.04.27 14:38 B D:\dwbcd\DWB\lib\tix8.2\bitmaps\openfold.xpm --> germa64 /home/burch/Projekte/HinUndHer/lib/tix8.2/bitmaps openfold.xpm
2004.04.27 14:38 B D:\dwbcd\DWB\lib\tix8.2\bitmaps\plus.gif --> germa64 /home/burch/Projekte/HinUndHer/lib/tix8.2/bitmaps plus.gif
2004.04.27 14:38 B D:\dwbcd\DWB\lib\tix8.2\bitmaps\plus.xbm --> germa64 /home/burch/Projekte/HinUndHer/lib/tix8.2/bitmaps plus.xbm
2004.04.27 14:38 B D:\dwbcd\DWB\lib\tix8.2\bitmaps\plus.xpm --> germa64 /home/burch/Projekte/HinUndHer/lib/tix8.2/bitmaps plus.xpm
2004.04.27 14:38 B D:\dwbcd\DWB\lib\tix8.2\bitmaps\plusarm.gif --> germa64 /home/burch/Projekte/HinUndHer/lib/tix8.2/bitmaps plusarm.gif
2004.04.27 14:38 B D:\dwbcd\DWB\lib\tix8.2\bitmaps\plusarm.xbm --> germa64 /home/burch/Projekte/HinUndHer/lib/tix8.2/bitmaps plusarm.xbm
2004.04.27 14:38 B D:\dwbcd\DWB\lib\tix8.2\bitmaps\plusarm.xpm --> germa64 /home/burch/Projekte/HinUndHer/lib/tix8.2/bitmaps plusarm.xpm
2004.04.27 14:38 B D:\dwbcd\DWB\lib\tix8.2\bitmaps\resize1.xbm --> germa64 /home/burch/Projekte/HinUndHer/lib/tix8.2/bitmaps resize1.xbm
2004.04.27 14:38 B D:\dwbcd\DWB\lib\tix8.2\bitmaps\resize2.xbm --> germa64 /home/burch/Projekte/HinUndHer/lib/tix8.2/bitmaps resize2.xbm
2004.04.27 14:38 B D:\dwbcd\DWB\lib\tix8.2\bitmaps\restore.xbm --> germa64 /home/burch/Projekte/HinUndHer/lib/tix8.2/bitmaps restore.xbm
2004.04.27 14:38 B D:\dwbcd\DWB\lib\tix8.2\bitmaps\srcfile.gif --> germa64 /home/burch/Projekte/HinUndHer/lib/tix8.2/bitmaps srcfile.gif
2004.04.27 14:38 B D:\dwbcd\DWB\lib\tix8.2\bitmaps\srcfile.xbm --> germa64 /home/burch/Projekte/HinUndHer/lib/tix8.2/bitmaps srcfile.xbm
2004.04.27 14:38 B D:\dwbcd\DWB\lib\tix8.2\bitmaps\srcfile.xpm --> germa64 /home/burch/Projekte/HinUndHer/lib/tix8.2/bitmaps srcfile.xpm
2004.04.27 14:38 B D:\dwbcd\DWB\lib\tix8.2\bitmaps\system.xbm --> germa64 /home/burch/Projekte/HinUndHer/lib/tix8.2/bitmaps system.xbm
2004.04.27 14:38 B D:\dwbcd\DWB\lib\tix8.2\bitmaps\textfile.gif --> germa64 /home/burch/Projekte/HinUndHer/lib/tix8.2/bitmaps textfile.gif
2004.04.27 14:38 B D:\dwbcd\DWB\lib\tix8.2\bitmaps\textfile.xbm --> germa64 /home/burch/Projekte/HinUndHer/lib/tix8.2/bitmaps textfile.xbm
2004.04.27 14:38 B D:\dwbcd\DWB\lib\tix8.2\bitmaps\textfile.xpm --> germa64 /home/burch/Projekte/HinUndHer/lib/tix8.2/bitmaps textfile.xpm
2004.04.27 14:38 B D:\dwbcd\DWB\lib\tix8.2\bitmaps\tick.xbm --> germa64 /home/burch/Projekte/HinUndHer/lib/tix8.2/bitmaps tick.xbm
2004.04.27 14:38 B D:\dwbcd\DWB\lib\tix8.2\bitmaps\warning.gif --> germa64 /home/burch/Projekte/HinUndHer/lib/tix8.2/bitmaps warning.gif
2004.04.27 14:38 B D:\dwbcd\DWB\lib\tix8.2\bitmaps\warning.xpm --> germa64 /home/burch/Projekte/HinUndHer/lib/tix8.2/bitmaps warning.xpm
2004.04.27 14:38 B D:\dwbcd\DWB\lib\tix8.2\bitmaps\WS_FTP.LOG --> germa64 /home/burch/Projekte/HinUndHer/lib/tix8.2/bitmaps WS_FTP.LOG
